#
# There is insufficient memory for the Java Runtime Environment to continue.
# Native memory allocation (malloc) failed to allocate 1452976 bytes for Chunk::new
# Possible reasons:
#   The system is out of physical RAM or swap space
#   The process is running with CompressedOops enabled, and the Java Heap may be blocking the growth of the native heap
# Possible solutions:
#   Reduce memory load on the system
#   Increase physical memory or swap space
#   Check if swap backing store is full
#   Decrease Java heap size (-Xmx/-Xms)
#   Decrease number of Java threads
#   Decrease Java thread stack sizes (-Xss)
#   Set larger code cache with -XX:ReservedCodeCacheSize=
#   JVM is running with Unscaled Compressed Oops mode in which the Java heap is
#     placed in the first 4GB address space. The Java Heap base address is the
#     maximum limit for the native heap growth. Please use -XX:HeapBaseMinAddress
#     to set the Java Heap base and to place the Java Heap above 4GB virtual address.
# This output file may be truncated or incomplete.
#
#  Out of Memory Error (./src/hotspot/share/memory/arena.cpp:197), pid=14916, tid=8968
#
# JRE version: OpenJDK Runtime Environment (11.0.11+9) (build 11.0.11+9-b60-7590822)
# Java VM: OpenJDK 64-Bit Server VM (11.0.11+9-b60-7590822, mixed mode, tiered, compressed oops, g1 gc, windows-amd64)
# No core dump will be written. Minidumps are not enabled by default on client versions of Windows
#

---------------  S U M M A R Y ------------

Command Line: --add-opens=java.base/java.util=ALL-UNNAMED --add-opens=java.base/java.lang=ALL-UNNAMED --add-opens=java.base/java.lang.invoke=ALL-UNNAMED --add-opens=java.prefs/java.util.prefs=ALL-UNNAMED -Xmx2048m -Dfile.encoding=windows-1252 -Duser.country=US -Duser.language=en -Duser.variant org.gradle.launcher.daemon.bootstrap.GradleDaemon 5.6.4

Host: Intel(R) Core(TM) i3-6098P CPU @ 3.60GHz, 4 cores, 7G,  Windows 10 , 64 bit Build 19041 (10.0.19041.1566)
Time: Wed Apr  6 15:40:08 2022 India Standard Time elapsed time: 442.663170 seconds (0d 0h 7m 22s)

---------------  T H R E A D  ---------------

Current thread (0x0000022aff4cd000):  JavaThread "C2 CompilerThread1" daemon [_thread_in_native, id=8968, stack(0x000000949e300000,0x000000949e400000)]


Current CompileTask:
C2: 442663 17040       4       com.android.tools.r8.u.b.M0::a (345 bytes)

Stack: [0x000000949e300000,0x000000949e400000]
Native frames: (J=compiled Java code, j=interpreted, Vv=VM code, C=native code)
V  [jvm.dll+0x5f214a]
V  [jvm.dll+0x726fb5]
V  [jvm.dll+0x7285cd]
V  [jvm.dll+0x728c83]
V  [jvm.dll+0x243278]
V  [jvm.dll+0xbc53c]
V  [jvm.dll+0xbca3c]
V  [jvm.dll+0x2b5c34]
V  [jvm.dll+0x508488]
V  [jvm.dll+0x203d53]
V  [jvm.dll+0x1fdbac]
V  [jvm.dll+0x1fb35f]
V  [jvm.dll+0x183d6c]
V  [jvm.dll+0x209a57]
V  [jvm.dll+0x2082a1]
V  [jvm.dll+0x6ef58f]
V  [jvm.dll+0x6e80b5]
V  [jvm.dll+0x5f1036]
C  [ucrtbase.dll+0x21bb2]
C  [KERNEL32.DLL+0x17034]
C  [ntdll.dll+0x52651]


---------------  P R O C E S S  ---------------

Threads class SMR info:
_java_thread_list=0x0000022a937dcf80, length=49, elements={
0x0000022af1a9b000, 0x0000022afc67f000, 0x0000022afc680800, 0x0000022afc69d000,
0x0000022afc69f000, 0x0000022afc6a1800, 0x0000022afc6a7000, 0x0000022afc6ac000,
0x0000022afc6ad800, 0x0000022afd171000, 0x0000022afefa6800, 0x0000022afd302000,
0x0000022aff0d7800, 0x0000022aff7bd000, 0x0000022aff7bf800, 0x0000022aff7c3800,
0x0000022aff585800, 0x0000022aff583000, 0x0000022aff589000, 0x0000022a935c1800,
0x0000022a935c0800, 0x0000022a935be000, 0x0000022a935c2000, 0x0000022a935c3000,
0x0000022a935bf000, 0x0000022a935bd800, 0x0000022a935c5800, 0x0000022a935c4800,
0x0000022a935c8800, 0x0000022a935c6800, 0x0000022a935cc000, 0x0000022a935cb000,
0x0000022a935c8000, 0x0000022a935c7000, 0x0000022a935c9800, 0x0000022aff587000,
0x0000022aff586800, 0x0000022aff584000, 0x0000022aff588000, 0x0000022aff582800,
0x0000022aff584800, 0x0000022aff7c1000, 0x0000022aff7bf000, 0x0000022aff7c0800,
0x0000022a935ca800, 0x0000022aff4cc800, 0x0000022aff4d0800, 0x0000022aff4ce000,
0x0000022aff4cd000
}

Java Threads: ( => current thread )
  0x0000022af1a9b000 JavaThread "main" [_thread_blocked, id=10992, stack(0x000000949c200000,0x000000949c300000)]
  0x0000022afc67f000 JavaThread "Reference Handler" daemon [_thread_blocked, id=1988, stack(0x000000949c900000,0x000000949ca00000)]
  0x0000022afc680800 JavaThread "Finalizer" daemon [_thread_blocked, id=11320, stack(0x000000949ca00000,0x000000949cb00000)]
  0x0000022afc69d000 JavaThread "Signal Dispatcher" daemon [_thread_blocked, id=15040, stack(0x000000949cb00000,0x000000949cc00000)]
  0x0000022afc69f000 JavaThread "Attach Listener" daemon [_thread_blocked, id=12572, stack(0x000000949cc00000,0x000000949cd00000)]
  0x0000022afc6a1800 JavaThread "Service Thread" daemon [_thread_blocked, id=15872, stack(0x000000949cd00000,0x000000949ce00000)]
  0x0000022afc6a7000 JavaThread "C2 CompilerThread0" daemon [_thread_in_native, id=4484, stack(0x000000949ce00000,0x000000949cf00000)]
  0x0000022afc6ac000 JavaThread "C1 CompilerThread0" daemon [_thread_blocked, id=8708, stack(0x000000949cf00000,0x000000949d000000)]
  0x0000022afc6ad800 JavaThread "Sweeper thread" daemon [_thread_blocked, id=6952, stack(0x000000949d000000,0x000000949d100000)]
  0x0000022afd171000 JavaThread "Common-Cleaner" daemon [_thread_blocked, id=13524, stack(0x000000949d100000,0x000000949d200000)]
  0x0000022afefa6800 JavaThread "Daemon health stats" [_thread_blocked, id=7480, stack(0x000000949d600000,0x000000949d700000)]
  0x0000022afd302000 JavaThread "Incoming local TCP Connector on port 51535" [_thread_in_native, id=8616, stack(0x000000949d300000,0x000000949d400000)]
  0x0000022aff0d7800 JavaThread "Daemon periodic checks" [_thread_blocked, id=4308, stack(0x000000949d800000,0x000000949d900000)]
  0x0000022aff7bd000 JavaThread "Cache worker for file hash cache (C:\Users\List\.gradle\caches\5.6.4\fileHashes)" [_thread_blocked, id=2628, stack(0x000000949e000000,0x000000949e100000)]
  0x0000022aff7bf800 JavaThread "File lock request listener" [_thread_in_native, id=16244, stack(0x000000949e100000,0x000000949e200000)]
  0x0000022aff7c3800 JavaThread "Cache worker for journal cache (C:\Users\List\.gradle\caches\journal-1)" [_thread_blocked, id=2928, stack(0x000000949e200000,0x000000949e300000)]
  0x0000022aff585800 JavaThread "Cache worker for execution history cache (C:\Users\List\.gradle\caches\5.6.4\executionHistory)" [_thread_blocked, id=660, stack(0x000000949e700000,0x000000949e800000)]
  0x0000022aff583000 JavaThread "Memory manager" [_thread_blocked, id=7072, stack(0x000000949ee00000,0x000000949ef00000)]
  0x0000022aff589000 JavaThread "Cache worker for file content cache (C:\Users\List\.gradle\caches\5.6.4\fileContent)" [_thread_blocked, id=13856, stack(0x000000949ef00000,0x000000949f000000)]
  0x0000022a935c1800 JavaThread "ForkJoinPool.commonPool-worker-5" daemon [_thread_blocked, id=13436, stack(0x000000949f900000,0x000000949fa00000)]
  0x0000022a935c0800 JavaThread "Daemon Thread 2" [_thread_blocked, id=9016, stack(0x000000949bf00000,0x000000949c000000)]
  0x0000022a935be000 JavaThread "Handler for socket connection from /127.0.0.1:51535 to /127.0.0.1:51629" [_thread_in_native, id=13776, stack(0x000000949c000000,0x000000949c100000)]
  0x0000022a935c2000 JavaThread "Cancel handler" [_thread_blocked, id=12524, stack(0x000000949c100000,0x000000949c200000)]
  0x0000022a935c3000 JavaThread "Daemon worker Thread 2" [_thread_in_Java, id=4552, stack(0x000000949d900000,0x000000949da00000)]
  0x0000022a935bf000 JavaThread "Asynchronous log dispatcher for DefaultDaemonConnection: socket connection from /127.0.0.1:51535 to /127.0.0.1:51629" [_thread_blocked, id=10560, stack(0x000000949dc00000,0x000000949dd00000)]
  0x0000022a935bd800 JavaThread "Stdin handler" [_thread_blocked, id=8076, stack(0x000000949dd00000,0x000000949de00000)]
  0x0000022a935c5800 JavaThread "Thread-36" [_thread_blocked, id=15024, stack(0x000000949de00000,0x000000949df00000)]
  0x0000022a935c4800 JavaThread "Cache worker for file hash cache (E:\Sourabh\Android Projects\MBS\MBS_Jankalyan\.gradle\5.6.4\fileHashes)" [_thread_blocked, id=2160, stack(0x000000949df00000,0x000000949e000000)]
  0x0000022a935c8800 JavaThread "Cache worker for cache directory md-supplier (C:\Users\List\.gradle\caches\5.6.4\md-supplier)" [_thread_blocked, id=7632, stack(0x000000949e400000,0x000000949e500000)]
  0x0000022a935c6800 JavaThread "Cache worker for cache directory md-rule (C:\Users\List\.gradle\caches\5.6.4\md-rule)" [_thread_blocked, id=12648, stack(0x000000949e500000,0x000000949e600000)]
  0x0000022a935cc000 JavaThread "Build operations" [_thread_blocked, id=12088, stack(0x000000949e600000,0x000000949e700000)]
  0x0000022a935cb000 JavaThread "Build operations Thread 2" [_thread_blocked, id=10548, stack(0x000000949e800000,0x000000949e900000)]
  0x0000022a935c8000 JavaThread "Build operations Thread 3" [_thread_blocked, id=10216, stack(0x000000949e900000,0x000000949ea00000)]
  0x0000022a935c7000 JavaThread "Build operations Thread 4" [_thread_blocked, id=2320, stack(0x000000949ea00000,0x000000949eb00000)]
  0x0000022a935c9800 JavaThread "pool-3-thread-1" [_thread_blocked, id=15252, stack(0x000000949eb00000,0x000000949ec00000)]
  0x0000022aff587000 JavaThread "Cache worker for Build Output Cleanup Cache (E:\Sourabh\Android Projects\MBS\MBS_Jankalyan\.gradle\buildOutputCleanup)" [_thread_blocked, id=5908, stack(0x000000949ec00000,0x000000949ed00000)]
  0x0000022aff586800 JavaThread "Cache worker for file content cache (E:\Sourabh\Android Projects\MBS\MBS_Jankalyan\.gradle\5.6.4\fileContent)" [_thread_blocked, id=108, stack(0x000000949ed00000,0x000000949ee00000)]
  0x0000022aff584000 JavaThread "Execution worker for ':'" [_thread_in_native, id=15664, stack(0x000000949f000000,0x000000949f100000)]
  0x0000022aff588000 JavaThread "Execution worker for ':' Thread 2" [_thread_in_native, id=11460, stack(0x000000949f100000,0x000000949f200000)]
  0x0000022aff582800 JavaThread "Execution worker for ':' Thread 3" [_thread_in_native, id=10200, stack(0x000000949f200000,0x000000949f300000)]
  0x0000022aff584800 JavaThread "Cache worker for execution history cache (E:\Sourabh\Android Projects\MBS\MBS_Jankalyan\.gradle\5.6.4\executionHistory)" [_thread_blocked, id=15352, stack(0x000000949f300000,0x000000949f400000)]
  0x0000022aff7c1000 JavaThread "WorkerExecutor Queue" [_thread_blocked, id=5748, stack(0x000000949f400000,0x000000949f500000)]
  0x0000022aff7bf000 JavaThread "WorkerExecutor Queue Thread 2" [_thread_blocked, id=9756, stack(0x000000949f500000,0x000000949f600000)]
  0x0000022aff7c0800 JavaThread "pool-4-thread-1" [_thread_blocked, id=12320, stack(0x000000949f600000,0x000000949f700000)]
  0x0000022a935ca800 JavaThread "stderr" [_thread_in_native, id=224, stack(0x000000949f700000,0x000000949f800000)]
  0x0000022aff4cc800 JavaThread "stdout" [_thread_in_native, id=16140, stack(0x000000949f800000,0x000000949f900000)]
  0x0000022aff4d0800 JavaThread "Cache worker for Java compile cache (C:\Users\List\.gradle\caches\5.6.4\javaCompile)" [_thread_blocked, id=14332, stack(0x000000949fa00000,0x000000949fb00000)]
  0x0000022aff4ce000 JavaThread "Cache worker for Java compile cache (E:\Sourabh\Android Projects\MBS\MBS_Jankalyan\.gradle\5.6.4\javaCompile)" [_thread_blocked, id=9180, stack(0x000000949fb00000,0x000000949fc00000)]
=>0x0000022aff4cd000 JavaThread "C2 CompilerThread1" daemon [_thread_in_native, id=8968, stack(0x000000949e300000,0x000000949e400000)]

Other Threads:
  0x0000022afc64e800 VMThread "VM Thread" [stack: 0x000000949c800000,0x000000949c900000] [id=10420]
  0x0000022afd196800 WatcherThread [stack: 0x000000949d200000,0x000000949d300000] [id=13224]
  0x0000022af1ab7000 GCTaskThread "GC Thread#0" [stack: 0x000000949c300000,0x000000949c400000] [id=7972]
  0x0000022afd605800 GCTaskThread "GC Thread#1" [stack: 0x000000949d400000,0x000000949d500000] [id=10096]
  0x0000022afd4d6000 GCTaskThread "GC Thread#2" [stack: 0x000000949d500000,0x000000949d600000] [id=9860]
  0x0000022aff034000 GCTaskThread "GC Thread#3" [stack: 0x000000949d700000,0x000000949d800000] [id=15836]
  0x0000022af1ae6800 ConcurrentGCThread "G1 Main Marker" [stack: 0x000000949c400000,0x000000949c500000] [id=5204]
  0x0000022af1aea000 ConcurrentGCThread "G1 Conc#0" [stack: 0x000000949c500000,0x000000949c600000] [id=11192]
  0x0000022af1b75800 ConcurrentGCThread "G1 Refine#0" [stack: 0x000000949c600000,0x000000949c700000] [id=15464]
  0x0000022af1b76800 ConcurrentGCThread "G1 Young RemSet Sampling" [stack: 0x000000949c700000,0x000000949c800000] [id=3776]

Threads with active compile tasks:
C2 CompilerThread0 442698 16776       4       com.android.tools.r8.u.c.o::a (1157 bytes)
C2 CompilerThread1 442698 17040       4       com.android.tools.r8.u.b.M0::a (345 bytes)

VM state:not at safepoint (normal execution)

VM Mutex/Monitor currently owned by a thread: None

Heap address: 0x0000000080000000, size: 2048 MB, Compressed Oops mode: 32-bit
Narrow klass base: 0x0000000000000000, Narrow klass shift: 3
Compressed class space size: 1073741824 Address: 0x0000000100000000

Heap:
 garbage-first heap   total 225280K, used 133176K [0x0000000080000000, 0x0000000100000000)
  region size 1024K, 26 young (26624K), 5 survivors (5120K)
 Metaspace       used 104114K, capacity 106753K, committed 106880K, reserved 1142784K
  class space    used 12948K, capacity 13880K, committed 13952K, reserved 1048576K
Heap Regions: E=young(eden), S=young(survivor), O=old, HS=humongous(starts), HC=humongous(continues), CS=collection set, F=free, A=archive, TAMS=top-at-mark-start (previous, next)
|   0|0x0000000080000000, 0x0000000080100000, 0x0000000080100000|100%| O|  |TAMS 0x0000000080100000, 0x0000000080100000| Untracked 
|   1|0x0000000080100000, 0x0000000080200000, 0x0000000080200000|100%| O|  |TAMS 0x0000000080200000, 0x0000000080200000| Untracked 
|   2|0x0000000080200000, 0x0000000080300000, 0x0000000080300000|100%| O|  |TAMS 0x0000000080300000, 0x0000000080300000| Untracked 
|   3|0x0000000080300000, 0x0000000080400000, 0x0000000080400000|100%|HS|  |TAMS 0x0000000080400000, 0x0000000080400000| Complete 
|   4|0x0000000080400000, 0x0000000080500000, 0x0000000080500000|100%|HC|  |TAMS 0x0000000080500000, 0x0000000080500000| Complete 
|   5|0x0000000080500000, 0x0000000080600000, 0x0000000080600000|100%|HC|  |TAMS 0x0000000080600000, 0x0000000080600000| Complete 
|   6|0x0000000080600000, 0x0000000080700000, 0x0000000080700000|100%| O|  |TAMS 0x0000000080700000, 0x0000000080700000| Untracked 
|   7|0x0000000080700000, 0x0000000080800000, 0x0000000080800000|100%| O|  |TAMS 0x0000000080800000, 0x0000000080800000| Untracked 
|   8|0x0000000080800000, 0x0000000080900000, 0x0000000080900000|100%| O|  |TAMS 0x0000000080900000, 0x0000000080900000| Untracked 
|   9|0x0000000080900000, 0x0000000080a00000, 0x0000000080a00000|100%| O|  |TAMS 0x0000000080a00000, 0x0000000080a00000| Untracked 
|  10|0x0000000080a00000, 0x0000000080b00000, 0x0000000080b00000|100%| O|  |TAMS 0x0000000080b00000, 0x0000000080b00000| Untracked 
|  11|0x0000000080b00000, 0x0000000080c00000, 0x0000000080c00000|100%| O|  |TAMS 0x0000000080c00000, 0x0000000080c00000| Untracked 
|  12|0x0000000080c00000, 0x0000000080d00000, 0x0000000080d00000|100%| O|  |TAMS 0x0000000080d00000, 0x0000000080d00000| Untracked 
|  13|0x0000000080d00000, 0x0000000080e00000, 0x0000000080e00000|100%| O|  |TAMS 0x0000000080e00000, 0x0000000080e00000| Untracked 
|  14|0x0000000080e00000, 0x0000000080f00000, 0x0000000080f00000|100%|HS|  |TAMS 0x0000000080f00000, 0x0000000080f00000| Complete 
|  15|0x0000000080f00000, 0x0000000081000000, 0x0000000081000000|100%|HC|  |TAMS 0x0000000081000000, 0x0000000081000000| Complete 
|  16|0x0000000081000000, 0x0000000081100000, 0x0000000081100000|100%|HS|  |TAMS 0x0000000081100000, 0x0000000081100000| Complete 
|  17|0x0000000081100000, 0x0000000081200000, 0x0000000081200000|100%|HC|  |TAMS 0x0000000081200000, 0x0000000081200000| Complete 
|  18|0x0000000081200000, 0x0000000081300000, 0x0000000081300000|100%|HC|  |TAMS 0x0000000081300000, 0x0000000081300000| Complete 
|  19|0x0000000081300000, 0x0000000081400000, 0x0000000081400000|100%|HS|  |TAMS 0x0000000081400000, 0x0000000081400000| Complete 
|  20|0x0000000081400000, 0x0000000081500000, 0x0000000081500000|100%|HC|  |TAMS 0x0000000081500000, 0x0000000081500000| Complete 
|  21|0x0000000081500000, 0x0000000081600000, 0x0000000081600000|100%|HC|  |TAMS 0x0000000081600000, 0x0000000081600000| Complete 
|  22|0x0000000081600000, 0x0000000081700000, 0x0000000081700000|100%|HC|  |TAMS 0x0000000081700000, 0x0000000081700000| Complete 
|  23|0x0000000081700000, 0x0000000081800000, 0x0000000081800000|100%|HS|  |TAMS 0x0000000081800000, 0x0000000081800000| Complete 
|  24|0x0000000081800000, 0x0000000081900000, 0x0000000081900000|100%|HC|  |TAMS 0x0000000081900000, 0x0000000081900000| Complete 
|  25|0x0000000081900000, 0x0000000081a00000, 0x0000000081a00000|100%| O|  |TAMS 0x0000000081a00000, 0x0000000081a00000| Untracked 
|  26|0x0000000081a00000, 0x0000000081b00000, 0x0000000081b00000|100%| O|  |TAMS 0x0000000081b00000, 0x0000000081b00000| Untracked 
|  27|0x0000000081b00000, 0x0000000081c00000, 0x0000000081c00000|100%| O|  |TAMS 0x0000000081c00000, 0x0000000081c00000| Untracked 
|  28|0x0000000081c00000, 0x0000000081d00000, 0x0000000081d00000|100%| O|  |TAMS 0x0000000081d00000, 0x0000000081d00000| Untracked 
|  29|0x0000000081d00000, 0x0000000081e00000, 0x0000000081e00000|100%| O|  |TAMS 0x0000000081e00000, 0x0000000081e00000| Untracked 
|  30|0x0000000081e00000, 0x0000000081f00000, 0x0000000081f00000|100%| O|  |TAMS 0x0000000081f00000, 0x0000000081f00000| Untracked 
|  31|0x0000000081f00000, 0x0000000082000000, 0x0000000082000000|100%| O|  |TAMS 0x0000000082000000, 0x0000000082000000| Untracked 
|  32|0x0000000082000000, 0x0000000082100000, 0x0000000082100000|100%| O|  |TAMS 0x0000000082100000, 0x0000000082100000| Untracked 
|  33|0x0000000082100000, 0x0000000082200000, 0x0000000082200000|100%| O|  |TAMS 0x0000000082200000, 0x0000000082200000| Untracked 
|  34|0x0000000082200000, 0x0000000082300000, 0x0000000082300000|100%| O|  |TAMS 0x0000000082300000, 0x0000000082300000| Untracked 
|  35|0x0000000082300000, 0x0000000082400000, 0x0000000082400000|100%| O|  |TAMS 0x0000000082400000, 0x0000000082400000| Untracked 
|  36|0x0000000082400000, 0x0000000082500000, 0x0000000082500000|100%| O|  |TAMS 0x0000000082500000, 0x0000000082500000| Untracked 
|  37|0x0000000082500000, 0x0000000082600000, 0x0000000082600000|100%| O|  |TAMS 0x0000000082600000, 0x0000000082600000| Untracked 
|  38|0x0000000082600000, 0x0000000082700000, 0x0000000082700000|100%| O|  |TAMS 0x0000000082700000, 0x0000000082700000| Untracked 
|  39|0x0000000082700000, 0x0000000082800000, 0x0000000082800000|100%| O|  |TAMS 0x0000000082800000, 0x0000000082800000| Untracked 
|  40|0x0000000082800000, 0x0000000082900000, 0x0000000082900000|100%| O|  |TAMS 0x0000000082900000, 0x0000000082900000| Untracked 
|  41|0x0000000082900000, 0x0000000082a00000, 0x0000000082a00000|100%| O|  |TAMS 0x0000000082a00000, 0x0000000082a00000| Untracked 
|  42|0x0000000082a00000, 0x0000000082b00000, 0x0000000082b00000|100%| O|  |TAMS 0x0000000082b00000, 0x0000000082b00000| Untracked 
|  43|0x0000000082b00000, 0x0000000082c00000, 0x0000000082c00000|100%| O|  |TAMS 0x0000000082c00000, 0x0000000082c00000| Untracked 
|  44|0x0000000082c00000, 0x0000000082d00000, 0x0000000082d00000|100%| O|  |TAMS 0x0000000082d00000, 0x0000000082d00000| Untracked 
|  45|0x0000000082d00000, 0x0000000082e00000, 0x0000000082e00000|100%| O|  |TAMS 0x0000000082e00000, 0x0000000082e00000| Untracked 
|  46|0x0000000082e00000, 0x0000000082f00000, 0x0000000082f00000|100%| O|  |TAMS 0x0000000082f00000, 0x0000000082f00000| Untracked 
|  47|0x0000000082f00000, 0x0000000083000000, 0x0000000083000000|100%| O|  |TAMS 0x0000000083000000, 0x0000000083000000| Untracked 
|  48|0x0000000083000000, 0x0000000083100000, 0x0000000083100000|100%| O|  |TAMS 0x0000000083100000, 0x0000000083100000| Untracked 
|  49|0x0000000083100000, 0x0000000083200000, 0x0000000083200000|100%| O|  |TAMS 0x0000000083200000, 0x0000000083200000| Untracked 
|  50|0x0000000083200000, 0x0000000083300000, 0x0000000083300000|100%| O|  |TAMS 0x0000000083300000, 0x0000000083300000| Untracked 
|  51|0x0000000083300000, 0x0000000083400000, 0x0000000083400000|100%| O|  |TAMS 0x0000000083400000, 0x0000000083400000| Untracked 
|  52|0x0000000083400000, 0x0000000083500000, 0x0000000083500000|100%| O|  |TAMS 0x0000000083500000, 0x0000000083500000| Untracked 
|  53|0x0000000083500000, 0x0000000083600000, 0x0000000083600000|100%| O|  |TAMS 0x00000000835d2600, 0x0000000083600000| Untracked 
|  54|0x0000000083600000, 0x0000000083700000, 0x0000000083700000|100%| O|  |TAMS 0x0000000083600000, 0x0000000083700000| Untracked 
|  55|0x0000000083700000, 0x0000000083800000, 0x0000000083800000|100%| O|  |TAMS 0x0000000083700000, 0x0000000083800000| Untracked 
|  56|0x0000000083800000, 0x0000000083900000, 0x0000000083900000|100%| O|  |TAMS 0x0000000083800000, 0x0000000083900000| Untracked 
|  57|0x0000000083900000, 0x0000000083a00000, 0x0000000083a00000|100%| O|  |TAMS 0x0000000083900000, 0x0000000083a00000| Untracked 
|  58|0x0000000083a00000, 0x0000000083b00000, 0x0000000083b00000|100%| O|  |TAMS 0x0000000083a00000, 0x0000000083b00000| Untracked 
|  59|0x0000000083b00000, 0x0000000083c00000, 0x0000000083c00000|100%| O|  |TAMS 0x0000000083b00000, 0x0000000083c00000| Untracked 
|  60|0x0000000083c00000, 0x0000000083d00000, 0x0000000083d00000|100%| O|  |TAMS 0x0000000083c00000, 0x0000000083d00000| Untracked 
|  61|0x0000000083d00000, 0x0000000083e00000, 0x0000000083e00000|100%| O|  |TAMS 0x0000000083d00000, 0x0000000083e00000| Untracked 
|  62|0x0000000083e00000, 0x0000000083f00000, 0x0000000083f00000|100%| O|  |TAMS 0x0000000083e00000, 0x0000000083f00000| Untracked 
|  63|0x0000000083f00000, 0x0000000084000000, 0x0000000084000000|100%| O|  |TAMS 0x0000000083f00000, 0x0000000084000000| Untracked 
|  64|0x0000000084000000, 0x0000000084100000, 0x0000000084100000|100%| O|  |TAMS 0x0000000084000000, 0x0000000084100000| Untracked 
|  65|0x0000000084100000, 0x0000000084200000, 0x0000000084200000|100%| O|  |TAMS 0x0000000084100000, 0x0000000084200000| Untracked 
|  66|0x0000000084200000, 0x0000000084300000, 0x0000000084300000|100%| O|  |TAMS 0x0000000084200000, 0x0000000084300000| Untracked 
|  67|0x0000000084300000, 0x0000000084400000, 0x0000000084400000|100%| O|  |TAMS 0x0000000084300000, 0x0000000084400000| Untracked 
|  68|0x0000000084400000, 0x0000000084500000, 0x0000000084500000|100%| O|  |TAMS 0x0000000084400000, 0x0000000084500000| Untracked 
|  69|0x0000000084500000, 0x0000000084600000, 0x0000000084600000|100%| O|  |TAMS 0x0000000084500000, 0x0000000084600000| Untracked 
|  70|0x0000000084600000, 0x0000000084700000, 0x0000000084700000|100%| O|  |TAMS 0x0000000084600000, 0x0000000084700000| Untracked 
|  71|0x0000000084700000, 0x0000000084800000, 0x0000000084800000|100%| O|  |TAMS 0x0000000084700000, 0x0000000084800000| Untracked 
|  72|0x0000000084800000, 0x0000000084900000, 0x0000000084900000|100%| O|  |TAMS 0x0000000084800000, 0x0000000084900000| Untracked 
|  73|0x0000000084900000, 0x0000000084a00000, 0x0000000084a00000|100%| O|  |TAMS 0x0000000084900000, 0x0000000084a00000| Untracked 
|  74|0x0000000084a00000, 0x0000000084b00000, 0x0000000084b00000|100%| O|  |TAMS 0x0000000084a00000, 0x0000000084b00000| Untracked 
|  75|0x0000000084b00000, 0x0000000084c00000, 0x0000000084c00000|100%| O|  |TAMS 0x0000000084b00000, 0x0000000084c00000| Untracked 
|  76|0x0000000084c00000, 0x0000000084d00000, 0x0000000084d00000|100%| O|  |TAMS 0x0000000084c00000, 0x0000000084d00000| Untracked 
|  77|0x0000000084d00000, 0x0000000084e00000, 0x0000000084e00000|100%| O|  |TAMS 0x0000000084d00000, 0x0000000084e00000| Untracked 
|  78|0x0000000084e00000, 0x0000000084f00000, 0x0000000084f00000|100%| O|  |TAMS 0x0000000084e00000, 0x0000000084f00000| Untracked 
|  79|0x0000000084f00000, 0x0000000085000000, 0x0000000085000000|100%|HS|  |TAMS 0x0000000084f00000, 0x0000000085000000| Complete 
|  80|0x0000000085000000, 0x0000000085100000, 0x0000000085100000|100%|HC|  |TAMS 0x0000000085000000, 0x0000000085100000| Complete 
|  81|0x0000000085100000, 0x0000000085200000, 0x0000000085200000|100%| O|  |TAMS 0x0000000085100000, 0x0000000085200000| Untracked 
|  82|0x0000000085200000, 0x0000000085300000, 0x0000000085300000|100%| O|  |TAMS 0x0000000085200000, 0x0000000085300000| Untracked 
|  83|0x0000000085300000, 0x0000000085400000, 0x0000000085400000|100%| O|  |TAMS 0x0000000085300000, 0x0000000085400000| Untracked 
|  84|0x0000000085400000, 0x0000000085500000, 0x0000000085500000|100%| O|  |TAMS 0x0000000085400000, 0x0000000085500000| Untracked 
|  85|0x0000000085500000, 0x0000000085600000, 0x0000000085600000|100%| O|  |TAMS 0x0000000085500000, 0x0000000085600000| Untracked 
|  86|0x0000000085600000, 0x0000000085700000, 0x0000000085700000|100%| O|  |TAMS 0x0000000085600000, 0x0000000085700000| Untracked 
|  87|0x0000000085700000, 0x0000000085800000, 0x0000000085800000|100%| O|  |TAMS 0x0000000085700000, 0x0000000085800000| Untracked 
|  88|0x0000000085800000, 0x0000000085900000, 0x0000000085900000|100%| O|  |TAMS 0x0000000085800000, 0x0000000085900000| Untracked 
|  89|0x0000000085900000, 0x0000000085a00000, 0x0000000085a00000|100%| O|  |TAMS 0x0000000085900000, 0x0000000085a00000| Untracked 
|  90|0x0000000085a00000, 0x0000000085b00000, 0x0000000085b00000|100%| O|  |TAMS 0x0000000085a00000, 0x0000000085b00000| Untracked 
|  91|0x0000000085b00000, 0x0000000085c00000, 0x0000000085c00000|100%| O|  |TAMS 0x0000000085b00000, 0x0000000085c00000| Untracked 
|  92|0x0000000085c00000, 0x0000000085d00000, 0x0000000085d00000|100%| O|  |TAMS 0x0000000085c00000, 0x0000000085d00000| Untracked 
|  93|0x0000000085d00000, 0x0000000085e00000, 0x0000000085e00000|100%| O|  |TAMS 0x0000000085d00000, 0x0000000085e00000| Untracked 
|  94|0x0000000085e00000, 0x0000000085f00000, 0x0000000085f00000|100%| O|  |TAMS 0x0000000085e00000, 0x0000000085f00000| Untracked 
|  95|0x0000000085f00000, 0x0000000086000000, 0x0000000086000000|100%| O|  |TAMS 0x0000000085f00000, 0x0000000086000000| Untracked 
|  96|0x0000000086000000, 0x0000000086100000, 0x0000000086100000|100%| O|  |TAMS 0x0000000086000000, 0x0000000086100000| Untracked 
|  97|0x0000000086100000, 0x0000000086200000, 0x0000000086200000|100%| O|  |TAMS 0x0000000086100000, 0x0000000086200000| Untracked 
|  98|0x0000000086200000, 0x0000000086300000, 0x0000000086300000|100%| O|  |TAMS 0x0000000086200000, 0x0000000086300000| Untracked 
|  99|0x0000000086300000, 0x0000000086400000, 0x0000000086400000|100%| O|  |TAMS 0x0000000086300000, 0x0000000086400000| Untracked 
| 100|0x0000000086400000, 0x0000000086500000, 0x0000000086500000|100%| O|  |TAMS 0x0000000086400000, 0x0000000086500000| Untracked 
| 101|0x0000000086500000, 0x0000000086600000, 0x0000000086600000|100%| O|  |TAMS 0x0000000086500000, 0x0000000086600000| Untracked 
| 102|0x0000000086600000, 0x0000000086700000, 0x0000000086700000|100%| O|  |TAMS 0x0000000086600000, 0x0000000086700000| Untracked 
| 103|0x0000000086700000, 0x0000000086800000, 0x0000000086800000|100%| O|  |TAMS 0x0000000086700000, 0x0000000086800000| Untracked 
| 104|0x0000000086800000, 0x0000000086900000, 0x0000000086900000|100%| O|  |TAMS 0x0000000086800000, 0x0000000086900000| Untracked 
| 105|0x0000000086900000, 0x0000000086a00000, 0x0000000086a00000|100%| O|  |TAMS 0x0000000086900000, 0x0000000086a00000| Untracked 
| 106|0x0000000086a00000, 0x0000000086a0e000, 0x0000000086b00000|  5%| O|  |TAMS 0x0000000086a00000, 0x0000000086a0e000| Untracked 
| 107|0x0000000086b00000, 0x0000000086b00000, 0x0000000086c00000|  0%| F|  |TAMS 0x0000000086b00000, 0x0000000086b00000| Untracked 
| 108|0x0000000086c00000, 0x0000000086c00000, 0x0000000086d00000|  0%| F|  |TAMS 0x0000000086c00000, 0x0000000086c00000| Untracked 
| 109|0x0000000086d00000, 0x0000000086d00000, 0x0000000086e00000|  0%| F|  |TAMS 0x0000000086d00000, 0x0000000086d00000| Untracked 
| 110|0x0000000086e00000, 0x0000000086e00000, 0x0000000086f00000|  0%| F|  |TAMS 0x0000000086e00000, 0x0000000086e00000| Untracked 
| 111|0x0000000086f00000, 0x0000000086f00000, 0x0000000087000000|  0%| F|  |TAMS 0x0000000086f00000, 0x0000000086f00000| Untracked 
| 112|0x0000000087000000, 0x0000000087000000, 0x0000000087100000|  0%| F|  |TAMS 0x0000000087000000, 0x0000000087000000| Untracked 
| 113|0x0000000087100000, 0x0000000087100000, 0x0000000087200000|  0%| F|  |TAMS 0x0000000087100000, 0x0000000087100000| Untracked 
| 114|0x0000000087200000, 0x0000000087200000, 0x0000000087300000|  0%| F|  |TAMS 0x0000000087200000, 0x0000000087200000| Untracked 
| 115|0x0000000087300000, 0x0000000087300000, 0x0000000087400000|  0%| F|  |TAMS 0x0000000087300000, 0x0000000087300000| Untracked 
| 116|0x0000000087400000, 0x0000000087400000, 0x0000000087500000|  0%| F|  |TAMS 0x0000000087400000, 0x0000000087400000| Untracked 
| 117|0x0000000087500000, 0x0000000087500000, 0x0000000087600000|  0%| F|  |TAMS 0x0000000087500000, 0x0000000087500000| Untracked 
| 118|0x0000000087600000, 0x0000000087600000, 0x0000000087700000|  0%| F|  |TAMS 0x0000000087600000, 0x0000000087600000| Untracked 
| 119|0x0000000087700000, 0x0000000087700000, 0x0000000087800000|  0%| F|  |TAMS 0x0000000087700000, 0x0000000087700000| Untracked 
| 120|0x0000000087800000, 0x0000000087800000, 0x0000000087900000|  0%| F|  |TAMS 0x0000000087800000, 0x0000000087800000| Untracked 
| 121|0x0000000087900000, 0x0000000087900000, 0x0000000087a00000|  0%| F|  |TAMS 0x0000000087900000, 0x0000000087900000| Untracked 
| 122|0x0000000087a00000, 0x0000000087a00000, 0x0000000087b00000|  0%| F|  |TAMS 0x0000000087a00000, 0x0000000087a00000| Untracked 
| 123|0x0000000087b00000, 0x0000000087b00000, 0x0000000087c00000|  0%| F|  |TAMS 0x0000000087b00000, 0x0000000087b00000| Untracked 
| 124|0x0000000087c00000, 0x0000000087c00000, 0x0000000087d00000|  0%| F|  |TAMS 0x0000000087c00000, 0x0000000087c00000| Untracked 
| 125|0x0000000087d00000, 0x0000000087d00000, 0x0000000087e00000|  0%| F|  |TAMS 0x0000000087d00000, 0x0000000087d00000| Untracked 
| 126|0x0000000087e00000, 0x0000000087e00000, 0x0000000087f00000|  0%| F|  |TAMS 0x0000000087e00000, 0x0000000087e00000| Untracked 
| 127|0x0000000087f00000, 0x0000000087f00000, 0x0000000088000000|  0%| F|  |TAMS 0x0000000087f00000, 0x0000000087f00000| Untracked 
| 128|0x0000000088000000, 0x0000000088000000, 0x0000000088100000|  0%| F|  |TAMS 0x0000000088000000, 0x0000000088000000| Untracked 
| 129|0x0000000088100000, 0x0000000088100000, 0x0000000088200000|  0%| F|  |TAMS 0x0000000088100000, 0x0000000088100000| Untracked 
| 130|0x0000000088200000, 0x0000000088200000, 0x0000000088300000|  0%| F|  |TAMS 0x0000000088200000, 0x0000000088200000| Untracked 
| 131|0x0000000088300000, 0x0000000088300000, 0x0000000088400000|  0%| F|  |TAMS 0x0000000088300000, 0x0000000088300000| Untracked 
| 132|0x0000000088400000, 0x0000000088400000, 0x0000000088500000|  0%| F|  |TAMS 0x0000000088400000, 0x0000000088400000| Untracked 
| 133|0x0000000088500000, 0x0000000088500000, 0x0000000088600000|  0%| F|  |TAMS 0x0000000088500000, 0x0000000088500000| Untracked 
| 134|0x0000000088600000, 0x0000000088600000, 0x0000000088700000|  0%| F|  |TAMS 0x0000000088600000, 0x0000000088600000| Untracked 
| 135|0x0000000088700000, 0x0000000088700000, 0x0000000088800000|  0%| F|  |TAMS 0x0000000088700000, 0x0000000088700000| Untracked 
| 136|0x0000000088800000, 0x0000000088800000, 0x0000000088900000|  0%| F|  |TAMS 0x0000000088800000, 0x0000000088800000| Untracked 
| 137|0x0000000088900000, 0x0000000088900000, 0x0000000088a00000|  0%| F|  |TAMS 0x0000000088900000, 0x0000000088900000| Untracked 
| 138|0x0000000088a00000, 0x0000000088b00000, 0x0000000088b00000|100%| S|CS|TAMS 0x0000000088a00000, 0x0000000088a00000| Complete 
| 139|0x0000000088b00000, 0x0000000088b00000, 0x0000000088c00000|  0%| F|  |TAMS 0x0000000088b00000, 0x0000000088b00000| Untracked 
| 140|0x0000000088c00000, 0x0000000088d00000, 0x0000000088d00000|100%| S|CS|TAMS 0x0000000088c00000, 0x0000000088c00000| Complete 
| 141|0x0000000088d00000, 0x0000000088e00000, 0x0000000088e00000|100%| S|CS|TAMS 0x0000000088d00000, 0x0000000088d00000| Complete 
| 142|0x0000000088e00000, 0x0000000088e00000, 0x0000000088f00000|  0%| F|  |TAMS 0x0000000088e00000, 0x0000000088e00000| Untracked 
| 143|0x0000000088f00000, 0x0000000088f00000, 0x0000000089000000|  0%| F|  |TAMS 0x0000000088f00000, 0x0000000088f00000| Untracked 
| 144|0x0000000089000000, 0x0000000089000000, 0x0000000089100000|  0%| F|  |TAMS 0x0000000089000000, 0x0000000089000000| Untracked 
| 145|0x0000000089100000, 0x0000000089100000, 0x0000000089200000|  0%| F|  |TAMS 0x0000000089100000, 0x0000000089100000| Untracked 
| 146|0x0000000089200000, 0x0000000089300000, 0x0000000089300000|100%| S|CS|TAMS 0x0000000089200000, 0x0000000089200000| Complete 
| 147|0x0000000089300000, 0x0000000089400000, 0x0000000089400000|100%| S|CS|TAMS 0x0000000089300000, 0x0000000089300000| Complete 
| 148|0x0000000089400000, 0x0000000089400000, 0x0000000089500000|  0%| F|  |TAMS 0x0000000089400000, 0x0000000089400000| Untracked 
| 149|0x0000000089500000, 0x0000000089500000, 0x0000000089600000|  0%| F|  |TAMS 0x0000000089500000, 0x0000000089500000| Untracked 
| 150|0x0000000089600000, 0x0000000089600000, 0x0000000089700000|  0%| F|  |TAMS 0x0000000089600000, 0x0000000089600000| Untracked 
| 151|0x0000000089700000, 0x0000000089700000, 0x0000000089800000|  0%| F|  |TAMS 0x0000000089700000, 0x0000000089700000| Untracked 
| 152|0x0000000089800000, 0x0000000089800000, 0x0000000089900000|  0%| F|  |TAMS 0x0000000089800000, 0x0000000089800000| Untracked 
| 153|0x0000000089900000, 0x0000000089900000, 0x0000000089a00000|  0%| F|  |TAMS 0x0000000089900000, 0x0000000089900000| Untracked 
| 154|0x0000000089a00000, 0x0000000089a00000, 0x0000000089b00000|  0%| F|  |TAMS 0x0000000089a00000, 0x0000000089a00000| Untracked 
| 155|0x0000000089b00000, 0x0000000089b00000, 0x0000000089c00000|  0%| F|  |TAMS 0x0000000089b00000, 0x0000000089b00000| Untracked 
| 156|0x0000000089c00000, 0x0000000089c00000, 0x0000000089d00000|  0%| F|  |TAMS 0x0000000089c00000, 0x0000000089c00000| Untracked 
| 157|0x0000000089d00000, 0x0000000089d00000, 0x0000000089e00000|  0%| F|  |TAMS 0x0000000089d00000, 0x0000000089d00000| Untracked 
| 158|0x0000000089e00000, 0x0000000089e00000, 0x0000000089f00000|  0%| F|  |TAMS 0x0000000089e00000, 0x0000000089e00000| Untracked 
| 159|0x0000000089f00000, 0x0000000089f00000, 0x000000008a000000|  0%| F|  |TAMS 0x0000000089f00000, 0x0000000089f00000| Untracked 
| 160|0x000000008a000000, 0x000000008a000000, 0x000000008a100000|  0%| F|  |TAMS 0x000000008a000000, 0x000000008a000000| Untracked 
| 161|0x000000008a100000, 0x000000008a100000, 0x000000008a200000|  0%| F|  |TAMS 0x000000008a100000, 0x000000008a100000| Untracked 
| 162|0x000000008a200000, 0x000000008a200000, 0x000000008a300000|  0%| F|  |TAMS 0x000000008a200000, 0x000000008a200000| Untracked 
| 163|0x000000008a300000, 0x000000008a300000, 0x000000008a400000|  0%| F|  |TAMS 0x000000008a300000, 0x000000008a300000| Untracked 
| 164|0x000000008a400000, 0x000000008a400000, 0x000000008a500000|  0%| F|  |TAMS 0x000000008a400000, 0x000000008a400000| Untracked 
| 165|0x000000008a500000, 0x000000008a500000, 0x000000008a600000|  0%| F|  |TAMS 0x000000008a500000, 0x000000008a500000| Untracked 
| 166|0x000000008a600000, 0x000000008a600000, 0x000000008a700000|  0%| F|  |TAMS 0x000000008a600000, 0x000000008a600000| Untracked 
| 167|0x000000008a700000, 0x000000008a700000, 0x000000008a800000|  0%| F|  |TAMS 0x000000008a700000, 0x000000008a700000| Untracked 
| 168|0x000000008a800000, 0x000000008a800000, 0x000000008a900000|  0%| F|  |TAMS 0x000000008a800000, 0x000000008a800000| Untracked 
| 169|0x000000008a900000, 0x000000008a900000, 0x000000008aa00000|  0%| F|  |TAMS 0x000000008a900000, 0x000000008a900000| Untracked 
| 170|0x000000008aa00000, 0x000000008aa00000, 0x000000008ab00000|  0%| F|  |TAMS 0x000000008aa00000, 0x000000008aa00000| Untracked 
| 171|0x000000008ab00000, 0x000000008ab00000, 0x000000008ac00000|  0%| F|  |TAMS 0x000000008ab00000, 0x000000008ab00000| Untracked 
| 172|0x000000008ac00000, 0x000000008ac00000, 0x000000008ad00000|  0%| F|  |TAMS 0x000000008ac00000, 0x000000008ac00000| Untracked 
| 173|0x000000008ad00000, 0x000000008ad00000, 0x000000008ae00000|  0%| F|  |TAMS 0x000000008ad00000, 0x000000008ad00000| Untracked 
| 174|0x000000008ae00000, 0x000000008ae00000, 0x000000008af00000|  0%| F|  |TAMS 0x000000008ae00000, 0x000000008ae00000| Untracked 
| 175|0x000000008af00000, 0x000000008af00000, 0x000000008b000000|  0%| F|  |TAMS 0x000000008af00000, 0x000000008af00000| Untracked 
| 176|0x000000008b000000, 0x000000008b000000, 0x000000008b100000|  0%| F|  |TAMS 0x000000008b000000, 0x000000008b000000| Untracked 
| 177|0x000000008b100000, 0x000000008b100000, 0x000000008b200000|  0%| F|  |TAMS 0x000000008b100000, 0x000000008b100000| Untracked 
| 178|0x000000008b200000, 0x000000008b200000, 0x000000008b300000|  0%| F|  |TAMS 0x000000008b200000, 0x000000008b200000| Untracked 
| 179|0x000000008b300000, 0x000000008b300000, 0x000000008b400000|  0%| F|  |TAMS 0x000000008b300000, 0x000000008b300000| Untracked 
| 180|0x000000008b400000, 0x000000008b400000, 0x000000008b500000|  0%| F|  |TAMS 0x000000008b400000, 0x000000008b400000| Untracked 
| 181|0x000000008b500000, 0x000000008b500000, 0x000000008b600000|  0%| F|  |TAMS 0x000000008b500000, 0x000000008b500000| Untracked 
| 182|0x000000008b600000, 0x000000008b600000, 0x000000008b700000|  0%| F|  |TAMS 0x000000008b600000, 0x000000008b600000| Untracked 
| 183|0x000000008b700000, 0x000000008b700000, 0x000000008b800000|  0%| F|  |TAMS 0x000000008b700000, 0x000000008b700000| Untracked 
| 184|0x000000008b800000, 0x000000008b800000, 0x000000008b900000|  0%| F|  |TAMS 0x000000008b800000, 0x000000008b800000| Untracked 
| 185|0x000000008b900000, 0x000000008b900000, 0x000000008ba00000|  0%| F|  |TAMS 0x000000008b900000, 0x000000008b900000| Untracked 
| 186|0x000000008ba00000, 0x000000008ba00000, 0x000000008bb00000|  0%| F|  |TAMS 0x000000008ba00000, 0x000000008ba00000| Untracked 
| 187|0x000000008bb00000, 0x000000008bb00000, 0x000000008bc00000|  0%| F|  |TAMS 0x000000008bb00000, 0x000000008bb00000| Untracked 
| 188|0x000000008bc00000, 0x000000008bc00000, 0x000000008bd00000|  0%| F|  |TAMS 0x000000008bc00000, 0x000000008bc00000| Untracked 
| 189|0x000000008bd00000, 0x000000008bd00000, 0x000000008be00000|  0%| F|  |TAMS 0x000000008bd00000, 0x000000008bd00000| Untracked 
| 190|0x000000008be00000, 0x000000008be00000, 0x000000008bf00000|  0%| F|  |TAMS 0x000000008be00000, 0x000000008be00000| Untracked 
| 191|0x000000008bf00000, 0x000000008bf00000, 0x000000008c000000|  0%| F|  |TAMS 0x000000008bf00000, 0x000000008bf00000| Untracked 
| 192|0x000000008c000000, 0x000000008c000000, 0x000000008c100000|  0%| F|  |TAMS 0x000000008c000000, 0x000000008c000000| Untracked 
| 193|0x000000008c100000, 0x000000008c100000, 0x000000008c200000|  0%| F|  |TAMS 0x000000008c100000, 0x000000008c100000| Untracked 
| 194|0x000000008c200000, 0x000000008c200000, 0x000000008c300000|  0%| F|  |TAMS 0x000000008c200000, 0x000000008c200000| Untracked 
| 195|0x000000008c300000, 0x000000008c300000, 0x000000008c400000|  0%| F|  |TAMS 0x000000008c300000, 0x000000008c300000| Untracked 
| 196|0x000000008c400000, 0x000000008c400000, 0x000000008c500000|  0%| F|  |TAMS 0x000000008c400000, 0x000000008c400000| Untracked 
| 197|0x000000008c500000, 0x000000008c500000, 0x000000008c600000|  0%| F|  |TAMS 0x000000008c500000, 0x000000008c500000| Untracked 
| 198|0x000000008c600000, 0x000000008c6b4828, 0x000000008c700000| 70%| E|  |TAMS 0x000000008c600000, 0x000000008c600000| Complete 
| 199|0x000000008c700000, 0x000000008c800000, 0x000000008c800000|100%| E|CS|TAMS 0x000000008c700000, 0x000000008c700000| Complete 
| 200|0x000000008c800000, 0x000000008c900000, 0x000000008c900000|100%| E|CS|TAMS 0x000000008c800000, 0x000000008c800000| Complete 
| 201|0x000000008c900000, 0x000000008ca00000, 0x000000008ca00000|100%| E|CS|TAMS 0x000000008c900000, 0x000000008c900000| Complete 
| 202|0x000000008ca00000, 0x000000008cb00000, 0x000000008cb00000|100%| E|CS|TAMS 0x000000008ca00000, 0x000000008ca00000| Complete 
| 203|0x000000008cb00000, 0x000000008cc00000, 0x000000008cc00000|100%| E|CS|TAMS 0x000000008cb00000, 0x000000008cb00000| Complete 
| 204|0x000000008cc00000, 0x000000008cd00000, 0x000000008cd00000|100%| E|CS|TAMS 0x000000008cc00000, 0x000000008cc00000| Complete 
| 205|0x000000008cd00000, 0x000000008ce00000, 0x000000008ce00000|100%| E|CS|TAMS 0x000000008cd00000, 0x000000008cd00000| Complete 
| 206|0x000000008ce00000, 0x000000008cf00000, 0x000000008cf00000|100%| E|  |TAMS 0x000000008ce00000, 0x000000008ce00000| Complete 
| 207|0x000000008cf00000, 0x000000008d000000, 0x000000008d000000|100%| E|CS|TAMS 0x000000008cf00000, 0x000000008cf00000| Complete 
| 208|0x000000008d000000, 0x000000008d100000, 0x000000008d100000|100%| E|CS|TAMS 0x000000008d000000, 0x000000008d000000| Complete 
| 209|0x000000008d100000, 0x000000008d200000, 0x000000008d200000|100%| E|CS|TAMS 0x000000008d100000, 0x000000008d100000| Complete 
| 210|0x000000008d200000, 0x000000008d300000, 0x000000008d300000|100%| E|CS|TAMS 0x000000008d200000, 0x000000008d200000| Complete 
| 211|0x000000008d300000, 0x000000008d400000, 0x000000008d400000|100%| E|CS|TAMS 0x000000008d300000, 0x000000008d300000| Complete 
| 212|0x000000008d400000, 0x000000008d500000, 0x000000008d500000|100%| E|CS|TAMS 0x000000008d400000, 0x000000008d400000| Complete 
| 213|0x000000008d500000, 0x000000008d600000, 0x000000008d600000|100%| E|CS|TAMS 0x000000008d500000, 0x000000008d500000| Complete 
| 214|0x000000008d600000, 0x000000008d700000, 0x000000008d700000|100%| E|CS|TAMS 0x000000008d600000, 0x000000008d600000| Complete 
| 215|0x000000008d700000, 0x000000008d800000, 0x000000008d800000|100%| E|CS|TAMS 0x000000008d700000, 0x000000008d700000| Complete 
| 216|0x000000008d800000, 0x000000008d900000, 0x000000008d900000|100%| E|CS|TAMS 0x000000008d800000, 0x000000008d800000| Complete 
| 217|0x000000008d900000, 0x000000008da00000, 0x000000008da00000|100%| E|CS|TAMS 0x000000008d900000, 0x000000008d900000| Complete 
| 218|0x000000008da00000, 0x000000008db00000, 0x000000008db00000|100%| E|CS|TAMS 0x000000008da00000, 0x000000008da00000| Complete 
| 219|0x000000008db00000, 0x000000008dc00000, 0x000000008dc00000|100%| E|CS|TAMS 0x000000008db00000, 0x000000008db00000| Complete 

Card table byte_map: [0x0000022af59a0000,0x0000022af5da0000] _byte_map_base: 0x0000022af55a0000

Marking Bits (Prev, Next): (CMBitMap*) 0x0000022af1adddb0, (CMBitMap*) 0x0000022af1addd78
 Prev Bits: [0x0000022af81a0000, 0x0000022afa1a0000)
 Next Bits: [0x0000022af61a0000, 0x0000022af81a0000)

Polling page: 0x0000022aefac0000

Metaspace:

Usage:
  Non-class:     90.58 MB capacity,    88.95 MB ( 98%) used,     1.35 MB (  1%) free+waste,   283.56 KB ( <1%) overhead. 
      Class:     13.50 MB capacity,    12.61 MB ( 93%) used,   783.52 KB (  6%) free+waste,   121.69 KB ( <1%) overhead. 
       Both:    104.07 MB capacity,   101.57 MB ( 98%) used,     2.11 MB (  2%) free+waste,   405.25 KB ( <1%) overhead. 

Virtual space:
  Non-class space:       92.00 MB reserved,      90.75 MB ( 99%) committed 
      Class space:        1.00 GB reserved,      13.63 MB (  1%) committed 
             Both:        1.09 GB reserved,     104.38 MB (  9%) committed 

Chunk freelists:
   Non-Class:  176.00 KB
       Class:  69.00 KB
        Both:  245.00 KB

MaxMetaspaceSize: 17179869184.00 GB
CompressedClassSpaceSize: 1.00 GB

CodeHeap 'non-profiled nmethods': size=120064Kb used=10189Kb max_used=10189Kb free=109875Kb
 bounds [0x0000022a87ac0000, 0x0000022a884c0000, 0x0000022a8f000000]
CodeHeap 'profiled nmethods': size=120000Kb used=40041Kb max_used=40041Kb free=79958Kb
 bounds [0x0000022a80590000, 0x0000022a82cb0000, 0x0000022a87ac0000]
CodeHeap 'non-nmethods': size=5696Kb used=2313Kb max_used=2393Kb free=3382Kb
 bounds [0x0000022a80000000, 0x0000022a80270000, 0x0000022a80590000]
 total_blobs=17980 nmethods=17056 adapters=833
 compilation: enabled
              stopped_count=0, restarted_count=0
 full_count=0

Compilation events (20 events):
Event: 442.471 Thread 0x0000022afc6ac000 17206       2       com.android.tools.r8.graph.w0::<init> (7 bytes)
Event: 442.471 Thread 0x0000022afc6ac000 nmethod 17206 0x0000022a82c8c510 code [0x0000022a82c8c6c0, 0x0000022a82c8c818]
Event: 442.471 Thread 0x0000022afc6ac000 17207       2       com.android.tools.r8.graph.w0::<init> (15 bytes)
Event: 442.471 Thread 0x0000022afc6ac000 nmethod 17207 0x0000022a82c8c890 code [0x0000022a82c8ca40, 0x0000022a82c8cb98]
Event: 442.471 Thread 0x0000022afc6ac000 17208       2       com.android.tools.r8.B.a.a.h::a (23 bytes)
Event: 442.472 Thread 0x0000022afc6ac000 nmethod 17208 0x0000022a82c8cc10 code [0x0000022a82c8cdc0, 0x0000022a82c8cee8]
Event: 442.473 Thread 0x0000022afc6ac000 17209   !   2       com.android.tools.r8.ir.analysis.type.e::a (74 bytes)
Event: 442.474 Thread 0x0000022afc6ac000 nmethod 17209 0x0000022a82c8cf90 code [0x0000022a82c8d180, 0x0000022a82c8d598]
Event: 442.573 Thread 0x0000022afc6ac000 17210 %     3       com.android.tools.r8.u.b.T::y @ 82 (251 bytes)
Event: 442.574 Thread 0x0000022afc6ac000 nmethod 17210% 0x0000022a82c8d790 code [0x0000022a82c8db80, 0x0000022a82c8f3c8]
Event: 442.574 Thread 0x0000022afc6ac000 17211       3       com.android.tools.r8.u.b.T::y (251 bytes)
Event: 442.576 Thread 0x0000022afc6ac000 nmethod 17211 0x0000022a82c8fe90 code [0x0000022a82c90280, 0x0000022a82c918a8]
Event: 442.582 Thread 0x0000022afc6ac000 17212       2       com.android.tools.r8.graph.e::a (32 bytes)
Event: 442.583 Thread 0x0000022afc6ac000 nmethod 17212 0x0000022a82c92210 code [0x0000022a82c923e0, 0x0000022a82c925a8]
Event: 442.586 Thread 0x0000022afc6ac000 17213       2       com.android.tools.r8.u.c.M::a (59 bytes)
Event: 442.586 Thread 0x0000022afc6ac000 nmethod 17213 0x0000022a82c92690 code [0x0000022a82c928a0, 0x0000022a82c92ba8]
Event: 442.615 Thread 0x0000022afc6ac000 17215       2       com.android.tools.r8.r.n.L::a (39 bytes)
Event: 442.616 Thread 0x0000022afc6ac000 nmethod 17215 0x0000022a82c92d90 code [0x0000022a82c92fe0, 0x0000022a82c93768]
Event: 442.616 Thread 0x0000022afc6ac000 17216       2       com.android.tools.r8.u.c.M::a (84 bytes)
Event: 442.616 Thread 0x0000022afc6ac000 nmethod 17216 0x0000022a82c93b10 code [0x0000022a82c93d20, 0x0000022a82c940a8]

GC Heap History (20 events):
Event: 428.562 GC heap before
{Heap before GC invocations=22 (full 0):
 garbage-first heap   total 225280K, used 166333K [0x0000000080000000, 0x0000000100000000)
  region size 1024K, 82 young (83968K), 9 survivors (9216K)
 Metaspace       used 89485K, capacity 91796K, committed 91904K, reserved 1128448K
  class space    used 11400K, capacity 12193K, committed 12288K, reserved 1048576K
}
Event: 428.579 GC heap after
{Heap after GC invocations=23 (full 0):
 garbage-first heap   total 225280K, used 97169K [0x0000000080000000, 0x0000000100000000)
  region size 1024K, 11 young (11264K), 11 survivors (11264K)
 Metaspace       used 89485K, capacity 91796K, committed 91904K, reserved 1128448K
  class space    used 11400K, capacity 12193K, committed 12288K, reserved 1048576K
}
Event: 433.764 GC heap before
{Heap before GC invocations=23 (full 0):
 garbage-first heap   total 225280K, used 172945K [0x0000000080000000, 0x0000000100000000)
  region size 1024K, 84 young (86016K), 11 survivors (11264K)
 Metaspace       used 96966K, capacity 99388K, committed 99456K, reserved 1136640K
  class space    used 12318K, capacity 13171K, committed 13184K, reserved 1048576K
}
Event: 433.786 GC heap after
{Heap after GC invocations=24 (full 0):
 garbage-first heap   total 225280K, used 105666K [0x0000000080000000, 0x0000000100000000)
  region size 1024K, 11 young (11264K), 11 survivors (11264K)
 Metaspace       used 96966K, capacity 99388K, committed 99456K, reserved 1136640K
  class space    used 12318K, capacity 13171K, committed 13184K, reserved 1048576K
}
Event: 437.740 GC heap before
{Heap before GC invocations=24 (full 0):
 garbage-first heap   total 225280K, used 175298K [0x0000000080000000, 0x0000000100000000)
  region size 1024K, 80 young (81920K), 11 survivors (11264K)
 Metaspace       used 102066K, capacity 104707K, committed 104960K, reserved 1140736K
  class space    used 12870K, capacity 13780K, committed 13824K, reserved 1048576K
}
Event: 437.761 GC heap after
{Heap after GC invocations=25 (full 0):
 garbage-first heap   total 225280K, used 106920K [0x0000000080000000, 0x0000000100000000)
  region size 1024K, 6 young (6144K), 6 survivors (6144K)
 Metaspace       used 102066K, capacity 104707K, committed 104960K, reserved 1140736K
  class space    used 12870K, capacity 13780K, committed 13824K, reserved 1048576K
}
Event: 439.757 GC heap before
{Heap before GC invocations=25 (full 0):
 garbage-first heap   total 225280K, used 177576K [0x0000000080000000, 0x0000000100000000)
  region size 1024K, 76 young (77824K), 6 survivors (6144K)
 Metaspace       used 103412K, capacity 106057K, committed 106368K, reserved 1142784K
  class space    used 12921K, capacity 13834K, committed 13952K, reserved 1048576K
}
Event: 439.764 GC heap after
{Heap after GC invocations=26 (full 0):
 garbage-first heap   total 225280K, used 105346K [0x0000000080000000, 0x0000000100000000)
  region size 1024K, 4 young (4096K), 4 survivors (4096K)
 Metaspace       used 103412K, capacity 106057K, committed 106368K, reserved 1142784K
  class space    used 12921K, capacity 13834K, committed 13952K, reserved 1048576K
}
Event: 440.210 GC heap before
{Heap before GC invocations=26 (full 0):
 garbage-first heap   total 225280K, used 182146K [0x0000000080000000, 0x0000000100000000)
  region size 1024K, 79 young (80896K), 4 survivors (4096K)
 Metaspace       used 103653K, capacity 106271K, committed 106624K, reserved 1142784K
  class space    used 12928K, capacity 13836K, committed 13952K, reserved 1048576K
}
Event: 440.216 GC heap after
{Heap after GC invocations=27 (full 0):
 garbage-first heap   total 225280K, used 106199K [0x0000000080000000, 0x0000000100000000)
  region size 1024K, 5 young (5120K), 5 survivors (5120K)
 Metaspace       used 103653K, capacity 106271K, committed 106624K, reserved 1142784K
  class space    used 12928K, capacity 13836K, committed 13952K, reserved 1048576K
}
Event: 440.942 GC heap before
{Heap before GC invocations=27 (full 0):
 garbage-first heap   total 225280K, used 184023K [0x0000000080000000, 0x0000000100000000)
  region size 1024K, 81 young (82944K), 5 survivors (5120K)
 Metaspace       used 103795K, capacity 106420K, committed 106624K, reserved 1142784K
  class space    used 12931K, capacity 13842K, committed 13952K, reserved 1048576K
}
Event: 440.950 GC heap after
{Heap after GC invocations=28 (full 0):
 garbage-first heap   total 225280K, used 107094K [0x0000000080000000, 0x0000000100000000)
  region size 1024K, 6 young (6144K), 6 survivors (6144K)
 Metaspace       used 103795K, capacity 106420K, committed 106624K, reserved 1142784K
  class space    used 12931K, capacity 13842K, committed 13952K, reserved 1048576K
}
Event: 441.309 GC heap before
{Heap before GC invocations=28 (full 0):
 garbage-first heap   total 225280K, used 183894K [0x0000000080000000, 0x0000000100000000)
  region size 1024K, 82 young (83968K), 6 survivors (6144K)
 Metaspace       used 103888K, capacity 106506K, committed 106624K, reserved 1142784K
  class space    used 12934K, capacity 13846K, committed 13952K, reserved 1048576K
}
Event: 441.316 GC heap after
{Heap after GC invocations=29 (full 0):
 garbage-first heap   total 225280K, used 106720K [0x0000000080000000, 0x0000000100000000)
  region size 1024K, 6 young (6144K), 6 survivors (6144K)
 Metaspace       used 103888K, capacity 106506K, committed 106624K, reserved 1142784K
  class space    used 12934K, capacity 13846K, committed 13952K, reserved 1048576K
}
Event: 441.836 GC heap before
{Heap before GC invocations=29 (full 0):
 garbage-first heap   total 225280K, used 184544K [0x0000000080000000, 0x0000000100000000)
  region size 1024K, 83 young (84992K), 6 survivors (6144K)
 Metaspace       used 103962K, capacity 106582K, committed 106880K, reserved 1142784K
  class space    used 12934K, capacity 13846K, committed 13952K, reserved 1048576K
}
Event: 441.846 GC heap after
{Heap after GC invocations=30 (full 0):
 garbage-first heap   total 225280K, used 112531K [0x0000000080000000, 0x0000000100000000)
  region size 1024K, 11 young (11264K), 11 survivors (11264K)
 Metaspace       used 103962K, capacity 106582K, committed 106880K, reserved 1142784K
  class space    used 12934K, capacity 13846K, committed 13952K, reserved 1048576K
}
Event: 442.157 GC heap before
{Heap before GC invocations=30 (full 0):
 garbage-first heap   total 225280K, used 187283K [0x0000000080000000, 0x0000000100000000)
  region size 1024K, 85 young (87040K), 11 survivors (11264K)
 Metaspace       used 104070K, capacity 106687K, committed 106880K, reserved 1142784K
  class space    used 12948K, capacity 13880K, committed 13952K, reserved 1048576K
}
Event: 442.173 GC heap after
{Heap after GC invocations=31 (full 0):
 garbage-first heap   total 225280K, used 113628K [0x0000000080000000, 0x0000000100000000)
  region size 1024K, 5 young (5120K), 5 survivors (5120K)
 Metaspace       used 104070K, capacity 106687K, committed 106880K, reserved 1142784K
  class space    used 12948K, capacity 13880K, committed 13952K, reserved 1048576K
}
Event: 442.478 GC heap before
{Heap before GC invocations=31 (full 0):
 garbage-first heap   total 225280K, used 187356K [0x0000000080000000, 0x0000000100000000)
  region size 1024K, 77 young (78848K), 5 survivors (5120K)
 Metaspace       used 104095K, capacity 106753K, committed 106880K, reserved 1142784K
  class space    used 12948K, capacity 13880K, committed 13952K, reserved 1048576K
}
Event: 442.486 GC heap after
{Heap after GC invocations=32 (full 0):
 garbage-first heap   total 225280K, used 113720K [0x0000000080000000, 0x0000000100000000)
  region size 1024K, 5 young (5120K), 5 survivors (5120K)
 Metaspace       used 104095K, capacity 106753K, committed 106880K, reserved 1142784K
  class space    used 12948K, capacity 13880K, committed 13952K, reserved 1048576K
}

Deoptimization events (20 events):
Event: 442.275 Thread 0x0000022aff582800 DEOPT PACKING pc=0x0000022a82ac0e43 sp=0x000000949f2f9af0
Event: 442.275 Thread 0x0000022aff582800 DEOPT UNPACKING pc=0x0000022a80026dde sp=0x000000949f2f8ff0 mode 0
Event: 442.318 Thread 0x0000022aff584000 DEOPT PACKING pc=0x0000022a82ac0f41 sp=0x000000949f0f9960
Event: 442.318 Thread 0x0000022aff584000 DEOPT UNPACKING pc=0x0000022a80026dde sp=0x000000949f0f8e60 mode 0
Event: 442.351 Thread 0x0000022aff582800 DEOPT PACKING pc=0x0000022a82ac0f41 sp=0x000000949f2f9a10
Event: 442.351 Thread 0x0000022aff582800 DEOPT UNPACKING pc=0x0000022a80026dde sp=0x000000949f2f8f10 mode 0
Event: 442.353 Thread 0x0000022aff582800 DEOPT PACKING pc=0x0000022a82ac0f41 sp=0x000000949f2f9af0
Event: 442.353 Thread 0x0000022aff582800 DEOPT UNPACKING pc=0x0000022a80026dde sp=0x000000949f2f8ff0 mode 0
Event: 442.354 Thread 0x0000022aff582800 DEOPT PACKING pc=0x0000022a82ac0f41 sp=0x000000949f2f9af0
Event: 442.354 Thread 0x0000022aff582800 DEOPT UNPACKING pc=0x0000022a80026dde sp=0x000000949f2f8ff0 mode 0
Event: 442.381 Thread 0x0000022aff582800 DEOPT PACKING pc=0x0000022a82b249ca sp=0x000000949f2f99e0
Event: 442.381 Thread 0x0000022aff582800 DEOPT UNPACKING pc=0x0000022a80026dde sp=0x000000949f2f8e70 mode 0
Event: 442.389 Thread 0x0000022a935c3000 Uncommon trap: trap_request=0xffffff4d fr.pc=0x0000022a884a0da4 relative=0x0000000000003ee4
Event: 442.389 Thread 0x0000022a935c3000 Uncommon trap: reason=unstable_if action=reinterpret pc=0x0000022a884a0da4 method=com.android.tools.r8.u.b.g1.s()Lcom/android/tools/r8/u/b/g1; @ 6 c2
Event: 442.389 Thread 0x0000022a935c3000 DEOPT PACKING pc=0x0000022a884a0da4 sp=0x000000949d9f7560
Event: 442.389 Thread 0x0000022a935c3000 DEOPT UNPACKING pc=0x0000022a8002662f sp=0x000000949d9f75a0 mode 2
Event: 442.502 Thread 0x0000022aff588000 DEOPT PACKING pc=0x0000022a82ac0e64 sp=0x000000949f1f9de0
Event: 442.502 Thread 0x0000022aff588000 DEOPT UNPACKING pc=0x0000022a80026dde sp=0x000000949f1f92f0 mode 0
Event: 442.576 Thread 0x0000022aff588000 DEOPT PACKING pc=0x0000022a82ab6532 sp=0x000000949f1fa680
Event: 442.576 Thread 0x0000022aff588000 DEOPT UNPACKING pc=0x0000022a80026dde sp=0x000000949f1f9bb8 mode 0

Classes redefined (0 events):
No events

Internal exceptions (20 events):
Event: 439.831 Thread 0x0000022aff584000 Exception <a 'sun/nio/fs/WindowsException'{0x000000008d3477d0}> (0x000000008d3477d0) thrown at [./src/hotspot/share/prims/jni.cpp, line 615]
Event: 439.885 Thread 0x0000022aff584000 Exception <a 'sun/nio/fs/WindowsException'{0x000000008ce1e8d0}> (0x000000008ce1e8d0) thrown at [./src/hotspot/share/prims/jni.cpp, line 615]
Event: 439.904 Thread 0x0000022aff584000 Exception <a 'sun/nio/fs/WindowsException'{0x000000008cb9c128}> (0x000000008cb9c128) thrown at [./src/hotspot/share/prims/jni.cpp, line 615]
Event: 439.957 Thread 0x0000022aff588000 Exception <a 'sun/nio/fs/WindowsException'{0x000000008bf781d0}> (0x000000008bf781d0) thrown at [./src/hotspot/share/prims/jni.cpp, line 615]
Event: 439.989 Thread 0x0000022a935c3000 Exception <a 'sun/nio/fs/WindowsException'{0x000000008dbdbb50}> (0x000000008dbdbb50) thrown at [./src/hotspot/share/prims/jni.cpp, line 615]
Event: 440.078 Thread 0x0000022aff588000 Exception <a 'sun/nio/fs/WindowsException'{0x000000008a6f9f88}> (0x000000008a6f9f88) thrown at [./src/hotspot/share/prims/jni.cpp, line 615]
Event: 440.088 Thread 0x0000022a935c3000 Exception <a 'sun/nio/fs/WindowsException'{0x000000008a49a890}> (0x000000008a49a890) thrown at [./src/hotspot/share/prims/jni.cpp, line 615]
Event: 440.255 Thread 0x0000022aff582800 Exception <a 'java/lang/NoSuchMethodError'{0x000000008d5a04a0}: 'int java.lang.invoke.DirectMethodHandle$Holder.invokeInterface(java.lang.Object, java.lang.Object, int)'> (0x000000008d5a04a0) thrown at [./src/hotspot/share/interpreter/linkResolver.cpp, line 773]
Event: 440.314 Thread 0x0000022aff588000 Exception <a 'sun/nio/fs/WindowsException'{0x000000008cadaab0}> (0x000000008cadaab0) thrown at [./src/hotspot/share/prims/jni.cpp, line 615]
Event: 440.364 Thread 0x0000022a935c3000 Exception <a 'sun/nio/fs/WindowsException'{0x000000008c16ea80}> (0x000000008c16ea80) thrown at [./src/hotspot/share/prims/jni.cpp, line 615]
Event: 440.764 Thread 0x0000022a935c3000 Exception <a 'sun/nio/fs/WindowsException'{0x000000008a2cf078}> (0x000000008a2cf078) thrown at [./src/hotspot/share/prims/jni.cpp, line 615]
Event: 441.054 Thread 0x0000022aff588000 Exception <a 'sun/nio/fs/WindowsException'{0x000000008c532770}> (0x000000008c532770) thrown at [./src/hotspot/share/prims/jni.cpp, line 615]
Event: 441.108 Thread 0x0000022aff584000 Exception <a 'sun/nio/fs/WindowsException'{0x000000008b788750}> (0x000000008b788750) thrown at [./src/hotspot/share/prims/jni.cpp, line 615]
Event: 441.223 Thread 0x0000022aff584000 Exception <a 'sun/nio/fs/WindowsException'{0x000000008a54ae70}> (0x000000008a54ae70) thrown at [./src/hotspot/share/prims/jni.cpp, line 615]
Event: 441.279 Thread 0x0000022aff588000 Exception <a 'sun/nio/fs/WindowsException'{0x00000000896ae9c8}> (0x00000000896ae9c8) thrown at [./src/hotspot/share/prims/jni.cpp, line 615]
Event: 441.527 Thread 0x0000022a935c3000 Exception <a 'sun/nio/fs/WindowsException'{0x000000008b45cce0}> (0x000000008b45cce0) thrown at [./src/hotspot/share/prims/jni.cpp, line 615]
Event: 441.944 Thread 0x0000022aff584000 Exception <a 'sun/nio/fs/WindowsException'{0x000000008c3cf620}> (0x000000008c3cf620) thrown at [./src/hotspot/share/prims/jni.cpp, line 615]
Event: 442.076 Thread 0x0000022aff588000 Exception <a 'sun/nio/fs/WindowsException'{0x000000008a616dc0}> (0x000000008a616dc0) thrown at [./src/hotspot/share/prims/jni.cpp, line 615]
Event: 442.111 Thread 0x0000022aff584000 Exception <a 'sun/nio/fs/WindowsException'{0x0000000089d841b0}> (0x0000000089d841b0) thrown at [./src/hotspot/share/prims/jni.cpp, line 615]
Event: 442.449 Thread 0x0000022aff588000 Exception <a 'sun/nio/fs/WindowsException'{0x0000000089ad2e30}> (0x0000000089ad2e30) thrown at [./src/hotspot/share/prims/jni.cpp, line 615]

Events (20 events):
Event: 441.893 loading class com/android/tools/r8/v/a/a/a/f/f$a
Event: 441.893 loading class com/android/tools/r8/v/a/a/a/f/f$a done
Event: 441.893 loading class com/android/tools/r8/v/a/a/a/f/r
Event: 441.893 loading class com/android/tools/r8/v/a/a/a/f/r done
Event: 441.894 loading class com/android/tools/r8/v/a/a/a/f/O$b
Event: 441.894 loading class com/android/tools/r8/v/a/a/a/f/O$b done
Event: 441.895 loading class com/android/tools/r8/v/a/a/a/h/P
Event: 441.895 loading class com/android/tools/r8/v/a/a/a/h/P done
Event: 441.895 loading class com/android/tools/r8/u/b/l
Event: 441.895 loading class com/android/tools/r8/u/b/l done
Event: 441.895 loading class com/android/tools/r8/v/a/a/a/h/P
Event: 441.895 loading class com/android/tools/r8/v/a/a/a/h/P done
Event: 441.895 loading class com/android/tools/r8/v/a/a/a/h/P
Event: 441.895 loading class com/android/tools/r8/v/a/a/a/h/P done
Event: 441.895 loading class com/android/tools/r8/v/a/a/a/h/P
Event: 441.895 loading class com/android/tools/r8/v/a/a/a/h/P done
Event: 442.157 Executing VM operation: G1CollectForAllocation
Event: 442.173 Executing VM operation: G1CollectForAllocation done
Event: 442.478 Executing VM operation: G1CollectForAllocation
Event: 442.486 Executing VM operation: G1CollectForAllocation done


Dynamic libraries:
0x00007ff7b5710000 - 0x00007ff7b571a000 	C:\Program Files\Android\Android Studio1\jre\bin\java.exe
0x00007ffb950f0000 - 0x00007ffb952e5000 	C:\WINDOWS\SYSTEM32\ntdll.dll
0x00007ffb94660000 - 0x00007ffb9471e000 	C:\WINDOWS\System32\KERNEL32.DLL
0x00007ffb92d60000 - 0x00007ffb93028000 	C:\WINDOWS\System32\KERNELBASE.dll
0x00007ffb92810000 - 0x00007ffb92910000 	C:\WINDOWS\System32\ucrtbase.dll
0x00007ffb778b0000 - 0x00007ffb778c9000 	C:\Program Files\Android\Android Studio1\jre\bin\jli.dll
0x00007ffb75540000 - 0x00007ffb75557000 	C:\Program Files\Android\Android Studio1\jre\bin\VCRUNTIME140.dll
0x00007ffb937e0000 - 0x00007ffb93980000 	C:\WINDOWS\System32\USER32.dll
0x00007ffb92910000 - 0x00007ffb92932000 	C:\WINDOWS\System32\win32u.dll
0x00007ffb93c40000 - 0x00007ffb93c6b000 	C:\WINDOWS\System32\GDI32.dll
0x00007ffb92bc0000 - 0x00007ffb92ccb000 	C:\WINDOWS\System32\gdi32full.dll
0x00007ffb92b20000 - 0x00007ffb92bbd000 	C:\WINDOWS\System32\msvcp_win.dll
0x00007ffb84bc0000 - 0x00007ffb84e5a000 	C:\WINDOWS\WinSxS\amd64_microsoft.windows.common-controls_6595b64144ccf1df_6.0.19041.1110_none_60b5254171f9507e\COMCTL32.dll
0x00007ffb93480000 - 0x00007ffb9351e000 	C:\WINDOWS\System32\msvcrt.dll
0x00007ffb94850000 - 0x00007ffb94880000 	C:\WINDOWS\System32\IMM32.DLL
0x00007ffb5e3a0000 - 0x00007ffb5e43d000 	C:\Program Files\Android\Android Studio1\jre\bin\msvcp140.dll
0x00007ffb310b0000 - 0x00007ffb31b85000 	C:\Program Files\Android\Android Studio1\jre\bin\server\jvm.dll
0x00007ffb93520000 - 0x00007ffb935ce000 	C:\WINDOWS\System32\ADVAPI32.dll
0x00007ffb931e0000 - 0x00007ffb9327c000 	C:\WINDOWS\System32\sechost.dll
0x00007ffb93a40000 - 0x00007ffb93b65000 	C:\WINDOWS\System32\RPCRT4.dll
0x00007ffb93a30000 - 0x00007ffb93a38000 	C:\WINDOWS\System32\PSAPI.DLL
0x00007ffb88210000 - 0x00007ffb88219000 	C:\WINDOWS\SYSTEM32\WSOCK32.dll
0x00007ffb7c530000 - 0x00007ffb7c557000 	C:\WINDOWS\SYSTEM32\WINMM.dll
0x00007ffb8c3f0000 - 0x00007ffb8c3fa000 	C:\WINDOWS\SYSTEM32\VERSION.dll
0x00007ffb93d70000 - 0x00007ffb93ddb000 	C:\WINDOWS\System32\WS2_32.dll
0x00007ffb90700000 - 0x00007ffb90712000 	C:\WINDOWS\SYSTEM32\kernel.appcore.dll
0x00007ffb5e440000 - 0x00007ffb5e451000 	C:\Program Files\Android\Android Studio1\jre\bin\verify.dll
0x00007ffb7d820000 - 0x00007ffb7da04000 	C:\WINDOWS\SYSTEM32\DBGHELP.DLL
0x00007ffb7d7f0000 - 0x00007ffb7d81c000 	C:\WINDOWS\SYSTEM32\dbgcore.DLL
0x00007ffb92cd0000 - 0x00007ffb92d52000 	C:\WINDOWS\System32\bcryptPrimitives.dll
0x00007ffb58a80000 - 0x00007ffb58aa9000 	C:\Program Files\Android\Android Studio1\jre\bin\java.dll
0x00007ffb8ec80000 - 0x00007ffb8ec8b000 	C:\Program Files\Android\Android Studio1\jre\bin\jimage.dll
0x00007ffb57770000 - 0x00007ffb57788000 	C:\Program Files\Android\Android Studio1\jre\bin\zip.dll
0x00007ffb93f10000 - 0x00007ffb94654000 	C:\WINDOWS\System32\SHELL32.dll
0x00007ffb90900000 - 0x00007ffb91094000 	C:\WINDOWS\SYSTEM32\windows.storage.dll
0x00007ffb94d50000 - 0x00007ffb950a4000 	C:\WINDOWS\System32\combase.dll
0x00007ffb92200000 - 0x00007ffb9222c000 	C:\WINDOWS\SYSTEM32\Wldp.dll
0x00007ffb93980000 - 0x00007ffb93a2d000 	C:\WINDOWS\System32\SHCORE.dll
0x00007ffb94720000 - 0x00007ffb94775000 	C:\WINDOWS\System32\shlwapi.dll
0x00007ffb92750000 - 0x00007ffb9276f000 	C:\WINDOWS\SYSTEM32\profapi.dll
0x00007ffb562e0000 - 0x00007ffb562fa000 	C:\Program Files\Android\Android Studio1\jre\bin\net.dll
0x00007ffb8a160000 - 0x00007ffb8a269000 	C:\WINDOWS\SYSTEM32\WINHTTP.dll
0x00007ffb91f60000 - 0x00007ffb91fca000 	C:\WINDOWS\system32\mswsock.dll
0x00007ffb51230000 - 0x00007ffb51244000 	C:\Program Files\Android\Android Studio1\jre\bin\nio.dll
0x00007ffb70360000 - 0x00007ffb70386000 	C:\Users\List\.gradle\native\30\windows-amd64\native-platform.dll
0x00007ffb8cd30000 - 0x00007ffb8cd3a000 	C:\Program Files\Android\Android Studio1\jre\bin\management.dll
0x00007ffb89dc0000 - 0x00007ffb89dcd000 	C:\Program Files\Android\Android Studio1\jre\bin\management_ext.dll
0x00007ffb92150000 - 0x00007ffb92168000 	C:\WINDOWS\SYSTEM32\CRYPTSP.dll
0x00007ffb918e0000 - 0x00007ffb91914000 	C:\WINDOWS\system32\rsaenh.dll
0x00007ffb92aa0000 - 0x00007ffb92ac7000 	C:\WINDOWS\System32\bcrypt.dll
0x00007ffb926d0000 - 0x00007ffb926fe000 	C:\WINDOWS\SYSTEM32\USERENV.dll
0x00007ffb92170000 - 0x00007ffb9217c000 	C:\WINDOWS\SYSTEM32\CRYPTBASE.dll
0x00007ffb91c50000 - 0x00007ffb91c8b000 	C:\WINDOWS\SYSTEM32\IPHLPAPI.DLL
0x00007ffb93d50000 - 0x00007ffb93d58000 	C:\WINDOWS\System32\NSI.dll
0x00007ffb8ca50000 - 0x00007ffb8ca67000 	C:\WINDOWS\SYSTEM32\dhcpcsvc6.DLL
0x00007ffb8cca0000 - 0x00007ffb8ccbd000 	C:\WINDOWS\SYSTEM32\dhcpcsvc.DLL
0x00007ffb91c90000 - 0x00007ffb91d5a000 	C:\WINDOWS\SYSTEM32\DNSAPI.dll

dbghelp: loaded successfully - version: 4.0.5 - missing functions: none
symbol engine: initialized successfully - sym options: 0x614 - pdb path: .;C:\Program Files\Android\Android Studio1\jre\bin;C:\WINDOWS\SYSTEM32;C:\WINDOWS\WinSxS\amd64_microsoft.windows.common-controls_6595b64144ccf1df_6.0.19041.1110_none_60b5254171f9507e;C:\Program Files\Android\Android Studio1\jre\bin\server;C:\Users\List\.gradle\native\30\windows-amd64

VM Arguments:
jvm_args: --add-opens=java.base/java.util=ALL-UNNAMED --add-opens=java.base/java.lang=ALL-UNNAMED --add-opens=java.base/java.lang.invoke=ALL-UNNAMED --add-opens=java.prefs/java.util.prefs=ALL-UNNAMED -Xmx2048m -Dfile.encoding=windows-1252 -Duser.country=US -Duser.language=en -Duser.variant 
java_command: org.gradle.launcher.daemon.bootstrap.GradleDaemon 5.6.4
java_class_path (initial): C:\Users\List\.gradle\wrapper\dists\gradle-5.6.4-all\ankdp27end7byghfw1q2sw75f\gradle-5.6.4\lib\gradle-launcher-5.6.4.jar
Launcher Type: SUN_STANDARD

[Global flags]
     intx CICompilerCount                          = 3                                         {product} {ergonomic}
     uint ConcGCThreads                            = 1                                         {product} {ergonomic}
     uint G1ConcRefinementThreads                  = 4                                         {product} {ergonomic}
   size_t G1HeapRegionSize                         = 1048576                                   {product} {ergonomic}
    uintx GCDrainStackTargetSize                   = 64                                        {product} {ergonomic}
   size_t InitialHeapSize                          = 132120576                                 {product} {ergonomic}
   size_t MarkStackSize                            = 4194304                                   {product} {ergonomic}
   size_t MaxHeapSize                              = 2147483648                                {product} {command line}
   size_t MaxNewSize                               = 1287651328                                {product} {ergonomic}
   size_t MinHeapDeltaBytes                        = 1048576                                   {product} {ergonomic}
    uintx NonNMethodCodeHeapSize                   = 5830732                                {pd product} {ergonomic}
    uintx NonProfiledCodeHeapSize                  = 122913754                              {pd product} {ergonomic}
    uintx ProfiledCodeHeapSize                     = 122913754                              {pd product} {ergonomic}
    uintx ReservedCodeCacheSize                    = 251658240                              {pd product} {ergonomic}
     bool SegmentedCodeCache                       = true                                      {product} {ergonomic}
     bool UseCompressedClassPointers               = true                                 {lp64_product} {ergonomic}
     bool UseCompressedOops                        = true                                 {lp64_product} {ergonomic}
     bool UseG1GC                                  = true                                      {product} {ergonomic}
     bool UseLargePagesIndividualAllocation        = false                                  {pd product} {ergonomic}

Logging:
Log output configuration:
 #0: stdout all=warning uptime,level,tags
 #1: stderr all=off uptime,level,tags

Environment Variables:
JAVA_HOME=C:\Program Files (x86)\Java\jdk1.8.0_121
CLASSPATH=E:\javadoc\programtest\
PATH=E:\Sourabh\Flutter\Dart SDK\bin;C:\Program Files (x86)\Common Files\Oracle\Java\javapath;C:\Program Files\Common Files\Oracle\Java\javapath;D:\oraclexe\app\oracle\product\11.2.0\server\bin;C:\ProgramData\Oracle\Java\javapath;D:\DevSuiteHome_1\jdk\jre\bin\classic;D:\DevSuiteHome_1\jdk\jre\bin;D:\DevSuiteHome_1\jdk\jre\bin\client;D:\DevSuiteHome_1\jlib;D:\DevSuiteHome_1\bin;D:\DevSuiteHome_1\jre\1.4.2\bin\client;D:\DevSuiteHome_1\jre\1.4.2\bin;D:\orant\bin;C:\Program Files (x86)\Intel\iCLS Client\;C:\Program Files\Intel\iCLS Client\;C:\WINDOWS\system32;C:\WINDOWS;C:\WINDOWS\System32\Wbem;C:\WINDOWS\System32\WindowsPowerShell\v1.0\;C:\Program Files (x86)\Intel\Intel(R) Management Engine Components\DAL;C:\Program Files\Intel\Intel(R) Management Engine Components\DAL;C:\Program Files (x86)\Intel\Intel(R) Management Engine Components\IPT;C:\Program Files\Intel\Intel(R) Management Engine Components\IPT;D:\orant\jdk\bin;C:\Program Files (x86)\Java\jdk1.8.0_121\bin;C:\Windows\System32\jnisgfplib.dll;C:\Windows\System32\jnisgnfiqlib.dll;C:\Windows\System32\jnisgwsqlib.dll;C:\Windows\System32\sgfpamx.dll;C:\Windows\System32\sgfplib.dll;C:\Windows\System32\sgnfiqlib.dll;C:\Windows\System32\sgwsqlib.dll;C:\WINDOWS\System32\OpenSSH\;D:\flutterdata\dartsdk-windows-x64-release\dart-sdk\bin;C:\Users\List\AppData\Roaming\Pub\Cache\bin;C:\Dart\dart-sdk\bin;C:\Program Files\TortoiseSVN\bin;C:\Program Files\Cloudflare\Cloudflare WARP;C:\Program Files\Git\cmd;C:\Program Files (x86)\Tesseract-OCR;;C:\Program Files (x86)\AOMEI\AOMEI Backupper\6.9.0;C:\Program Files (x86)\dotnet\;C:\Program Files\Cloudflare\Cloudflare WARP\;C:\Users\List\AppData\Local\Microsoft\WindowsApps;E:\Sourabh\Flutter\flutter_windows_2.8.1\flutter\bin;C:\Users\List\AppData\Local\Programs\Microsoft VS Code\bin;C:\Users\List\AppData\Local\Android\sdk\platform-tools;C:\Program Files (x86)\Sophos\Sophos SSL VPN Client\bin;C:\Users\List\AppData\Local\GitHubDesktop\bin
USERNAME=List
OS=Windows_NT
PROCESSOR_IDENTIFIER=Intel64 Family 6 Model 94 Stepping 3, GenuineIntel



---------------  S Y S T E M  ---------------

OS: Windows 10 , 64 bit Build 19041 (10.0.19041.1566)
OS uptime: 2 days 1:12 hours

CPU:total 4 (initial active 4) (2 cores per cpu, 2 threads per core) family 6 model 94 stepping 3 microcode 0xcc, cmov, cx8, fxsr, mmx, sse, sse2, sse3, ssse3, sse4.1, sse4.2, popcnt, avx, avx2, aes, clmul, erms, 3dnowpref, lzcnt, ht, tsc, tscinvbit, bmi1, bmi2, adx, fma

Memory: 4k page, system-wide physical 8058M (456M free)
TotalPageFile size 18058M (AvailPageFile size 6M)
current process WorkingSet (physical memory assigned to process): 544M, peak: 546M
current process commit charge ("private bytes"): 573M, peak: 574M

vm_info: OpenJDK 64-Bit Server VM (11.0.11+9-b60-7590822) for windows-amd64 JRE (11.0.11+9-b60-7590822), built on Jul 29 2021 21:43:44 by "builder" with MS VC++ 14.0 (VS2015)

END.
