#
# There is insufficient memory for the Java Runtime Environment to continue.
# Native memory allocation (mmap) failed to map 46137344 bytes for Failed to commit area from 0x000000008b700000 to 0x000000008e300000 of length 46137344.
# Possible reasons:
#   The system is out of physical RAM or swap space
#   The process is running with CompressedOops enabled, and the Java Heap may be blocking the growth of the native heap
# Possible solutions:
#   Reduce memory load on the system
#   Increase physical memory or swap space
#   Check if swap backing store is full
#   Decrease Java heap size (-Xmx/-Xms)
#   Decrease number of Java threads
#   Decrease Java thread stack sizes (-Xss)
#   Set larger code cache with -XX:ReservedCodeCacheSize=
#   JVM is running with Unscaled Compressed Oops mode in which the Java heap is
#     placed in the first 4GB address space. The Java Heap base address is the
#     maximum limit for the native heap growth. Please use -XX:HeapBaseMinAddress
#     to set the Java Heap base and to place the Java Heap above 4GB virtual address.
# This output file may be truncated or incomplete.
#
#  Out of Memory Error (./src/hotspot/os/windows/os_windows.cpp:3301), pid=14852, tid=16124
#
# JRE version: OpenJDK Runtime Environment (11.0.11+9) (build 11.0.11+9-b60-7590822)
# Java VM: OpenJDK 64-Bit Server VM (11.0.11+9-b60-7590822, mixed mode, tiered, compressed oops, g1 gc, windows-amd64)
# No core dump will be written. Minidumps are not enabled by default on client versions of Windows
#

---------------  S U M M A R Y ------------

Command Line: --add-opens=java.base/java.util=ALL-UNNAMED --add-opens=java.base/java.lang=ALL-UNNAMED --add-opens=java.base/java.lang.invoke=ALL-UNNAMED --add-opens=java.prefs/java.util.prefs=ALL-UNNAMED -Xmx2048m -Dfile.encoding=windows-1252 -Duser.country=US -Duser.language=en -Duser.variant org.gradle.launcher.daemon.bootstrap.GradleDaemon 5.6.4

Host: Intel(R) Core(TM) i3-6098P CPU @ 3.60GHz, 4 cores, 7G,  Windows 10 , 64 bit Build 19041 (10.0.19041.1566)
Time: Wed Apr  6 15:41:34 2022 India Standard Time elapsed time: 22.551553 seconds (0d 0h 0m 22s)

---------------  T H R E A D  ---------------

Current thread (0x000001ecc8a5d000):  VMThread "VM Thread" [stack: 0x000000cb79400000,0x000000cb79500000] [id=16124]

Stack: [0x000000cb79400000,0x000000cb79500000]
[error occurred during error reporting (printing stack bounds), id 0xc0000005, EXCEPTION_ACCESS_VIOLATION (0xc0000005) at pc=0x000001ecb2980f2d]

Native frames: (J=compiled Java code, j=interpreted, Vv=VM code, C=native code)
V  [jvm.dll+0x5f214a]
V  [jvm.dll+0x726fb5]
V  [jvm.dll+0x7285cd]
V  [jvm.dll+0x728be5]
V  [jvm.dll+0x728b9b]
V  [jvm.dll+0x5f14e8]
V  [jvm.dll+0x5f1c78]
C  [ntdll.dll+0xa20cf]
C  [ntdll.dll+0x51454]
C  [ntdll.dll+0xa0bfe]
C  0x000001ecb2980f2d

VM_Operation (0x000000cb7bff9ec0): G1CollectForAllocation, mode: safepoint, requested by thread 0x000001eccdb68000


---------------  P R O C E S S  ---------------

Threads class SMR info:
_java_thread_list=0x000001eccaf71b10, length=41, elements={
0x000001ecaee7d800, 0x000001ecc8a63000, 0x000001ecc8a64800, 0x000001ecc8a80800,
0x000001ecc8a82800, 0x000001ecc8a85000, 0x000001ecc8a8c000, 0x000001ecc8a8d800,
0x000001ecc8a8f800, 0x000001ecc9539000, 0x000001eccb4de800, 0x000001ecc97ac800,
0x000001ecca0c2000, 0x000001eccb8c2800, 0x000001eccacb1000, 0x000001eccbd26000,
0x000001ecca65f800, 0x000001eccb432000, 0x000001ecca9b7800, 0x000001eccb7f1000,
0x000001eccb7ec000, 0x000001eccb7ed800, 0x000001eccb7ed000, 0x000001eccb7ee800,
0x000001eccb7eb000, 0x000001eccb7f1800, 0x000001eccdb5e000, 0x000001eccdb64800,
0x000001eccdb64000, 0x000001eccdb63000, 0x000001eccdb5f000, 0x000001eccdb62000,
0x000001eccdb65800, 0x000001eccdb60000, 0x000001eccdb66800, 0x000001eccdb60800,
0x000001eccdb61800, 0x000001eccdb6b000, 0x000001eccdb68000, 0x000001eccdb68800,
0x000001ecc9750800
}

Java Threads: ( => current thread )
  0x000001ecaee7d800 JavaThread "main" [_thread_blocked, id=15364, stack(0x000000cb78e00000,0x000000cb78f00000)]
  0x000001ecc8a63000 JavaThread "Reference Handler" daemon [_thread_blocked, id=9148, stack(0x000000cb79500000,0x000000cb79600000)]
  0x000001ecc8a64800 JavaThread "Finalizer" daemon [_thread_blocked, id=296, stack(0x000000cb79600000,0x000000cb79700000)]
  0x000001ecc8a80800 JavaThread "Signal Dispatcher" daemon [_thread_blocked, id=920, stack(0x000000cb79700000,0x000000cb79800000)]
  0x000001ecc8a82800 JavaThread "Attach Listener" daemon [_thread_blocked, id=8244, stack(0x000000cb79800000,0x000000cb79900000)]
  0x000001ecc8a85000 JavaThread "Service Thread" daemon [_thread_blocked, id=11904, stack(0x000000cb79900000,0x000000cb79a00000)]
  0x000001ecc8a8c000 JavaThread "C2 CompilerThread0" daemon [_thread_blocked, id=2516, stack(0x000000cb79a00000,0x000000cb79b00000)]
  0x000001ecc8a8d800 JavaThread "C1 CompilerThread0" daemon [_thread_blocked, id=8420, stack(0x000000cb79b00000,0x000000cb79c00000)]
  0x000001ecc8a8f800 JavaThread "Sweeper thread" daemon [_thread_blocked, id=7164, stack(0x000000cb79c00000,0x000000cb79d00000)]
  0x000001ecc9539000 JavaThread "Common-Cleaner" daemon [_thread_blocked, id=2432, stack(0x000000cb79d00000,0x000000cb79e00000)]
  0x000001eccb4de800 JavaThread "Daemon health stats" [_thread_blocked, id=6476, stack(0x000000cb7a200000,0x000000cb7a300000)]
  0x000001ecc97ac800 JavaThread "Incoming local TCP Connector on port 51649" [_thread_in_native, id=15772, stack(0x000000cb79f00000,0x000000cb7a000000)]
  0x000001ecca0c2000 JavaThread "Daemon periodic checks" [_thread_blocked, id=3080, stack(0x000000cb7a300000,0x000000cb7a400000)]
  0x000001eccb8c2800 JavaThread "Daemon" [_thread_blocked, id=11348, stack(0x000000cb7a400000,0x000000cb7a500000)]
  0x000001eccacb1000 JavaThread "Handler for socket connection from /127.0.0.1:51649 to /127.0.0.1:51650" [_thread_in_native, id=7008, stack(0x000000cb7a500000,0x000000cb7a600000)]
  0x000001eccbd26000 JavaThread "Cancel handler" [_thread_blocked, id=7124, stack(0x000000cb7a600000,0x000000cb7a700000)]
  0x000001ecca65f800 JavaThread "Daemon worker" [_thread_blocked, id=5896, stack(0x000000cb7a700000,0x000000cb7a800000)]
  0x000001eccb432000 JavaThread "Asynchronous log dispatcher for DefaultDaemonConnection: socket connection from /127.0.0.1:51649 to /127.0.0.1:51650" [_thread_blocked, id=2996, stack(0x000000cb7a800000,0x000000cb7a900000)]
  0x000001ecca9b7800 JavaThread "Stdin handler" [_thread_blocked, id=14580, stack(0x000000cb7a900000,0x000000cb7aa00000)]
  0x000001eccb7f1000 JavaThread "Thread-8" [_thread_blocked, id=10272, stack(0x000000cb7aa00000,0x000000cb7ab00000)]
  0x000001eccb7ec000 JavaThread "Cache worker for file hash cache (C:\Users\List\.gradle\caches\5.6.4\fileHashes)" [_thread_blocked, id=2520, stack(0x000000cb7ab00000,0x000000cb7ac00000)]
  0x000001eccb7ed800 JavaThread "File lock request listener" [_thread_in_native, id=11224, stack(0x000000cb7ad00000,0x000000cb7ae00000)]
  0x000001eccb7ed000 JavaThread "Cache worker for journal cache (C:\Users\List\.gradle\caches\journal-1)" [_thread_blocked, id=8736, stack(0x000000cb7ae00000,0x000000cb7af00000)]
  0x000001eccb7ee800 JavaThread "Cache worker for file hash cache (E:\Sourabh\Android Projects\MBS\MBS_Jankalyan\.gradle\5.6.4\fileHashes)" [_thread_blocked, id=2924, stack(0x000000cb7b000000,0x000000cb7b100000)]
  0x000001eccb7eb000 JavaThread "Cache worker for cache directory md-supplier (C:\Users\List\.gradle\caches\5.6.4\md-supplier)" [_thread_blocked, id=10460, stack(0x000000cb7b100000,0x000000cb7b200000)]
  0x000001eccb7f1800 JavaThread "Cache worker for cache directory md-rule (C:\Users\List\.gradle\caches\5.6.4\md-rule)" [_thread_blocked, id=1908, stack(0x000000cb7b200000,0x000000cb7b300000)]
  0x000001eccdb5e000 JavaThread "Cache worker for execution history cache (C:\Users\List\.gradle\caches\5.6.4\executionHistory)" [_thread_blocked, id=1948, stack(0x000000cb7b300000,0x000000cb7b400000)]
  0x000001eccdb64800 JavaThread "Build operations" [_thread_blocked, id=10336, stack(0x000000cb7b400000,0x000000cb7b500000)]
  0x000001eccdb64000 JavaThread "Build operations Thread 2" [_thread_blocked, id=8416, stack(0x000000cb7b500000,0x000000cb7b600000)]
  0x000001eccdb63000 JavaThread "Build operations Thread 3" [_thread_blocked, id=16264, stack(0x000000cb7b600000,0x000000cb7b700000)]
  0x000001eccdb5f000 JavaThread "Build operations Thread 4" [_thread_blocked, id=9224, stack(0x000000cb7b700000,0x000000cb7b800000)]
  0x000001eccdb62000 JavaThread "pool-1-thread-1" [_thread_blocked, id=9068, stack(0x000000cb7b800000,0x000000cb7b900000)]
  0x000001eccdb65800 JavaThread "Cache worker for Build Output Cleanup Cache (E:\Sourabh\Android Projects\MBS\MBS_Jankalyan\.gradle\buildOutputCleanup)" [_thread_blocked, id=15596, stack(0x000000cb7b900000,0x000000cb7ba00000)]
  0x000001eccdb60000 JavaThread "Memory manager" [_thread_blocked, id=14344, stack(0x000000cb7ba00000,0x000000cb7bb00000)]
  0x000001eccdb66800 JavaThread "Cache worker for file content cache (C:\Users\List\.gradle\caches\5.6.4\fileContent)" [_thread_blocked, id=5796, stack(0x000000cb7bb00000,0x000000cb7bc00000)]
  0x000001eccdb60800 JavaThread "Cache worker for file content cache (E:\Sourabh\Android Projects\MBS\MBS_Jankalyan\.gradle\5.6.4\fileContent)" [_thread_blocked, id=8348, stack(0x000000cb7bc00000,0x000000cb7bd00000)]
  0x000001eccdb61800 JavaThread "Execution worker for ':'" [_thread_blocked, id=14560, stack(0x000000cb7bd00000,0x000000cb7be00000)]
  0x000001eccdb6b000 JavaThread "Execution worker for ':' Thread 2" [_thread_blocked, id=4828, stack(0x000000cb7be00000,0x000000cb7bf00000)]
  0x000001eccdb68000 JavaThread "Execution worker for ':' Thread 3" [_thread_blocked, id=9724, stack(0x000000cb7bf00000,0x000000cb7c000000)]
  0x000001eccdb68800 JavaThread "Cache worker for execution history cache (E:\Sourabh\Android Projects\MBS\MBS_Jankalyan\.gradle\5.6.4\executionHistory)" [_thread_blocked, id=11040, stack(0x000000cb7c000000,0x000000cb7c100000)]
  0x000001ecc9750800 JavaThread "C2 CompilerThread1" daemon [_thread_blocked, id=15384, stack(0x000000cb7af00000,0x000000cb7b000000)]

Other Threads:
=>0x000001ecc8a5d000 VMThread "VM Thread" [stack: 0x000000cb79400000,0x000000cb79500000] [id=16124]
  0x000001ecc955c000 WatcherThread [stack: 0x000000cb79e00000,0x000000cb79f00000] [id=8284]
  0x000001ecaee98800 GCTaskThread "GC Thread#0" [stack: 0x000000cb78f00000,0x000000cb79000000] [id=3288]
  0x000001ecca005000 GCTaskThread "GC Thread#1" [stack: 0x000000cb7a000000,0x000000cb7a100000] [id=5084]
  0x000001ecc9de1800 GCTaskThread "GC Thread#2" [stack: 0x000000cb7a100000,0x000000cb7a200000] [id=9844]
  0x000001eccb51d800 GCTaskThread "GC Thread#3" [stack: 0x000000cb7ac00000,0x000000cb7ad00000] [id=6256]
  0x000001ecaeec9800 ConcurrentGCThread "G1 Main Marker" [stack: 0x000000cb79000000,0x000000cb79100000] [id=12448]
  0x000001ecaeecc000 ConcurrentGCThread "G1 Conc#0" [stack: 0x000000cb79100000,0x000000cb79200000] [id=15260]
  0x000001ecaef58000 ConcurrentGCThread "G1 Refine#0" [stack: 0x000000cb79200000,0x000000cb79300000] [id=13068]
  0x000001ecaef59000 ConcurrentGCThread "G1 Young RemSet Sampling" [stack: 0x000000cb79300000,0x000000cb79400000] [id=2428]

Threads with active compile tasks:
C2 CompilerThread0  22590 11689       4       com.android.tools.r8.ir.optimize.k::a (389 bytes)
C2 CompilerThread1  22590 12011       4       com.android.tools.r8.u.c.o::a (1157 bytes)

VM state:at safepoint (normal execution)

VM Mutex/Monitor currently owned by a thread:  ([mutex/lock_event])
[0x000001ecaee7cc30] Threads_lock - owner thread: 0x000001ecc8a5d000
[0x000001ecaee7c060] Heap_lock - owner thread: 0x000001eccdb68000

Heap address: 0x0000000080000000, size: 2048 MB, Compressed Oops mode: 32-bit
Narrow klass base: 0x0000000000000000, Narrow klass shift: 3
Compressed class space size: 1073741824 Address: 0x0000000100000000

Heap:
 garbage-first heap   total 232448K, used 97505K [0x0000000080000000, 0x0000000100000000)
  region size 1024K, 3 young (3072K), 3 survivors (3072K)
 Metaspace       used 79470K, capacity 81358K, committed 82040K, reserved 1120256K
  class space    used 10167K, capacity 10852K, committed 11128K, reserved 1048576K
Heap Regions: E=young(eden), S=young(survivor), O=old, HS=humongous(starts), HC=humongous(continues), CS=collection set, F=free, A=archive, TAMS=top-at-mark-start (previous, next)
|   0|0x0000000080000000, 0x0000000080100000, 0x0000000080100000|100%| O|  |TAMS 0x0000000080100000, 0x0000000080000000| Untracked 
|   1|0x0000000080100000, 0x0000000080200000, 0x0000000080200000|100%| O|  |TAMS 0x0000000080200000, 0x0000000080100000| Untracked 
|   2|0x0000000080200000, 0x0000000080300000, 0x0000000080300000|100%| O|  |TAMS 0x0000000080300000, 0x0000000080200000| Untracked 
|   3|0x0000000080300000, 0x0000000080400000, 0x0000000080400000|100%|HS|  |TAMS 0x0000000080400000, 0x0000000080300000| Complete 
|   4|0x0000000080400000, 0x0000000080500000, 0x0000000080500000|100%|HC|  |TAMS 0x0000000080500000, 0x0000000080400000| Complete 
|   5|0x0000000080500000, 0x0000000080600000, 0x0000000080600000|100%|HC|  |TAMS 0x0000000080600000, 0x0000000080500000| Complete 
|   6|0x0000000080600000, 0x0000000080700000, 0x0000000080700000|100%| O|  |TAMS 0x0000000080700000, 0x0000000080600000| Complete 
|   7|0x0000000080700000, 0x0000000080800000, 0x0000000080800000|100%| O|  |TAMS 0x0000000080800000, 0x0000000080700000| Untracked 
|   8|0x0000000080800000, 0x0000000080900000, 0x0000000080900000|100%| O|  |TAMS 0x0000000080900000, 0x0000000080800000| Untracked 
|   9|0x0000000080900000, 0x0000000080a00000, 0x0000000080a00000|100%| O|  |TAMS 0x0000000080a00000, 0x0000000080900000| Untracked 
|  10|0x0000000080a00000, 0x0000000080b00000, 0x0000000080b00000|100%| O|  |TAMS 0x0000000080b00000, 0x0000000080a00000| Untracked 
|  11|0x0000000080b00000, 0x0000000080c00000, 0x0000000080c00000|100%| O|  |TAMS 0x0000000080c00000, 0x0000000080b00000| Complete 
|  12|0x0000000080c00000, 0x0000000080d00000, 0x0000000080d00000|100%| O|  |TAMS 0x0000000080d00000, 0x0000000080c00000| Untracked 
|  13|0x0000000080d00000, 0x0000000080e00000, 0x0000000080e00000|100%|HS|  |TAMS 0x0000000080e00000, 0x0000000080d00000| Complete 
|  14|0x0000000080e00000, 0x0000000080f00000, 0x0000000080f00000|100%|HC|  |TAMS 0x0000000080f00000, 0x0000000080e00000| Complete 
|  15|0x0000000080f00000, 0x0000000081000000, 0x0000000081000000|100%|HS|  |TAMS 0x0000000081000000, 0x0000000080f00000| Complete 
|  16|0x0000000081000000, 0x0000000081100000, 0x0000000081100000|100%|HC|  |TAMS 0x0000000081100000, 0x0000000081000000| Complete 
|  17|0x0000000081100000, 0x0000000081200000, 0x0000000081200000|100%|HC|  |TAMS 0x0000000081200000, 0x0000000081100000| Complete 
|  18|0x0000000081200000, 0x0000000081300000, 0x0000000081300000|100%|HS|  |TAMS 0x0000000081300000, 0x0000000081200000| Complete 
|  19|0x0000000081300000, 0x0000000081400000, 0x0000000081400000|100%|HC|  |TAMS 0x0000000081400000, 0x0000000081300000| Complete 
|  20|0x0000000081400000, 0x0000000081500000, 0x0000000081500000|100%|HC|  |TAMS 0x0000000081500000, 0x0000000081400000| Complete 
|  21|0x0000000081500000, 0x0000000081600000, 0x0000000081600000|100%|HC|  |TAMS 0x0000000081600000, 0x0000000081500000| Complete 
|  22|0x0000000081600000, 0x0000000081700000, 0x0000000081700000|100%| O|  |TAMS 0x0000000081700000, 0x0000000081600000| Complete 
|  23|0x0000000081700000, 0x0000000081800000, 0x0000000081800000|100%|HS|  |TAMS 0x0000000081800000, 0x0000000081700000| Complete 
|  24|0x0000000081800000, 0x0000000081900000, 0x0000000081900000|100%|HC|  |TAMS 0x0000000081900000, 0x0000000081800000| Complete 
|  25|0x0000000081900000, 0x0000000081a00000, 0x0000000081a00000|100%| O|  |TAMS 0x0000000081a00000, 0x0000000081900000| Untracked 
|  26|0x0000000081a00000, 0x0000000081b00000, 0x0000000081b00000|100%| O|  |TAMS 0x0000000081b00000, 0x0000000081a00000| Untracked 
|  27|0x0000000081b00000, 0x0000000081c00000, 0x0000000081c00000|100%| O|  |TAMS 0x0000000081c00000, 0x0000000081b00000| Untracked 
|  28|0x0000000081c00000, 0x0000000081d00000, 0x0000000081d00000|100%| O|  |TAMS 0x0000000081d00000, 0x0000000081c00000| Untracked 
|  29|0x0000000081d00000, 0x0000000081e00000, 0x0000000081e00000|100%| O|  |TAMS 0x0000000081e00000, 0x0000000081d00000| Untracked 
|  30|0x0000000081e00000, 0x0000000081f00000, 0x0000000081f00000|100%| O|  |TAMS 0x0000000081f00000, 0x0000000081e00000| Untracked 
|  31|0x0000000081f00000, 0x0000000082000000, 0x0000000082000000|100%| O|  |TAMS 0x0000000082000000, 0x0000000081f00000| Untracked 
|  32|0x0000000082000000, 0x0000000082100000, 0x0000000082100000|100%| O|  |TAMS 0x0000000082100000, 0x0000000082000000| Complete 
|  33|0x0000000082100000, 0x0000000082200000, 0x0000000082200000|100%| O|  |TAMS 0x0000000082200000, 0x0000000082100000| Untracked 
|  34|0x0000000082200000, 0x0000000082300000, 0x0000000082300000|100%| O|  |TAMS 0x0000000082300000, 0x0000000082200000| Untracked 
|  35|0x0000000082300000, 0x0000000082400000, 0x0000000082400000|100%| O|  |TAMS 0x0000000082400000, 0x0000000082300000| Untracked 
|  36|0x0000000082400000, 0x0000000082500000, 0x0000000082500000|100%| O|  |TAMS 0x0000000082500000, 0x0000000082400000| Untracked 
|  37|0x0000000082500000, 0x0000000082600000, 0x0000000082600000|100%| O|  |TAMS 0x0000000082600000, 0x0000000082500000| Untracked 
|  38|0x0000000082600000, 0x0000000082700000, 0x0000000082700000|100%| O|  |TAMS 0x0000000082700000, 0x0000000082600000| Untracked 
|  39|0x0000000082700000, 0x0000000082800000, 0x0000000082800000|100%| O|  |TAMS 0x0000000082800000, 0x0000000082700000| Untracked 
|  40|0x0000000082800000, 0x0000000082900000, 0x0000000082900000|100%| O|  |TAMS 0x0000000082900000, 0x0000000082800000| Untracked 
|  41|0x0000000082900000, 0x0000000082a00000, 0x0000000082a00000|100%| O|  |TAMS 0x0000000082a00000, 0x0000000082900000| Untracked 
|  42|0x0000000082a00000, 0x0000000082b00000, 0x0000000082b00000|100%| O|  |TAMS 0x0000000082b00000, 0x0000000082a00000| Untracked 
|  43|0x0000000082b00000, 0x0000000082c00000, 0x0000000082c00000|100%| O|  |TAMS 0x0000000082c00000, 0x0000000082b00000| Untracked 
|  44|0x0000000082c00000, 0x0000000082d00000, 0x0000000082d00000|100%| O|  |TAMS 0x0000000082d00000, 0x0000000082c00000| Untracked 
|  45|0x0000000082d00000, 0x0000000082e00000, 0x0000000082e00000|100%| O|  |TAMS 0x0000000082e00000, 0x0000000082d00000| Untracked 
|  46|0x0000000082e00000, 0x0000000082f00000, 0x0000000082f00000|100%| O|  |TAMS 0x0000000082f00000, 0x0000000082e00000| Complete 
|  47|0x0000000082f00000, 0x0000000083000000, 0x0000000083000000|100%| O|  |TAMS 0x0000000083000000, 0x0000000082f00000| Untracked 
|  48|0x0000000083000000, 0x0000000083100000, 0x0000000083100000|100%| O|  |TAMS 0x0000000083100000, 0x0000000083000000| Complete 
|  49|0x0000000083100000, 0x0000000083200000, 0x0000000083200000|100%| O|  |TAMS 0x0000000083200000, 0x0000000083100000| Untracked 
|  50|0x0000000083200000, 0x0000000083300000, 0x0000000083300000|100%| O|  |TAMS 0x0000000083300000, 0x0000000083200000| Untracked 
|  51|0x0000000083300000, 0x0000000083400000, 0x0000000083400000|100%| O|  |TAMS 0x0000000083400000, 0x0000000083300000| Untracked 
|  52|0x0000000083400000, 0x0000000083500000, 0x0000000083500000|100%| O|  |TAMS 0x0000000083500000, 0x0000000083400000| Untracked 
|  53|0x0000000083500000, 0x0000000083600000, 0x0000000083600000|100%| O|  |TAMS 0x0000000083600000, 0x0000000083500000| Complete 
|  54|0x0000000083600000, 0x0000000083700000, 0x0000000083700000|100%| O|  |TAMS 0x0000000083700000, 0x0000000083600000| Untracked 
|  55|0x0000000083700000, 0x0000000083800000, 0x0000000083800000|100%| O|  |TAMS 0x0000000083800000, 0x0000000083700000| Untracked 
|  56|0x0000000083800000, 0x0000000083900000, 0x0000000083900000|100%| O|  |TAMS 0x0000000083900000, 0x0000000083800000| Untracked 
|  57|0x0000000083900000, 0x0000000083a00000, 0x0000000083a00000|100%| O|  |TAMS 0x0000000083a00000, 0x0000000083900000| Untracked 
|  58|0x0000000083a00000, 0x0000000083b00000, 0x0000000083b00000|100%| O|  |TAMS 0x0000000083b00000, 0x0000000083a00000| Untracked 
|  59|0x0000000083b00000, 0x0000000083c00000, 0x0000000083c00000|100%| O|  |TAMS 0x0000000083c00000, 0x0000000083b00000| Untracked 
|  60|0x0000000083c00000, 0x0000000083d00000, 0x0000000083d00000|100%| O|  |TAMS 0x0000000083d00000, 0x0000000083c00000| Untracked 
|  61|0x0000000083d00000, 0x0000000083e00000, 0x0000000083e00000|100%| O|  |TAMS 0x0000000083e00000, 0x0000000083d00000| Untracked 
|  62|0x0000000083e00000, 0x0000000083f00000, 0x0000000083f00000|100%| O|  |TAMS 0x0000000083f00000, 0x0000000083e00000| Untracked 
|  63|0x0000000083f00000, 0x0000000084000000, 0x0000000084000000|100%| O|  |TAMS 0x0000000084000000, 0x0000000083f00000| Complete 
|  64|0x0000000084000000, 0x0000000084100000, 0x0000000084100000|100%| O|  |TAMS 0x0000000084100000, 0x0000000084000000| Untracked 
|  65|0x0000000084100000, 0x0000000084200000, 0x0000000084200000|100%| O|  |TAMS 0x0000000084200000, 0x0000000084100000| Untracked 
|  66|0x0000000084200000, 0x0000000084300000, 0x0000000084300000|100%| O|  |TAMS 0x0000000084300000, 0x0000000084200000| Untracked 
|  67|0x0000000084300000, 0x0000000084400000, 0x0000000084400000|100%| O|  |TAMS 0x0000000084400000, 0x0000000084300000| Untracked 
|  68|0x0000000084400000, 0x0000000084500000, 0x0000000084500000|100%| O|  |TAMS 0x0000000084500000, 0x0000000084400000| Untracked 
|  69|0x0000000084500000, 0x0000000084600000, 0x0000000084600000|100%| O|  |TAMS 0x0000000084600000, 0x0000000084500000| Complete 
|  70|0x0000000084600000, 0x0000000084700000, 0x0000000084700000|100%| O|  |TAMS 0x0000000084700000, 0x0000000084600000| Complete 
|  71|0x0000000084700000, 0x0000000084800000, 0x0000000084800000|100%| O|  |TAMS 0x0000000084800000, 0x0000000084700000| Complete 
|  72|0x0000000084800000, 0x0000000084900000, 0x0000000084900000|100%| O|  |TAMS 0x0000000084900000, 0x0000000084800000| Complete 
|  73|0x0000000084900000, 0x0000000084a00000, 0x0000000084a00000|100%| O|  |TAMS 0x0000000084a00000, 0x0000000084900000| Untracked 
|  74|0x0000000084a00000, 0x0000000084b00000, 0x0000000084b00000|100%| O|  |TAMS 0x0000000084b00000, 0x0000000084a00000| Untracked 
|  75|0x0000000084b00000, 0x0000000084c00000, 0x0000000084c00000|100%| O|  |TAMS 0x0000000084c00000, 0x0000000084b00000| Untracked 
|  76|0x0000000084c00000, 0x0000000084d00000, 0x0000000084d00000|100%| O|  |TAMS 0x0000000084d00000, 0x0000000084c00000| Complete 
|  77|0x0000000084d00000, 0x0000000084e00000, 0x0000000084e00000|100%| O|  |TAMS 0x0000000084e00000, 0x0000000084d00000| Complete 
|  78|0x0000000084e00000, 0x0000000084f00000, 0x0000000084f00000|100%| O|  |TAMS 0x0000000084f00000, 0x0000000084e00000| Complete 
|  79|0x0000000084f00000, 0x0000000085000000, 0x0000000085000000|100%| O|  |TAMS 0x0000000085000000, 0x0000000084f00000| Complete 
|  80|0x0000000085000000, 0x0000000085100000, 0x0000000085100000|100%| O|  |TAMS 0x0000000085100000, 0x0000000085000000| Complete 
|  81|0x0000000085100000, 0x0000000085200000, 0x0000000085200000|100%| O|  |TAMS 0x0000000085200000, 0x0000000085100000| Complete 
|  82|0x0000000085200000, 0x0000000085300000, 0x0000000085300000|100%| O|  |TAMS 0x0000000085300000, 0x0000000085200000| Complete 
|  83|0x0000000085300000, 0x0000000085400000, 0x0000000085400000|100%| O|  |TAMS 0x0000000085400000, 0x0000000085300000| Complete 
|  84|0x0000000085400000, 0x0000000085500000, 0x0000000085500000|100%| O|  |TAMS 0x0000000085500000, 0x0000000085400000| Complete 
|  85|0x0000000085500000, 0x0000000085600000, 0x0000000085600000|100%| O|  |TAMS 0x0000000085600000, 0x0000000085500000| Complete 
|  86|0x0000000085600000, 0x0000000085700000, 0x0000000085700000|100%| O|  |TAMS 0x0000000085700000, 0x0000000085600000| Complete 
|  87|0x0000000085700000, 0x0000000085800000, 0x0000000085800000|100%| O|  |TAMS 0x0000000085800000, 0x0000000085700000| Untracked 
|  88|0x0000000085800000, 0x0000000085900000, 0x0000000085900000|100%| O|  |TAMS 0x0000000085900000, 0x0000000085800000| Complete 
|  89|0x0000000085900000, 0x0000000085a00000, 0x0000000085a00000|100%| O|  |TAMS 0x0000000085a00000, 0x0000000085900000| Complete 
|  90|0x0000000085a00000, 0x0000000085b00000, 0x0000000085b00000|100%| O|  |TAMS 0x0000000085b00000, 0x0000000085a00000| Complete 
|  91|0x0000000085b00000, 0x0000000085c00000, 0x0000000085c00000|100%| O|  |TAMS 0x0000000085c00000, 0x0000000085b00000| Complete 
|  92|0x0000000085c00000, 0x0000000085ccd000, 0x0000000085d00000| 80%| O|  |TAMS 0x0000000085ccd000, 0x0000000085c00000| Untracked 
|  93|0x0000000085d00000, 0x0000000085d00000, 0x0000000085e00000|  0%| F|  |TAMS 0x0000000085d00000, 0x0000000085d00000| Untracked 
|  94|0x0000000085e00000, 0x0000000085e00000, 0x0000000085f00000|  0%| F|  |TAMS 0x0000000085e00000, 0x0000000085e00000| Untracked 
|  95|0x0000000085f00000, 0x0000000085f00000, 0x0000000086000000|  0%| F|  |TAMS 0x0000000085f00000, 0x0000000085f00000| Untracked 
|  96|0x0000000086000000, 0x0000000086000000, 0x0000000086100000|  0%| F|  |TAMS 0x0000000086000000, 0x0000000086000000| Untracked 
|  97|0x0000000086100000, 0x0000000086100000, 0x0000000086200000|  0%| F|  |TAMS 0x0000000086100000, 0x0000000086100000| Untracked 
|  98|0x0000000086200000, 0x0000000086200000, 0x0000000086300000|  0%| F|  |TAMS 0x0000000086200000, 0x0000000086200000| Untracked 
|  99|0x0000000086300000, 0x0000000086300000, 0x0000000086400000|  0%| F|  |TAMS 0x0000000086300000, 0x0000000086300000| Untracked 
| 100|0x0000000086400000, 0x0000000086400000, 0x0000000086500000|  0%| F|  |TAMS 0x0000000086400000, 0x0000000086400000| Untracked 
| 101|0x0000000086500000, 0x0000000086500000, 0x0000000086600000|  0%| F|  |TAMS 0x0000000086500000, 0x0000000086500000| Untracked 
| 102|0x0000000086600000, 0x0000000086600000, 0x0000000086700000|  0%| F|  |TAMS 0x0000000086600000, 0x0000000086600000| Untracked 
| 103|0x0000000086700000, 0x0000000086700000, 0x0000000086800000|  0%| F|  |TAMS 0x0000000086700000, 0x0000000086700000| Untracked 
| 104|0x0000000086800000, 0x0000000086800000, 0x0000000086900000|  0%| F|  |TAMS 0x0000000086800000, 0x0000000086800000| Untracked 
| 105|0x0000000086900000, 0x0000000086900000, 0x0000000086a00000|  0%| F|  |TAMS 0x0000000086900000, 0x0000000086900000| Untracked 
| 106|0x0000000086a00000, 0x0000000086a00000, 0x0000000086b00000|  0%| F|  |TAMS 0x0000000086a00000, 0x0000000086a00000| Untracked 
| 107|0x0000000086b00000, 0x0000000086b00000, 0x0000000086c00000|  0%| F|  |TAMS 0x0000000086b00000, 0x0000000086b00000| Untracked 
| 108|0x0000000086c00000, 0x0000000086c00000, 0x0000000086d00000|  0%| F|  |TAMS 0x0000000086c00000, 0x0000000086c00000| Untracked 
| 109|0x0000000086d00000, 0x0000000086d00000, 0x0000000086e00000|  0%| F|  |TAMS 0x0000000086d00000, 0x0000000086d00000| Untracked 
| 110|0x0000000086e00000, 0x0000000086e00000, 0x0000000086f00000|  0%| F|  |TAMS 0x0000000086e00000, 0x0000000086e00000| Untracked 
| 111|0x0000000086f00000, 0x0000000086f00000, 0x0000000087000000|  0%| F|  |TAMS 0x0000000086f00000, 0x0000000086f00000| Untracked 
| 112|0x0000000087000000, 0x0000000087000000, 0x0000000087100000|  0%| F|  |TAMS 0x0000000087000000, 0x0000000087000000| Untracked 
| 113|0x0000000087100000, 0x0000000087100000, 0x0000000087200000|  0%| F|  |TAMS 0x0000000087100000, 0x0000000087100000| Untracked 
| 114|0x0000000087200000, 0x0000000087200000, 0x0000000087300000|  0%| F|  |TAMS 0x0000000087200000, 0x0000000087200000| Untracked 
| 115|0x0000000087300000, 0x0000000087300000, 0x0000000087400000|  0%| F|  |TAMS 0x0000000087300000, 0x0000000087300000| Untracked 
| 116|0x0000000087400000, 0x000000008746b400, 0x0000000087500000| 41%| S|CS|TAMS 0x0000000087400000, 0x0000000087400000| Complete 
| 117|0x0000000087500000, 0x0000000087500000, 0x0000000087600000|  0%| F|  |TAMS 0x0000000087500000, 0x0000000087500000| Untracked 
| 118|0x0000000087600000, 0x0000000087600000, 0x0000000087700000|  0%| F|  |TAMS 0x0000000087600000, 0x0000000087600000| Untracked 
| 119|0x0000000087700000, 0x0000000087700000, 0x0000000087800000|  0%| F|  |TAMS 0x0000000087700000, 0x0000000087700000| Untracked 
| 120|0x0000000087800000, 0x0000000087900000, 0x0000000087900000|100%| S|CS|TAMS 0x0000000087800000, 0x0000000087800000| Complete 
| 121|0x0000000087900000, 0x0000000087a00000, 0x0000000087a00000|100%| S|CS|TAMS 0x0000000087900000, 0x0000000087900000| Complete 
| 122|0x0000000087a00000, 0x0000000087a00000, 0x0000000087b00000|  0%| F|  |TAMS 0x0000000087a00000, 0x0000000087a00000| Untracked 
| 123|0x0000000087b00000, 0x0000000087b00000, 0x0000000087c00000|  0%| F|  |TAMS 0x0000000087b00000, 0x0000000087b00000| Untracked 
| 124|0x0000000087c00000, 0x0000000087c00000, 0x0000000087d00000|  0%| F|  |TAMS 0x0000000087c00000, 0x0000000087c00000| Untracked 
| 125|0x0000000087d00000, 0x0000000087d00000, 0x0000000087e00000|  0%| F|  |TAMS 0x0000000087d00000, 0x0000000087d00000| Untracked 
| 126|0x0000000087e00000, 0x0000000087e00000, 0x0000000087f00000|  0%| F|  |TAMS 0x0000000087e00000, 0x0000000087e00000| Untracked 
| 127|0x0000000087f00000, 0x0000000087f00000, 0x0000000088000000|  0%| F|  |TAMS 0x0000000087f00000, 0x0000000087f00000| Untracked 
| 128|0x0000000088000000, 0x0000000088000000, 0x0000000088100000|  0%| F|  |TAMS 0x0000000088000000, 0x0000000088000000| Untracked 
| 129|0x0000000088100000, 0x0000000088100000, 0x0000000088200000|  0%| F|  |TAMS 0x0000000088100000, 0x0000000088100000| Untracked 
| 130|0x0000000088200000, 0x0000000088200000, 0x0000000088300000|  0%| F|  |TAMS 0x0000000088200000, 0x0000000088200000| Untracked 
| 131|0x0000000088300000, 0x0000000088300000, 0x0000000088400000|  0%| F|  |TAMS 0x0000000088300000, 0x0000000088300000| Untracked 
| 132|0x0000000088400000, 0x0000000088400000, 0x0000000088500000|  0%| F|  |TAMS 0x0000000088400000, 0x0000000088400000| Untracked 
| 133|0x0000000088500000, 0x0000000088500000, 0x0000000088600000|  0%| F|  |TAMS 0x0000000088500000, 0x0000000088500000| Untracked 
| 134|0x0000000088600000, 0x0000000088600000, 0x0000000088700000|  0%| F|  |TAMS 0x0000000088600000, 0x0000000088600000| Untracked 
| 135|0x0000000088700000, 0x0000000088700000, 0x0000000088800000|  0%| F|  |TAMS 0x0000000088700000, 0x0000000088700000| Untracked 
| 136|0x0000000088800000, 0x0000000088800000, 0x0000000088900000|  0%| F|  |TAMS 0x0000000088800000, 0x0000000088800000| Untracked 
| 137|0x0000000088900000, 0x0000000088900000, 0x0000000088a00000|  0%| F|  |TAMS 0x0000000088900000, 0x0000000088900000| Untracked 
| 138|0x0000000088a00000, 0x0000000088a00000, 0x0000000088b00000|  0%| F|  |TAMS 0x0000000088a00000, 0x0000000088a00000| Untracked 
| 139|0x0000000088b00000, 0x0000000088b00000, 0x0000000088c00000|  0%| F|  |TAMS 0x0000000088b00000, 0x0000000088b00000| Untracked 
| 140|0x0000000088c00000, 0x0000000088c00000, 0x0000000088d00000|  0%| F|  |TAMS 0x0000000088c00000, 0x0000000088c00000| Untracked 
| 141|0x0000000088d00000, 0x0000000088d00000, 0x0000000088e00000|  0%| F|  |TAMS 0x0000000088d00000, 0x0000000088d00000| Untracked 
| 142|0x0000000088e00000, 0x0000000088e00000, 0x0000000088f00000|  0%| F|  |TAMS 0x0000000088e00000, 0x0000000088e00000| Untracked 
| 143|0x0000000088f00000, 0x0000000088f00000, 0x0000000089000000|  0%| F|  |TAMS 0x0000000088f00000, 0x0000000088f00000| Untracked 
| 144|0x0000000089000000, 0x0000000089000000, 0x0000000089100000|  0%| F|  |TAMS 0x0000000089000000, 0x0000000089000000| Untracked 
| 145|0x0000000089100000, 0x0000000089100000, 0x0000000089200000|  0%| F|  |TAMS 0x0000000089100000, 0x0000000089100000| Untracked 
| 146|0x0000000089200000, 0x0000000089200000, 0x0000000089300000|  0%| F|  |TAMS 0x0000000089200000, 0x0000000089200000| Untracked 
| 147|0x0000000089300000, 0x0000000089300000, 0x0000000089400000|  0%| F|  |TAMS 0x0000000089300000, 0x0000000089300000| Untracked 
| 148|0x0000000089400000, 0x0000000089400000, 0x0000000089500000|  0%| F|  |TAMS 0x0000000089400000, 0x0000000089400000| Untracked 
| 149|0x0000000089500000, 0x0000000089500000, 0x0000000089600000|  0%| F|  |TAMS 0x0000000089500000, 0x0000000089500000| Untracked 
| 150|0x0000000089600000, 0x0000000089600000, 0x0000000089700000|  0%| F|  |TAMS 0x0000000089600000, 0x0000000089600000| Untracked 
| 151|0x0000000089700000, 0x0000000089700000, 0x0000000089800000|  0%| F|  |TAMS 0x0000000089700000, 0x0000000089700000| Untracked 
| 152|0x0000000089800000, 0x0000000089800000, 0x0000000089900000|  0%| F|  |TAMS 0x0000000089800000, 0x0000000089800000| Untracked 
| 153|0x0000000089900000, 0x0000000089900000, 0x0000000089a00000|  0%| F|  |TAMS 0x0000000089900000, 0x0000000089900000| Untracked 
| 154|0x0000000089a00000, 0x0000000089a00000, 0x0000000089b00000|  0%| F|  |TAMS 0x0000000089a00000, 0x0000000089a00000| Untracked 
| 155|0x0000000089b00000, 0x0000000089b00000, 0x0000000089c00000|  0%| F|  |TAMS 0x0000000089b00000, 0x0000000089b00000| Untracked 
| 156|0x0000000089c00000, 0x0000000089c00000, 0x0000000089d00000|  0%| F|  |TAMS 0x0000000089c00000, 0x0000000089c00000| Untracked 
| 157|0x0000000089d00000, 0x0000000089d00000, 0x0000000089e00000|  0%| F|  |TAMS 0x0000000089d00000, 0x0000000089d00000| Untracked 
| 158|0x0000000089e00000, 0x0000000089e00000, 0x0000000089f00000|  0%| F|  |TAMS 0x0000000089e00000, 0x0000000089e00000| Untracked 
| 159|0x0000000089f00000, 0x0000000089f00000, 0x000000008a000000|  0%| F|  |TAMS 0x0000000089f00000, 0x0000000089f00000| Untracked 
| 160|0x000000008a000000, 0x000000008a000000, 0x000000008a100000|  0%| F|  |TAMS 0x000000008a000000, 0x000000008a000000| Untracked 
| 161|0x000000008a100000, 0x000000008a100000, 0x000000008a200000|  0%| F|  |TAMS 0x000000008a100000, 0x000000008a100000| Untracked 
| 162|0x000000008a200000, 0x000000008a200000, 0x000000008a300000|  0%| F|  |TAMS 0x000000008a200000, 0x000000008a200000| Untracked 
| 163|0x000000008a300000, 0x000000008a300000, 0x000000008a400000|  0%| F|  |TAMS 0x000000008a300000, 0x000000008a300000| Untracked 
| 164|0x000000008a400000, 0x000000008a400000, 0x000000008a500000|  0%| F|  |TAMS 0x000000008a400000, 0x000000008a400000| Untracked 
| 165|0x000000008a500000, 0x000000008a500000, 0x000000008a600000|  0%| F|  |TAMS 0x000000008a500000, 0x000000008a500000| Untracked 
| 166|0x000000008a600000, 0x000000008a600000, 0x000000008a700000|  0%| F|  |TAMS 0x000000008a600000, 0x000000008a600000| Untracked 
| 167|0x000000008a700000, 0x000000008a700000, 0x000000008a800000|  0%| F|  |TAMS 0x000000008a700000, 0x000000008a700000| Untracked 
| 168|0x000000008a800000, 0x000000008a800000, 0x000000008a900000|  0%| F|  |TAMS 0x000000008a800000, 0x000000008a800000| Untracked 
| 169|0x000000008a900000, 0x000000008a900000, 0x000000008aa00000|  0%| F|  |TAMS 0x000000008a900000, 0x000000008a900000| Untracked 
| 170|0x000000008aa00000, 0x000000008aa00000, 0x000000008ab00000|  0%| F|  |TAMS 0x000000008aa00000, 0x000000008aa00000| Untracked 
| 171|0x000000008ab00000, 0x000000008ab00000, 0x000000008ac00000|  0%| F|  |TAMS 0x000000008ab00000, 0x000000008ab00000| Untracked 
| 172|0x000000008ac00000, 0x000000008ac00000, 0x000000008ad00000|  0%| F|  |TAMS 0x000000008ac00000, 0x000000008ac00000| Untracked 
| 173|0x000000008ad00000, 0x000000008ad00000, 0x000000008ae00000|  0%| F|  |TAMS 0x000000008ad00000, 0x000000008ad00000| Untracked 
| 174|0x000000008ae00000, 0x000000008ae00000, 0x000000008af00000|  0%| F|  |TAMS 0x000000008ae00000, 0x000000008ae00000| Untracked 
| 175|0x000000008af00000, 0x000000008af00000, 0x000000008b000000|  0%| F|  |TAMS 0x000000008af00000, 0x000000008af00000| Untracked 
| 176|0x000000008b000000, 0x000000008b000000, 0x000000008b100000|  0%| F|  |TAMS 0x000000008b000000, 0x000000008b000000| Untracked 
| 177|0x000000008b100000, 0x000000008b100000, 0x000000008b200000|  0%| F|  |TAMS 0x000000008b100000, 0x000000008b100000| Untracked 
| 178|0x000000008b200000, 0x000000008b200000, 0x000000008b300000|  0%| F|  |TAMS 0x000000008b200000, 0x000000008b200000| Untracked 
| 179|0x000000008b300000, 0x000000008b300000, 0x000000008b400000|  0%| F|  |TAMS 0x000000008b300000, 0x000000008b300000| Untracked 
| 180|0x000000008b400000, 0x000000008b400000, 0x000000008b500000|  0%| F|  |TAMS 0x000000008b400000, 0x000000008b400000| Untracked 
| 181|0x000000008b500000, 0x000000008b500000, 0x000000008b600000|  0%| F|  |TAMS 0x000000008b500000, 0x000000008b500000| Untracked 
| 182|0x000000008b600000, 0x000000008b600000, 0x000000008b700000|  0%| F|  |TAMS 0x000000008b600000, 0x000000008b600000| Untracked 

Card table byte_map: [0x000001ecc1d80000,0x000001ecc2180000] _byte_map_base: 0x000001ecc1980000

Marking Bits (Prev, Next): (CMBitMap*) 0x000001ecaeec0b00, (CMBitMap*) 0x000001ecaeec0ac8
 Prev Bits: [0x000001ecc4580000, 0x000001ecc6580000)
 Next Bits: [0x000001ecc2580000, 0x000001ecc4580000)

Polling page: 0x000001ecad020000

Metaspace:

Usage:
  Non-class:     68.85 MB capacity,    67.68 MB ( 98%) used,  1003.62 KB (  1%) free+waste,   198.94 KB ( <1%) overhead. 
      Class:     10.60 MB capacity,     9.93 MB ( 94%) used,   597.63 KB (  6%) free+waste,    87.38 KB ( <1%) overhead. 
       Both:     79.45 MB capacity,    77.61 MB ( 98%) used,     1.56 MB (  2%) free+waste,   286.31 KB ( <1%) overhead. 

Virtual space:
  Non-class space:       70.00 MB reserved,      69.25 MB ( 99%) committed 
      Class space:        1.00 GB reserved,      10.87 MB (  1%) committed 
             Both:        1.07 GB reserved,      80.12 MB (  7%) committed 

Chunk freelists:
   Non-Class:  278.00 KB
       Class:  156.00 KB
        Both:  434.00 KB

MaxMetaspaceSize: 17179869184.00 GB
CompressedClassSpaceSize: 1.00 GB

CodeHeap 'non-profiled nmethods': size=120064Kb used=6817Kb max_used=6817Kb free=113246Kb
 bounds [0x000001ecba440000, 0x000001ecbaaf0000, 0x000001ecc1980000]
CodeHeap 'profiled nmethods': size=120000Kb used=27455Kb max_used=27455Kb free=92544Kb
 bounds [0x000001ecb2f10000, 0x000001ecb49e0000, 0x000001ecba440000]
CodeHeap 'non-nmethods': size=5696Kb used=2265Kb max_used=2313Kb free=3430Kb
 bounds [0x000001ecb2980000, 0x000001ecb2bf0000, 0x000001ecb2f10000]
 total_blobs=12706 nmethods=11850 adapters=766
 compilation: enabled
              stopped_count=0, restarted_count=0
 full_count=0

Compilation events (20 events):
Event: 22.450 Thread 0x000001ecc8a8d800 12035       1       com.android.tools.r8.code.e::j (4 bytes)
Event: 22.451 Thread 0x000001ecc8a8d800 nmethod 12035 0x000001ecbaae7d10 code [0x000001ecbaae7ec0, 0x000001ecbaae7f78]
Event: 22.451 Thread 0x000001ecc8a8d800 12036       2       com.android.tools.r8.code.P0::a (29 bytes)
Event: 22.451 Thread 0x000001ecc8a8d800 nmethod 12036 0x000001ecb49db810 code [0x000001ecb49db9e0, 0x000001ecb49dbbd8]
Event: 22.451 Thread 0x000001ecc8a8d800 12037       2       com.android.tools.r8.code.Y1::a (20 bytes)
Event: 22.451 Thread 0x000001ecc8a8d800 nmethod 12037 0x000001ecb49dbd10 code [0x000001ecb49dbee0, 0x000001ecb49dc058]
Event: 22.451 Thread 0x000001ecc8a8d800 12038       1       com.android.tools.r8.code.s1::j (4 bytes)
Event: 22.451 Thread 0x000001ecc8a8d800 nmethod 12038 0x000001ecbaae8010 code [0x000001ecbaae81c0, 0x000001ecbaae8278]
Event: 22.451 Thread 0x000001ecc8a8d800 12039       1       com.android.tools.r8.code.X::j (3 bytes)
Event: 22.451 Thread 0x000001ecc8a8d800 nmethod 12039 0x000001ecbaae8310 code [0x000001ecbaae84c0, 0x000001ecbaae8578]
Event: 22.452 Thread 0x000001ecc8a8d800 12040       2       com.android.tools.r8.graph.E0::a (17 bytes)
Event: 22.452 Thread 0x000001ecc8a8d800 nmethod 12040 0x000001ecb49dc110 code [0x000001ecb49dc2c0, 0x000001ecb49dc3e8]
Event: 22.459 Thread 0x000001ecc8a8d800 12042       2       com.android.tools.r8.u.b.l::a (223 bytes)
Event: 22.461 Thread 0x000001ecc8a8d800 nmethod 12042 0x000001ecb49dc490 code [0x000001ecb49dc740, 0x000001ecb49dd148]
Event: 22.468 Thread 0x000001ecc8a8d800 12043       2       com.android.tools.r8.code.F1::<init> (16 bytes)
Event: 22.468 Thread 0x000001ecc8a8d800 nmethod 12043 0x000001ecb49dd810 code [0x000001ecb49dd9c0, 0x000001ecb49ddae8]
Event: 22.473 Thread 0x000001ecc8a8d800 12044       2       com.android.tools.r8.u.b.I::a (45 bytes)
Event: 22.474 Thread 0x000001ecc8a8d800 nmethod 12044 0x000001ecb49ddb90 code [0x000001ecb49ddd80, 0x000001ecb49de028]
Event: 22.487 Thread 0x000001ecc8a8d800 12045       2       com.android.tools.r8.u.b.x0::a (405 bytes)
Event: 22.489 Thread 0x000001ecc8a8d800 nmethod 12045 0x000001ecb49de210 code [0x000001ecb49de5e0, 0x000001ecb49df478]

GC Heap History (20 events):
Event: 18.390 GC heap after
{Heap after GC invocations=24 (full 0):
 garbage-first heap   total 187392K, used 90370K [0x0000000080000000, 0x0000000100000000)
  region size 1024K, 2 young (2048K), 2 survivors (2048K)
 Metaspace       used 79407K, capacity 81541K, committed 81784K, reserved 1120256K
  class space    used 10243K, capacity 10999K, committed 11128K, reserved 1048576K
}
Event: 18.698 GC heap before
{Heap before GC invocations=24 (full 0):
 garbage-first heap   total 187392K, used 154882K [0x0000000080000000, 0x0000000100000000)
  region size 1024K, 65 young (66560K), 2 survivors (2048K)
 Metaspace       used 79453K, capacity 81546K, committed 81784K, reserved 1120256K
  class space    used 10247K, capacity 10999K, committed 11128K, reserved 1048576K
}
Event: 18.704 GC heap after
{Heap after GC invocations=25 (full 0):
 garbage-first heap   total 187392K, used 90647K [0x0000000080000000, 0x0000000100000000)
  region size 1024K, 2 young (2048K), 2 survivors (2048K)
 Metaspace       used 79453K, capacity 81546K, committed 81784K, reserved 1120256K
  class space    used 10247K, capacity 10999K, committed 11128K, reserved 1048576K
}
Event: 19.226 GC heap before
{Heap before GC invocations=26 (full 0):
 garbage-first heap   total 187392K, used 156183K [0x0000000080000000, 0x0000000100000000)
  region size 1024K, 66 young (67584K), 2 survivors (2048K)
 Metaspace       used 79206K, capacity 81128K, committed 81784K, reserved 1120256K
  class space    used 10165K, capacity 10849K, committed 11128K, reserved 1048576K
}
Event: 19.230 GC heap after
{Heap after GC invocations=27 (full 0):
 garbage-first heap   total 187392K, used 90494K [0x0000000080000000, 0x0000000100000000)
  region size 1024K, 2 young (2048K), 2 survivors (2048K)
 Metaspace       used 79206K, capacity 81128K, committed 81784K, reserved 1120256K
  class space    used 10165K, capacity 10849K, committed 11128K, reserved 1048576K
}
Event: 19.597 GC heap before
{Heap before GC invocations=27 (full 0):
 garbage-first heap   total 187392K, used 158078K [0x0000000080000000, 0x0000000100000000)
  region size 1024K, 68 young (69632K), 2 survivors (2048K)
 Metaspace       used 79227K, capacity 81130K, committed 81784K, reserved 1120256K
  class space    used 10165K, capacity 10849K, committed 11128K, reserved 1048576K
}
Event: 19.604 GC heap after
{Heap after GC invocations=28 (full 0):
 garbage-first heap   total 187392K, used 91669K [0x0000000080000000, 0x0000000100000000)
  region size 1024K, 3 young (3072K), 3 survivors (3072K)
 Metaspace       used 79227K, capacity 81130K, committed 81784K, reserved 1120256K
  class space    used 10165K, capacity 10849K, committed 11128K, reserved 1048576K
}
Event: 20.250 GC heap before
{Heap before GC invocations=29 (full 0):
 garbage-first heap   total 187392K, used 159253K [0x0000000080000000, 0x0000000100000000)
  region size 1024K, 69 young (70656K), 3 survivors (3072K)
 Metaspace       used 79275K, capacity 81204K, committed 81784K, reserved 1120256K
  class space    used 10165K, capacity 10850K, committed 11128K, reserved 1048576K
}
Event: 20.255 GC heap after
{Heap after GC invocations=30 (full 0):
 garbage-first heap   total 187392K, used 91823K [0x0000000080000000, 0x0000000100000000)
  region size 1024K, 3 young (3072K), 3 survivors (3072K)
 Metaspace       used 79275K, capacity 81204K, committed 81784K, reserved 1120256K
  class space    used 10165K, capacity 10850K, committed 11128K, reserved 1048576K
}
Event: 20.662 GC heap before
{Heap before GC invocations=30 (full 0):
 garbage-first heap   total 187392K, used 159407K [0x0000000080000000, 0x0000000100000000)
  region size 1024K, 69 young (70656K), 3 survivors (3072K)
 Metaspace       used 79282K, capacity 81205K, committed 81784K, reserved 1120256K
  class space    used 10165K, capacity 10850K, committed 11128K, reserved 1048576K
}
Event: 20.681 GC heap after
{Heap after GC invocations=31 (full 0):
 garbage-first heap   total 187392K, used 91743K [0x0000000080000000, 0x0000000100000000)
  region size 1024K, 3 young (3072K), 3 survivors (3072K)
 Metaspace       used 79282K, capacity 81205K, committed 81784K, reserved 1120256K
  class space    used 10165K, capacity 10850K, committed 11128K, reserved 1048576K
}
Event: 21.142 GC heap before
{Heap before GC invocations=32 (full 0):
 garbage-first heap   total 187392K, used 160351K [0x0000000080000000, 0x0000000100000000)
  region size 1024K, 70 young (71680K), 3 survivors (3072K)
 Metaspace       used 79303K, capacity 81205K, committed 81784K, reserved 1120256K
  class space    used 10165K, capacity 10850K, committed 11128K, reserved 1048576K
}
Event: 21.148 GC heap after
{Heap after GC invocations=33 (full 0):
 garbage-first heap   total 187392K, used 92086K [0x0000000080000000, 0x0000000100000000)
  region size 1024K, 3 young (3072K), 3 survivors (3072K)
 Metaspace       used 79303K, capacity 81205K, committed 81784K, reserved 1120256K
  class space    used 10165K, capacity 10850K, committed 11128K, reserved 1048576K
}
Event: 21.421 GC heap before
{Heap before GC invocations=33 (full 0):
 garbage-first heap   total 187392K, used 159670K [0x0000000080000000, 0x0000000100000000)
  region size 1024K, 70 young (71680K), 3 survivors (3072K)
 Metaspace       used 79313K, capacity 81207K, committed 81784K, reserved 1120256K
  class space    used 10165K, capacity 10850K, committed 11128K, reserved 1048576K
}
Event: 21.439 GC heap after
{Heap after GC invocations=34 (full 0):
 garbage-first heap   total 187392K, used 97753K [0x0000000080000000, 0x0000000100000000)
  region size 1024K, 9 young (9216K), 9 survivors (9216K)
 Metaspace       used 79313K, capacity 81207K, committed 81784K, reserved 1120256K
  class space    used 10165K, capacity 10850K, committed 11128K, reserved 1048576K
}
Event: 21.766 GC heap before
{Heap before GC invocations=35 (full 0):
 garbage-first heap   total 187392K, used 157145K [0x0000000080000000, 0x0000000100000000)
  region size 1024K, 68 young (69632K), 9 survivors (9216K)
 Metaspace       used 79347K, capacity 81279K, committed 82040K, reserved 1120256K
  class space    used 10166K, capacity 10851K, committed 11128K, reserved 1048576K
}
Event: 21.776 GC heap after
{Heap after GC invocations=36 (full 0):
 garbage-first heap   total 187392K, used 96751K [0x0000000080000000, 0x0000000100000000)
  region size 1024K, 2 young (2048K), 2 survivors (2048K)
 Metaspace       used 79347K, capacity 81279K, committed 82040K, reserved 1120256K
  class space    used 10166K, capacity 10851K, committed 11128K, reserved 1048576K
}
Event: 22.088 GC heap before
{Heap before GC invocations=36 (full 0):
 garbage-first heap   total 187392K, used 158191K [0x0000000080000000, 0x0000000100000000)
  region size 1024K, 63 young (64512K), 2 survivors (2048K)
 Metaspace       used 79447K, capacity 81357K, committed 82040K, reserved 1120256K
  class space    used 10167K, capacity 10852K, committed 11128K, reserved 1048576K
}
Event: 22.099 GC heap after
{Heap after GC invocations=37 (full 0):
 garbage-first heap   total 187392K, used 97203K [0x0000000080000000, 0x0000000100000000)
  region size 1024K, 3 young (3072K), 3 survivors (3072K)
 Metaspace       used 79447K, capacity 81357K, committed 82040K, reserved 1120256K
  class space    used 10167K, capacity 10852K, committed 11128K, reserved 1048576K
}
Event: 22.491 GC heap before
{Heap before GC invocations=38 (full 0):
 garbage-first heap   total 187392K, used 158643K [0x0000000080000000, 0x0000000100000000)
  region size 1024K, 64 young (65536K), 3 survivors (3072K)
 Metaspace       used 79470K, capacity 81358K, committed 82040K, reserved 1120256K
  class space    used 10167K, capacity 10852K, committed 11128K, reserved 1048576K
}

Deoptimization events (20 events):
Event: 21.840 Thread 0x000001ecca65f800 DEOPT PACKING pc=0x000001ecb47880ff sp=0x000000cb7a7f8290
Event: 21.840 Thread 0x000001ecca65f800 DEOPT UNPACKING pc=0x000001ecb29a6dde sp=0x000000cb7a7f7830 mode 0
Event: 21.861 Thread 0x000001eccdb68000 DEOPT PACKING pc=0x000001ecb461ba3d sp=0x000000cb7bffa370
Event: 21.861 Thread 0x000001eccdb68000 DEOPT UNPACKING pc=0x000001ecb29a6dde sp=0x000000cb7bff9818 mode 0
Event: 21.898 Thread 0x000001ecca65f800 DEOPT PACKING pc=0x000001ecb47487e3 sp=0x000000cb7a7f8350
Event: 21.898 Thread 0x000001ecca65f800 DEOPT UNPACKING pc=0x000001ecb29a6dde sp=0x000000cb7a7f77f0 mode 0
Event: 21.911 Thread 0x000001ecca65f800 DEOPT PACKING pc=0x000001ecb476b13f sp=0x000000cb7a7f7fc0
Event: 21.911 Thread 0x000001ecca65f800 DEOPT UNPACKING pc=0x000001ecb29a6dde sp=0x000000cb7a7f7490 mode 0
Event: 21.964 Thread 0x000001eccdb6b000 Uncommon trap: trap_request=0xffffff4d fr.pc=0x000001ecba8c1564 relative=0x0000000000000704
Event: 21.964 Thread 0x000001eccdb6b000 Uncommon trap: reason=unstable_if action=reinterpret pc=0x000001ecba8c1564 method=java.util.concurrent.ArrayBlockingQueue.enqueue(Ljava/lang/Object;)V @ 25 c2
Event: 21.964 Thread 0x000001eccdb6b000 DEOPT PACKING pc=0x000001ecba8c1564 sp=0x000000cb7befb870
Event: 21.964 Thread 0x000001eccdb6b000 DEOPT UNPACKING pc=0x000001ecb29a662f sp=0x000000cb7befb850 mode 2
Event: 22.362 Thread 0x000001ecca65f800 Uncommon trap: trap_request=0xffffff4d fr.pc=0x000001ecbaacc1c4 relative=0x0000000000005684
Event: 22.362 Thread 0x000001ecca65f800 Uncommon trap: reason=unstable_if action=reinterpret pc=0x000001ecbaacc1c4 method=com.android.tools.r8.ir.optimize.I.a(Lcom/android/tools/r8/u/b/d0;)Z @ 164 c2
Event: 22.362 Thread 0x000001ecca65f800 DEOPT PACKING pc=0x000001ecbaacc1c4 sp=0x000000cb7a7f7930
Event: 22.362 Thread 0x000001ecca65f800 DEOPT UNPACKING pc=0x000001ecb29a662f sp=0x000000cb7a7f78c0 mode 2
Event: 22.387 Thread 0x000001eccdb68000 DEOPT PACKING pc=0x000001ecb43982df sp=0x000000cb7bffa300
Event: 22.387 Thread 0x000001eccdb68000 DEOPT UNPACKING pc=0x000001ecb29a6dde sp=0x000000cb7bff9ae0 mode 0
Event: 22.404 Thread 0x000001eccdb68000 DEOPT PACKING pc=0x000001ecb4398300 sp=0x000000cb7bffa300
Event: 22.404 Thread 0x000001eccdb68000 DEOPT UNPACKING pc=0x000001ecb29a6dde sp=0x000000cb7bff9af0 mode 0

Classes redefined (0 events):
No events

Internal exceptions (20 events):
Event: 16.111 Thread 0x000001eccdb6b000 Exception <a 'java/lang/NoSuchMethodError'{0x0000000087edfec0}: 'int java.lang.invoke.DirectMethodHandle$Holder.invokeInterface(java.lang.Object, java.lang.Object, int)'> (0x0000000087edfec0) thrown at [./src/hotspot/share/interpreter/linkResolver.cpp, line 773]
Event: 17.290 Thread 0x000001eccdb6b000 Exception <a 'java/lang/NoSuchMethodError'{0x0000000089e970f8}: 'void java.lang.invoke.DirectMethodHandle$Holder.invokeVirtual(java.lang.Object, java.lang.Object, int)'> (0x0000000089e970f8) thrown at [./src/hotspot/share/interpreter/linkResolver.cpp, line 773]
Event: 17.502 Thread 0x000001eccdb6b000 Exception <a 'sun/nio/fs/WindowsException'{0x0000000089d20ee8}> (0x0000000089d20ee8) thrown at [./src/hotspot/share/prims/jni.cpp, line 615]
Event: 17.511 Thread 0x000001ecca65f800 Exception <a 'sun/nio/fs/WindowsException'{0x0000000089d5ef40}> (0x0000000089d5ef40) thrown at [./src/hotspot/share/prims/jni.cpp, line 615]
Event: 17.583 Thread 0x000001eccdb61800 Exception <a 'sun/nio/fs/WindowsException'{0x00000000890f5ed0}> (0x00000000890f5ed0) thrown at [./src/hotspot/share/prims/jni.cpp, line 615]
Event: 17.599 Thread 0x000001eccdb61800 Implicit null exception at 0x000001ecba571614 to 0x000001ecba572164
Event: 17.707 Thread 0x000001eccdb61800 Exception <a 'sun/nio/fs/WindowsException'{0x0000000088083db0}> (0x0000000088083db0) thrown at [./src/hotspot/share/prims/jni.cpp, line 615]
Event: 17.820 Thread 0x000001ecca65f800 Exception <a 'sun/nio/fs/WindowsException'{0x000000008a53cab8}> (0x000000008a53cab8) thrown at [./src/hotspot/share/prims/jni.cpp, line 615]
Event: 17.830 Thread 0x000001eccdb6b000 Exception <a 'sun/nio/fs/WindowsException'{0x000000008a2f19c0}> (0x000000008a2f19c0) thrown at [./src/hotspot/share/prims/jni.cpp, line 615]
Event: 19.093 Thread 0x000001eccdb61800 Exception <a 'sun/nio/fs/WindowsException'{0x00000000895ab4e0}> (0x00000000895ab4e0) thrown at [./src/hotspot/share/prims/jni.cpp, line 615]
Event: 19.451 Thread 0x000001eccdb61800 Exception <a 'sun/nio/fs/WindowsException'{0x00000000890d1020}> (0x00000000890d1020) thrown at [./src/hotspot/share/prims/jni.cpp, line 615]
Event: 20.239 Thread 0x000001eccdb61800 Exception <a 'sun/nio/fs/WindowsException'{0x00000000876efbe0}> (0x00000000876efbe0) thrown at [./src/hotspot/share/prims/jni.cpp, line 615]
Event: 20.486 Thread 0x000001eccdb61800 Exception <a 'sun/nio/fs/WindowsException'{0x0000000089f7d560}> (0x0000000089f7d560) thrown at [./src/hotspot/share/prims/jni.cpp, line 615]
Event: 20.519 Thread 0x000001eccdb61800 Exception <a 'sun/nio/fs/WindowsException'{0x0000000088ea14e8}> (0x0000000088ea14e8) thrown at [./src/hotspot/share/prims/jni.cpp, line 615]
Event: 21.296 Thread 0x000001eccdb61800 Exception <a 'sun/nio/fs/WindowsException'{0x0000000089655e00}> (0x0000000089655e00) thrown at [./src/hotspot/share/prims/jni.cpp, line 615]
Event: 21.662 Thread 0x000001eccdb6b000 Exception <a 'sun/nio/fs/WindowsException'{0x0000000089cb0e00}> (0x0000000089cb0e00) thrown at [./src/hotspot/share/prims/jni.cpp, line 615]
Event: 21.950 Thread 0x000001ecca65f800 Exception <a 'sun/nio/fs/WindowsException'{0x0000000089a82200}> (0x0000000089a82200) thrown at [./src/hotspot/share/prims/jni.cpp, line 615]
Event: 22.019 Thread 0x000001eccdb6b000 Exception <a 'sun/nio/fs/WindowsException'{0x00000000883d5c18}> (0x00000000883d5c18) thrown at [./src/hotspot/share/prims/jni.cpp, line 615]
Event: 22.192 Thread 0x000001ecca65f800 Exception <a 'sun/nio/fs/WindowsException'{0x000000008aa19fc0}> (0x000000008aa19fc0) thrown at [./src/hotspot/share/prims/jni.cpp, line 615]
Event: 22.453 Thread 0x000001eccdb6b000 Exception <a 'sun/nio/fs/WindowsException'{0x0000000088350c38}> (0x0000000088350c38) thrown at [./src/hotspot/share/prims/jni.cpp, line 615]

Events (20 events):
Event: 21.439 Executing VM operation: G1CollectForAllocation done
Event: 21.616 Executing VM operation: CGC_Operation
Event: 21.629 Executing VM operation: CGC_Operation done
Event: 21.715 Executing VM operation: CGC_Operation
Event: 21.716 Executing VM operation: CGC_Operation done
Event: 21.745 loading class com/android/tools/r8/u/b/g1
Event: 21.745 loading class com/android/tools/r8/u/b/g1 done
Event: 21.745 loading class com/android/tools/r8/u/b/d0
Event: 21.745 loading class com/android/tools/r8/u/b/d0 done
Event: 21.745 loading class com/android/tools/r8/u/b/g1
Event: 21.745 loading class com/android/tools/r8/u/b/g1 done
Event: 21.765 Executing VM operation: G1CollectForAllocation
Event: 21.776 Executing VM operation: G1CollectForAllocation done
Event: 22.079 Executing VM operation: G1CollectForAllocation
Event: 22.099 Executing VM operation: G1CollectForAllocation done
Event: 22.277 Executing VM operation: CGC_Operation
Event: 22.289 Executing VM operation: CGC_Operation done
Event: 22.377 Executing VM operation: CGC_Operation
Event: 22.378 Executing VM operation: CGC_Operation done
Event: 22.491 Executing VM operation: G1CollectForAllocation


Dynamic libraries:
0x00007ff7b5710000 - 0x00007ff7b571a000 	C:\Program Files\Android\Android Studio1\jre\bin\java.exe
0x00007ffb950f0000 - 0x00007ffb952e5000 	C:\WINDOWS\SYSTEM32\ntdll.dll
0x00007ffb94660000 - 0x00007ffb9471e000 	C:\WINDOWS\System32\KERNEL32.DLL
0x00007ffb92d60000 - 0x00007ffb93028000 	C:\WINDOWS\System32\KERNELBASE.dll
0x00007ffb92810000 - 0x00007ffb92910000 	C:\WINDOWS\System32\ucrtbase.dll
0x00007ffb78ef0000 - 0x00007ffb78f07000 	C:\Program Files\Android\Android Studio1\jre\bin\VCRUNTIME140.dll
0x00007ffb778b0000 - 0x00007ffb778c9000 	C:\Program Files\Android\Android Studio1\jre\bin\jli.dll
0x00007ffb937e0000 - 0x00007ffb93980000 	C:\WINDOWS\System32\USER32.dll
0x00007ffb92910000 - 0x00007ffb92932000 	C:\WINDOWS\System32\win32u.dll
0x00007ffb93c40000 - 0x00007ffb93c6b000 	C:\WINDOWS\System32\GDI32.dll
0x00007ffb92bc0000 - 0x00007ffb92ccb000 	C:\WINDOWS\System32\gdi32full.dll
0x00007ffb84bc0000 - 0x00007ffb84e5a000 	C:\WINDOWS\WinSxS\amd64_microsoft.windows.common-controls_6595b64144ccf1df_6.0.19041.1110_none_60b5254171f9507e\COMCTL32.dll
0x00007ffb92b20000 - 0x00007ffb92bbd000 	C:\WINDOWS\System32\msvcp_win.dll
0x00007ffb93480000 - 0x00007ffb9351e000 	C:\WINDOWS\System32\msvcrt.dll
0x00007ffb94850000 - 0x00007ffb94880000 	C:\WINDOWS\System32\IMM32.DLL
0x00007ffb5b920000 - 0x00007ffb5b9bd000 	C:\Program Files\Android\Android Studio1\jre\bin\msvcp140.dll
0x00007ffb310b0000 - 0x00007ffb31b85000 	C:\Program Files\Android\Android Studio1\jre\bin\server\jvm.dll
0x00007ffb93520000 - 0x00007ffb935ce000 	C:\WINDOWS\System32\ADVAPI32.dll
0x00007ffb931e0000 - 0x00007ffb9327c000 	C:\WINDOWS\System32\sechost.dll
0x00007ffb93a40000 - 0x00007ffb93b65000 	C:\WINDOWS\System32\RPCRT4.dll
0x00007ffb93a30000 - 0x00007ffb93a38000 	C:\WINDOWS\System32\PSAPI.DLL
0x00007ffb8c3f0000 - 0x00007ffb8c3fa000 	C:\WINDOWS\SYSTEM32\VERSION.dll
0x00007ffb7c530000 - 0x00007ffb7c557000 	C:\WINDOWS\SYSTEM32\WINMM.dll
0x00007ffb88210000 - 0x00007ffb88219000 	C:\WINDOWS\SYSTEM32\WSOCK32.dll
0x00007ffb93d70000 - 0x00007ffb93ddb000 	C:\WINDOWS\System32\WS2_32.dll
0x00007ffb90700000 - 0x00007ffb90712000 	C:\WINDOWS\SYSTEM32\kernel.appcore.dll
0x00007ffb5e440000 - 0x00007ffb5e451000 	C:\Program Files\Android\Android Studio1\jre\bin\verify.dll
0x00007ffb7d820000 - 0x00007ffb7da04000 	C:\WINDOWS\SYSTEM32\DBGHELP.DLL
0x00007ffb7d7f0000 - 0x00007ffb7d81c000 	C:\WINDOWS\SYSTEM32\dbgcore.DLL
0x00007ffb92cd0000 - 0x00007ffb92d52000 	C:\WINDOWS\System32\bcryptPrimitives.dll
0x00007ffb58a80000 - 0x00007ffb58aa9000 	C:\Program Files\Android\Android Studio1\jre\bin\java.dll
0x00007ffb8ec80000 - 0x00007ffb8ec8b000 	C:\Program Files\Android\Android Studio1\jre\bin\jimage.dll
0x00007ffb57770000 - 0x00007ffb57788000 	C:\Program Files\Android\Android Studio1\jre\bin\zip.dll
0x00007ffb93f10000 - 0x00007ffb94654000 	C:\WINDOWS\System32\SHELL32.dll
0x00007ffb90900000 - 0x00007ffb91094000 	C:\WINDOWS\SYSTEM32\windows.storage.dll
0x00007ffb94d50000 - 0x00007ffb950a4000 	C:\WINDOWS\System32\combase.dll
0x00007ffb92200000 - 0x00007ffb9222c000 	C:\WINDOWS\SYSTEM32\Wldp.dll
0x00007ffb93980000 - 0x00007ffb93a2d000 	C:\WINDOWS\System32\SHCORE.dll
0x00007ffb94720000 - 0x00007ffb94775000 	C:\WINDOWS\System32\shlwapi.dll
0x00007ffb92750000 - 0x00007ffb9276f000 	C:\WINDOWS\SYSTEM32\profapi.dll
0x00007ffb562e0000 - 0x00007ffb562fa000 	C:\Program Files\Android\Android Studio1\jre\bin\net.dll
0x00007ffb8a160000 - 0x00007ffb8a269000 	C:\WINDOWS\SYSTEM32\WINHTTP.dll
0x00007ffb91f60000 - 0x00007ffb91fca000 	C:\WINDOWS\system32\mswsock.dll
0x00007ffb51230000 - 0x00007ffb51244000 	C:\Program Files\Android\Android Studio1\jre\bin\nio.dll
0x00007ffb70360000 - 0x00007ffb70386000 	C:\Users\List\.gradle\native\30\windows-amd64\native-platform.dll
0x00007ffb8cd30000 - 0x00007ffb8cd3a000 	C:\Program Files\Android\Android Studio1\jre\bin\management.dll
0x00007ffb89dc0000 - 0x00007ffb89dcd000 	C:\Program Files\Android\Android Studio1\jre\bin\management_ext.dll
0x00007ffb92150000 - 0x00007ffb92168000 	C:\WINDOWS\SYSTEM32\CRYPTSP.dll
0x00007ffb918e0000 - 0x00007ffb91914000 	C:\WINDOWS\system32\rsaenh.dll
0x00007ffb92aa0000 - 0x00007ffb92ac7000 	C:\WINDOWS\System32\bcrypt.dll
0x00007ffb926d0000 - 0x00007ffb926fe000 	C:\WINDOWS\SYSTEM32\USERENV.dll
0x00007ffb92170000 - 0x00007ffb9217c000 	C:\WINDOWS\SYSTEM32\CRYPTBASE.dll
0x00007ffb91c50000 - 0x00007ffb91c8b000 	C:\WINDOWS\SYSTEM32\IPHLPAPI.DLL
0x00007ffb93d50000 - 0x00007ffb93d58000 	C:\WINDOWS\System32\NSI.dll
0x00007ffb8ca50000 - 0x00007ffb8ca67000 	C:\WINDOWS\SYSTEM32\dhcpcsvc6.DLL
0x00007ffb8cca0000 - 0x00007ffb8ccbd000 	C:\WINDOWS\SYSTEM32\dhcpcsvc.DLL
0x00007ffb91c90000 - 0x00007ffb91d5a000 	C:\WINDOWS\SYSTEM32\DNSAPI.dll

dbghelp: loaded successfully - version: 4.0.5 - missing functions: none
symbol engine: initialized successfully - sym options: 0x614 - pdb path: .;C:\Program Files\Android\Android Studio1\jre\bin;C:\WINDOWS\SYSTEM32;C:\WINDOWS\WinSxS\amd64_microsoft.windows.common-controls_6595b64144ccf1df_6.0.19041.1110_none_60b5254171f9507e;C:\Program Files\Android\Android Studio1\jre\bin\server;C:\Users\List\.gradle\native\30\windows-amd64

VM Arguments:
jvm_args: --add-opens=java.base/java.util=ALL-UNNAMED --add-opens=java.base/java.lang=ALL-UNNAMED --add-opens=java.base/java.lang.invoke=ALL-UNNAMED --add-opens=java.prefs/java.util.prefs=ALL-UNNAMED -Xmx2048m -Dfile.encoding=windows-1252 -Duser.country=US -Duser.language=en -Duser.variant 
java_command: org.gradle.launcher.daemon.bootstrap.GradleDaemon 5.6.4
java_class_path (initial): C:\Users\List\.gradle\wrapper\dists\gradle-5.6.4-all\ankdp27end7byghfw1q2sw75f\gradle-5.6.4\lib\gradle-launcher-5.6.4.jar
Launcher Type: SUN_STANDARD

[Global flags]
     intx CICompilerCount                          = 3                                         {product} {ergonomic}
     uint ConcGCThreads                            = 1                                         {product} {ergonomic}
     uint G1ConcRefinementThreads                  = 4                                         {product} {ergonomic}
   size_t G1HeapRegionSize                         = 1048576                                   {product} {ergonomic}
    uintx GCDrainStackTargetSize                   = 64                                        {product} {ergonomic}
   size_t InitialHeapSize                          = 132120576                                 {product} {ergonomic}
   size_t MarkStackSize                            = 4194304                                   {product} {ergonomic}
   size_t MaxHeapSize                              = 2147483648                                {product} {command line}
   size_t MaxNewSize                               = 1287651328                                {product} {ergonomic}
   size_t MinHeapDeltaBytes                        = 1048576                                   {product} {ergonomic}
    uintx NonNMethodCodeHeapSize                   = 5830732                                {pd product} {ergonomic}
    uintx NonProfiledCodeHeapSize                  = 122913754                              {pd product} {ergonomic}
    uintx ProfiledCodeHeapSize                     = 122913754                              {pd product} {ergonomic}
    uintx ReservedCodeCacheSize                    = 251658240                              {pd product} {ergonomic}
     bool SegmentedCodeCache                       = true                                      {product} {ergonomic}
     bool UseCompressedClassPointers               = true                                 {lp64_product} {ergonomic}
     bool UseCompressedOops                        = true                                 {lp64_product} {ergonomic}
     bool UseG1GC                                  = true                                      {product} {ergonomic}
     bool UseLargePagesIndividualAllocation        = false                                  {pd product} {ergonomic}

Logging:
Log output configuration:
 #0: stdout all=warning uptime,level,tags
 #1: stderr all=off uptime,level,tags

Environment Variables:
JAVA_HOME=C:\Program Files (x86)\Java\jdk1.8.0_121
CLASSPATH=E:\javadoc\programtest\
PATH=E:\Sourabh\Flutter\Dart SDK\bin;C:\Program Files (x86)\Common Files\Oracle\Java\javapath;C:\Program Files\Common Files\Oracle\Java\javapath;D:\oraclexe\app\oracle\product\11.2.0\server\bin;C:\ProgramData\Oracle\Java\javapath;D:\DevSuiteHome_1\jdk\jre\bin\classic;D:\DevSuiteHome_1\jdk\jre\bin;D:\DevSuiteHome_1\jdk\jre\bin\client;D:\DevSuiteHome_1\jlib;D:\DevSuiteHome_1\bin;D:\DevSuiteHome_1\jre\1.4.2\bin\client;D:\DevSuiteHome_1\jre\1.4.2\bin;D:\orant\bin;C:\Program Files (x86)\Intel\iCLS Client\;C:\Program Files\Intel\iCLS Client\;C:\WINDOWS\system32;C:\WINDOWS;C:\WINDOWS\System32\Wbem;C:\WINDOWS\System32\WindowsPowerShell\v1.0\;C:\Program Files (x86)\Intel\Intel(R) Management Engine Components\DAL;C:\Program Files\Intel\Intel(R) Management Engine Components\DAL;C:\Program Files (x86)\Intel\Intel(R) Management Engine Components\IPT;C:\Program Files\Intel\Intel(R) Management Engine Components\IPT;D:\orant\jdk\bin;C:\Program Files (x86)\Java\jdk1.8.0_121\bin;C:\Windows\System32\jnisgfplib.dll;C:\Windows\System32\jnisgnfiqlib.dll;C:\Windows\System32\jnisgwsqlib.dll;C:\Windows\System32\sgfpamx.dll;C:\Windows\System32\sgfplib.dll;C:\Windows\System32\sgnfiqlib.dll;C:\Windows\System32\sgwsqlib.dll;C:\WINDOWS\System32\OpenSSH\;D:\flutterdata\dartsdk-windows-x64-release\dart-sdk\bin;C:\Users\List\AppData\Roaming\Pub\Cache\bin;C:\Dart\dart-sdk\bin;C:\Program Files\TortoiseSVN\bin;C:\Program Files\Cloudflare\Cloudflare WARP;C:\Program Files\Git\cmd;C:\Program Files (x86)\Tesseract-OCR;;C:\Program Files (x86)\AOMEI\AOMEI Backupper\6.9.0;C:\Program Files (x86)\dotnet\;C:\Program Files\Cloudflare\Cloudflare WARP\;C:\Users\List\AppData\Local\Microsoft\WindowsApps;E:\Sourabh\Flutter\flutter_windows_2.8.1\flutter\bin;C:\Users\List\AppData\Local\Programs\Microsoft VS Code\bin;C:\Users\List\AppData\Local\Android\sdk\platform-tools;C:\Program Files (x86)\Sophos\Sophos SSL VPN Client\bin;C:\Users\List\AppData\Local\GitHubDesktop\bin
USERNAME=List
OS=Windows_NT
PROCESSOR_IDENTIFIER=Intel64 Family 6 Model 94 Stepping 3, GenuineIntel



---------------  S Y S T E M  ---------------

OS: Windows 10 , 64 bit Build 19041 (10.0.19041.1566)
OS uptime: 2 days 1:14 hours

CPU:total 4 (initial active 4) (2 cores per cpu, 2 threads per core) family 6 model 94 stepping 3 microcode 0xcc, cmov, cx8, fxsr, mmx, sse, sse2, sse3, ssse3, sse4.1, sse4.2, popcnt, avx, avx2, aes, clmul, erms, 3dnowpref, lzcnt, ht, tsc, tscinvbit, bmi1, bmi2, adx, fma

Memory: 4k page, system-wide physical 8058M (532M free)
TotalPageFile size 18058M (AvailPageFile size 37M)
current process WorkingSet (physical memory assigned to process): 446M, peak: 468M
current process commit charge ("private bytes"): 492M, peak: 536M

vm_info: OpenJDK 64-Bit Server VM (11.0.11+9-b60-7590822) for windows-amd64 JRE (11.0.11+9-b60-7590822), built on Jul 29 2021 21:43:44 by "builder" with MS VC++ 14.0 (VS2015)

END.
