#
# There is insufficient memory for the Java Runtime Environment to continue.
# Native memory allocation (malloc) failed to allocate 1053616 bytes for Chunk::new
# Possible reasons:
#   The system is out of physical RAM or swap space
#   The process is running with CompressedOops enabled, and the Java Heap may be blocking the growth of the native heap
# Possible solutions:
#   Reduce memory load on the system
#   Increase physical memory or swap space
#   Check if swap backing store is full
#   Decrease Java heap size (-Xmx/-Xms)
#   Decrease number of Java threads
#   Decrease Java thread stack sizes (-Xss)
#   Set larger code cache with -XX:ReservedCodeCacheSize=
#   JVM is running with Unscaled Compressed Oops mode in which the Java heap is
#     placed in the first 4GB address space. The Java Heap base address is the
#     maximum limit for the native heap growth. Please use -XX:HeapBaseMinAddress
#     to set the Java Heap base and to place the Java Heap above 4GB virtual address.
# This output file may be truncated or incomplete.
#
#  Out of Memory Error (./src/hotspot/share/memory/arena.cpp:197), pid=6936, tid=15516
#
# JRE version: OpenJDK Runtime Environment (11.0.11+9) (build 11.0.11+9-b60-7590822)
# Java VM: OpenJDK 64-Bit Server VM (11.0.11+9-b60-7590822, mixed mode, tiered, compressed oops, g1 gc, windows-amd64)
# No core dump will be written. Minidumps are not enabled by default on client versions of Windows
#

---------------  S U M M A R Y ------------

Command Line: --add-opens=java.base/java.util=ALL-UNNAMED --add-opens=java.base/java.lang=ALL-UNNAMED --add-opens=java.base/java.lang.invoke=ALL-UNNAMED --add-opens=java.prefs/java.util.prefs=ALL-UNNAMED -Xmx2048m -Dfile.encoding=windows-1252 -Duser.country=US -Duser.language=en -Duser.variant org.gradle.launcher.daemon.bootstrap.GradleDaemon 5.6.4

Host: Intel(R) Core(TM) i3-6098P CPU @ 3.60GHz, 4 cores, 7G,  Windows 10 , 64 bit Build 19041 (10.0.19041.1566)
Time: Wed Apr  6 15:31:46 2022 India Standard Time elapsed time: 69.011839 seconds (0d 0h 1m 9s)

---------------  T H R E A D  ---------------

Current thread (0x00000168fd2b8000):  JavaThread "C2 CompilerThread1" daemon [_thread_in_native, id=15516, stack(0x000000492ec00000,0x000000492ed00000)]


Current CompileTask:
C2:  69012 20747       4       com.android.tools.r8.dex.j::a (2047 bytes)

Stack: [0x000000492ec00000,0x000000492ed00000]
Native frames: (J=compiled Java code, j=interpreted, Vv=VM code, C=native code)
V  [jvm.dll+0x5f214a]
V  [jvm.dll+0x726fb5]
V  [jvm.dll+0x7285cd]
V  [jvm.dll+0x728c83]
V  [jvm.dll+0x243278]
V  [jvm.dll+0xbc53c]
V  [jvm.dll+0xbca3c]
V  [jvm.dll+0x353e3b]
V  [jvm.dll+0x19895c]
V  [jvm.dll+0x1fc2ee]
V  [jvm.dll+0x1fb3d4]
V  [jvm.dll+0x183d6c]
V  [jvm.dll+0x209a57]
V  [jvm.dll+0x2082a1]
V  [jvm.dll+0x6ef58f]
V  [jvm.dll+0x6e80b5]
V  [jvm.dll+0x5f1036]
C  [ucrtbase.dll+0x21bb2]
C  [KERNEL32.DLL+0x17034]
C  [ntdll.dll+0x52651]


---------------  P R O C E S S  ---------------

Threads class SMR info:
_java_thread_list=0x00000168958b3ba0, length=58, elements={
0x00000168eddfe800, 0x00000168fa94f800, 0x00000168fa953800, 0x00000168fa96d800,
0x00000168fa96f000, 0x00000168fa971800, 0x00000168fa97b800, 0x00000168fa97d800,
0x00000168fa97f800, 0x00000168fb421000, 0x00000168fca8c800, 0x00000168fbd35800,
0x00000168fcb02800, 0x00000168fcab4800, 0x00000168fcacc800, 0x00000168fcbe9000,
0x00000168fcc4b800, 0x00000168fcc7c000, 0x00000168fcd0d000, 0x00000168fcd07800,
0x00000168fcd0c000, 0x00000168fcd08000, 0x00000168fcd09000, 0x00000168fcd0e000,
0x00000168fcd0b800, 0x00000168ff9db000, 0x00000168ff9d8000, 0x00000168ff9dc000,
0x00000168ff9d6000, 0x00000168ff9dc800, 0x00000168ff9da000, 0x00000168ff9d9800,
0x00000168ff9d8800, 0x00000168ff9d7000, 0x00000168ff9e1800, 0x00000168ff9e3000,
0x00000168ff9e2800, 0x00000168ff9e4000, 0x00000168ff9de800, 0x00000168ff9e0000,
0x00000168ff9e5000, 0x00000168ff9e0800, 0x00000168918e0000, 0x00000168918de000,
0x00000168918e4000, 0x00000168918e3000, 0x00000168918e1800, 0x00000168918df000,
0x00000168918e2800, 0x00000168918e5000, 0x00000168918e5800, 0x00000168918e6800,
0x00000168918e0800, 0x00000168918e9800, 0x00000168918e7000, 0x00000168918e8000,
0x00000168918eb800, 0x00000168fd2b8000
}

Java Threads: ( => current thread )
  0x00000168eddfe800 JavaThread "main" [_thread_blocked, id=4484, stack(0x000000492ee00000,0x000000492ef00000)]
  0x00000168fa94f800 JavaThread "Reference Handler" daemon [_thread_blocked, id=11592, stack(0x000000492f500000,0x000000492f600000)]
  0x00000168fa953800 JavaThread "Finalizer" daemon [_thread_blocked, id=6564, stack(0x000000492f600000,0x000000492f700000)]
  0x00000168fa96d800 JavaThread "Signal Dispatcher" daemon [_thread_blocked, id=800, stack(0x000000492f700000,0x000000492f800000)]
  0x00000168fa96f000 JavaThread "Attach Listener" daemon [_thread_blocked, id=10992, stack(0x000000492f800000,0x000000492f900000)]
  0x00000168fa971800 JavaThread "Service Thread" daemon [_thread_blocked, id=7972, stack(0x000000492f900000,0x000000492fa00000)]
  0x00000168fa97b800 JavaThread "C2 CompilerThread0" daemon [_thread_in_native, id=5204, stack(0x000000492fa00000,0x000000492fb00000)]
  0x00000168fa97d800 JavaThread "C1 CompilerThread0" daemon [_thread_in_native, id=11192, stack(0x000000492fb00000,0x000000492fc00000)]
  0x00000168fa97f800 JavaThread "Sweeper thread" daemon [_thread_blocked, id=15464, stack(0x000000492fc00000,0x000000492fd00000)]
  0x00000168fb421000 JavaThread "Common-Cleaner" daemon [_thread_blocked, id=3776, stack(0x000000492fd00000,0x000000492fe00000)]
  0x00000168fca8c800 JavaThread "Daemon health stats" [_thread_blocked, id=15040, stack(0x0000004930200000,0x0000004930300000)]
  0x00000168fbd35800 JavaThread "Incoming local TCP Connector on port 51470" [_thread_in_native, id=15872, stack(0x000000492ff00000,0x0000004930000000)]
  0x00000168fcb02800 JavaThread "Daemon periodic checks" [_thread_blocked, id=8708, stack(0x0000004930300000,0x0000004930400000)]
  0x00000168fcab4800 JavaThread "Daemon" [_thread_blocked, id=12572, stack(0x0000004930400000,0x0000004930500000)]
  0x00000168fcacc800 JavaThread "Handler for socket connection from /127.0.0.1:51470 to /127.0.0.1:51472" [_thread_in_native, id=6952, stack(0x0000004930500000,0x0000004930600000)]
  0x00000168fcbe9000 JavaThread "Cancel handler" [_thread_blocked, id=13524, stack(0x0000004930600000,0x0000004930700000)]
  0x00000168fcc4b800 JavaThread "Daemon worker" [_thread_in_native, id=13224, stack(0x0000004930700000,0x0000004930800000)]
  0x00000168fcc7c000 JavaThread "Asynchronous log dispatcher for DefaultDaemonConnection: socket connection from /127.0.0.1:51470 to /127.0.0.1:51472" [_thread_blocked, id=15836, stack(0x0000004930800000,0x0000004930900000)]
  0x00000168fcd0d000 JavaThread "Thread-8" [_thread_blocked, id=16068, stack(0x0000004930a00000,0x0000004930b00000)]
  0x00000168fcd07800 JavaThread "Cache worker for file hash cache (C:\Users\List\.gradle\caches\5.6.4\fileHashes)" [_thread_blocked, id=1804, stack(0x0000004930b00000,0x0000004930c00000)]
  0x00000168fcd0c000 JavaThread "File lock request listener" [_thread_in_native, id=10096, stack(0x0000004930c00000,0x0000004930d00000)]
  0x00000168fcd08000 JavaThread "Cache worker for journal cache (C:\Users\List\.gradle\caches\journal-1)" [_thread_blocked, id=9860, stack(0x0000004930d00000,0x0000004930e00000)]
  0x00000168fcd09000 JavaThread "Cache worker for file hash cache (E:\Sourabh\Android Projects\MBS\MBS_Jankalyan\.gradle\5.6.4\fileHashes)" [_thread_blocked, id=8616, stack(0x0000004931000000,0x0000004931100000)]
  0x00000168fcd0e000 JavaThread "Cache worker for cache directory md-supplier (C:\Users\List\.gradle\caches\5.6.4\md-supplier)" [_thread_blocked, id=4308, stack(0x0000004931100000,0x0000004931200000)]
  0x00000168fcd0b800 JavaThread "Cache worker for cache directory md-rule (C:\Users\List\.gradle\caches\5.6.4\md-rule)" [_thread_blocked, id=9528, stack(0x0000004931200000,0x0000004931300000)]
  0x00000168ff9db000 JavaThread "Cache worker for execution history cache (C:\Users\List\.gradle\caches\5.6.4\executionHistory)" [_thread_blocked, id=10712, stack(0x0000004931300000,0x0000004931400000)]
  0x00000168ff9d8000 JavaThread "Build operations" [_thread_blocked, id=12340, stack(0x0000004931400000,0x0000004931500000)]
  0x00000168ff9dc000 JavaThread "Build operations Thread 2" [_thread_blocked, id=9320, stack(0x0000004931500000,0x0000004931600000)]
  0x00000168ff9d6000 JavaThread "Build operations Thread 3" [_thread_blocked, id=7868, stack(0x0000004931600000,0x0000004931700000)]
  0x00000168ff9dc800 JavaThread "Build operations Thread 4" [_thread_blocked, id=13776, stack(0x0000004931700000,0x0000004931800000)]
  0x00000168ff9da000 JavaThread "pool-1-thread-1" [_thread_blocked, id=13852, stack(0x0000004931800000,0x0000004931900000)]
  0x00000168ff9d9800 JavaThread "Cache worker for Build Output Cleanup Cache (E:\Sourabh\Android Projects\MBS\MBS_Jankalyan\.gradle\buildOutputCleanup)" [_thread_blocked, id=15940, stack(0x0000004931a00000,0x0000004931b00000)]
  0x00000168ff9d8800 JavaThread "Memory manager" [_thread_blocked, id=9960, stack(0x0000004931b00000,0x0000004931c00000)]
  0x00000168ff9d7000 JavaThread "Cache worker for file content cache (C:\Users\List\.gradle\caches\5.6.4\fileContent)" [_thread_blocked, id=2628, stack(0x0000004931c00000,0x0000004931d00000)]
  0x00000168ff9e1800 JavaThread "Cache worker for file content cache (E:\Sourabh\Android Projects\MBS\MBS_Jankalyan\.gradle\5.6.4\fileContent)" [_thread_blocked, id=16244, stack(0x0000004931d00000,0x0000004931e00000)]
  0x00000168ff9e3000 JavaThread "Execution worker for ':'" [_thread_blocked, id=2928, stack(0x0000004931e00000,0x0000004931f00000)]
  0x00000168ff9e2800 JavaThread "Execution worker for ':' Thread 2" [_thread_blocked, id=940, stack(0x0000004931f00000,0x0000004932000000)]
  0x00000168ff9e4000 JavaThread "Execution worker for ':' Thread 3" [_thread_blocked, id=9828, stack(0x0000004932000000,0x0000004932100000)]
  0x00000168ff9de800 JavaThread "Cache worker for execution history cache (E:\Sourabh\Android Projects\MBS\MBS_Jankalyan\.gradle\5.6.4\executionHistory)" [_thread_blocked, id=11280, stack(0x0000004932100000,0x0000004932200000)]
  0x00000168ff9e0000 JavaThread "WorkerExecutor Queue Thread 2" [_thread_blocked, id=14260, stack(0x0000004932300000,0x0000004932400000)]
  0x00000168ff9e5000 JavaThread "WorkerExecutor Queue Thread 3" [_thread_blocked, id=13976, stack(0x0000004932400000,0x0000004932500000)]
  0x00000168ff9e0800 JavaThread "WorkerExecutor Queue Thread 4" [_thread_blocked, id=660, stack(0x0000004932500000,0x0000004932600000)]
  0x00000168918e0000 JavaThread "pool-2-thread-1" [_thread_blocked, id=10556, stack(0x0000004932600000,0x0000004932700000)]
  0x00000168918de000 JavaThread "stderr" [_thread_in_native, id=8776, stack(0x0000004932700000,0x0000004932800000)]
  0x00000168918e4000 JavaThread "stderr" [_thread_in_native, id=15992, stack(0x0000004932800000,0x0000004932900000)]
  0x00000168918e3000 JavaThread "stdout" [_thread_in_native, id=13556, stack(0x0000004932900000,0x0000004932a00000)]
  0x00000168918e1800 JavaThread "stdout" [_thread_in_native, id=9424, stack(0x0000004932a00000,0x0000004932b00000)]
  0x00000168918df000 JavaThread "stderr" [_thread_in_native, id=13516, stack(0x0000004932b00000,0x0000004932c00000)]
  0x00000168918e2800 JavaThread "stdout" [_thread_in_native, id=7704, stack(0x0000004932c00000,0x0000004932d00000)]
  0x00000168918e5000 JavaThread "stderr" [_thread_in_native, id=9292, stack(0x0000004932d00000,0x0000004932e00000)]
  0x00000168918e5800 JavaThread "stdout" [_thread_in_native, id=7072, stack(0x0000004932e00000,0x0000004932f00000)]
  0x00000168918e6800 JavaThread "Cache worker for Java compile cache (C:\Users\List\.gradle\caches\5.6.4\javaCompile)" [_thread_blocked, id=13856, stack(0x0000004932200000,0x0000004932300000)]
  0x00000168918e0800 JavaThread "Cache worker for Java compile cache (E:\Sourabh\Android Projects\MBS\MBS_Jankalyan\.gradle\5.6.4\javaCompile)" [_thread_blocked, id=3972, stack(0x0000004932f00000,0x0000004933000000)]
  0x00000168918e9800 JavaThread "WorkerExecutor Queue Thread 5" [_thread_blocked, id=8744, stack(0x0000004933400000,0x0000004933500000)]
  0x00000168918e7000 JavaThread "ForkJoinPool.commonPool-worker-3" daemon [_thread_blocked, id=2684, stack(0x0000004933500000,0x0000004933600000)]
  0x00000168918e8000 JavaThread "ForkJoinPool.commonPool-worker-5" daemon [_thread_blocked, id=13332, stack(0x0000004933600000,0x0000004933700000)]
  0x00000168918eb800 JavaThread "ForkJoinPool.commonPool-worker-7" daemon [_thread_blocked, id=9396, stack(0x0000004933700000,0x0000004933800000)]
=>0x00000168fd2b8000 JavaThread "C2 CompilerThread1" daemon [_thread_in_native, id=15516, stack(0x000000492ec00000,0x000000492ed00000)]

Other Threads:
  0x00000168fa94b000 VMThread "VM Thread" [stack: 0x000000492f400000,0x000000492f500000] [id=11068]
  0x00000168fb427800 WatcherThread [stack: 0x000000492fe00000,0x000000492ff00000] [id=10420]
  0x00000168ede17000 GCTaskThread "GC Thread#0" [stack: 0x000000492ef00000,0x000000492f000000] [id=12480]
  0x00000168fbdc7800 GCTaskThread "GC Thread#1" [stack: 0x0000004930000000,0x0000004930100000] [id=1988]
  0x00000168fbdc8000 GCTaskThread "GC Thread#2" [stack: 0x0000004930100000,0x0000004930200000] [id=11320]
  0x00000168fb552800 GCTaskThread "GC Thread#3" [stack: 0x0000004930e00000,0x0000004930f00000] [id=7480]
  0x00000168ede47000 ConcurrentGCThread "G1 Main Marker" [stack: 0x000000492f000000,0x000000492f100000] [id=9408]
  0x00000168ede4a800 ConcurrentGCThread "G1 Conc#0" [stack: 0x000000492f100000,0x000000492f200000] [id=7752]
  0x00000168eded6800 ConcurrentGCThread "G1 Refine#0" [stack: 0x000000492f200000,0x000000492f300000] [id=5900]
  0x000001688f8db800 ConcurrentGCThread "G1 Refine#1" [stack: 0x0000004931900000,0x0000004931a00000] [id=14468]
  0x00000168fde44800 ConcurrentGCThread "G1 Refine#2" [stack: 0x0000004930f00000,0x0000004931000000] [id=15888]
  0x0000016894ae1800 ConcurrentGCThread "G1 Refine#3" [stack: 0x0000004933200000,0x0000004933300000] [id=72]
  0x00000168eded7800 ConcurrentGCThread "G1 Young RemSet Sampling" [stack: 0x000000492f300000,0x000000492f400000] [id=10012]

Threads with active compile tasks:
C2 CompilerThread0  69155 20834 %     4       com.android.tools.r8.code.o1::a @ 20 (4075 bytes)
C1 CompilerThread0  69155 20962   !   3       com.android.tools.r8.dex.m::b (2743 bytes)
C2 CompilerThread1  69155 20747       4       com.android.tools.r8.dex.j::a (2047 bytes)

VM state:not at safepoint (normal execution)

VM Mutex/Monitor currently owned by a thread: None

Heap address: 0x0000000080000000, size: 2048 MB, Compressed Oops mode: 32-bit
Narrow klass base: 0x0000000000000000, Narrow klass shift: 3
Compressed class space size: 1073741824 Address: 0x0000000100000000

Heap:
 garbage-first heap   total 334848K, used 221553K [0x0000000080000000, 0x0000000100000000)
  region size 1024K, 76 young (77824K), 5 survivors (5120K)
 Metaspace       used 99902K, capacity 102295K, committed 102476K, reserved 1138688K
  class space    used 12256K, capacity 13059K, committed 13184K, reserved 1048576K
Heap Regions: E=young(eden), S=young(survivor), O=old, HS=humongous(starts), HC=humongous(continues), CS=collection set, F=free, A=archive, TAMS=top-at-mark-start (previous, next)
|   0|0x0000000080000000, 0x0000000080100000, 0x0000000080100000|100%| O|  |TAMS 0x0000000080100000, 0x0000000080000000| Untracked 
|   1|0x0000000080100000, 0x0000000080200000, 0x0000000080200000|100%| O|  |TAMS 0x0000000080200000, 0x0000000080100000| Untracked 
|   2|0x0000000080200000, 0x0000000080300000, 0x0000000080300000|100%| O|  |TAMS 0x0000000080300000, 0x0000000080200000| Untracked 
|   3|0x0000000080300000, 0x0000000080400000, 0x0000000080400000|100%|HS|  |TAMS 0x0000000080400000, 0x0000000080300000| Complete 
|   4|0x0000000080400000, 0x0000000080500000, 0x0000000080500000|100%|HC|  |TAMS 0x0000000080500000, 0x0000000080400000| Complete 
|   5|0x0000000080500000, 0x0000000080600000, 0x0000000080600000|100%|HC|  |TAMS 0x0000000080600000, 0x0000000080500000| Complete 
|   6|0x0000000080600000, 0x0000000080700000, 0x0000000080700000|100%| O|  |TAMS 0x0000000080700000, 0x0000000080600000| Untracked 
|   7|0x0000000080700000, 0x0000000080800000, 0x0000000080800000|100%| O|  |TAMS 0x0000000080800000, 0x0000000080700000| Untracked 
|   8|0x0000000080800000, 0x0000000080900000, 0x0000000080900000|100%| O|  |TAMS 0x0000000080900000, 0x0000000080800000| Untracked 
|   9|0x0000000080900000, 0x0000000080a00000, 0x0000000080a00000|100%| O|  |TAMS 0x0000000080a00000, 0x0000000080900000| Untracked 
|  10|0x0000000080a00000, 0x0000000080b00000, 0x0000000080b00000|100%| O|  |TAMS 0x0000000080b00000, 0x0000000080a00000| Untracked 
|  11|0x0000000080b00000, 0x0000000080c00000, 0x0000000080c00000|100%| O|  |TAMS 0x0000000080c00000, 0x0000000080b00000| Untracked 
|  12|0x0000000080c00000, 0x0000000080d00000, 0x0000000080d00000|100%| O|  |TAMS 0x0000000080d00000, 0x0000000080c00000| Untracked 
|  13|0x0000000080d00000, 0x0000000080e00000, 0x0000000080e00000|100%| O|  |TAMS 0x0000000080e00000, 0x0000000080d00000| Untracked 
|  14|0x0000000080e00000, 0x0000000080f00000, 0x0000000080f00000|100%| O|  |TAMS 0x0000000080f00000, 0x0000000080e00000| Untracked 
|  15|0x0000000080f00000, 0x0000000081000000, 0x0000000081000000|100%| O|  |TAMS 0x0000000081000000, 0x0000000080f00000| Untracked 
|  16|0x0000000081000000, 0x0000000081100000, 0x0000000081100000|100%| O|  |TAMS 0x0000000081100000, 0x0000000081000000| Untracked 
|  17|0x0000000081100000, 0x0000000081200000, 0x0000000081200000|100%| O|  |TAMS 0x0000000081200000, 0x0000000081100000| Untracked 
|  18|0x0000000081200000, 0x0000000081300000, 0x0000000081300000|100%| O|  |TAMS 0x0000000081300000, 0x0000000081200000| Untracked 
|  19|0x0000000081300000, 0x0000000081400000, 0x0000000081400000|100%| O|  |TAMS 0x0000000081400000, 0x0000000081300000| Untracked 
|  20|0x0000000081400000, 0x0000000081500000, 0x0000000081500000|100%|HS|  |TAMS 0x0000000081500000, 0x0000000081400000| Complete 
|  21|0x0000000081500000, 0x0000000081600000, 0x0000000081600000|100%|HC|  |TAMS 0x0000000081600000, 0x0000000081500000| Complete 
|  22|0x0000000081600000, 0x0000000081700000, 0x0000000081700000|100%| O|  |TAMS 0x0000000081700000, 0x0000000081600000| Untracked 
|  23|0x0000000081700000, 0x0000000081800000, 0x0000000081800000|100%| O|  |TAMS 0x0000000081800000, 0x0000000081700000| Untracked 
|  24|0x0000000081800000, 0x0000000081900000, 0x0000000081900000|100%| O|  |TAMS 0x0000000081900000, 0x0000000081800000| Untracked 
|  25|0x0000000081900000, 0x0000000081a00000, 0x0000000081a00000|100%| O|  |TAMS 0x0000000081a00000, 0x0000000081900000| Untracked 
|  26|0x0000000081a00000, 0x0000000081b00000, 0x0000000081b00000|100%| O|  |TAMS 0x0000000081b00000, 0x0000000081a00000| Untracked 
|  27|0x0000000081b00000, 0x0000000081c00000, 0x0000000081c00000|100%| O|  |TAMS 0x0000000081c00000, 0x0000000081b00000| Untracked 
|  28|0x0000000081c00000, 0x0000000081d00000, 0x0000000081d00000|100%| O|  |TAMS 0x0000000081d00000, 0x0000000081c00000| Untracked 
|  29|0x0000000081d00000, 0x0000000081e00000, 0x0000000081e00000|100%| O|  |TAMS 0x0000000081e00000, 0x0000000081d00000| Untracked 
|  30|0x0000000081e00000, 0x0000000081f00000, 0x0000000081f00000|100%| O|  |TAMS 0x0000000081f00000, 0x0000000081e00000| Untracked 
|  31|0x0000000081f00000, 0x0000000082000000, 0x0000000082000000|100%| O|  |TAMS 0x0000000082000000, 0x0000000081f00000| Untracked 
|  32|0x0000000082000000, 0x0000000082100000, 0x0000000082100000|100%| O|  |TAMS 0x0000000082100000, 0x0000000082000000| Untracked 
|  33|0x0000000082100000, 0x0000000082200000, 0x0000000082200000|100%| O|  |TAMS 0x0000000082200000, 0x0000000082100000| Untracked 
|  34|0x0000000082200000, 0x0000000082300000, 0x0000000082300000|100%| O|  |TAMS 0x0000000082300000, 0x0000000082200000| Untracked 
|  35|0x0000000082300000, 0x0000000082400000, 0x0000000082400000|100%| O|  |TAMS 0x0000000082400000, 0x0000000082300000| Untracked 
|  36|0x0000000082400000, 0x0000000082500000, 0x0000000082500000|100%| O|  |TAMS 0x0000000082500000, 0x0000000082400000| Untracked 
|  37|0x0000000082500000, 0x0000000082600000, 0x0000000082600000|100%| O|  |TAMS 0x0000000082600000, 0x0000000082500000| Untracked 
|  38|0x0000000082600000, 0x0000000082700000, 0x0000000082700000|100%| O|  |TAMS 0x0000000082700000, 0x0000000082600000| Untracked 
|  39|0x0000000082700000, 0x0000000082800000, 0x0000000082800000|100%| O|  |TAMS 0x0000000082800000, 0x0000000082700000| Untracked 
|  40|0x0000000082800000, 0x0000000082900000, 0x0000000082900000|100%| O|  |TAMS 0x0000000082900000, 0x0000000082800000| Untracked 
|  41|0x0000000082900000, 0x0000000082a00000, 0x0000000082a00000|100%| O|  |TAMS 0x0000000082a00000, 0x0000000082900000| Untracked 
|  42|0x0000000082a00000, 0x0000000082b00000, 0x0000000082b00000|100%| O|  |TAMS 0x0000000082b00000, 0x0000000082a00000| Untracked 
|  43|0x0000000082b00000, 0x0000000082c00000, 0x0000000082c00000|100%| O|  |TAMS 0x0000000082c00000, 0x0000000082b00000| Untracked 
|  44|0x0000000082c00000, 0x0000000082d00000, 0x0000000082d00000|100%| O|  |TAMS 0x0000000082d00000, 0x0000000082c00000| Untracked 
|  45|0x0000000082d00000, 0x0000000082e00000, 0x0000000082e00000|100%| O|  |TAMS 0x0000000082e00000, 0x0000000082d00000| Untracked 
|  46|0x0000000082e00000, 0x0000000082f00000, 0x0000000082f00000|100%| O|  |TAMS 0x0000000082f00000, 0x0000000082e00000| Untracked 
|  47|0x0000000082f00000, 0x0000000083000000, 0x0000000083000000|100%| O|  |TAMS 0x0000000083000000, 0x0000000082f00000| Untracked 
|  48|0x0000000083000000, 0x0000000083100000, 0x0000000083100000|100%| O|  |TAMS 0x0000000083100000, 0x0000000083000000| Untracked 
|  49|0x0000000083100000, 0x0000000083200000, 0x0000000083200000|100%| O|  |TAMS 0x0000000083200000, 0x0000000083100000| Untracked 
|  50|0x0000000083200000, 0x0000000083300000, 0x0000000083300000|100%| O|  |TAMS 0x0000000083300000, 0x0000000083200000| Untracked 
|  51|0x0000000083300000, 0x0000000083400000, 0x0000000083400000|100%| O|  |TAMS 0x0000000083400000, 0x0000000083300000| Untracked 
|  52|0x0000000083400000, 0x0000000083500000, 0x0000000083500000|100%| O|  |TAMS 0x0000000083500000, 0x0000000083400000| Untracked 
|  53|0x0000000083500000, 0x0000000083600000, 0x0000000083600000|100%| O|  |TAMS 0x0000000083600000, 0x0000000083500000| Untracked 
|  54|0x0000000083600000, 0x0000000083700000, 0x0000000083700000|100%| O|  |TAMS 0x0000000083700000, 0x0000000083600000| Untracked 
|  55|0x0000000083700000, 0x0000000083800000, 0x0000000083800000|100%| O|  |TAMS 0x0000000083800000, 0x0000000083700000| Untracked 
|  56|0x0000000083800000, 0x0000000083900000, 0x0000000083900000|100%| O|  |TAMS 0x0000000083900000, 0x0000000083800000| Untracked 
|  57|0x0000000083900000, 0x0000000083a00000, 0x0000000083a00000|100%| O|  |TAMS 0x0000000083a00000, 0x0000000083900000| Untracked 
|  58|0x0000000083a00000, 0x0000000083b00000, 0x0000000083b00000|100%| O|  |TAMS 0x0000000083a00000, 0x0000000083a00000| Untracked 
|  59|0x0000000083b00000, 0x0000000083c00000, 0x0000000083c00000|100%| O|  |TAMS 0x0000000083b00000, 0x0000000083b00000| Untracked 
|  60|0x0000000083c00000, 0x0000000083d00000, 0x0000000083d00000|100%| O|  |TAMS 0x0000000083d00000, 0x0000000083c00000| Untracked 
|  61|0x0000000083d00000, 0x0000000083e00000, 0x0000000083e00000|100%| O|  |TAMS 0x0000000083e00000, 0x0000000083d00000| Untracked 
|  62|0x0000000083e00000, 0x0000000083f00000, 0x0000000083f00000|100%| O|  |TAMS 0x0000000083e00000, 0x0000000083e00000| Untracked 
|  63|0x0000000083f00000, 0x0000000084000000, 0x0000000084000000|100%|HS|  |TAMS 0x0000000083f00000, 0x0000000083f00000| Complete 
|  64|0x0000000084000000, 0x0000000084100000, 0x0000000084100000|100%| O|  |TAMS 0x0000000084000000, 0x0000000084000000| Untracked 
|  65|0x0000000084100000, 0x0000000084200000, 0x0000000084200000|100%| O|  |TAMS 0x0000000084100000, 0x0000000084100000| Untracked 
|  66|0x0000000084200000, 0x0000000084300000, 0x0000000084300000|100%| O|  |TAMS 0x0000000084200000, 0x0000000084200000| Untracked 
|  67|0x0000000084300000, 0x0000000084400000, 0x0000000084400000|100%| O|  |TAMS 0x0000000084300000, 0x0000000084300000| Untracked 
|  68|0x0000000084400000, 0x0000000084500000, 0x0000000084500000|100%| O|  |TAMS 0x0000000084400000, 0x0000000084400000| Untracked 
|  69|0x0000000084500000, 0x00000000845dc600, 0x0000000084600000| 86%| O|  |TAMS 0x0000000084500000, 0x0000000084500000| Untracked 
|  70|0x0000000084600000, 0x0000000084700000, 0x0000000084700000|100%|HS|  |TAMS 0x0000000084600000, 0x0000000084600000| Complete 
|  71|0x0000000084700000, 0x0000000084800000, 0x0000000084800000|100%|HC|  |TAMS 0x0000000084700000, 0x0000000084700000| Complete 
|  72|0x0000000084800000, 0x0000000084800000, 0x0000000084900000|  0%| F|  |TAMS 0x0000000084800000, 0x0000000084800000| Untracked 
|  73|0x0000000084900000, 0x0000000084900000, 0x0000000084a00000|  0%| F|  |TAMS 0x0000000084900000, 0x0000000084900000| Untracked 
|  74|0x0000000084a00000, 0x0000000084a00000, 0x0000000084b00000|  0%| F|  |TAMS 0x0000000084a00000, 0x0000000084a00000| Untracked 
|  75|0x0000000084b00000, 0x0000000084b00000, 0x0000000084c00000|  0%| F|  |TAMS 0x0000000084b00000, 0x0000000084b00000| Untracked 
|  76|0x0000000084c00000, 0x0000000084c00000, 0x0000000084d00000|  0%| F|  |TAMS 0x0000000084c00000, 0x0000000084c00000| Untracked 
|  77|0x0000000084d00000, 0x0000000084d00000, 0x0000000084e00000|  0%| F|  |TAMS 0x0000000084d00000, 0x0000000084d00000| Untracked 
|  78|0x0000000084e00000, 0x0000000084f00000, 0x0000000084f00000|100%| O|  |TAMS 0x0000000084f00000, 0x0000000084e00000| Untracked 
|  79|0x0000000084f00000, 0x0000000085000000, 0x0000000085000000|100%| O|  |TAMS 0x0000000084f00000, 0x0000000084f00000| Untracked 
|  80|0x0000000085000000, 0x0000000085100000, 0x0000000085100000|100%| O|  |TAMS 0x0000000085000000, 0x0000000085000000| Untracked 
|  81|0x0000000085100000, 0x0000000085200000, 0x0000000085200000|100%| O|  |TAMS 0x0000000085100000, 0x0000000085100000| Untracked 
|  82|0x0000000085200000, 0x0000000085300000, 0x0000000085300000|100%| O|  |TAMS 0x0000000085200000, 0x0000000085200000| Untracked 
|  83|0x0000000085300000, 0x0000000085400000, 0x0000000085400000|100%| O|  |TAMS 0x0000000085300000, 0x0000000085300000| Untracked 
|  84|0x0000000085400000, 0x0000000085500000, 0x0000000085500000|100%| O|  |TAMS 0x0000000085400000, 0x0000000085400000| Untracked 
|  85|0x0000000085500000, 0x0000000085600000, 0x0000000085600000|100%| O|  |TAMS 0x0000000085500000, 0x0000000085500000| Untracked 
|  86|0x0000000085600000, 0x0000000085600000, 0x0000000085700000|  0%| F|  |TAMS 0x0000000085600000, 0x0000000085600000| Untracked 
|  87|0x0000000085700000, 0x0000000085800000, 0x0000000085800000|100%| O|  |TAMS 0x0000000085800000, 0x0000000085700000| Untracked 
|  88|0x0000000085800000, 0x0000000085800000, 0x0000000085900000|  0%| F|  |TAMS 0x0000000085800000, 0x0000000085800000| Untracked 
|  89|0x0000000085900000, 0x0000000085900000, 0x0000000085a00000|  0%| F|  |TAMS 0x0000000085900000, 0x0000000085900000| Untracked 
|  90|0x0000000085a00000, 0x0000000085b00000, 0x0000000085b00000|100%| O|  |TAMS 0x0000000085b00000, 0x0000000085a00000| Untracked 
|  91|0x0000000085b00000, 0x0000000085b00000, 0x0000000085c00000|  0%| F|  |TAMS 0x0000000085b00000, 0x0000000085b00000| Untracked 
|  92|0x0000000085c00000, 0x0000000085c00000, 0x0000000085d00000|  0%| F|  |TAMS 0x0000000085c00000, 0x0000000085c00000| Untracked 
|  93|0x0000000085d00000, 0x0000000085d00000, 0x0000000085e00000|  0%| F|  |TAMS 0x0000000085d00000, 0x0000000085d00000| Untracked 
|  94|0x0000000085e00000, 0x0000000085e00000, 0x0000000085f00000|  0%| F|  |TAMS 0x0000000085e00000, 0x0000000085e00000| Untracked 
|  95|0x0000000085f00000, 0x0000000085f00000, 0x0000000086000000|  0%| F|  |TAMS 0x0000000085f00000, 0x0000000085f00000| Untracked 
|  96|0x0000000086000000, 0x0000000086000000, 0x0000000086100000|  0%| F|  |TAMS 0x0000000086000000, 0x0000000086000000| Untracked 
|  97|0x0000000086100000, 0x0000000086100000, 0x0000000086200000|  0%| F|  |TAMS 0x0000000086100000, 0x0000000086100000| Untracked 
|  98|0x0000000086200000, 0x0000000086300000, 0x0000000086300000|100%| O|  |TAMS 0x0000000086200000, 0x0000000086200000| Untracked 
|  99|0x0000000086300000, 0x0000000086300000, 0x0000000086400000|  0%| F|  |TAMS 0x0000000086300000, 0x0000000086300000| Untracked 
| 100|0x0000000086400000, 0x0000000086400000, 0x0000000086500000|  0%| F|  |TAMS 0x0000000086400000, 0x0000000086400000| Untracked 
| 101|0x0000000086500000, 0x0000000086500000, 0x0000000086600000|  0%| F|  |TAMS 0x0000000086500000, 0x0000000086500000| Untracked 
| 102|0x0000000086600000, 0x0000000086600000, 0x0000000086700000|  0%| F|  |TAMS 0x0000000086600000, 0x0000000086600000| Untracked 
| 103|0x0000000086700000, 0x0000000086700000, 0x0000000086800000|  0%| F|  |TAMS 0x0000000086700000, 0x0000000086700000| Untracked 
| 104|0x0000000086800000, 0x0000000086800000, 0x0000000086900000|  0%| F|  |TAMS 0x0000000086800000, 0x0000000086800000| Untracked 
| 105|0x0000000086900000, 0x0000000086a00000, 0x0000000086a00000|100%| O|  |TAMS 0x0000000086900000, 0x0000000086900000| Untracked 
| 106|0x0000000086a00000, 0x0000000086a00000, 0x0000000086b00000|  0%| F|  |TAMS 0x0000000086a00000, 0x0000000086a00000| Untracked 
| 107|0x0000000086b00000, 0x0000000086c00000, 0x0000000086c00000|100%|HS|  |TAMS 0x0000000086c00000, 0x0000000086b00000| Complete 
| 108|0x0000000086c00000, 0x0000000086d00000, 0x0000000086d00000|100%|HS|  |TAMS 0x0000000086d00000, 0x0000000086c00000| Complete 
| 109|0x0000000086d00000, 0x0000000086e00000, 0x0000000086e00000|100%| O|  |TAMS 0x0000000086d00000, 0x0000000086d00000| Untracked 
| 110|0x0000000086e00000, 0x0000000086f00000, 0x0000000086f00000|100%| O|  |TAMS 0x0000000086e00000, 0x0000000086e00000| Untracked 
| 111|0x0000000086f00000, 0x0000000087000000, 0x0000000087000000|100%| O|  |TAMS 0x0000000087000000, 0x0000000086f00000| Untracked 
| 112|0x0000000087000000, 0x0000000087100000, 0x0000000087100000|100%| O|  |TAMS 0x0000000087100000, 0x0000000087000000| Untracked 
| 113|0x0000000087100000, 0x0000000087200000, 0x0000000087200000|100%| O|  |TAMS 0x0000000087200000, 0x0000000087100000| Untracked 
| 114|0x0000000087200000, 0x0000000087300000, 0x0000000087300000|100%| O|  |TAMS 0x0000000087300000, 0x0000000087200000| Untracked 
| 115|0x0000000087300000, 0x0000000087400000, 0x0000000087400000|100%| O|  |TAMS 0x0000000087400000, 0x0000000087300000| Untracked 
| 116|0x0000000087400000, 0x0000000087500000, 0x0000000087500000|100%| O|  |TAMS 0x0000000087500000, 0x0000000087400000| Untracked 
| 117|0x0000000087500000, 0x0000000087500000, 0x0000000087600000|  0%| F|  |TAMS 0x0000000087500000, 0x0000000087500000| Untracked 
| 118|0x0000000087600000, 0x0000000087700000, 0x0000000087700000|100%| O|  |TAMS 0x0000000087700000, 0x0000000087600000| Untracked 
| 119|0x0000000087700000, 0x0000000087700000, 0x0000000087800000|  0%| F|  |TAMS 0x0000000087700000, 0x0000000087700000| Untracked 
| 120|0x0000000087800000, 0x0000000087900000, 0x0000000087900000|100%| O|  |TAMS 0x0000000087900000, 0x0000000087800000| Untracked 
| 121|0x0000000087900000, 0x0000000087900000, 0x0000000087a00000|  0%| F|  |TAMS 0x0000000087900000, 0x0000000087900000| Untracked 
| 122|0x0000000087a00000, 0x0000000087b00000, 0x0000000087b00000|100%| O|  |TAMS 0x0000000087b00000, 0x0000000087a00000| Untracked 
| 123|0x0000000087b00000, 0x0000000087c00000, 0x0000000087c00000|100%| O|  |TAMS 0x0000000087c00000, 0x0000000087b00000| Untracked 
| 124|0x0000000087c00000, 0x0000000087d00000, 0x0000000087d00000|100%| O|  |TAMS 0x0000000087d00000, 0x0000000087c00000| Untracked 
| 125|0x0000000087d00000, 0x0000000087e00000, 0x0000000087e00000|100%| O|  |TAMS 0x0000000087e00000, 0x0000000087d00000| Untracked 
| 126|0x0000000087e00000, 0x0000000087f00000, 0x0000000087f00000|100%| O|  |TAMS 0x0000000087f00000, 0x0000000087e00000| Untracked 
| 127|0x0000000087f00000, 0x0000000088000000, 0x0000000088000000|100%| O|  |TAMS 0x0000000088000000, 0x0000000087f00000| Untracked 
| 128|0x0000000088000000, 0x0000000088100000, 0x0000000088100000|100%| O|  |TAMS 0x0000000088100000, 0x0000000088000000| Untracked 
| 129|0x0000000088100000, 0x0000000088200000, 0x0000000088200000|100%| O|  |TAMS 0x0000000088200000, 0x0000000088100000| Untracked 
| 130|0x0000000088200000, 0x0000000088300000, 0x0000000088300000|100%| O|  |TAMS 0x0000000088300000, 0x0000000088200000| Untracked 
| 131|0x0000000088300000, 0x0000000088400000, 0x0000000088400000|100%| O|  |TAMS 0x0000000088400000, 0x0000000088300000| Untracked 
| 132|0x0000000088400000, 0x0000000088500000, 0x0000000088500000|100%| O|  |TAMS 0x0000000088500000, 0x0000000088400000| Untracked 
| 133|0x0000000088500000, 0x0000000088500000, 0x0000000088600000|  0%| F|  |TAMS 0x0000000088500000, 0x0000000088500000| Untracked 
| 134|0x0000000088600000, 0x0000000088700000, 0x0000000088700000|100%| O|  |TAMS 0x0000000088700000, 0x0000000088600000| Untracked 
| 135|0x0000000088700000, 0x0000000088700000, 0x0000000088800000|  0%| F|  |TAMS 0x0000000088700000, 0x0000000088700000| Untracked 
| 136|0x0000000088800000, 0x0000000088900000, 0x0000000088900000|100%| O|  |TAMS 0x0000000088900000, 0x0000000088800000| Untracked 
| 137|0x0000000088900000, 0x0000000088a00000, 0x0000000088a00000|100%| O|  |TAMS 0x0000000088a00000, 0x0000000088900000| Untracked 
| 138|0x0000000088a00000, 0x0000000088b00000, 0x0000000088b00000|100%| O|  |TAMS 0x0000000088b00000, 0x0000000088a00000| Untracked 
| 139|0x0000000088b00000, 0x0000000088c00000, 0x0000000088c00000|100%| O|  |TAMS 0x0000000088c00000, 0x0000000088b00000| Untracked 
| 140|0x0000000088c00000, 0x0000000088d00000, 0x0000000088d00000|100%| O|  |TAMS 0x0000000088d00000, 0x0000000088c00000| Untracked 
| 141|0x0000000088d00000, 0x0000000088e00000, 0x0000000088e00000|100%| O|  |TAMS 0x0000000088e00000, 0x0000000088d00000| Untracked 
| 142|0x0000000088e00000, 0x0000000088f00000, 0x0000000088f00000|100%| O|  |TAMS 0x0000000088f00000, 0x0000000088e00000| Untracked 
| 143|0x0000000088f00000, 0x0000000089000000, 0x0000000089000000|100%| O|  |TAMS 0x0000000089000000, 0x0000000088f00000| Untracked 
| 144|0x0000000089000000, 0x0000000089100000, 0x0000000089100000|100%| O|  |TAMS 0x0000000089100000, 0x0000000089000000| Untracked 
| 145|0x0000000089100000, 0x0000000089200000, 0x0000000089200000|100%| O|  |TAMS 0x0000000089200000, 0x0000000089100000| Untracked 
| 146|0x0000000089200000, 0x0000000089300000, 0x0000000089300000|100%| O|  |TAMS 0x0000000089300000, 0x0000000089200000| Untracked 
| 147|0x0000000089300000, 0x0000000089400000, 0x0000000089400000|100%| O|  |TAMS 0x0000000089400000, 0x0000000089300000| Untracked 
| 148|0x0000000089400000, 0x0000000089500000, 0x0000000089500000|100%| O|  |TAMS 0x0000000089500000, 0x0000000089400000| Untracked 
| 149|0x0000000089500000, 0x0000000089500000, 0x0000000089600000|  0%| F|  |TAMS 0x0000000089500000, 0x0000000089500000| Untracked 
| 150|0x0000000089600000, 0x0000000089700000, 0x0000000089700000|100%| O|  |TAMS 0x0000000089700000, 0x0000000089600000| Untracked 
| 151|0x0000000089700000, 0x0000000089700000, 0x0000000089800000|  0%| F|  |TAMS 0x0000000089700000, 0x0000000089700000| Untracked 
| 152|0x0000000089800000, 0x0000000089800000, 0x0000000089900000|  0%| F|  |TAMS 0x0000000089800000, 0x0000000089800000| Untracked 
| 153|0x0000000089900000, 0x0000000089a00000, 0x0000000089a00000|100%| O|  |TAMS 0x0000000089a00000, 0x0000000089900000| Untracked 
| 154|0x0000000089a00000, 0x0000000089b00000, 0x0000000089b00000|100%|HS|  |TAMS 0x0000000089b00000, 0x0000000089a00000| Complete 
| 155|0x0000000089b00000, 0x0000000089c00000, 0x0000000089c00000|100%|HS|  |TAMS 0x0000000089c00000, 0x0000000089b00000| Complete 
| 156|0x0000000089c00000, 0x0000000089d00000, 0x0000000089d00000|100%| O|  |TAMS 0x0000000089d00000, 0x0000000089c00000| Untracked 
| 157|0x0000000089d00000, 0x0000000089e00000, 0x0000000089e00000|100%| O|  |TAMS 0x0000000089e00000, 0x0000000089d00000| Untracked 
| 158|0x0000000089e00000, 0x0000000089f00000, 0x0000000089f00000|100%| O|  |TAMS 0x0000000089f00000, 0x0000000089e00000| Untracked 
| 159|0x0000000089f00000, 0x000000008a000000, 0x000000008a000000|100%| O|  |TAMS 0x000000008a000000, 0x0000000089f00000| Untracked 
| 160|0x000000008a000000, 0x000000008a100000, 0x000000008a100000|100%| O|  |TAMS 0x000000008a100000, 0x000000008a000000| Untracked 
| 161|0x000000008a100000, 0x000000008a200000, 0x000000008a200000|100%| O|  |TAMS 0x000000008a200000, 0x000000008a100000| Untracked 
| 162|0x000000008a200000, 0x000000008a300000, 0x000000008a300000|100%| O|  |TAMS 0x000000008a300000, 0x000000008a200000| Untracked 
| 163|0x000000008a300000, 0x000000008a400000, 0x000000008a400000|100%| O|  |TAMS 0x000000008a400000, 0x000000008a300000| Untracked 
| 164|0x000000008a400000, 0x000000008a400000, 0x000000008a500000|  0%| F|  |TAMS 0x000000008a400000, 0x000000008a400000| Untracked 
| 165|0x000000008a500000, 0x000000008a500000, 0x000000008a600000|  0%| F|  |TAMS 0x000000008a500000, 0x000000008a500000| Untracked 
| 166|0x000000008a600000, 0x000000008a700000, 0x000000008a700000|100%|HS|  |TAMS 0x000000008a700000, 0x000000008a600000| Complete 
| 167|0x000000008a700000, 0x000000008a800000, 0x000000008a800000|100%|HS|  |TAMS 0x000000008a800000, 0x000000008a700000| Complete 
| 168|0x000000008a800000, 0x000000008a900000, 0x000000008a900000|100%| O|  |TAMS 0x000000008a900000, 0x000000008a800000| Untracked 
| 169|0x000000008a900000, 0x000000008aa00000, 0x000000008aa00000|100%| O|  |TAMS 0x000000008aa00000, 0x000000008a900000| Untracked 
| 170|0x000000008aa00000, 0x000000008ab00000, 0x000000008ab00000|100%| O|  |TAMS 0x000000008ab00000, 0x000000008aa00000| Untracked 
| 171|0x000000008ab00000, 0x000000008ac00000, 0x000000008ac00000|100%| O|  |TAMS 0x000000008ac00000, 0x000000008ab00000| Untracked 
| 172|0x000000008ac00000, 0x000000008ad00000, 0x000000008ad00000|100%| O|  |TAMS 0x000000008ad00000, 0x000000008ac00000| Untracked 
| 173|0x000000008ad00000, 0x000000008ae00000, 0x000000008ae00000|100%| O|  |TAMS 0x000000008ae00000, 0x000000008ad00000| Untracked 
| 174|0x000000008ae00000, 0x000000008af00000, 0x000000008af00000|100%| O|  |TAMS 0x000000008af00000, 0x000000008ae00000| Untracked 
| 175|0x000000008af00000, 0x000000008b000000, 0x000000008b000000|100%| O|  |TAMS 0x000000008af80000, 0x000000008af00000| Untracked 
| 176|0x000000008b000000, 0x000000008b000000, 0x000000008b100000|  0%| F|  |TAMS 0x000000008b000000, 0x000000008b000000| Untracked 
| 177|0x000000008b100000, 0x000000008b100000, 0x000000008b200000|  0%| F|  |TAMS 0x000000008b100000, 0x000000008b100000| Untracked 
| 178|0x000000008b200000, 0x000000008b200000, 0x000000008b300000|  0%| F|  |TAMS 0x000000008b200000, 0x000000008b200000| Untracked 
| 179|0x000000008b300000, 0x000000008b300000, 0x000000008b400000|  0%| F|  |TAMS 0x000000008b300000, 0x000000008b300000| Untracked 
| 180|0x000000008b400000, 0x000000008b400000, 0x000000008b500000|  0%| F|  |TAMS 0x000000008b400000, 0x000000008b400000| Untracked 
| 181|0x000000008b500000, 0x000000008b500000, 0x000000008b600000|  0%| F|  |TAMS 0x000000008b500000, 0x000000008b500000| Untracked 
| 182|0x000000008b600000, 0x000000008b600000, 0x000000008b700000|  0%| F|  |TAMS 0x000000008b600000, 0x000000008b600000| Untracked 
| 183|0x000000008b700000, 0x000000008b700000, 0x000000008b800000|  0%| F|  |TAMS 0x000000008b700000, 0x000000008b700000| Untracked 
| 184|0x000000008b800000, 0x000000008b800000, 0x000000008b900000|  0%| F|  |TAMS 0x000000008b800000, 0x000000008b800000| Untracked 
| 185|0x000000008b900000, 0x000000008b900000, 0x000000008ba00000|  0%| F|  |TAMS 0x000000008b900000, 0x000000008b900000| Untracked 
| 186|0x000000008ba00000, 0x000000008ba00000, 0x000000008bb00000|  0%| F|  |TAMS 0x000000008ba00000, 0x000000008ba00000| Untracked 
| 187|0x000000008bb00000, 0x000000008bb00000, 0x000000008bc00000|  0%| F|  |TAMS 0x000000008bb00000, 0x000000008bb00000| Untracked 
| 188|0x000000008bc00000, 0x000000008bc00000, 0x000000008bd00000|  0%| F|  |TAMS 0x000000008bc00000, 0x000000008bc00000| Untracked 
| 189|0x000000008bd00000, 0x000000008bd00000, 0x000000008be00000|  0%| F|  |TAMS 0x000000008bd00000, 0x000000008bd00000| Untracked 
| 190|0x000000008be00000, 0x000000008be00000, 0x000000008bf00000|  0%| F|  |TAMS 0x000000008be00000, 0x000000008be00000| Untracked 
| 191|0x000000008bf00000, 0x000000008bf80000, 0x000000008c000000| 50%| S|CS|TAMS 0x000000008bf00000, 0x000000008bf00000| Complete 
| 192|0x000000008c000000, 0x000000008c100000, 0x000000008c100000|100%| S|CS|TAMS 0x000000008c000000, 0x000000008c000000| Complete 
| 193|0x000000008c100000, 0x000000008c200000, 0x000000008c200000|100%| S|CS|TAMS 0x000000008c100000, 0x000000008c100000| Complete 
| 194|0x000000008c200000, 0x000000008c300000, 0x000000008c300000|100%| S|CS|TAMS 0x000000008c200000, 0x000000008c200000| Complete 
| 195|0x000000008c300000, 0x000000008c400000, 0x000000008c400000|100%| S|CS|TAMS 0x000000008c300000, 0x000000008c300000| Complete 
| 196|0x000000008c400000, 0x000000008c400000, 0x000000008c500000|  0%| F|  |TAMS 0x000000008c400000, 0x000000008c400000| Untracked 
| 197|0x000000008c500000, 0x000000008c500000, 0x000000008c600000|  0%| F|  |TAMS 0x000000008c500000, 0x000000008c500000| Untracked 
| 198|0x000000008c600000, 0x000000008c600000, 0x000000008c700000|  0%| F|  |TAMS 0x000000008c600000, 0x000000008c600000| Untracked 
| 199|0x000000008c700000, 0x000000008c700000, 0x000000008c800000|  0%| F|  |TAMS 0x000000008c700000, 0x000000008c700000| Untracked 
| 200|0x000000008c800000, 0x000000008c800000, 0x000000008c900000|  0%| F|  |TAMS 0x000000008c800000, 0x000000008c800000| Untracked 
| 201|0x000000008c900000, 0x000000008c900000, 0x000000008ca00000|  0%| F|  |TAMS 0x000000008c900000, 0x000000008c900000| Untracked 
| 202|0x000000008ca00000, 0x000000008ca00000, 0x000000008cb00000|  0%| F|  |TAMS 0x000000008ca00000, 0x000000008ca00000| Untracked 
| 203|0x000000008cb00000, 0x000000008cb00000, 0x000000008cc00000|  0%| F|  |TAMS 0x000000008cb00000, 0x000000008cb00000| Untracked 
| 204|0x000000008cc00000, 0x000000008cc00000, 0x000000008cd00000|  0%| F|  |TAMS 0x000000008cc00000, 0x000000008cc00000| Untracked 
| 205|0x000000008cd00000, 0x000000008cd00000, 0x000000008ce00000|  0%| F|  |TAMS 0x000000008cd00000, 0x000000008cd00000| Untracked 
| 206|0x000000008ce00000, 0x000000008ce00000, 0x000000008cf00000|  0%| F|  |TAMS 0x000000008ce00000, 0x000000008ce00000| Untracked 
| 207|0x000000008cf00000, 0x000000008cf00000, 0x000000008d000000|  0%| F|  |TAMS 0x000000008cf00000, 0x000000008cf00000| Untracked 
| 208|0x000000008d000000, 0x000000008d000000, 0x000000008d100000|  0%| F|  |TAMS 0x000000008d000000, 0x000000008d000000| Untracked 
| 209|0x000000008d100000, 0x000000008d100000, 0x000000008d200000|  0%| F|  |TAMS 0x000000008d100000, 0x000000008d100000| Untracked 
| 210|0x000000008d200000, 0x000000008d200000, 0x000000008d300000|  0%| F|  |TAMS 0x000000008d200000, 0x000000008d200000| Untracked 
| 211|0x000000008d300000, 0x000000008d300000, 0x000000008d400000|  0%| F|  |TAMS 0x000000008d300000, 0x000000008d300000| Untracked 
| 212|0x000000008d400000, 0x000000008d400000, 0x000000008d500000|  0%| F|  |TAMS 0x000000008d400000, 0x000000008d400000| Untracked 
| 213|0x000000008d500000, 0x000000008d500000, 0x000000008d600000|  0%| F|  |TAMS 0x000000008d500000, 0x000000008d500000| Untracked 
| 214|0x000000008d600000, 0x000000008d600000, 0x000000008d700000|  0%| F|  |TAMS 0x000000008d600000, 0x000000008d600000| Untracked 
| 215|0x000000008d700000, 0x000000008d700000, 0x000000008d800000|  0%| F|  |TAMS 0x000000008d700000, 0x000000008d700000| Untracked 
| 216|0x000000008d800000, 0x000000008d800000, 0x000000008d900000|  0%| F|  |TAMS 0x000000008d800000, 0x000000008d800000| Untracked 
| 217|0x000000008d900000, 0x000000008d900000, 0x000000008da00000|  0%| F|  |TAMS 0x000000008d900000, 0x000000008d900000| Untracked 
| 218|0x000000008da00000, 0x000000008da00000, 0x000000008db00000|  0%| F|  |TAMS 0x000000008da00000, 0x000000008da00000| Untracked 
| 219|0x000000008db00000, 0x000000008db00000, 0x000000008dc00000|  0%| F|  |TAMS 0x000000008db00000, 0x000000008db00000| Untracked 
| 220|0x000000008dc00000, 0x000000008dc00000, 0x000000008dd00000|  0%| F|  |TAMS 0x000000008dc00000, 0x000000008dc00000| Untracked 
| 221|0x000000008dd00000, 0x000000008dd00000, 0x000000008de00000|  0%| F|  |TAMS 0x000000008dd00000, 0x000000008dd00000| Untracked 
| 222|0x000000008de00000, 0x000000008de00000, 0x000000008df00000|  0%| F|  |TAMS 0x000000008de00000, 0x000000008de00000| Untracked 
| 223|0x000000008df00000, 0x000000008df00000, 0x000000008e000000|  0%| F|  |TAMS 0x000000008df00000, 0x000000008df00000| Untracked 
| 224|0x000000008e000000, 0x000000008e000000, 0x000000008e100000|  0%| F|  |TAMS 0x000000008e000000, 0x000000008e000000| Untracked 
| 225|0x000000008e100000, 0x000000008e100000, 0x000000008e200000|  0%| F|  |TAMS 0x000000008e100000, 0x000000008e100000| Untracked 
| 226|0x000000008e200000, 0x000000008e200000, 0x000000008e300000|  0%| F|  |TAMS 0x000000008e200000, 0x000000008e200000| Untracked 
| 227|0x000000008e300000, 0x000000008e300000, 0x000000008e400000|  0%| F|  |TAMS 0x000000008e300000, 0x000000008e300000| Untracked 
| 228|0x000000008e400000, 0x000000008e400000, 0x000000008e500000|  0%| F|  |TAMS 0x000000008e400000, 0x000000008e400000| Untracked 
| 229|0x000000008e500000, 0x000000008e500000, 0x000000008e600000|  0%| F|  |TAMS 0x000000008e500000, 0x000000008e500000| Untracked 
| 230|0x000000008e600000, 0x000000008e600000, 0x000000008e700000|  0%| F|  |TAMS 0x000000008e600000, 0x000000008e600000| Untracked 
| 231|0x000000008e700000, 0x000000008e700000, 0x000000008e800000|  0%| F|  |TAMS 0x000000008e700000, 0x000000008e700000| Untracked 
| 232|0x000000008e800000, 0x000000008e800000, 0x000000008e900000|  0%| F|  |TAMS 0x000000008e800000, 0x000000008e800000| Untracked 
| 233|0x000000008e900000, 0x000000008e900000, 0x000000008ea00000|  0%| F|  |TAMS 0x000000008e900000, 0x000000008e900000| Untracked 
| 234|0x000000008ea00000, 0x000000008ea00000, 0x000000008eb00000|  0%| F|  |TAMS 0x000000008ea00000, 0x000000008ea00000| Untracked 
| 235|0x000000008eb00000, 0x000000008eb00000, 0x000000008ec00000|  0%| F|  |TAMS 0x000000008eb00000, 0x000000008eb00000| Untracked 
| 236|0x000000008ec00000, 0x000000008ec00000, 0x000000008ed00000|  0%| F|  |TAMS 0x000000008ec00000, 0x000000008ec00000| Untracked 
| 237|0x000000008ed00000, 0x000000008ed00000, 0x000000008ee00000|  0%| F|  |TAMS 0x000000008ed00000, 0x000000008ed00000| Untracked 
| 238|0x000000008ee00000, 0x000000008ee00000, 0x000000008ef00000|  0%| F|  |TAMS 0x000000008ee00000, 0x000000008ee00000| Untracked 
| 239|0x000000008ef00000, 0x000000008ef00000, 0x000000008f000000|  0%| F|  |TAMS 0x000000008ef00000, 0x000000008ef00000| Untracked 
| 240|0x000000008f000000, 0x000000008f000000, 0x000000008f100000|  0%| F|  |TAMS 0x000000008f000000, 0x000000008f000000| Untracked 
| 241|0x000000008f100000, 0x000000008f100000, 0x000000008f200000|  0%| F|  |TAMS 0x000000008f100000, 0x000000008f100000| Untracked 
| 242|0x000000008f200000, 0x000000008f200000, 0x000000008f300000|  0%| F|  |TAMS 0x000000008f200000, 0x000000008f200000| Untracked 
| 243|0x000000008f300000, 0x000000008f300000, 0x000000008f400000|  0%| F|  |TAMS 0x000000008f300000, 0x000000008f300000| Untracked 
| 244|0x000000008f400000, 0x000000008f400000, 0x000000008f500000|  0%| F|  |TAMS 0x000000008f400000, 0x000000008f400000| Untracked 
| 245|0x000000008f500000, 0x000000008f500000, 0x000000008f600000|  0%| F|  |TAMS 0x000000008f500000, 0x000000008f500000| Untracked 
| 246|0x000000008f600000, 0x000000008f600000, 0x000000008f700000|  0%| F|  |TAMS 0x000000008f600000, 0x000000008f600000| Untracked 
| 247|0x000000008f700000, 0x000000008f700000, 0x000000008f800000|  0%| F|  |TAMS 0x000000008f700000, 0x000000008f700000| Untracked 
| 248|0x000000008f800000, 0x000000008f800000, 0x000000008f900000|  0%| F|  |TAMS 0x000000008f800000, 0x000000008f800000| Untracked 
| 249|0x000000008f900000, 0x000000008f900000, 0x000000008fa00000|  0%| F|  |TAMS 0x000000008f900000, 0x000000008f900000| Untracked 
| 250|0x000000008fa00000, 0x000000008fa00000, 0x000000008fb00000|  0%| F|  |TAMS 0x000000008fa00000, 0x000000008fa00000| Untracked 
| 251|0x000000008fb00000, 0x000000008fb00000, 0x000000008fc00000|  0%| F|  |TAMS 0x000000008fb00000, 0x000000008fb00000| Untracked 
| 252|0x000000008fc00000, 0x000000008fc00000, 0x000000008fd00000|  0%| F|  |TAMS 0x000000008fc00000, 0x000000008fc00000| Untracked 
| 253|0x000000008fd00000, 0x000000008fd00000, 0x000000008fe00000|  0%| F|  |TAMS 0x000000008fd00000, 0x000000008fd00000| Untracked 
| 254|0x000000008fe00000, 0x000000008fe00000, 0x000000008ff00000|  0%| F|  |TAMS 0x000000008fe00000, 0x000000008fe00000| Untracked 
| 255|0x000000008ff00000, 0x000000008ff00000, 0x0000000090000000|  0%| F|  |TAMS 0x000000008ff00000, 0x000000008ff00000| Untracked 
| 256|0x0000000090000000, 0x00000000900d3828, 0x0000000090100000| 82%| E|  |TAMS 0x0000000090000000, 0x0000000090000000| Complete 
| 257|0x0000000090100000, 0x0000000090200000, 0x0000000090200000|100%| E|CS|TAMS 0x0000000090100000, 0x0000000090100000| Complete 
| 258|0x0000000090200000, 0x0000000090300000, 0x0000000090300000|100%| E|CS|TAMS 0x0000000090200000, 0x0000000090200000| Complete 
| 259|0x0000000090300000, 0x0000000090400000, 0x0000000090400000|100%| E|CS|TAMS 0x0000000090300000, 0x0000000090300000| Complete 
| 260|0x0000000090400000, 0x0000000090500000, 0x0000000090500000|100%| E|CS|TAMS 0x0000000090400000, 0x0000000090400000| Complete 
| 261|0x0000000090500000, 0x0000000090600000, 0x0000000090600000|100%| E|CS|TAMS 0x0000000090500000, 0x0000000090500000| Complete 
| 262|0x0000000090600000, 0x0000000090700000, 0x0000000090700000|100%| E|CS|TAMS 0x0000000090600000, 0x0000000090600000| Complete 
| 263|0x0000000090700000, 0x0000000090800000, 0x0000000090800000|100%| E|CS|TAMS 0x0000000090700000, 0x0000000090700000| Complete 
| 264|0x0000000090800000, 0x0000000090900000, 0x0000000090900000|100%| E|CS|TAMS 0x0000000090800000, 0x0000000090800000| Complete 
| 265|0x0000000090900000, 0x0000000090a00000, 0x0000000090a00000|100%| E|CS|TAMS 0x0000000090900000, 0x0000000090900000| Complete 
| 266|0x0000000090a00000, 0x0000000090b00000, 0x0000000090b00000|100%| E|CS|TAMS 0x0000000090a00000, 0x0000000090a00000| Complete 
| 267|0x0000000090b00000, 0x0000000090c00000, 0x0000000090c00000|100%| E|CS|TAMS 0x0000000090b00000, 0x0000000090b00000| Complete 
| 268|0x0000000090c00000, 0x0000000090d00000, 0x0000000090d00000|100%| E|CS|TAMS 0x0000000090c00000, 0x0000000090c00000| Complete 
| 269|0x0000000090d00000, 0x0000000090e00000, 0x0000000090e00000|100%| E|CS|TAMS 0x0000000090d00000, 0x0000000090d00000| Complete 
| 270|0x0000000090e00000, 0x0000000090f00000, 0x0000000090f00000|100%| E|CS|TAMS 0x0000000090e00000, 0x0000000090e00000| Complete 
| 271|0x0000000090f00000, 0x0000000091000000, 0x0000000091000000|100%| E|  |TAMS 0x0000000090f00000, 0x0000000090f00000| Complete 
| 272|0x0000000091000000, 0x0000000091100000, 0x0000000091100000|100%| E|CS|TAMS 0x0000000091000000, 0x0000000091000000| Complete 
| 273|0x0000000091100000, 0x0000000091200000, 0x0000000091200000|100%| E|CS|TAMS 0x0000000091100000, 0x0000000091100000| Complete 
| 274|0x0000000091200000, 0x0000000091300000, 0x0000000091300000|100%| E|CS|TAMS 0x0000000091200000, 0x0000000091200000| Complete 
| 275|0x0000000091300000, 0x0000000091400000, 0x0000000091400000|100%| E|CS|TAMS 0x0000000091300000, 0x0000000091300000| Complete 
| 276|0x0000000091400000, 0x0000000091500000, 0x0000000091500000|100%| E|CS|TAMS 0x0000000091400000, 0x0000000091400000| Complete 
| 277|0x0000000091500000, 0x0000000091600000, 0x0000000091600000|100%| E|CS|TAMS 0x0000000091500000, 0x0000000091500000| Complete 
| 278|0x0000000091600000, 0x0000000091700000, 0x0000000091700000|100%| E|CS|TAMS 0x0000000091600000, 0x0000000091600000| Complete 
| 279|0x0000000091700000, 0x0000000091800000, 0x0000000091800000|100%| E|CS|TAMS 0x0000000091700000, 0x0000000091700000| Complete 
| 280|0x0000000091800000, 0x0000000091900000, 0x0000000091900000|100%| E|CS|TAMS 0x0000000091800000, 0x0000000091800000| Complete 
| 281|0x0000000091900000, 0x0000000091a00000, 0x0000000091a00000|100%| E|CS|TAMS 0x0000000091900000, 0x0000000091900000| Complete 
| 282|0x0000000091a00000, 0x0000000091b00000, 0x0000000091b00000|100%| E|CS|TAMS 0x0000000091a00000, 0x0000000091a00000| Complete 
| 283|0x0000000091b00000, 0x0000000091c00000, 0x0000000091c00000|100%| E|CS|TAMS 0x0000000091b00000, 0x0000000091b00000| Complete 
| 284|0x0000000091c00000, 0x0000000091d00000, 0x0000000091d00000|100%| E|CS|TAMS 0x0000000091c00000, 0x0000000091c00000| Complete 
| 285|0x0000000091d00000, 0x0000000091e00000, 0x0000000091e00000|100%| E|CS|TAMS 0x0000000091d00000, 0x0000000091d00000| Complete 
| 286|0x0000000091e00000, 0x0000000091f00000, 0x0000000091f00000|100%| E|CS|TAMS 0x0000000091e00000, 0x0000000091e00000| Complete 
| 287|0x0000000091f00000, 0x0000000092000000, 0x0000000092000000|100%| E|CS|TAMS 0x0000000091f00000, 0x0000000091f00000| Complete 
| 288|0x0000000092000000, 0x0000000092100000, 0x0000000092100000|100%| E|CS|TAMS 0x0000000092000000, 0x0000000092000000| Complete 
| 289|0x0000000092100000, 0x0000000092200000, 0x0000000092200000|100%| E|CS|TAMS 0x0000000092100000, 0x0000000092100000| Complete 
| 290|0x0000000092200000, 0x0000000092300000, 0x0000000092300000|100%| E|CS|TAMS 0x0000000092200000, 0x0000000092200000| Complete 
| 291|0x0000000092300000, 0x0000000092400000, 0x0000000092400000|100%| E|CS|TAMS 0x0000000092300000, 0x0000000092300000| Complete 
| 292|0x0000000092400000, 0x0000000092500000, 0x0000000092500000|100%| E|CS|TAMS 0x0000000092400000, 0x0000000092400000| Complete 
| 293|0x0000000092500000, 0x0000000092600000, 0x0000000092600000|100%| E|CS|TAMS 0x0000000092500000, 0x0000000092500000| Complete 
| 294|0x0000000092600000, 0x0000000092700000, 0x0000000092700000|100%| E|CS|TAMS 0x0000000092600000, 0x0000000092600000| Complete 
| 295|0x0000000092700000, 0x0000000092800000, 0x0000000092800000|100%| E|CS|TAMS 0x0000000092700000, 0x0000000092700000| Complete 
| 296|0x0000000092800000, 0x0000000092900000, 0x0000000092900000|100%| E|CS|TAMS 0x0000000092800000, 0x0000000092800000| Complete 
| 297|0x0000000092900000, 0x0000000092a00000, 0x0000000092a00000|100%| E|CS|TAMS 0x0000000092900000, 0x0000000092900000| Complete 
| 298|0x0000000092a00000, 0x0000000092b00000, 0x0000000092b00000|100%| E|CS|TAMS 0x0000000092a00000, 0x0000000092a00000| Complete 
| 299|0x0000000092b00000, 0x0000000092c00000, 0x0000000092c00000|100%| E|CS|TAMS 0x0000000092b00000, 0x0000000092b00000| Complete 
| 300|0x0000000092c00000, 0x0000000092d00000, 0x0000000092d00000|100%| E|CS|TAMS 0x0000000092c00000, 0x0000000092c00000| Complete 
| 301|0x0000000092d00000, 0x0000000092e00000, 0x0000000092e00000|100%| E|CS|TAMS 0x0000000092d00000, 0x0000000092d00000| Complete 
| 302|0x0000000092e00000, 0x0000000092f00000, 0x0000000092f00000|100%| E|CS|TAMS 0x0000000092e00000, 0x0000000092e00000| Complete 
| 303|0x0000000092f00000, 0x0000000093000000, 0x0000000093000000|100%| E|CS|TAMS 0x0000000092f00000, 0x0000000092f00000| Complete 
| 304|0x0000000093000000, 0x0000000093100000, 0x0000000093100000|100%| E|CS|TAMS 0x0000000093000000, 0x0000000093000000| Complete 
| 305|0x0000000093100000, 0x0000000093200000, 0x0000000093200000|100%| E|CS|TAMS 0x0000000093100000, 0x0000000093100000| Complete 
| 306|0x0000000093200000, 0x0000000093300000, 0x0000000093300000|100%| E|CS|TAMS 0x0000000093200000, 0x0000000093200000| Complete 
| 307|0x0000000093300000, 0x0000000093400000, 0x0000000093400000|100%| E|CS|TAMS 0x0000000093300000, 0x0000000093300000| Complete 
| 308|0x0000000093400000, 0x0000000093500000, 0x0000000093500000|100%| E|CS|TAMS 0x0000000093400000, 0x0000000093400000| Complete 
| 309|0x0000000093500000, 0x0000000093600000, 0x0000000093600000|100%| E|CS|TAMS 0x0000000093500000, 0x0000000093500000| Complete 
| 310|0x0000000093600000, 0x0000000093700000, 0x0000000093700000|100%| E|CS|TAMS 0x0000000093600000, 0x0000000093600000| Complete 
| 311|0x0000000093700000, 0x0000000093800000, 0x0000000093800000|100%| E|CS|TAMS 0x0000000093700000, 0x0000000093700000| Complete 
| 312|0x0000000093800000, 0x0000000093900000, 0x0000000093900000|100%| E|CS|TAMS 0x0000000093800000, 0x0000000093800000| Complete 
| 313|0x0000000093900000, 0x0000000093a00000, 0x0000000093a00000|100%| E|CS|TAMS 0x0000000093900000, 0x0000000093900000| Complete 
| 314|0x0000000093a00000, 0x0000000093b00000, 0x0000000093b00000|100%| E|CS|TAMS 0x0000000093a00000, 0x0000000093a00000| Complete 
| 315|0x0000000093b00000, 0x0000000093c00000, 0x0000000093c00000|100%| E|CS|TAMS 0x0000000093b00000, 0x0000000093b00000| Complete 
| 316|0x0000000093c00000, 0x0000000093d00000, 0x0000000093d00000|100%| E|CS|TAMS 0x0000000093c00000, 0x0000000093c00000| Complete 
| 317|0x0000000093d00000, 0x0000000093e00000, 0x0000000093e00000|100%| E|CS|TAMS 0x0000000093d00000, 0x0000000093d00000| Complete 
| 318|0x0000000093e00000, 0x0000000093f00000, 0x0000000093f00000|100%| E|CS|TAMS 0x0000000093e00000, 0x0000000093e00000| Complete 
| 319|0x0000000093f00000, 0x0000000094000000, 0x0000000094000000|100%| E|CS|TAMS 0x0000000093f00000, 0x0000000093f00000| Complete 
| 320|0x0000000094000000, 0x0000000094100000, 0x0000000094100000|100%| E|CS|TAMS 0x0000000094000000, 0x0000000094000000| Complete 
| 321|0x0000000094100000, 0x0000000094200000, 0x0000000094200000|100%| E|CS|TAMS 0x0000000094100000, 0x0000000094100000| Complete 
| 322|0x0000000094200000, 0x0000000094300000, 0x0000000094300000|100%| E|CS|TAMS 0x0000000094200000, 0x0000000094200000| Complete 
| 323|0x0000000094300000, 0x0000000094400000, 0x0000000094400000|100%| E|CS|TAMS 0x0000000094300000, 0x0000000094300000| Complete 
| 324|0x0000000094400000, 0x0000000094500000, 0x0000000094500000|100%| E|CS|TAMS 0x0000000094400000, 0x0000000094400000| Complete 
| 325|0x0000000094500000, 0x0000000094600000, 0x0000000094600000|100%| E|CS|TAMS 0x0000000094500000, 0x0000000094500000| Complete 
| 326|0x0000000094600000, 0x0000000094700000, 0x0000000094700000|100%| E|CS|TAMS 0x0000000094600000, 0x0000000094600000| Complete 

Card table byte_map: [0x00000168f3b50000,0x00000168f3f50000] _byte_map_base: 0x00000168f3750000

Marking Bits (Prev, Next): (CMBitMap*) 0x00000168ede3e390, (CMBitMap*) 0x00000168ede3e358
 Prev Bits: [0x00000168f6350000, 0x00000168f8350000)
 Next Bits: [0x00000168f4350000, 0x00000168f6350000)

Polling page: 0x00000168edbf0000

Metaspace:

Usage:
  Non-class:     87.14 MB capacity,    85.59 MB ( 98%) used,     1.29 MB (  1%) free+waste,   268.19 KB ( <1%) overhead. 
      Class:     12.75 MB capacity,    11.97 MB ( 94%) used,   689.35 KB (  5%) free+waste,   113.19 KB ( <1%) overhead. 
       Both:     99.90 MB capacity,    97.56 MB ( 98%) used,     1.96 MB (  2%) free+waste,   381.38 KB ( <1%) overhead. 

Virtual space:
  Non-class space:       88.00 MB reserved,      87.20 MB (>99%) committed 
      Class space:        1.00 GB reserved,      12.88 MB (  1%) committed 
             Both:        1.09 GB reserved,     100.07 MB (  9%) committed 

Chunk freelists:
   Non-Class:  0 bytes
       Class:  0 bytes
        Both:  0 bytes

MaxMetaspaceSize: 17179869184.00 GB
CompressedClassSpaceSize: 1.00 GB

CodeHeap 'non-profiled nmethods': size=120064Kb used=12874Kb max_used=13235Kb free=107189Kb
 bounds [0x0000016887ac0000, 0x00000168887b0000, 0x000001688f000000]
CodeHeap 'profiled nmethods': size=120000Kb used=43166Kb max_used=45744Kb free=76833Kb
 bounds [0x0000016880590000, 0x0000016883260000, 0x0000016887ac0000]
CodeHeap 'non-nmethods': size=5696Kb used=2310Kb max_used=2399Kb free=3385Kb
 bounds [0x0000016880000000, 0x0000016880270000, 0x0000016880590000]
 total_blobs=18561 nmethods=17642 adapters=828
 compilation: enabled
              stopped_count=0, restarted_count=0
 full_count=0

Compilation events (20 events):
Event: 68.770 Thread 0x00000168fa97d800 20919       2       org.gradle.cache.internal.btree.FileBackedBlockStore$BlockImpl::getSize (27 bytes)
Event: 68.770 Thread 0x00000168fa97d800 nmethod 20919 0x000001688089ea10 code [0x000001688089ebc0, 0x000001688089ed08]
Event: 68.770 Thread 0x00000168fa97d800 20920       2       org.gradle.cache.internal.btree.FreeListBlockStore$FreeListBlock::getNextBlock (45 bytes)
Event: 68.771 Thread 0x00000168fa97d800 nmethod 20920 0x00000168814d8c90 code [0x00000168814d8e60, 0x00000168814d90a8]
Event: 68.771 Thread 0x00000168fa97d800 20921       3       com.android.tools.r8.graph.a0::a (299 bytes)
Event: 68.771 Thread 0x00000168fa97d800 nmethod 20921 0x0000016881516910 code [0x0000016881516b60, 0x0000016881517458]
Event: 68.786 Thread 0x00000168fa97d800 20926       2       com.google.common.collect.FluentIterable$3$1::get (15 bytes)
Event: 68.786 Thread 0x00000168fa97d800 nmethod 20926 0x00000168814d9d90 code [0x00000168814d9f40, 0x00000168814da088]
Event: 68.791 Thread 0x00000168fa97d800 20929       2       com.google.common.collect.Maps$IteratorBasedAbstractMap::<init> (5 bytes)
Event: 68.791 Thread 0x00000168fa97d800 nmethod 20929 0x0000016880ce3290 code [0x0000016880ce3440, 0x0000016880ce3538]
Event: 68.793 Thread 0x00000168fa97d800 20930       2       com.android.tools.r8.dex.K::a (86 bytes)
Event: 68.794 Thread 0x00000168fa97d800 nmethod 20930 0x0000016881572e10 code [0x0000016881573040, 0x00000168815734f8]
Event: 68.798 Thread 0x00000168fa97d800 20934       1       com.android.tools.r8.dex.K::b (5 bytes)
Event: 68.798 Thread 0x00000168fa97d800 nmethod 20934 0x0000016887b52010 code [0x0000016887b521c0, 0x0000016887b52258]
Event: 68.807 Thread 0x00000168fa97d800 20943       2       org.gradle.internal.execution.history.impl.FingerprintMapSerializer::write (76 bytes)
Event: 68.808 Thread 0x00000168fa97d800 nmethod 20943 0x0000016881572690 code [0x00000168815728c0, 0x0000016881572c28]
Event: 68.812 Thread 0x00000168fa97d800 20946       2       com.android.tools.r8.code.c0::a (1 bytes)
Event: 68.812 Thread 0x00000168fa97d800 nmethod 20946 0x00000168812b5f10 code [0x00000168812b60c0, 0x00000168812b61b8]
Event: 68.836 Thread 0x00000168fa97d800 20956       2       com.android.tools.r8.s.a.b.h::a (120 bytes)
Event: 68.837 Thread 0x00000168fa97d800 nmethod 20956 0x0000016881571d10 code [0x0000016881571f20, 0x0000016881572448]

GC Heap History (20 events):
Event: 57.445 GC heap before
{Heap before GC invocations=62 (full 0):
 garbage-first heap   total 334848K, used 285789K [0x0000000080000000, 0x0000000100000000)
  region size 1024K, 142 young (145408K), 6 survivors (6144K)
 Metaspace       used 99487K, capacity 101854K, committed 102092K, reserved 1138688K
  class space    used 12230K, capacity 13045K, committed 13056K, reserved 1048576K
}
Event: 57.453 GC heap after
{Heap after GC invocations=63 (full 0):
 garbage-first heap   total 334848K, used 146063K [0x0000000080000000, 0x0000000100000000)
  region size 1024K, 6 young (6144K), 6 survivors (6144K)
 Metaspace       used 99487K, capacity 101854K, committed 102092K, reserved 1138688K
  class space    used 12230K, capacity 13045K, committed 13056K, reserved 1048576K
}
Event: 58.042 GC heap before
{Heap before GC invocations=63 (full 0):
 garbage-first heap   total 334848K, used 286351K [0x0000000080000000, 0x0000000100000000)
  region size 1024K, 143 young (146432K), 6 survivors (6144K)
 Metaspace       used 99493K, capacity 101856K, committed 102092K, reserved 1138688K
  class space    used 12230K, capacity 13045K, committed 13056K, reserved 1048576K
}
Event: 58.051 GC heap after
{Heap after GC invocations=64 (full 0):
 garbage-first heap   total 334848K, used 146833K [0x0000000080000000, 0x0000000100000000)
  region size 1024K, 7 young (7168K), 7 survivors (7168K)
 Metaspace       used 99493K, capacity 101856K, committed 102092K, reserved 1138688K
  class space    used 12230K, capacity 13045K, committed 13056K, reserved 1048576K
}
Event: 58.944 GC heap before
{Heap before GC invocations=64 (full 0):
 garbage-first heap   total 334848K, used 288145K [0x0000000080000000, 0x0000000100000000)
  region size 1024K, 145 young (148480K), 7 survivors (7168K)
 Metaspace       used 99507K, capacity 101865K, committed 102092K, reserved 1138688K
  class space    used 12231K, capacity 13048K, committed 13056K, reserved 1048576K
}
Event: 58.952 GC heap after
{Heap after GC invocations=65 (full 0):
 garbage-first heap   total 334848K, used 147593K [0x0000000080000000, 0x0000000100000000)
  region size 1024K, 7 young (7168K), 7 survivors (7168K)
 Metaspace       used 99507K, capacity 101865K, committed 102092K, reserved 1138688K
  class space    used 12231K, capacity 13048K, committed 13056K, reserved 1048576K
}
Event: 59.581 GC heap before
{Heap before GC invocations=65 (full 0):
 garbage-first heap   total 334848K, used 290953K [0x0000000080000000, 0x0000000100000000)
  region size 1024K, 147 young (150528K), 7 survivors (7168K)
 Metaspace       used 99509K, capacity 101866K, committed 102092K, reserved 1138688K
  class space    used 12231K, capacity 13048K, committed 13056K, reserved 1048576K
}
Event: 59.593 GC heap after
{Heap after GC invocations=66 (full 0):
 garbage-first heap   total 334848K, used 148240K [0x0000000080000000, 0x0000000100000000)
  region size 1024K, 8 young (8192K), 8 survivors (8192K)
 Metaspace       used 99509K, capacity 101866K, committed 102092K, reserved 1138688K
  class space    used 12231K, capacity 13048K, committed 13056K, reserved 1048576K
}
Event: 60.059 GC heap before
{Heap before GC invocations=66 (full 0):
 garbage-first heap   total 334848K, used 290576K [0x0000000080000000, 0x0000000100000000)
  region size 1024K, 147 young (150528K), 8 survivors (8192K)
 Metaspace       used 99511K, capacity 101867K, committed 102092K, reserved 1138688K
  class space    used 12231K, capacity 13048K, committed 13056K, reserved 1048576K
}
Event: 60.069 GC heap after
{Heap after GC invocations=67 (full 0):
 garbage-first heap   total 334848K, used 149321K [0x0000000080000000, 0x0000000100000000)
  region size 1024K, 9 young (9216K), 9 survivors (9216K)
 Metaspace       used 99511K, capacity 101867K, committed 102092K, reserved 1138688K
  class space    used 12231K, capacity 13048K, committed 13056K, reserved 1048576K
}
Event: 60.619 GC heap before
{Heap before GC invocations=67 (full 0):
 garbage-first heap   total 334848K, used 290633K [0x0000000080000000, 0x0000000100000000)
  region size 1024K, 147 young (150528K), 9 survivors (9216K)
 Metaspace       used 99587K, capacity 101939K, committed 102092K, reserved 1138688K
  class space    used 12245K, capacity 13050K, committed 13056K, reserved 1048576K
}
Event: 60.629 GC heap after
{Heap after GC invocations=68 (full 0):
 garbage-first heap   total 334848K, used 149819K [0x0000000080000000, 0x0000000100000000)
  region size 1024K, 9 young (9216K), 9 survivors (9216K)
 Metaspace       used 99587K, capacity 101939K, committed 102092K, reserved 1138688K
  class space    used 12245K, capacity 13050K, committed 13056K, reserved 1048576K
}
Event: 61.063 GC heap before
{Heap before GC invocations=68 (full 0):
 garbage-first heap   total 334848K, used 291131K [0x0000000080000000, 0x0000000100000000)
  region size 1024K, 147 young (150528K), 9 survivors (9216K)
 Metaspace       used 99588K, capacity 101939K, committed 102092K, reserved 1138688K
  class space    used 12245K, capacity 13050K, committed 13056K, reserved 1048576K
}
Event: 61.077 GC heap after
{Heap after GC invocations=69 (full 0):
 garbage-first heap   total 334848K, used 152187K [0x0000000080000000, 0x0000000100000000)
  region size 1024K, 11 young (11264K), 11 survivors (11264K)
 Metaspace       used 99588K, capacity 101939K, committed 102092K, reserved 1138688K
  class space    used 12245K, capacity 13050K, committed 13056K, reserved 1048576K
}
Event: 62.143 GC heap before
{Heap before GC invocations=69 (full 0):
 garbage-first heap   total 334848K, used 289403K [0x0000000080000000, 0x0000000100000000)
  region size 1024K, 145 young (148480K), 11 survivors (11264K)
 Metaspace       used 99597K, capacity 101939K, committed 102092K, reserved 1138688K
  class space    used 12245K, capacity 13050K, committed 13056K, reserved 1048576K
}
Event: 62.155 GC heap after
{Heap after GC invocations=70 (full 0):
 garbage-first heap   total 334848K, used 151322K [0x0000000080000000, 0x0000000100000000)
  region size 1024K, 9 young (9216K), 9 survivors (9216K)
 Metaspace       used 99597K, capacity 101939K, committed 102092K, reserved 1138688K
  class space    used 12245K, capacity 13050K, committed 13056K, reserved 1048576K
}
Event: 64.735 GC heap before
{Heap before GC invocations=70 (full 0):
 garbage-first heap   total 334848K, used 290586K [0x0000000080000000, 0x0000000100000000)
  region size 1024K, 146 young (149504K), 9 survivors (9216K)
 Metaspace       used 99726K, capacity 102043K, committed 102092K, reserved 1138688K
  class space    used 12245K, capacity 13050K, committed 13056K, reserved 1048576K
}
Event: 64.747 GC heap after
{Heap after GC invocations=71 (full 0):
 garbage-first heap   total 334848K, used 154422K [0x0000000080000000, 0x0000000100000000)
  region size 1024K, 12 young (12288K), 12 survivors (12288K)
 Metaspace       used 99726K, capacity 102043K, committed 102092K, reserved 1138688K
  class space    used 12245K, capacity 13050K, committed 13056K, reserved 1048576K
}
Event: 68.130 GC heap before
{Heap before GC invocations=71 (full 0):
 garbage-first heap   total 334848K, used 287542K [0x0000000080000000, 0x0000000100000000)
  region size 1024K, 143 young (146432K), 12 survivors (12288K)
 Metaspace       used 99785K, capacity 102074K, committed 102092K, reserved 1138688K
  class space    used 12246K, capacity 13052K, committed 13056K, reserved 1048576K
}
Event: 68.138 GC heap after
{Heap after GC invocations=72 (full 0):
 garbage-first heap   total 334848K, used 148849K [0x0000000080000000, 0x0000000100000000)
  region size 1024K, 5 young (5120K), 5 survivors (5120K)
 Metaspace       used 99785K, capacity 102074K, committed 102092K, reserved 1138688K
  class space    used 12246K, capacity 13052K, committed 13056K, reserved 1048576K
}

Deoptimization events (20 events):
Event: 68.651 Thread 0x00000168ff2ed800 Uncommon trap: trap_request=0xffffffbe fr.pc=0x0000016887fcf1fc relative=0x000000000000175c
Event: 68.651 Thread 0x00000168ff2ed800 Uncommon trap: reason=profile_predicate action=maybe_recompile pc=0x0000016887fcf1fc method=com.android.tools.r8.graph.b0.a(Lcom/android/tools/r8/graph/b0;)I @ 45 c2
Event: 68.651 Thread 0x00000168ff2ed800 DEOPT PACKING pc=0x0000016887fcf1fc sp=0x00000049338fe7e0
Event: 68.651 Thread 0x00000168ff2ed800 DEOPT UNPACKING pc=0x000001688002662f sp=0x00000049338fe650 mode 2
Event: 68.653 Thread 0x00000168918ea800 Uncommon trap: trap_request=0xffffffbe fr.pc=0x0000016887fcf1fc relative=0x000000000000175c
Event: 68.653 Thread 0x00000168918ea800 Uncommon trap: reason=profile_predicate action=maybe_recompile pc=0x0000016887fcf1fc method=com.android.tools.r8.graph.b0.a(Lcom/android/tools/r8/graph/b0;)I @ 45 c2
Event: 68.653 Thread 0x00000168918ea800 DEOPT PACKING pc=0x0000016887fcf1fc sp=0x000000492edfe8a0
Event: 68.653 Thread 0x00000168918ea800 DEOPT UNPACKING pc=0x000001688002662f sp=0x000000492edfe710 mode 2
Event: 68.653 Thread 0x00000168918ea800 Uncommon trap: trap_request=0xffffffbe fr.pc=0x0000016887fcf1fc relative=0x000000000000175c
Event: 68.653 Thread 0x00000168918ea800 Uncommon trap: reason=profile_predicate action=maybe_recompile pc=0x0000016887fcf1fc method=com.android.tools.r8.graph.b0.a(Lcom/android/tools/r8/graph/b0;)I @ 45 c2
Event: 68.653 Thread 0x00000168918ea800 DEOPT PACKING pc=0x0000016887fcf1fc sp=0x000000492edfe8a0
Event: 68.653 Thread 0x00000168918ea800 DEOPT UNPACKING pc=0x000001688002662f sp=0x000000492edfe710 mode 2
Event: 68.653 Thread 0x00000168918ea800 Uncommon trap: trap_request=0xffffffbe fr.pc=0x0000016887fcf1fc relative=0x000000000000175c
Event: 68.653 Thread 0x00000168918ea800 Uncommon trap: reason=profile_predicate action=maybe_recompile pc=0x0000016887fcf1fc method=com.android.tools.r8.graph.b0.a(Lcom/android/tools/r8/graph/b0;)I @ 45 c2
Event: 68.654 Thread 0x00000168918ea800 DEOPT PACKING pc=0x0000016887fcf1fc sp=0x000000492edfe8a0
Event: 68.654 Thread 0x00000168918ea800 DEOPT UNPACKING pc=0x000001688002662f sp=0x000000492edfe710 mode 2
Event: 68.773 Thread 0x00000168ff9e5000 Uncommon trap: trap_request=0xfffffff4 fr.pc=0x00000168887a67f8 relative=0x0000000000000338
Event: 68.773 Thread 0x00000168ff9e5000 Uncommon trap: reason=null_check action=make_not_entrant pc=0x00000168887a67f8 method=com.android.tools.r8.s.a.b.h.a(Ljava/lang/Object;)V @ 71 c2
Event: 68.773 Thread 0x00000168ff9e5000 DEOPT PACKING pc=0x00000168887a67f8 sp=0x00000049324fdaf0
Event: 68.773 Thread 0x00000168ff9e5000 DEOPT UNPACKING pc=0x000001688002662f sp=0x00000049324fda98 mode 2

Classes redefined (0 events):
No events

Internal exceptions (20 events):
Event: 66.448 Thread 0x00000168ff9e0800 Exception <a 'sun/nio/fs/WindowsException'{0x000000008ded6ce0}> (0x000000008ded6ce0) thrown at [./src/hotspot/share/prims/jni.cpp, line 615]
Event: 66.449 Thread 0x00000168ff9e0800 Exception <a 'sun/nio/fs/WindowsException'{0x000000008dee3e20}> (0x000000008dee3e20) thrown at [./src/hotspot/share/prims/jni.cpp, line 615]
Event: 66.451 Thread 0x00000168ff9e0800 Exception <a 'sun/nio/fs/WindowsException'{0x000000008def1810}> (0x000000008def1810) thrown at [./src/hotspot/share/prims/jni.cpp, line 615]
Event: 66.452 Thread 0x00000168ff9e0800 Exception <a 'sun/nio/fs/WindowsException'{0x000000008def8a08}> (0x000000008def8a08) thrown at [./src/hotspot/share/prims/jni.cpp, line 615]
Event: 66.453 Thread 0x00000168ff9e0800 Exception <a 'sun/nio/fs/WindowsException'{0x000000008defeba8}> (0x000000008defeba8) thrown at [./src/hotspot/share/prims/jni.cpp, line 615]
Event: 66.454 Thread 0x00000168ff9e0800 Exception <a 'sun/nio/fs/WindowsException'{0x000000008dcc7d70}> (0x000000008dcc7d70) thrown at [./src/hotspot/share/prims/jni.cpp, line 615]
Event: 66.455 Thread 0x00000168ff9e0800 Exception <a 'sun/nio/fs/WindowsException'{0x000000008dcd1e30}> (0x000000008dcd1e30) thrown at [./src/hotspot/share/prims/jni.cpp, line 615]
Event: 66.518 Thread 0x00000168ff9e0800 Exception <a 'sun/nio/fs/WindowsException'{0x000000008dcd94b0}> (0x000000008dcd94b0) thrown at [./src/hotspot/share/prims/jni.cpp, line 615]
Event: 66.519 Thread 0x00000168ff9e0800 Exception <a 'sun/nio/fs/WindowsException'{0x000000008dce6168}> (0x000000008dce6168) thrown at [./src/hotspot/share/prims/jni.cpp, line 615]
Event: 66.521 Thread 0x00000168ff9e0800 Exception <a 'sun/nio/fs/WindowsException'{0x000000008dced6a8}> (0x000000008dced6a8) thrown at [./src/hotspot/share/prims/jni.cpp, line 615]
Event: 66.522 Thread 0x00000168ff9e0800 Exception <a 'sun/nio/fs/WindowsException'{0x000000008dcf61f8}> (0x000000008dcf61f8) thrown at [./src/hotspot/share/prims/jni.cpp, line 615]
Event: 66.523 Thread 0x00000168ff9e0800 Exception <a 'sun/nio/fs/WindowsException'{0x000000008dcfcc90}> (0x000000008dcfcc90) thrown at [./src/hotspot/share/prims/jni.cpp, line 615]
Event: 66.524 Thread 0x00000168ff9e0800 Exception <a 'sun/nio/fs/WindowsException'{0x000000008d885e90}> (0x000000008d885e90) thrown at [./src/hotspot/share/prims/jni.cpp, line 615]
Event: 66.525 Thread 0x00000168ff9e0800 Exception <a 'sun/nio/fs/WindowsException'{0x000000008d88c100}> (0x000000008d88c100) thrown at [./src/hotspot/share/prims/jni.cpp, line 615]
Event: 66.526 Thread 0x00000168ff9e0800 Exception <a 'sun/nio/fs/WindowsException'{0x000000008d8937b8}> (0x000000008d8937b8) thrown at [./src/hotspot/share/prims/jni.cpp, line 615]
Event: 66.527 Thread 0x00000168ff9e0800 Exception <a 'sun/nio/fs/WindowsException'{0x000000008d899a70}> (0x000000008d899a70) thrown at [./src/hotspot/share/prims/jni.cpp, line 615]
Event: 66.528 Thread 0x00000168ff9e0800 Exception <a 'sun/nio/fs/WindowsException'{0x000000008d89fca0}> (0x000000008d89fca0) thrown at [./src/hotspot/share/prims/jni.cpp, line 615]
Event: 66.530 Thread 0x00000168ff9e0800 Exception <a 'sun/nio/fs/WindowsException'{0x000000008d8c0a48}> (0x000000008d8c0a48) thrown at [./src/hotspot/share/prims/jni.cpp, line 615]
Event: 66.531 Thread 0x00000168ff9e0800 Exception <a 'sun/nio/fs/WindowsException'{0x000000008d8c9bb0}> (0x000000008d8c9bb0) thrown at [./src/hotspot/share/prims/jni.cpp, line 615]
Event: 68.266 Thread 0x00000168ff9e5000 Exception <a 'sun/nio/fs/WindowsException'{0x0000000094076788}> (0x0000000094076788) thrown at [./src/hotspot/share/prims/jni.cpp, line 615]

Events (20 events):
Event: 68.698 Thread 0x00000168fa97f800 flushing nmethod 0x00000168825a5290
Event: 68.698 Thread 0x00000168fa97f800 flushing nmethod 0x00000168825b8510
Event: 68.698 Thread 0x00000168fa97f800 flushing nmethod 0x00000168825d4910
Event: 68.698 Thread 0x00000168fa97f800 flushing nmethod 0x0000016882600190
Event: 68.698 Thread 0x00000168fa97f800 flushing nmethod 0x0000016882600690
Event: 68.698 Thread 0x00000168fa97f800 flushing nmethod 0x0000016882605810
Event: 68.698 Thread 0x00000168fa97f800 flushing nmethod 0x000001688261ad10
Event: 68.698 Thread 0x00000168fa97f800 flushing nmethod 0x000001688265c790
Event: 68.748 Executing VM operation: ICBufferFull
Event: 68.767 Executing VM operation: ICBufferFull done
Event: 68.770 Executing VM operation: RevokeBias
Event: 68.770 Executing VM operation: RevokeBias done
Event: 68.770 Executing VM operation: RevokeBias
Event: 68.770 Executing VM operation: RevokeBias done
Event: 68.770 Executing VM operation: RevokeBias
Event: 68.770 Executing coalesced safepoint VM operation: RevokeBias
Event: 68.770 Executing coalesced safepoint VM operation: RevokeBias done
Event: 68.770 Executing coalesced safepoint VM operation: RevokeBias
Event: 68.770 Executing coalesced safepoint VM operation: RevokeBias done
Event: 68.770 Executing VM operation: RevokeBias done


Dynamic libraries:
0x00007ff7b5710000 - 0x00007ff7b571a000 	C:\Program Files\Android\Android Studio1\jre\bin\java.exe
0x00007ffb950f0000 - 0x00007ffb952e5000 	C:\WINDOWS\SYSTEM32\ntdll.dll
0x00007ffb94660000 - 0x00007ffb9471e000 	C:\WINDOWS\System32\KERNEL32.DLL
0x00007ffb92d60000 - 0x00007ffb93028000 	C:\WINDOWS\System32\KERNELBASE.dll
0x00007ffb92810000 - 0x00007ffb92910000 	C:\WINDOWS\System32\ucrtbase.dll
0x00007ffb78ef0000 - 0x00007ffb78f09000 	C:\Program Files\Android\Android Studio1\jre\bin\jli.dll
0x00007ffb778b0000 - 0x00007ffb778c7000 	C:\Program Files\Android\Android Studio1\jre\bin\VCRUNTIME140.dll
0x00007ffb937e0000 - 0x00007ffb93980000 	C:\WINDOWS\System32\USER32.dll
0x00007ffb92910000 - 0x00007ffb92932000 	C:\WINDOWS\System32\win32u.dll
0x00007ffb93c40000 - 0x00007ffb93c6b000 	C:\WINDOWS\System32\GDI32.dll
0x00007ffb92bc0000 - 0x00007ffb92ccb000 	C:\WINDOWS\System32\gdi32full.dll
0x00007ffb84bc0000 - 0x00007ffb84e5a000 	C:\WINDOWS\WinSxS\amd64_microsoft.windows.common-controls_6595b64144ccf1df_6.0.19041.1110_none_60b5254171f9507e\COMCTL32.dll
0x00007ffb92b20000 - 0x00007ffb92bbd000 	C:\WINDOWS\System32\msvcp_win.dll
0x00007ffb93480000 - 0x00007ffb9351e000 	C:\WINDOWS\System32\msvcrt.dll
0x00007ffb94850000 - 0x00007ffb94880000 	C:\WINDOWS\System32\IMM32.DLL
0x00007ffb5e590000 - 0x00007ffb5e62d000 	C:\Program Files\Android\Android Studio1\jre\bin\msvcp140.dll
0x00007ffb310b0000 - 0x00007ffb31b85000 	C:\Program Files\Android\Android Studio1\jre\bin\server\jvm.dll
0x00007ffb93520000 - 0x00007ffb935ce000 	C:\WINDOWS\System32\ADVAPI32.dll
0x00007ffb931e0000 - 0x00007ffb9327c000 	C:\WINDOWS\System32\sechost.dll
0x00007ffb93a40000 - 0x00007ffb93b65000 	C:\WINDOWS\System32\RPCRT4.dll
0x00007ffb93a30000 - 0x00007ffb93a38000 	C:\WINDOWS\System32\PSAPI.DLL
0x00007ffb7c530000 - 0x00007ffb7c557000 	C:\WINDOWS\SYSTEM32\WINMM.dll
0x00007ffb88210000 - 0x00007ffb88219000 	C:\WINDOWS\SYSTEM32\WSOCK32.dll
0x00007ffb8c3f0000 - 0x00007ffb8c3fa000 	C:\WINDOWS\SYSTEM32\VERSION.dll
0x00007ffb93d70000 - 0x00007ffb93ddb000 	C:\WINDOWS\System32\WS2_32.dll
0x00007ffb90700000 - 0x00007ffb90712000 	C:\WINDOWS\SYSTEM32\kernel.appcore.dll
0x00007ffb5e440000 - 0x00007ffb5e451000 	C:\Program Files\Android\Android Studio1\jre\bin\verify.dll
0x00007ffb7d820000 - 0x00007ffb7da04000 	C:\WINDOWS\SYSTEM32\DBGHELP.DLL
0x00007ffb7d7f0000 - 0x00007ffb7d81c000 	C:\WINDOWS\SYSTEM32\dbgcore.DLL
0x00007ffb92cd0000 - 0x00007ffb92d52000 	C:\WINDOWS\System32\bcryptPrimitives.dll
0x00007ffb58a80000 - 0x00007ffb58aa9000 	C:\Program Files\Android\Android Studio1\jre\bin\java.dll
0x00007ffb8ec80000 - 0x00007ffb8ec8b000 	C:\Program Files\Android\Android Studio1\jre\bin\jimage.dll
0x00007ffb57770000 - 0x00007ffb57788000 	C:\Program Files\Android\Android Studio1\jre\bin\zip.dll
0x00007ffb93f10000 - 0x00007ffb94654000 	C:\WINDOWS\System32\SHELL32.dll
0x00007ffb90900000 - 0x00007ffb91094000 	C:\WINDOWS\SYSTEM32\windows.storage.dll
0x00007ffb94d50000 - 0x00007ffb950a4000 	C:\WINDOWS\System32\combase.dll
0x00007ffb92200000 - 0x00007ffb9222c000 	C:\WINDOWS\SYSTEM32\Wldp.dll
0x00007ffb93980000 - 0x00007ffb93a2d000 	C:\WINDOWS\System32\SHCORE.dll
0x00007ffb94720000 - 0x00007ffb94775000 	C:\WINDOWS\System32\shlwapi.dll
0x00007ffb92750000 - 0x00007ffb9276f000 	C:\WINDOWS\SYSTEM32\profapi.dll
0x00007ffb562e0000 - 0x00007ffb562fa000 	C:\Program Files\Android\Android Studio1\jre\bin\net.dll
0x00007ffb8a160000 - 0x00007ffb8a269000 	C:\WINDOWS\SYSTEM32\WINHTTP.dll
0x00007ffb91f60000 - 0x00007ffb91fca000 	C:\WINDOWS\system32\mswsock.dll
0x00007ffb51230000 - 0x00007ffb51244000 	C:\Program Files\Android\Android Studio1\jre\bin\nio.dll
0x00007ffb70360000 - 0x00007ffb70386000 	C:\Users\List\.gradle\native\30\windows-amd64\native-platform.dll
0x00007ffb8cd30000 - 0x00007ffb8cd3a000 	C:\Program Files\Android\Android Studio1\jre\bin\management.dll
0x00007ffb89dc0000 - 0x00007ffb89dcd000 	C:\Program Files\Android\Android Studio1\jre\bin\management_ext.dll
0x00007ffb92150000 - 0x00007ffb92168000 	C:\WINDOWS\SYSTEM32\CRYPTSP.dll
0x00007ffb918e0000 - 0x00007ffb91914000 	C:\WINDOWS\system32\rsaenh.dll
0x00007ffb92aa0000 - 0x00007ffb92ac7000 	C:\WINDOWS\System32\bcrypt.dll
0x00007ffb926d0000 - 0x00007ffb926fe000 	C:\WINDOWS\SYSTEM32\USERENV.dll
0x00007ffb92170000 - 0x00007ffb9217c000 	C:\WINDOWS\SYSTEM32\CRYPTBASE.dll
0x00007ffb91c50000 - 0x00007ffb91c8b000 	C:\WINDOWS\SYSTEM32\IPHLPAPI.DLL
0x00007ffb93d50000 - 0x00007ffb93d58000 	C:\WINDOWS\System32\NSI.dll
0x00007ffb8ca50000 - 0x00007ffb8ca67000 	C:\WINDOWS\SYSTEM32\dhcpcsvc6.DLL
0x00007ffb8cca0000 - 0x00007ffb8ccbd000 	C:\WINDOWS\SYSTEM32\dhcpcsvc.DLL
0x00007ffb91c90000 - 0x00007ffb91d5a000 	C:\WINDOWS\SYSTEM32\DNSAPI.dll
0x00007ffb91560000 - 0x00007ffb91593000 	C:\WINDOWS\SYSTEM32\ntmarta.dll

dbghelp: loaded successfully - version: 4.0.5 - missing functions: none
symbol engine: initialized successfully - sym options: 0x614 - pdb path: .;C:\Program Files\Android\Android Studio1\jre\bin;C:\WINDOWS\SYSTEM32;C:\WINDOWS\WinSxS\amd64_microsoft.windows.common-controls_6595b64144ccf1df_6.0.19041.1110_none_60b5254171f9507e;C:\Program Files\Android\Android Studio1\jre\bin\server;C:\Users\List\.gradle\native\30\windows-amd64

VM Arguments:
jvm_args: --add-opens=java.base/java.util=ALL-UNNAMED --add-opens=java.base/java.lang=ALL-UNNAMED --add-opens=java.base/java.lang.invoke=ALL-UNNAMED --add-opens=java.prefs/java.util.prefs=ALL-UNNAMED -Xmx2048m -Dfile.encoding=windows-1252 -Duser.country=US -Duser.language=en -Duser.variant 
java_command: org.gradle.launcher.daemon.bootstrap.GradleDaemon 5.6.4
java_class_path (initial): C:\Users\List\.gradle\wrapper\dists\gradle-5.6.4-all\ankdp27end7byghfw1q2sw75f\gradle-5.6.4\lib\gradle-launcher-5.6.4.jar
Launcher Type: SUN_STANDARD

[Global flags]
     intx CICompilerCount                          = 3                                         {product} {ergonomic}
     uint ConcGCThreads                            = 1                                         {product} {ergonomic}
     uint G1ConcRefinementThreads                  = 4                                         {product} {ergonomic}
   size_t G1HeapRegionSize                         = 1048576                                   {product} {ergonomic}
    uintx GCDrainStackTargetSize                   = 64                                        {product} {ergonomic}
   size_t InitialHeapSize                          = 132120576                                 {product} {ergonomic}
   size_t MarkStackSize                            = 4194304                                   {product} {ergonomic}
   size_t MaxHeapSize                              = 2147483648                                {product} {command line}
   size_t MaxNewSize                               = 1287651328                                {product} {ergonomic}
   size_t MinHeapDeltaBytes                        = 1048576                                   {product} {ergonomic}
    uintx NonNMethodCodeHeapSize                   = 5830732                                {pd product} {ergonomic}
    uintx NonProfiledCodeHeapSize                  = 122913754                              {pd product} {ergonomic}
    uintx ProfiledCodeHeapSize                     = 122913754                              {pd product} {ergonomic}
    uintx ReservedCodeCacheSize                    = 251658240                              {pd product} {ergonomic}
     bool SegmentedCodeCache                       = true                                      {product} {ergonomic}
     bool UseCompressedClassPointers               = true                                 {lp64_product} {ergonomic}
     bool UseCompressedOops                        = true                                 {lp64_product} {ergonomic}
     bool UseG1GC                                  = true                                      {product} {ergonomic}
     bool UseLargePagesIndividualAllocation        = false                                  {pd product} {ergonomic}

Logging:
Log output configuration:
 #0: stdout all=warning uptime,level,tags
 #1: stderr all=off uptime,level,tags

Environment Variables:
JAVA_HOME=C:\Program Files (x86)\Java\jdk1.8.0_121
CLASSPATH=E:\javadoc\programtest\
PATH=E:\Sourabh\Flutter\Dart SDK\bin;C:\Program Files (x86)\Common Files\Oracle\Java\javapath;C:\Program Files\Common Files\Oracle\Java\javapath;D:\oraclexe\app\oracle\product\11.2.0\server\bin;C:\ProgramData\Oracle\Java\javapath;D:\DevSuiteHome_1\jdk\jre\bin\classic;D:\DevSuiteHome_1\jdk\jre\bin;D:\DevSuiteHome_1\jdk\jre\bin\client;D:\DevSuiteHome_1\jlib;D:\DevSuiteHome_1\bin;D:\DevSuiteHome_1\jre\1.4.2\bin\client;D:\DevSuiteHome_1\jre\1.4.2\bin;D:\orant\bin;C:\Program Files (x86)\Intel\iCLS Client\;C:\Program Files\Intel\iCLS Client\;C:\WINDOWS\system32;C:\WINDOWS;C:\WINDOWS\System32\Wbem;C:\WINDOWS\System32\WindowsPowerShell\v1.0\;C:\Program Files (x86)\Intel\Intel(R) Management Engine Components\DAL;C:\Program Files\Intel\Intel(R) Management Engine Components\DAL;C:\Program Files (x86)\Intel\Intel(R) Management Engine Components\IPT;C:\Program Files\Intel\Intel(R) Management Engine Components\IPT;D:\orant\jdk\bin;C:\Program Files (x86)\Java\jdk1.8.0_121\bin;C:\Windows\System32\jnisgfplib.dll;C:\Windows\System32\jnisgnfiqlib.dll;C:\Windows\System32\jnisgwsqlib.dll;C:\Windows\System32\sgfpamx.dll;C:\Windows\System32\sgfplib.dll;C:\Windows\System32\sgnfiqlib.dll;C:\Windows\System32\sgwsqlib.dll;C:\WINDOWS\System32\OpenSSH\;D:\flutterdata\dartsdk-windows-x64-release\dart-sdk\bin;C:\Users\List\AppData\Roaming\Pub\Cache\bin;C:\Dart\dart-sdk\bin;C:\Program Files\TortoiseSVN\bin;C:\Program Files\Cloudflare\Cloudflare WARP;C:\Program Files\Git\cmd;C:\Program Files (x86)\Tesseract-OCR;;C:\Program Files (x86)\AOMEI\AOMEI Backupper\6.9.0;C:\Program Files (x86)\dotnet\;C:\Program Files\Cloudflare\Cloudflare WARP\;C:\Users\List\AppData\Local\Microsoft\WindowsApps;E:\Sourabh\Flutter\flutter_windows_2.8.1\flutter\bin;C:\Users\List\AppData\Local\Programs\Microsoft VS Code\bin;C:\Users\List\AppData\Local\Android\sdk\platform-tools;C:\Program Files (x86)\Sophos\Sophos SSL VPN Client\bin;C:\Users\List\AppData\Local\GitHubDesktop\bin
USERNAME=List
OS=Windows_NT
PROCESSOR_IDENTIFIER=Intel64 Family 6 Model 94 Stepping 3, GenuineIntel



---------------  S Y S T E M  ---------------

OS: Windows 10 , 64 bit Build 19041 (10.0.19041.1566)
OS uptime: 2 days 1:04 hours

CPU:total 4 (initial active 4) (2 cores per cpu, 2 threads per core) family 6 model 94 stepping 3 microcode 0xcc, cmov, cx8, fxsr, mmx, sse, sse2, sse3, ssse3, sse4.1, sse4.2, popcnt, avx, avx2, aes, clmul, erms, 3dnowpref, lzcnt, ht, tsc, tscinvbit, bmi1, bmi2, adx, fma

Memory: 4k page, system-wide physical 8058M (421M free)
TotalPageFile size 18058M (AvailPageFile size 17M)
current process WorkingSet (physical memory assigned to process): 650M, peak: 678M
current process commit charge ("private bytes"): 680M, peak: 707M

vm_info: OpenJDK 64-Bit Server VM (11.0.11+9-b60-7590822) for windows-amd64 JRE (11.0.11+9-b60-7590822), built on Jul 29 2021 21:43:44 by "builder" with MS VC++ 14.0 (VS2015)

END.
