#
# There is insufficient memory for the Java Runtime Environment to continue.
# Native memory allocation (malloc) failed to allocate 881456 bytes for Chunk::new
# Possible reasons:
#   The system is out of physical RAM or swap space
#   The process is running with CompressedOops enabled, and the Java Heap may be blocking the growth of the native heap
# Possible solutions:
#   Reduce memory load on the system
#   Increase physical memory or swap space
#   Check if swap backing store is full
#   Decrease Java heap size (-Xmx/-Xms)
#   Decrease number of Java threads
#   Decrease Java thread stack sizes (-Xss)
#   Set larger code cache with -XX:ReservedCodeCacheSize=
#   JVM is running with Unscaled Compressed Oops mode in which the Java heap is
#     placed in the first 4GB address space. The Java Heap base address is the
#     maximum limit for the native heap growth. Please use -XX:HeapBaseMinAddress
#     to set the Java Heap base and to place the Java Heap above 4GB virtual address.
# This output file may be truncated or incomplete.
#
#  Out of Memory Error (./src/hotspot/share/memory/arena.cpp:197), pid=8736, tid=10760
#
# JRE version: OpenJDK Runtime Environment (11.0.11+9) (build 11.0.11+9-b60-7590822)
# Java VM: OpenJDK 64-Bit Server VM (11.0.11+9-b60-7590822, mixed mode, tiered, compressed oops, g1 gc, windows-amd64)
# No core dump will be written. Minidumps are not enabled by default on client versions of Windows
#

---------------  S U M M A R Y ------------

Command Line: --add-opens=java.base/java.util=ALL-UNNAMED --add-opens=java.base/java.lang=ALL-UNNAMED --add-opens=java.base/java.lang.invoke=ALL-UNNAMED --add-opens=java.prefs/java.util.prefs=ALL-UNNAMED -Xmx2048m -Dfile.encoding=windows-1252 -Duser.country=US -Duser.language=en -Duser.variant org.gradle.launcher.daemon.bootstrap.GradleDaemon 5.6.4

Host: Intel(R) Core(TM) i3-6098P CPU @ 3.60GHz, 4 cores, 7G,  Windows 10 , 64 bit Build 19041 (10.0.19041.1566)
Time: Wed Apr  6 15:44:10 2022 India Standard Time elapsed time: 29.222515 seconds (0d 0h 0m 29s)

---------------  T H R E A D  ---------------

Current thread (0x000001dafb658800):  JavaThread "C2 CompilerThread1" daemon [_thread_in_native, id=10760, stack(0x0000005690900000,0x0000005690a00000)]


Current CompileTask:
C2:  29222 9963   !   4       java.net.URLClassLoader$1::run (63 bytes)

Stack: [0x0000005690900000,0x0000005690a00000]
Native frames: (J=compiled Java code, j=interpreted, Vv=VM code, C=native code)
V  [jvm.dll+0x5f214a]
V  [jvm.dll+0x726fb5]
V  [jvm.dll+0x7285cd]
V  [jvm.dll+0x728c83]
V  [jvm.dll+0x243278]
V  [jvm.dll+0xbc53c]
V  [jvm.dll+0xbca3c]
V  [jvm.dll+0x353e7d]
V  [jvm.dll+0x19895c]
V  [jvm.dll+0x1fc2ee]
V  [jvm.dll+0x1fb3d4]
V  [jvm.dll+0x183d6c]
V  [jvm.dll+0x209a57]
V  [jvm.dll+0x2082a1]
V  [jvm.dll+0x6ef58f]
V  [jvm.dll+0x6e80b5]
V  [jvm.dll+0x5f1036]
C  [ucrtbase.dll+0x21bb2]
C  [KERNEL32.DLL+0x17034]
C  [ntdll.dll+0x52651]


---------------  P R O C E S S  ---------------

Threads class SMR info:
_java_thread_list=0x000001da8fef3150, length=54, elements={
0x000001daefb4e000, 0x000001dafa735000, 0x000001dafa736800, 0x000001dafa752000,
0x000001dafa754000, 0x000001dafa755000, 0x000001dafa758000, 0x000001dafa75c800,
0x000001dafa766000, 0x000001dafb20e000, 0x000001dafd034800, 0x000001dafc5f8000,
0x000001dafcfe7800, 0x000001dafc8e5000, 0x000001dafce71800, 0x000001dafc89a800,
0x000001dafcb89000, 0x000001dafc5ba800, 0x000001dafcb8c000, 0x000001dafd022800,
0x000001dafd026000, 0x000001dafd023800, 0x000001dafd027800, 0x000001dafd024000,
0x000001dafd021800, 0x000001dafd028800, 0x000001da8fc8b000, 0x000001da8fc86000,
0x000001da8fc8c000, 0x000001da8fc89800, 0x000001da8fc8c800, 0x000001da8fc8a800,
0x000001da8fc87000, 0x000001da8fc8d800, 0x000001da8fc88000, 0x000001da8fc88800,
0x000001da8fc8e800, 0x000001da8fc90000, 0x000001da8fc94000, 0x000001da8fc91800,
0x000001da8fc92800, 0x000001da8fc8f000, 0x000001da8fc91000, 0x000001da8fc95000,
0x000001da9087c000, 0x000001da9087e800, 0x000001da9087f000, 0x000001da9087b000,
0x000001da90880000, 0x000001da90882800, 0x000001da9087d000, 0x000001da90881000,
0x000001da90883800, 0x000001dafb658800
}

Java Threads: ( => current thread )
  0x000001daefb4e000 JavaThread "main" [_thread_blocked, id=11040, stack(0x000000568ec00000,0x000000568ed00000)]
  0x000001dafa735000 JavaThread "Reference Handler" daemon [_thread_blocked, id=4184, stack(0x000000568f300000,0x000000568f400000)]
  0x000001dafa736800 JavaThread "Finalizer" daemon [_thread_blocked, id=9524, stack(0x000000568f400000,0x000000568f500000)]
  0x000001dafa752000 JavaThread "Signal Dispatcher" daemon [_thread_blocked, id=14852, stack(0x000000568f500000,0x000000568f600000)]
  0x000001dafa754000 JavaThread "Attach Listener" daemon [_thread_blocked, id=12316, stack(0x000000568f600000,0x000000568f700000)]
  0x000001dafa755000 JavaThread "Service Thread" daemon [_thread_blocked, id=14936, stack(0x000000568f700000,0x000000568f800000)]
  0x000001dafa758000 JavaThread "C2 CompilerThread0" daemon [_thread_in_native, id=4500, stack(0x000000568f800000,0x000000568f900000)]
  0x000001dafa75c800 JavaThread "C1 CompilerThread0" daemon [_thread_blocked, id=5136, stack(0x000000568f900000,0x000000568fa00000)]
  0x000001dafa766000 JavaThread "Sweeper thread" daemon [_thread_blocked, id=14516, stack(0x000000568fa00000,0x000000568fb00000)]
  0x000001dafb20e000 JavaThread "Common-Cleaner" daemon [_thread_blocked, id=668, stack(0x000000568fb00000,0x000000568fc00000)]
  0x000001dafd034800 JavaThread "Daemon health stats" [_thread_blocked, id=9500, stack(0x0000005690000000,0x0000005690100000)]
  0x000001dafc5f8000 JavaThread "Incoming local TCP Connector on port 51710" [_thread_in_native, id=11728, stack(0x000000568fd00000,0x000000568fe00000)]
  0x000001dafcfe7800 JavaThread "Daemon periodic checks" [_thread_blocked, id=15544, stack(0x0000005690100000,0x0000005690200000)]
  0x000001dafc8e5000 JavaThread "Daemon" [_thread_blocked, id=15632, stack(0x0000005690200000,0x0000005690300000)]
  0x000001dafce71800 JavaThread "Handler for socket connection from /127.0.0.1:51710 to /127.0.0.1:51711" [_thread_in_native, id=12816, stack(0x0000005690300000,0x0000005690400000)]
  0x000001dafc89a800 JavaThread "Cancel handler" [_thread_blocked, id=1868, stack(0x0000005690400000,0x0000005690500000)]
  0x000001dafcb89000 JavaThread "Daemon worker" [_thread_blocked, id=8220, stack(0x0000005690500000,0x0000005690600000)]
  0x000001dafc5ba800 JavaThread "Asynchronous log dispatcher for DefaultDaemonConnection: socket connection from /127.0.0.1:51710 to /127.0.0.1:51711" [_thread_blocked, id=6252, stack(0x0000005690600000,0x0000005690700000)]
  0x000001dafcb8c000 JavaThread "Stdin handler" [_thread_blocked, id=16080, stack(0x0000005690700000,0x0000005690800000)]
  0x000001dafd022800 JavaThread "Thread-8" [_thread_blocked, id=9612, stack(0x0000005690800000,0x0000005690900000)]
  0x000001dafd026000 JavaThread "Cache worker for file hash cache (C:\Users\List\.gradle\caches\5.6.4\fileHashes)" [_thread_blocked, id=6980, stack(0x0000005690b00000,0x0000005690c00000)]
  0x000001dafd023800 JavaThread "File lock request listener" [_thread_in_native, id=10236, stack(0x0000005690c00000,0x0000005690d00000)]
  0x000001dafd027800 JavaThread "Cache worker for journal cache (C:\Users\List\.gradle\caches\journal-1)" [_thread_blocked, id=14792, stack(0x0000005690d00000,0x0000005690e00000)]
  0x000001dafd024000 JavaThread "Cache worker for file hash cache (E:\Sourabh\Android Projects\MBS\MBS_Jankalyan\.gradle\5.6.4\fileHashes)" [_thread_blocked, id=13376, stack(0x0000005690e00000,0x0000005690f00000)]
  0x000001dafd021800 JavaThread "Cache worker for cache directory md-supplier (C:\Users\List\.gradle\caches\5.6.4\md-supplier)" [_thread_blocked, id=13816, stack(0x0000005690f00000,0x0000005691000000)]
  0x000001dafd028800 JavaThread "Cache worker for cache directory md-rule (C:\Users\List\.gradle\caches\5.6.4\md-rule)" [_thread_blocked, id=9572, stack(0x0000005691000000,0x0000005691100000)]
  0x000001da8fc8b000 JavaThread "Cache worker for execution history cache (C:\Users\List\.gradle\caches\5.6.4\executionHistory)" [_thread_blocked, id=9900, stack(0x0000005691100000,0x0000005691200000)]
  0x000001da8fc86000 JavaThread "Build operations" [_thread_blocked, id=1264, stack(0x0000005691200000,0x0000005691300000)]
  0x000001da8fc8c000 JavaThread "Build operations Thread 2" [_thread_blocked, id=15284, stack(0x0000005691300000,0x0000005691400000)]
  0x000001da8fc89800 JavaThread "Build operations Thread 3" [_thread_blocked, id=912, stack(0x0000005691400000,0x0000005691500000)]
  0x000001da8fc8c800 JavaThread "Build operations Thread 4" [_thread_blocked, id=1368, stack(0x0000005691500000,0x0000005691600000)]
  0x000001da8fc8a800 JavaThread "pool-1-thread-1" [_thread_blocked, id=11308, stack(0x0000005691600000,0x0000005691700000)]
  0x000001da8fc87000 JavaThread "Cache worker for Build Output Cleanup Cache (E:\Sourabh\Android Projects\MBS\MBS_Jankalyan\.gradle\buildOutputCleanup)" [_thread_blocked, id=10668, stack(0x0000005691700000,0x0000005691800000)]
  0x000001da8fc8d800 JavaThread "Memory manager" [_thread_blocked, id=11316, stack(0x0000005691900000,0x0000005691a00000)]
  0x000001da8fc88000 JavaThread "Cache worker for file content cache (C:\Users\List\.gradle\caches\5.6.4\fileContent)" [_thread_blocked, id=10632, stack(0x0000005691a00000,0x0000005691b00000)]
  0x000001da8fc88800 JavaThread "Cache worker for file content cache (E:\Sourabh\Android Projects\MBS\MBS_Jankalyan\.gradle\5.6.4\fileContent)" [_thread_blocked, id=13152, stack(0x0000005691b00000,0x0000005691c00000)]
  0x000001da8fc8e800 JavaThread "Execution worker for ':'" [_thread_blocked, id=13260, stack(0x0000005691c00000,0x0000005691d00000)]
  0x000001da8fc90000 JavaThread "Execution worker for ':' Thread 2" [_thread_blocked, id=10428, stack(0x0000005691d00000,0x0000005691e00000)]
  0x000001da8fc94000 JavaThread "Execution worker for ':' Thread 3" [_thread_blocked, id=6564, stack(0x0000005691e00000,0x0000005691f00000)]
  0x000001da8fc91800 JavaThread "Cache worker for execution history cache (E:\Sourabh\Android Projects\MBS\MBS_Jankalyan\.gradle\5.6.4\executionHistory)" [_thread_blocked, id=14528, stack(0x0000005691f00000,0x0000005692000000)]
  0x000001da8fc92800 JavaThread "WorkerExecutor Queue" [_thread_in_native, id=12152, stack(0x0000005692000000,0x0000005692100000)]
  0x000001da8fc8f000 JavaThread "WorkerExecutor Queue Thread 2" [_thread_blocked, id=11084, stack(0x0000005692100000,0x0000005692200000)]
  0x000001da8fc91000 JavaThread "WorkerExecutor Queue Thread 3" [_thread_blocked, id=10584, stack(0x0000005692200000,0x0000005692300000)]
  0x000001da8fc95000 JavaThread "WorkerExecutor Queue Thread 4" [_thread_blocked, id=3000, stack(0x0000005692300000,0x0000005692400000)]
  0x000001da9087c000 JavaThread "pool-2-thread-1" [_thread_blocked, id=6052, stack(0x0000005692400000,0x0000005692500000)]
  0x000001da9087e800 JavaThread "stderr" [_thread_in_native, id=5696, stack(0x0000005692500000,0x0000005692600000)]
  0x000001da9087f000 JavaThread "stdout" [_thread_in_native, id=5376, stack(0x0000005692600000,0x0000005692700000)]
  0x000001da9087b000 JavaThread "stderr" [_thread_in_native, id=9692, stack(0x0000005692700000,0x0000005692800000)]
  0x000001da90880000 JavaThread "stdout" [_thread_in_native, id=16012, stack(0x0000005692800000,0x0000005692900000)]
  0x000001da90882800 JavaThread "stderr" [_thread_in_native, id=13264, stack(0x0000005692900000,0x0000005692a00000)]
  0x000001da9087d000 JavaThread "stdout" [_thread_in_native, id=15828, stack(0x0000005692a00000,0x0000005692b00000)]
  0x000001da90881000 JavaThread "stderr" [_thread_in_native, id=6420, stack(0x0000005692b00000,0x0000005692c00000)]
  0x000001da90883800 JavaThread "stdout" [_thread_in_native, id=15228, stack(0x0000005692c00000,0x0000005692d00000)]
=>0x000001dafb658800 JavaThread "C2 CompilerThread1" daemon [_thread_in_native, id=10760, stack(0x0000005690900000,0x0000005690a00000)]

Other Threads:
  0x000001dafa72f000 VMThread "VM Thread" [stack: 0x000000568f200000,0x000000568f300000] [id=9348]
  0x000001dafb223000 WatcherThread [stack: 0x000000568fc00000,0x000000568fd00000] [id=15424]
  0x000001daefb69800 GCTaskThread "GC Thread#0" [stack: 0x000000568ed00000,0x000000568ee00000] [id=10272]
  0x000001dafb45c000 GCTaskThread "GC Thread#1" [stack: 0x000000568fe00000,0x000000568ff00000] [id=9780]
  0x000001dafb45d000 GCTaskThread "GC Thread#2" [stack: 0x000000568ff00000,0x0000005690000000] [id=8344]
  0x000001dafcb09000 GCTaskThread "GC Thread#3" [stack: 0x0000005690a00000,0x0000005690b00000] [id=4464]
  0x000001daefb99800 ConcurrentGCThread "G1 Main Marker" [stack: 0x000000568ee00000,0x000000568ef00000] [id=10820]
  0x000001daefb9b800 ConcurrentGCThread "G1 Conc#0" [stack: 0x000000568ef00000,0x000000568f000000] [id=11884]
  0x000001daefc28000 ConcurrentGCThread "G1 Refine#0" [stack: 0x000000568f000000,0x000000568f100000] [id=16124]
  0x000001dafbdcd800 ConcurrentGCThread "G1 Refine#1" [stack: 0x0000005691800000,0x0000005691900000] [id=10576]
  0x000001daefc29000 ConcurrentGCThread "G1 Young RemSet Sampling" [stack: 0x000000568f100000,0x000000568f200000] [id=760]

Threads with active compile tasks:
C2 CompilerThread0  29248 9962       4       java.net.URLClassLoader$1::run (5 bytes)
C2 CompilerThread1  29248 9963   !   4       java.net.URLClassLoader$1::run (63 bytes)

VM state:not at safepoint (normal execution)

VM Mutex/Monitor currently owned by a thread: None

Heap address: 0x0000000080000000, size: 2048 MB, Compressed Oops mode: 32-bit
Narrow klass base: 0x0000000000000000, Narrow klass shift: 3
Compressed class space size: 1073741824 Address: 0x0000000100000000

Heap:
 garbage-first heap   total 225280K, used 138631K [0x0000000080000000, 0x0000000100000000)
  region size 1024K, 69 young (70656K), 7 survivors (7168K)
 Metaspace       used 75440K, capacity 77316K, committed 77440K, reserved 1116160K
  class space    used 9640K, capacity 10272K, committed 10368K, reserved 1048576K
Heap Regions: E=young(eden), S=young(survivor), O=old, HS=humongous(starts), HC=humongous(continues), CS=collection set, F=free, A=archive, TAMS=top-at-mark-start (previous, next)
|   0|0x0000000080000000, 0x0000000080100000, 0x0000000080100000|100%| O|  |TAMS 0x0000000080100000, 0x0000000080000000| Untracked 
|   1|0x0000000080100000, 0x0000000080200000, 0x0000000080200000|100%| O|  |TAMS 0x0000000080200000, 0x0000000080100000| Untracked 
|   2|0x0000000080200000, 0x0000000080300000, 0x0000000080300000|100%| O|  |TAMS 0x0000000080300000, 0x0000000080200000| Untracked 
|   3|0x0000000080300000, 0x0000000080400000, 0x0000000080400000|100%|HS|  |TAMS 0x0000000080400000, 0x0000000080300000| Complete 
|   4|0x0000000080400000, 0x0000000080500000, 0x0000000080500000|100%|HC|  |TAMS 0x0000000080500000, 0x0000000080400000| Complete 
|   5|0x0000000080500000, 0x0000000080600000, 0x0000000080600000|100%|HC|  |TAMS 0x0000000080600000, 0x0000000080500000| Complete 
|   6|0x0000000080600000, 0x0000000080700000, 0x0000000080700000|100%| O|  |TAMS 0x0000000080700000, 0x0000000080600000| Untracked 
|   7|0x0000000080700000, 0x0000000080800000, 0x0000000080800000|100%| O|  |TAMS 0x0000000080800000, 0x0000000080700000| Untracked 
|   8|0x0000000080800000, 0x0000000080900000, 0x0000000080900000|100%| O|  |TAMS 0x0000000080900000, 0x0000000080800000| Untracked 
|   9|0x0000000080900000, 0x0000000080a00000, 0x0000000080a00000|100%| O|  |TAMS 0x0000000080a00000, 0x0000000080900000| Untracked 
|  10|0x0000000080a00000, 0x0000000080b00000, 0x0000000080b00000|100%| O|  |TAMS 0x0000000080b00000, 0x0000000080a00000| Untracked 
|  11|0x0000000080b00000, 0x0000000080c00000, 0x0000000080c00000|100%| O|  |TAMS 0x0000000080c00000, 0x0000000080b00000| Untracked 
|  12|0x0000000080c00000, 0x0000000080d00000, 0x0000000080d00000|100%| O|  |TAMS 0x0000000080d00000, 0x0000000080c00000| Untracked 
|  13|0x0000000080d00000, 0x0000000080e00000, 0x0000000080e00000|100%| O|  |TAMS 0x0000000080e00000, 0x0000000080d00000| Untracked 
|  14|0x0000000080e00000, 0x0000000080f00000, 0x0000000080f00000|100%| O|  |TAMS 0x0000000080f00000, 0x0000000080e00000| Untracked 
|  15|0x0000000080f00000, 0x0000000081000000, 0x0000000081000000|100%| O|  |TAMS 0x0000000081000000, 0x0000000080f00000| Untracked 
|  16|0x0000000081000000, 0x0000000081100000, 0x0000000081100000|100%| O|  |TAMS 0x0000000081100000, 0x0000000081000000| Untracked 
|  17|0x0000000081100000, 0x0000000081200000, 0x0000000081200000|100%| O|  |TAMS 0x0000000081200000, 0x0000000081100000| Untracked 
|  18|0x0000000081200000, 0x0000000081300000, 0x0000000081300000|100%| O|  |TAMS 0x0000000081300000, 0x0000000081200000| Untracked 
|  19|0x0000000081300000, 0x0000000081400000, 0x0000000081400000|100%| O|  |TAMS 0x0000000081400000, 0x0000000081300000| Untracked 
|  20|0x0000000081400000, 0x0000000081500000, 0x0000000081500000|100%|HS|  |TAMS 0x0000000081500000, 0x0000000081400000| Complete 
|  21|0x0000000081500000, 0x0000000081600000, 0x0000000081600000|100%|HC|  |TAMS 0x0000000081600000, 0x0000000081500000| Complete 
|  22|0x0000000081600000, 0x0000000081700000, 0x0000000081700000|100%| O|  |TAMS 0x0000000081700000, 0x0000000081600000| Untracked 
|  23|0x0000000081700000, 0x0000000081800000, 0x0000000081800000|100%| O|  |TAMS 0x0000000081800000, 0x0000000081700000| Untracked 
|  24|0x0000000081800000, 0x0000000081900000, 0x0000000081900000|100%| O|  |TAMS 0x0000000081900000, 0x0000000081800000| Untracked 
|  25|0x0000000081900000, 0x0000000081a00000, 0x0000000081a00000|100%| O|  |TAMS 0x0000000081a00000, 0x0000000081900000| Untracked 
|  26|0x0000000081a00000, 0x0000000081b00000, 0x0000000081b00000|100%| O|  |TAMS 0x0000000081b00000, 0x0000000081a00000| Untracked 
|  27|0x0000000081b00000, 0x0000000081c00000, 0x0000000081c00000|100%| O|  |TAMS 0x0000000081b00000, 0x0000000081b00000| Untracked 
|  28|0x0000000081c00000, 0x0000000081d00000, 0x0000000081d00000|100%| O|  |TAMS 0x0000000081d00000, 0x0000000081c00000| Untracked 
|  29|0x0000000081d00000, 0x0000000081e00000, 0x0000000081e00000|100%| O|  |TAMS 0x0000000081e00000, 0x0000000081d00000| Untracked 
|  30|0x0000000081e00000, 0x0000000081f00000, 0x0000000081f00000|100%| O|  |TAMS 0x0000000081f00000, 0x0000000081e00000| Untracked 
|  31|0x0000000081f00000, 0x0000000082000000, 0x0000000082000000|100%| O|  |TAMS 0x0000000082000000, 0x0000000081f00000| Untracked 
|  32|0x0000000082000000, 0x0000000082100000, 0x0000000082100000|100%| O|  |TAMS 0x0000000082100000, 0x0000000082000000| Untracked 
|  33|0x0000000082100000, 0x0000000082200000, 0x0000000082200000|100%| O|  |TAMS 0x0000000082200000, 0x0000000082100000| Untracked 
|  34|0x0000000082200000, 0x0000000082300000, 0x0000000082300000|100%| O|  |TAMS 0x0000000082300000, 0x0000000082200000| Untracked 
|  35|0x0000000082300000, 0x0000000082400000, 0x0000000082400000|100%| O|  |TAMS 0x0000000082400000, 0x0000000082300000| Untracked 
|  36|0x0000000082400000, 0x0000000082500000, 0x0000000082500000|100%| O|  |TAMS 0x0000000082500000, 0x0000000082400000| Untracked 
|  37|0x0000000082500000, 0x0000000082600000, 0x0000000082600000|100%| O|  |TAMS 0x0000000082600000, 0x0000000082500000| Untracked 
|  38|0x0000000082600000, 0x0000000082700000, 0x0000000082700000|100%| O|  |TAMS 0x000000008262ba00, 0x0000000082600000| Untracked 
|  39|0x0000000082700000, 0x0000000082800000, 0x0000000082800000|100%| O|  |TAMS 0x0000000082700000, 0x0000000082700000| Untracked 
|  40|0x0000000082800000, 0x0000000082900000, 0x0000000082900000|100%| O|  |TAMS 0x0000000082800000, 0x0000000082800000| Untracked 
|  41|0x0000000082900000, 0x0000000082a00000, 0x0000000082a00000|100%| O|  |TAMS 0x0000000082900000, 0x0000000082900000| Untracked 
|  42|0x0000000082a00000, 0x0000000082b00000, 0x0000000082b00000|100%| O|  |TAMS 0x0000000082a00000, 0x0000000082a00000| Untracked 
|  43|0x0000000082b00000, 0x0000000082c00000, 0x0000000082c00000|100%| O|  |TAMS 0x0000000082b00000, 0x0000000082b00000| Untracked 
|  44|0x0000000082c00000, 0x0000000082d00000, 0x0000000082d00000|100%|HS|  |TAMS 0x0000000082c00000, 0x0000000082c00000| Complete 
|  45|0x0000000082d00000, 0x0000000082e00000, 0x0000000082e00000|100%| O|  |TAMS 0x0000000082d00000, 0x0000000082d00000| Untracked 
|  46|0x0000000082e00000, 0x0000000082f00000, 0x0000000082f00000|100%| O|  |TAMS 0x0000000082e00000, 0x0000000082e00000| Untracked 
|  47|0x0000000082f00000, 0x0000000083000000, 0x0000000083000000|100%| O|  |TAMS 0x0000000082f00000, 0x0000000082f00000| Untracked 
|  48|0x0000000083000000, 0x0000000083100000, 0x0000000083100000|100%| O|  |TAMS 0x0000000083000000, 0x0000000083000000| Untracked 
|  49|0x0000000083100000, 0x0000000083200000, 0x0000000083200000|100%| O|  |TAMS 0x0000000083100000, 0x0000000083100000| Untracked 
|  50|0x0000000083200000, 0x0000000083300000, 0x0000000083300000|100%| O|  |TAMS 0x0000000083200000, 0x0000000083200000| Untracked 
|  51|0x0000000083300000, 0x0000000083400000, 0x0000000083400000|100%| O|  |TAMS 0x0000000083300000, 0x0000000083300000| Untracked 
|  52|0x0000000083400000, 0x0000000083500000, 0x0000000083500000|100%| O|  |TAMS 0x0000000083400000, 0x0000000083400000| Untracked 
|  53|0x0000000083500000, 0x0000000083600000, 0x0000000083600000|100%| O|  |TAMS 0x0000000083500000, 0x0000000083500000| Untracked 
|  54|0x0000000083600000, 0x0000000083700000, 0x0000000083700000|100%| O|  |TAMS 0x0000000083600000, 0x0000000083600000| Untracked 
|  55|0x0000000083700000, 0x0000000083800000, 0x0000000083800000|100%|HS|  |TAMS 0x0000000083700000, 0x0000000083700000| Complete 
|  56|0x0000000083800000, 0x0000000083800000, 0x0000000083900000|  0%| F|  |TAMS 0x0000000083800000, 0x0000000083800000| Untracked 
|  57|0x0000000083900000, 0x0000000083900000, 0x0000000083a00000|  0%| F|  |TAMS 0x0000000083900000, 0x0000000083900000| Untracked 
|  58|0x0000000083a00000, 0x0000000083a00000, 0x0000000083b00000|  0%| F|  |TAMS 0x0000000083a00000, 0x0000000083a00000| Untracked 
|  59|0x0000000083b00000, 0x0000000083b00000, 0x0000000083c00000|  0%| F|  |TAMS 0x0000000083b00000, 0x0000000083b00000| Untracked 
|  60|0x0000000083c00000, 0x0000000083c00000, 0x0000000083d00000|  0%| F|  |TAMS 0x0000000083c00000, 0x0000000083c00000| Untracked 
|  61|0x0000000083d00000, 0x0000000083d00000, 0x0000000083e00000|  0%| F|  |TAMS 0x0000000083d00000, 0x0000000083d00000| Untracked 
|  62|0x0000000083e00000, 0x0000000083e00000, 0x0000000083f00000|  0%| F|  |TAMS 0x0000000083e00000, 0x0000000083e00000| Untracked 
|  63|0x0000000083f00000, 0x0000000083f00000, 0x0000000084000000|  0%| F|  |TAMS 0x0000000083f00000, 0x0000000083f00000| Untracked 
|  64|0x0000000084000000, 0x0000000084000000, 0x0000000084100000|  0%| F|  |TAMS 0x0000000084000000, 0x0000000084000000| Untracked 
|  65|0x0000000084100000, 0x0000000084200000, 0x0000000084200000|100%| O|  |TAMS 0x0000000084100000, 0x0000000084100000| Untracked 
|  66|0x0000000084200000, 0x0000000084300000, 0x0000000084300000|100%| O|  |TAMS 0x0000000084200000, 0x0000000084200000| Untracked 
|  67|0x0000000084300000, 0x0000000084400000, 0x0000000084400000|100%| O|  |TAMS 0x0000000084300000, 0x0000000084300000| Untracked 
|  68|0x0000000084400000, 0x0000000084500000, 0x0000000084500000|100%| O|  |TAMS 0x0000000084400000, 0x0000000084400000| Untracked 
|  69|0x0000000084500000, 0x0000000084600000, 0x0000000084600000|100%| O|  |TAMS 0x0000000084500000, 0x0000000084500000| Untracked 
|  70|0x0000000084600000, 0x0000000084700000, 0x0000000084700000|100%| O|  |TAMS 0x0000000084600000, 0x0000000084600000| Untracked 
|  71|0x0000000084700000, 0x0000000084800000, 0x0000000084800000|100%| O|  |TAMS 0x0000000084700000, 0x0000000084700000| Untracked 
|  72|0x0000000084800000, 0x0000000084900000, 0x0000000084900000|100%| O|  |TAMS 0x0000000084800000, 0x0000000084800000| Untracked 
|  73|0x0000000084900000, 0x0000000084a00000, 0x0000000084a00000|100%| O|  |TAMS 0x0000000084900000, 0x0000000084900000| Untracked 
|  74|0x0000000084a00000, 0x0000000084b00000, 0x0000000084b00000|100%| O|  |TAMS 0x0000000084a00000, 0x0000000084a00000| Untracked 
|  75|0x0000000084b00000, 0x0000000084c00000, 0x0000000084c00000|100%| O|  |TAMS 0x0000000084b00000, 0x0000000084b00000| Untracked 
|  76|0x0000000084c00000, 0x0000000084d00000, 0x0000000084d00000|100%| O|  |TAMS 0x0000000084c00000, 0x0000000084c00000| Untracked 
|  77|0x0000000084d00000, 0x0000000084d61c00, 0x0000000084e00000| 38%| O|  |TAMS 0x0000000084d00000, 0x0000000084d00000| Untracked 
|  78|0x0000000084e00000, 0x0000000084e00000, 0x0000000084f00000|  0%| F|  |TAMS 0x0000000084e00000, 0x0000000084e00000| Untracked 
|  79|0x0000000084f00000, 0x0000000084f00000, 0x0000000085000000|  0%| F|  |TAMS 0x0000000084f00000, 0x0000000084f00000| Untracked 
|  80|0x0000000085000000, 0x0000000085000000, 0x0000000085100000|  0%| F|  |TAMS 0x0000000085000000, 0x0000000085000000| Untracked 
|  81|0x0000000085100000, 0x0000000085100000, 0x0000000085200000|  0%| F|  |TAMS 0x0000000085100000, 0x0000000085100000| Untracked 
|  82|0x0000000085200000, 0x0000000085200000, 0x0000000085300000|  0%| F|  |TAMS 0x0000000085200000, 0x0000000085200000| Untracked 
|  83|0x0000000085300000, 0x0000000085300000, 0x0000000085400000|  0%| F|  |TAMS 0x0000000085300000, 0x0000000085300000| Untracked 
|  84|0x0000000085400000, 0x0000000085400000, 0x0000000085500000|  0%| F|  |TAMS 0x0000000085400000, 0x0000000085400000| Untracked 
|  85|0x0000000085500000, 0x0000000085500000, 0x0000000085600000|  0%| F|  |TAMS 0x0000000085500000, 0x0000000085500000| Untracked 
|  86|0x0000000085600000, 0x0000000085600000, 0x0000000085700000|  0%| F|  |TAMS 0x0000000085600000, 0x0000000085600000| Untracked 
|  87|0x0000000085700000, 0x0000000085700000, 0x0000000085800000|  0%| F|  |TAMS 0x0000000085700000, 0x0000000085700000| Untracked 
|  88|0x0000000085800000, 0x0000000085800000, 0x0000000085900000|  0%| F|  |TAMS 0x0000000085800000, 0x0000000085800000| Untracked 
|  89|0x0000000085900000, 0x0000000085900000, 0x0000000085a00000|  0%| F|  |TAMS 0x0000000085900000, 0x0000000085900000| Untracked 
|  90|0x0000000085a00000, 0x0000000085a00000, 0x0000000085b00000|  0%| F|  |TAMS 0x0000000085a00000, 0x0000000085a00000| Untracked 
|  91|0x0000000085b00000, 0x0000000085b00000, 0x0000000085c00000|  0%| F|  |TAMS 0x0000000085b00000, 0x0000000085b00000| Untracked 
|  92|0x0000000085c00000, 0x0000000085c00000, 0x0000000085d00000|  0%| F|  |TAMS 0x0000000085c00000, 0x0000000085c00000| Untracked 
|  93|0x0000000085d00000, 0x0000000085d00000, 0x0000000085e00000|  0%| F|  |TAMS 0x0000000085d00000, 0x0000000085d00000| Untracked 
|  94|0x0000000085e00000, 0x0000000085e00000, 0x0000000085f00000|  0%| F|  |TAMS 0x0000000085e00000, 0x0000000085e00000| Untracked 
|  95|0x0000000085f00000, 0x0000000085f00000, 0x0000000086000000|  0%| F|  |TAMS 0x0000000085f00000, 0x0000000085f00000| Untracked 
|  96|0x0000000086000000, 0x0000000086000000, 0x0000000086100000|  0%| F|  |TAMS 0x0000000086000000, 0x0000000086000000| Untracked 
|  97|0x0000000086100000, 0x0000000086100000, 0x0000000086200000|  0%| F|  |TAMS 0x0000000086100000, 0x0000000086100000| Untracked 
|  98|0x0000000086200000, 0x0000000086200000, 0x0000000086300000|  0%| F|  |TAMS 0x0000000086200000, 0x0000000086200000| Untracked 
|  99|0x0000000086300000, 0x0000000086300000, 0x0000000086400000|  0%| F|  |TAMS 0x0000000086300000, 0x0000000086300000| Untracked 
| 100|0x0000000086400000, 0x0000000086400000, 0x0000000086500000|  0%| F|  |TAMS 0x0000000086400000, 0x0000000086400000| Untracked 
| 101|0x0000000086500000, 0x0000000086500000, 0x0000000086600000|  0%| F|  |TAMS 0x0000000086500000, 0x0000000086500000| Untracked 
| 102|0x0000000086600000, 0x0000000086600000, 0x0000000086700000|  0%| F|  |TAMS 0x0000000086600000, 0x0000000086600000| Untracked 
| 103|0x0000000086700000, 0x0000000086700000, 0x0000000086800000|  0%| F|  |TAMS 0x0000000086700000, 0x0000000086700000| Untracked 
| 104|0x0000000086800000, 0x0000000086800000, 0x0000000086900000|  0%| F|  |TAMS 0x0000000086800000, 0x0000000086800000| Untracked 
| 105|0x0000000086900000, 0x0000000086900000, 0x0000000086a00000|  0%| F|  |TAMS 0x0000000086900000, 0x0000000086900000| Untracked 
| 106|0x0000000086a00000, 0x0000000086a00000, 0x0000000086b00000|  0%| F|  |TAMS 0x0000000086a00000, 0x0000000086a00000| Untracked 
| 107|0x0000000086b00000, 0x0000000086b00000, 0x0000000086c00000|  0%| F|  |TAMS 0x0000000086b00000, 0x0000000086b00000| Untracked 
| 108|0x0000000086c00000, 0x0000000086c00000, 0x0000000086d00000|  0%| F|  |TAMS 0x0000000086c00000, 0x0000000086c00000| Untracked 
| 109|0x0000000086d00000, 0x0000000086d00000, 0x0000000086e00000|  0%| F|  |TAMS 0x0000000086d00000, 0x0000000086d00000| Untracked 
| 110|0x0000000086e00000, 0x0000000086e00000, 0x0000000086f00000|  0%| F|  |TAMS 0x0000000086e00000, 0x0000000086e00000| Untracked 
| 111|0x0000000086f00000, 0x0000000086f00000, 0x0000000087000000|  0%| F|  |TAMS 0x0000000086f00000, 0x0000000086f00000| Untracked 
| 112|0x0000000087000000, 0x0000000087000000, 0x0000000087100000|  0%| F|  |TAMS 0x0000000087000000, 0x0000000087000000| Untracked 
| 113|0x0000000087100000, 0x0000000087100000, 0x0000000087200000|  0%| F|  |TAMS 0x0000000087100000, 0x0000000087100000| Untracked 
| 114|0x0000000087200000, 0x0000000087200000, 0x0000000087300000|  0%| F|  |TAMS 0x0000000087200000, 0x0000000087200000| Untracked 
| 115|0x0000000087300000, 0x0000000087300000, 0x0000000087400000|  0%| F|  |TAMS 0x0000000087300000, 0x0000000087300000| Untracked 
| 116|0x0000000087400000, 0x0000000087400000, 0x0000000087500000|  0%| F|  |TAMS 0x0000000087400000, 0x0000000087400000| Untracked 
| 117|0x0000000087500000, 0x0000000087500000, 0x0000000087600000|  0%| F|  |TAMS 0x0000000087500000, 0x0000000087500000| Untracked 
| 118|0x0000000087600000, 0x0000000087600000, 0x0000000087700000|  0%| F|  |TAMS 0x0000000087600000, 0x0000000087600000| Untracked 
| 119|0x0000000087700000, 0x0000000087700000, 0x0000000087800000|  0%| F|  |TAMS 0x0000000087700000, 0x0000000087700000| Untracked 
| 120|0x0000000087800000, 0x0000000087800000, 0x0000000087900000|  0%| F|  |TAMS 0x0000000087800000, 0x0000000087800000| Untracked 
| 121|0x0000000087900000, 0x0000000087900000, 0x0000000087a00000|  0%| F|  |TAMS 0x0000000087900000, 0x0000000087900000| Untracked 
| 122|0x0000000087a00000, 0x0000000087a00000, 0x0000000087b00000|  0%| F|  |TAMS 0x0000000087a00000, 0x0000000087a00000| Untracked 
| 123|0x0000000087b00000, 0x0000000087b00000, 0x0000000087c00000|  0%| F|  |TAMS 0x0000000087b00000, 0x0000000087b00000| Untracked 
| 124|0x0000000087c00000, 0x0000000087c00000, 0x0000000087d00000|  0%| F|  |TAMS 0x0000000087c00000, 0x0000000087c00000| Untracked 
| 125|0x0000000087d00000, 0x0000000087d00000, 0x0000000087e00000|  0%| F|  |TAMS 0x0000000087d00000, 0x0000000087d00000| Untracked 
| 126|0x0000000087e00000, 0x0000000087e00000, 0x0000000087f00000|  0%| F|  |TAMS 0x0000000087e00000, 0x0000000087e00000| Untracked 
| 127|0x0000000087f00000, 0x0000000088000000, 0x0000000088000000|100%| S|CS|TAMS 0x0000000087f00000, 0x0000000087f00000| Complete 
| 128|0x0000000088000000, 0x0000000088100000, 0x0000000088100000|100%| S|CS|TAMS 0x0000000088000000, 0x0000000088000000| Complete 
| 129|0x0000000088100000, 0x0000000088200000, 0x0000000088200000|100%| S|CS|TAMS 0x0000000088100000, 0x0000000088100000| Complete 
| 130|0x0000000088200000, 0x0000000088300000, 0x0000000088300000|100%| S|CS|TAMS 0x0000000088200000, 0x0000000088200000| Complete 
| 131|0x0000000088300000, 0x0000000088400000, 0x0000000088400000|100%| S|CS|TAMS 0x0000000088300000, 0x0000000088300000| Complete 
| 132|0x0000000088400000, 0x0000000088500000, 0x0000000088500000|100%| S|CS|TAMS 0x0000000088400000, 0x0000000088400000| Complete 
| 133|0x0000000088500000, 0x0000000088600000, 0x0000000088600000|100%| S|CS|TAMS 0x0000000088500000, 0x0000000088500000| Complete 
| 134|0x0000000088600000, 0x0000000088600000, 0x0000000088700000|  0%| F|  |TAMS 0x0000000088600000, 0x0000000088600000| Untracked 
| 135|0x0000000088700000, 0x0000000088700000, 0x0000000088800000|  0%| F|  |TAMS 0x0000000088700000, 0x0000000088700000| Untracked 
| 136|0x0000000088800000, 0x0000000088800000, 0x0000000088900000|  0%| F|  |TAMS 0x0000000088800000, 0x0000000088800000| Untracked 
| 137|0x0000000088900000, 0x0000000088900000, 0x0000000088a00000|  0%| F|  |TAMS 0x0000000088900000, 0x0000000088900000| Untracked 
| 138|0x0000000088a00000, 0x0000000088a00000, 0x0000000088b00000|  0%| F|  |TAMS 0x0000000088a00000, 0x0000000088a00000| Untracked 
| 139|0x0000000088b00000, 0x0000000088b00000, 0x0000000088c00000|  0%| F|  |TAMS 0x0000000088b00000, 0x0000000088b00000| Untracked 
| 140|0x0000000088c00000, 0x0000000088c00000, 0x0000000088d00000|  0%| F|  |TAMS 0x0000000088c00000, 0x0000000088c00000| Untracked 
| 141|0x0000000088d00000, 0x0000000088d00000, 0x0000000088e00000|  0%| F|  |TAMS 0x0000000088d00000, 0x0000000088d00000| Untracked 
| 142|0x0000000088e00000, 0x0000000088e00000, 0x0000000088f00000|  0%| F|  |TAMS 0x0000000088e00000, 0x0000000088e00000| Untracked 
| 143|0x0000000088f00000, 0x0000000088f00000, 0x0000000089000000|  0%| F|  |TAMS 0x0000000088f00000, 0x0000000088f00000| Untracked 
| 144|0x0000000089000000, 0x0000000089000000, 0x0000000089100000|  0%| F|  |TAMS 0x0000000089000000, 0x0000000089000000| Untracked 
| 145|0x0000000089100000, 0x0000000089100000, 0x0000000089200000|  0%| F|  |TAMS 0x0000000089100000, 0x0000000089100000| Untracked 
| 146|0x0000000089200000, 0x0000000089200000, 0x0000000089300000|  0%| F|  |TAMS 0x0000000089200000, 0x0000000089200000| Untracked 
| 147|0x0000000089300000, 0x0000000089300000, 0x0000000089400000|  0%| F|  |TAMS 0x0000000089300000, 0x0000000089300000| Untracked 
| 148|0x0000000089400000, 0x0000000089400000, 0x0000000089500000|  0%| F|  |TAMS 0x0000000089400000, 0x0000000089400000| Untracked 
| 149|0x0000000089500000, 0x0000000089500000, 0x0000000089600000|  0%| F|  |TAMS 0x0000000089500000, 0x0000000089500000| Untracked 
| 150|0x0000000089600000, 0x0000000089600000, 0x0000000089700000|  0%| F|  |TAMS 0x0000000089600000, 0x0000000089600000| Untracked 
| 151|0x0000000089700000, 0x0000000089700000, 0x0000000089800000|  0%| F|  |TAMS 0x0000000089700000, 0x0000000089700000| Untracked 
| 152|0x0000000089800000, 0x0000000089800000, 0x0000000089900000|  0%| F|  |TAMS 0x0000000089800000, 0x0000000089800000| Untracked 
| 153|0x0000000089900000, 0x0000000089900000, 0x0000000089a00000|  0%| F|  |TAMS 0x0000000089900000, 0x0000000089900000| Untracked 
| 154|0x0000000089a00000, 0x0000000089a00000, 0x0000000089b00000|  0%| F|  |TAMS 0x0000000089a00000, 0x0000000089a00000| Untracked 
| 155|0x0000000089b00000, 0x0000000089b00000, 0x0000000089c00000|  0%| F|  |TAMS 0x0000000089b00000, 0x0000000089b00000| Untracked 
| 156|0x0000000089c00000, 0x0000000089c00000, 0x0000000089d00000|  0%| F|  |TAMS 0x0000000089c00000, 0x0000000089c00000| Untracked 
| 157|0x0000000089d00000, 0x0000000089d00000, 0x0000000089e00000|  0%| F|  |TAMS 0x0000000089d00000, 0x0000000089d00000| Untracked 
| 158|0x0000000089e00000, 0x0000000089ea8558, 0x0000000089f00000| 65%| E|  |TAMS 0x0000000089e00000, 0x0000000089e00000| Complete 
| 159|0x0000000089f00000, 0x000000008a000000, 0x000000008a000000|100%| E|CS|TAMS 0x0000000089f00000, 0x0000000089f00000| Complete 
| 160|0x000000008a000000, 0x000000008a100000, 0x000000008a100000|100%| E|CS|TAMS 0x000000008a000000, 0x000000008a000000| Complete 
| 161|0x000000008a100000, 0x000000008a200000, 0x000000008a200000|100%| E|CS|TAMS 0x000000008a100000, 0x000000008a100000| Complete 
| 162|0x000000008a200000, 0x000000008a300000, 0x000000008a300000|100%| E|CS|TAMS 0x000000008a200000, 0x000000008a200000| Complete 
| 163|0x000000008a300000, 0x000000008a400000, 0x000000008a400000|100%| E|CS|TAMS 0x000000008a300000, 0x000000008a300000| Complete 
| 164|0x000000008a400000, 0x000000008a500000, 0x000000008a500000|100%| E|CS|TAMS 0x000000008a400000, 0x000000008a400000| Complete 
| 165|0x000000008a500000, 0x000000008a600000, 0x000000008a600000|100%| E|CS|TAMS 0x000000008a500000, 0x000000008a500000| Complete 
| 166|0x000000008a600000, 0x000000008a700000, 0x000000008a700000|100%| E|CS|TAMS 0x000000008a600000, 0x000000008a600000| Complete 
| 167|0x000000008a700000, 0x000000008a800000, 0x000000008a800000|100%| E|CS|TAMS 0x000000008a700000, 0x000000008a700000| Complete 
| 168|0x000000008a800000, 0x000000008a900000, 0x000000008a900000|100%| E|CS|TAMS 0x000000008a800000, 0x000000008a800000| Complete 
| 169|0x000000008a900000, 0x000000008aa00000, 0x000000008aa00000|100%| E|CS|TAMS 0x000000008a900000, 0x000000008a900000| Complete 
| 170|0x000000008aa00000, 0x000000008ab00000, 0x000000008ab00000|100%| E|CS|TAMS 0x000000008aa00000, 0x000000008aa00000| Complete 
| 171|0x000000008ab00000, 0x000000008ac00000, 0x000000008ac00000|100%| E|CS|TAMS 0x000000008ab00000, 0x000000008ab00000| Complete 
| 172|0x000000008ac00000, 0x000000008ad00000, 0x000000008ad00000|100%| E|CS|TAMS 0x000000008ac00000, 0x000000008ac00000| Complete 
| 173|0x000000008ad00000, 0x000000008ae00000, 0x000000008ae00000|100%| E|CS|TAMS 0x000000008ad00000, 0x000000008ad00000| Complete 
| 174|0x000000008ae00000, 0x000000008af00000, 0x000000008af00000|100%| E|CS|TAMS 0x000000008ae00000, 0x000000008ae00000| Complete 
| 175|0x000000008af00000, 0x000000008b000000, 0x000000008b000000|100%| E|CS|TAMS 0x000000008af00000, 0x000000008af00000| Complete 
| 176|0x000000008b000000, 0x000000008b100000, 0x000000008b100000|100%| E|CS|TAMS 0x000000008b000000, 0x000000008b000000| Complete 
| 177|0x000000008b100000, 0x000000008b200000, 0x000000008b200000|100%| E|CS|TAMS 0x000000008b100000, 0x000000008b100000| Complete 
| 178|0x000000008b200000, 0x000000008b300000, 0x000000008b300000|100%| E|CS|TAMS 0x000000008b200000, 0x000000008b200000| Complete 
| 179|0x000000008b300000, 0x000000008b400000, 0x000000008b400000|100%| E|CS|TAMS 0x000000008b300000, 0x000000008b300000| Complete 
| 180|0x000000008b400000, 0x000000008b500000, 0x000000008b500000|100%| E|CS|TAMS 0x000000008b400000, 0x000000008b400000| Complete 
| 181|0x000000008b500000, 0x000000008b600000, 0x000000008b600000|100%| E|CS|TAMS 0x000000008b500000, 0x000000008b500000| Complete 
| 182|0x000000008b600000, 0x000000008b700000, 0x000000008b700000|100%| E|CS|TAMS 0x000000008b600000, 0x000000008b600000| Complete 
| 183|0x000000008b700000, 0x000000008b800000, 0x000000008b800000|100%| E|CS|TAMS 0x000000008b700000, 0x000000008b700000| Complete 
| 184|0x000000008b800000, 0x000000008b900000, 0x000000008b900000|100%| E|CS|TAMS 0x000000008b800000, 0x000000008b800000| Complete 
| 185|0x000000008b900000, 0x000000008ba00000, 0x000000008ba00000|100%| E|CS|TAMS 0x000000008b900000, 0x000000008b900000| Complete 
| 186|0x000000008ba00000, 0x000000008bb00000, 0x000000008bb00000|100%| E|CS|TAMS 0x000000008ba00000, 0x000000008ba00000| Complete 
| 187|0x000000008bb00000, 0x000000008bc00000, 0x000000008bc00000|100%| E|CS|TAMS 0x000000008bb00000, 0x000000008bb00000| Complete 
| 188|0x000000008bc00000, 0x000000008bd00000, 0x000000008bd00000|100%| E|CS|TAMS 0x000000008bc00000, 0x000000008bc00000| Complete 
| 189|0x000000008bd00000, 0x000000008be00000, 0x000000008be00000|100%| E|CS|TAMS 0x000000008bd00000, 0x000000008bd00000| Complete 
| 190|0x000000008be00000, 0x000000008bf00000, 0x000000008bf00000|100%| E|CS|TAMS 0x000000008be00000, 0x000000008be00000| Complete 
| 191|0x000000008bf00000, 0x000000008c000000, 0x000000008c000000|100%| E|  |TAMS 0x000000008bf00000, 0x000000008bf00000| Complete 
| 192|0x000000008c000000, 0x000000008c100000, 0x000000008c100000|100%| E|CS|TAMS 0x000000008c000000, 0x000000008c000000| Complete 
| 193|0x000000008c100000, 0x000000008c200000, 0x000000008c200000|100%| E|CS|TAMS 0x000000008c100000, 0x000000008c100000| Complete 
| 194|0x000000008c200000, 0x000000008c300000, 0x000000008c300000|100%| E|CS|TAMS 0x000000008c200000, 0x000000008c200000| Complete 
| 195|0x000000008c300000, 0x000000008c400000, 0x000000008c400000|100%| E|CS|TAMS 0x000000008c300000, 0x000000008c300000| Complete 
| 196|0x000000008c400000, 0x000000008c500000, 0x000000008c500000|100%| E|CS|TAMS 0x000000008c400000, 0x000000008c400000| Complete 
| 197|0x000000008c500000, 0x000000008c600000, 0x000000008c600000|100%| E|CS|TAMS 0x000000008c500000, 0x000000008c500000| Complete 
| 198|0x000000008c600000, 0x000000008c700000, 0x000000008c700000|100%| E|CS|TAMS 0x000000008c600000, 0x000000008c600000| Complete 
| 199|0x000000008c700000, 0x000000008c800000, 0x000000008c800000|100%| E|CS|TAMS 0x000000008c700000, 0x000000008c700000| Complete 
| 200|0x000000008c800000, 0x000000008c900000, 0x000000008c900000|100%| E|CS|TAMS 0x000000008c800000, 0x000000008c800000| Complete 
| 201|0x000000008c900000, 0x000000008ca00000, 0x000000008ca00000|100%| E|CS|TAMS 0x000000008c900000, 0x000000008c900000| Complete 
| 202|0x000000008ca00000, 0x000000008cb00000, 0x000000008cb00000|100%| E|CS|TAMS 0x000000008ca00000, 0x000000008ca00000| Complete 
| 203|0x000000008cb00000, 0x000000008cc00000, 0x000000008cc00000|100%| E|CS|TAMS 0x000000008cb00000, 0x000000008cb00000| Complete 
| 204|0x000000008cc00000, 0x000000008cd00000, 0x000000008cd00000|100%| E|CS|TAMS 0x000000008cc00000, 0x000000008cc00000| Complete 
| 205|0x000000008cd00000, 0x000000008ce00000, 0x000000008ce00000|100%| E|CS|TAMS 0x000000008cd00000, 0x000000008cd00000| Complete 
| 206|0x000000008ce00000, 0x000000008cf00000, 0x000000008cf00000|100%| E|CS|TAMS 0x000000008ce00000, 0x000000008ce00000| Complete 
| 207|0x000000008cf00000, 0x000000008d000000, 0x000000008d000000|100%| E|CS|TAMS 0x000000008cf00000, 0x000000008cf00000| Complete 
| 208|0x000000008d000000, 0x000000008d100000, 0x000000008d100000|100%| E|CS|TAMS 0x000000008d000000, 0x000000008d000000| Complete 
| 209|0x000000008d100000, 0x000000008d200000, 0x000000008d200000|100%| E|CS|TAMS 0x000000008d100000, 0x000000008d100000| Complete 
| 210|0x000000008d200000, 0x000000008d300000, 0x000000008d300000|100%| E|CS|TAMS 0x000000008d200000, 0x000000008d200000| Complete 
| 211|0x000000008d300000, 0x000000008d400000, 0x000000008d400000|100%| E|CS|TAMS 0x000000008d300000, 0x000000008d300000| Complete 
| 212|0x000000008d400000, 0x000000008d500000, 0x000000008d500000|100%| E|CS|TAMS 0x000000008d400000, 0x000000008d400000| Complete 
| 213|0x000000008d500000, 0x000000008d600000, 0x000000008d600000|100%| E|CS|TAMS 0x000000008d500000, 0x000000008d500000| Complete 
| 214|0x000000008d600000, 0x000000008d700000, 0x000000008d700000|100%| E|CS|TAMS 0x000000008d600000, 0x000000008d600000| Complete 
| 215|0x000000008d700000, 0x000000008d800000, 0x000000008d800000|100%| E|CS|TAMS 0x000000008d700000, 0x000000008d700000| Complete 
| 216|0x000000008d800000, 0x000000008d900000, 0x000000008d900000|100%| E|CS|TAMS 0x000000008d800000, 0x000000008d800000| Complete 
| 217|0x000000008d900000, 0x000000008da00000, 0x000000008da00000|100%| E|CS|TAMS 0x000000008d900000, 0x000000008d900000| Complete 
| 218|0x000000008da00000, 0x000000008db00000, 0x000000008db00000|100%| E|CS|TAMS 0x000000008da00000, 0x000000008da00000| Complete 
| 219|0x000000008db00000, 0x000000008dc00000, 0x000000008dc00000|100%| E|CS|TAMS 0x000000008db00000, 0x000000008db00000| Complete 

Card table byte_map: [0x000001daf3a50000,0x000001daf3e50000] _byte_map_base: 0x000001daf3650000

Marking Bits (Prev, Next): (CMBitMap*) 0x000001daefb907f0, (CMBitMap*) 0x000001daefb907b8
 Prev Bits: [0x000001daf6250000, 0x000001daf8250000)
 Next Bits: [0x000001daf4250000, 0x000001daf6250000)

Polling page: 0x000001daef330000

Metaspace:

Usage:
  Non-class:     65.47 MB capacity,    64.28 MB ( 98%) used,     1.02 MB (  2%) free+waste,   175.50 KB ( <1%) overhead. 
      Class:     10.03 MB capacity,     9.42 MB ( 94%) used,   550.17 KB (  5%) free+waste,    80.44 KB ( <1%) overhead. 
       Both:     75.50 MB capacity,    73.69 MB ( 98%) used,     1.56 MB (  2%) free+waste,   255.94 KB ( <1%) overhead. 

Virtual space:
  Non-class space:       66.00 MB reserved,      65.50 MB (>99%) committed 
      Class space:        1.00 GB reserved,      10.13 MB ( <1%) committed 
             Both:        1.06 GB reserved,      75.63 MB (  7%) committed 

Chunk freelists:
   Non-Class:  28.00 KB
       Class:  0 bytes
        Both:  28.00 KB

MaxMetaspaceSize: 17179869184.00 GB
CompressedClassSpaceSize: 1.00 GB

CodeHeap 'non-profiled nmethods': size=120064Kb used=6231Kb max_used=6231Kb free=113832Kb
 bounds [0x000001da87ac0000, 0x000001da880e0000, 0x000001da8f000000]
CodeHeap 'profiled nmethods': size=120000Kb used=22820Kb max_used=22820Kb free=97179Kb
 bounds [0x000001da80590000, 0x000001da81be0000, 0x000001da87ac0000]
CodeHeap 'non-nmethods': size=5696Kb used=2270Kb max_used=2312Kb free=3425Kb
 bounds [0x000001da80000000, 0x000001da80270000, 0x000001da80590000]
 total_blobs=11020 nmethods=10159 adapters=772
 compilation: enabled
              stopped_count=0, restarted_count=0
 full_count=0

Compilation events (20 events):
Event: 29.188 Thread 0x000001dafa75c800 nmethod 10133 0x000001da81ba3410 code [0x000001da81ba35e0, 0x000001da81ba3808]
Event: 29.188 Thread 0x000001dafa75c800 10134       3       kotlin.reflect.jvm.internal.impl.metadata.jvm.JvmProtoBuf$StringTableTypes$Record$Operation::valueOf (42 bytes)
Event: 29.188 Thread 0x000001dafa75c800 nmethod 10134 0x000001da81ba3910 code [0x000001da81ba3ac0, 0x000001da81ba3c78]
Event: 29.188 Thread 0x000001dafa75c800 10132       1       kotlin.reflect.jvm.internal.impl.metadata.ProtoBuf$Type$Argument::getType (5 bytes)
Event: 29.188 Thread 0x000001dafa75c800 nmethod 10132 0x000001da880ca090 code [0x000001da880ca240, 0x000001da880ca2f8]
Event: 29.188 Thread 0x000001dafa75c800 10135       3       com.sun.proxy.$Proxy37::<init> (6 bytes)
Event: 29.188 Thread 0x000001dafa75c800 nmethod 10135 0x000001da81ba3d10 code [0x000001da81ba3ee0, 0x000001da81ba4268]
Event: 29.189 Thread 0x000001dafa75c800 10136       3       kotlin.reflect.jvm.internal.impl.protobuf.LiteralByteString::size (6 bytes)
Event: 29.189 Thread 0x000001dafa75c800 nmethod 10136 0x000001da81ba4410 code [0x000001da81ba45c0, 0x000001da81ba46d8]
Event: 29.192 Thread 0x000001dafa75c800 10138       3       kotlin.reflect.jvm.internal.impl.protobuf.FieldSet::isInitialized (83 bytes)
Event: 29.193 Thread 0x000001dafa75c800 nmethod 10138 0x000001da81ba4790 code [0x000001da81ba4a40, 0x000001da81ba5868]
Event: 29.193 Thread 0x000001dafa75c800 10142       3       kotlin.reflect.jvm.internal.impl.metadata.deserialization.Flags$EnumLiteFlagField::get (77 bytes)
Event: 29.194 Thread 0x000001dafa75c800 nmethod 10142 0x000001da81ba5c90 code [0x000001da81ba5e60, 0x000001da81ba6188]
Event: 29.194 Thread 0x000001dafa75c800 10137       3       kotlin.reflect.jvm.internal.impl.protobuf.GeneratedMessageLite$ExtendableMessage::extensionsAreInitialized (8 bytes)
Event: 29.194 Thread 0x000001dafa75c800 nmethod 10137 0x000001da81ba6310 code [0x000001da81ba64c0, 0x000001da81ba65e8]
Event: 29.194 Thread 0x000001dafa75c800 10140       3       kotlin.reflect.jvm.internal.impl.protobuf.SmallSortedMap::checkMutable (16 bytes)
Event: 29.194 Thread 0x000001dafa75c800 nmethod 10140 0x000001da81ba6690 code [0x000001da81ba6860, 0x000001da81ba6a68]
Event: 29.194 Thread 0x000001dafa75c800 10141       3       kotlin.reflect.jvm.internal.impl.metadata.deserialization.Flags$EnumLiteFlagField::get (6 bytes)
Event: 29.194 Thread 0x000001dafa75c800 nmethod 10141 0x000001da81ba6b90 code [0x000001da81ba6d40, 0x000001da81ba6e68]
Event: 29.194 Thread 0x000001dafa75c800 10139   !   3       jdk.internal.reflect.GeneratedConstructorAccessor18::newInstance (53 bytes)

GC Heap History (20 events):
Event: 2.577 GC heap before
{Heap before GC invocations=4 (full 0):
 garbage-first heap   total 129024K, used 34823K [0x0000000080000000, 0x0000000100000000)
  region size 1024K, 23 young (23552K), 3 survivors (3072K)
 Metaspace       used 20786K, capacity 21163K, committed 21248K, reserved 1067008K
  class space    used 2604K, capacity 2751K, committed 2816K, reserved 1048576K
}
Event: 2.585 GC heap after
{Heap after GC invocations=5 (full 0):
 garbage-first heap   total 155648K, used 16426K [0x0000000080000000, 0x0000000100000000)
  region size 1024K, 4 young (4096K), 4 survivors (4096K)
 Metaspace       used 20786K, capacity 21163K, committed 21248K, reserved 1067008K
  class space    used 2604K, capacity 2751K, committed 2816K, reserved 1048576K
}
Event: 3.592 GC heap before
{Heap before GC invocations=6 (full 0):
 garbage-first heap   total 155648K, used 72746K [0x0000000080000000, 0x0000000100000000)
  region size 1024K, 57 young (58368K), 4 survivors (4096K)
 Metaspace       used 31345K, capacity 31847K, committed 32000K, reserved 1077248K
  class space    used 3875K, capacity 4094K, committed 4096K, reserved 1048576K
}
Event: 3.599 GC heap after
{Heap after GC invocations=7 (full 0):
 garbage-first heap   total 155648K, used 20346K [0x0000000080000000, 0x0000000100000000)
  region size 1024K, 8 young (8192K), 8 survivors (8192K)
 Metaspace       used 31345K, capacity 31847K, committed 32000K, reserved 1077248K
  class space    used 3875K, capacity 4094K, committed 4096K, reserved 1048576K
}
Event: 4.055 GC heap before
{Heap before GC invocations=7 (full 0):
 garbage-first heap   total 155648K, used 51066K [0x0000000080000000, 0x0000000100000000)
  region size 1024K, 39 young (39936K), 8 survivors (8192K)
 Metaspace       used 35261K, capacity 35797K, committed 35840K, reserved 1081344K
  class space    used 4394K, capacity 4596K, committed 4608K, reserved 1048576K
}
Event: 4.065 GC heap after
{Heap after GC invocations=8 (full 0):
 garbage-first heap   total 155648K, used 21980K [0x0000000080000000, 0x0000000100000000)
  region size 1024K, 6 young (6144K), 6 survivors (6144K)
 Metaspace       used 35261K, capacity 35797K, committed 35840K, reserved 1081344K
  class space    used 4394K, capacity 4596K, committed 4608K, reserved 1048576K
}
Event: 5.006 GC heap before
{Heap before GC invocations=9 (full 0):
 garbage-first heap   total 155648K, used 89564K [0x0000000080000000, 0x0000000100000000)
  region size 1024K, 72 young (73728K), 6 survivors (6144K)
 Metaspace       used 40509K, capacity 41203K, committed 41344K, reserved 1085440K
  class space    used 5188K, capacity 5419K, committed 5504K, reserved 1048576K
}
Event: 5.016 GC heap after
{Heap after GC invocations=10 (full 0):
 garbage-first heap   total 155648K, used 24058K [0x0000000080000000, 0x0000000100000000)
  region size 1024K, 4 young (4096K), 4 survivors (4096K)
 Metaspace       used 40509K, capacity 41203K, committed 41344K, reserved 1085440K
  class space    used 5188K, capacity 5419K, committed 5504K, reserved 1048576K
}
Event: 6.289 GC heap before
{Heap before GC invocations=10 (full 0):
 garbage-first heap   total 155648K, used 105978K [0x0000000080000000, 0x0000000100000000)
  region size 1024K, 83 young (84992K), 4 survivors (4096K)
 Metaspace       used 50548K, capacity 51564K, committed 51840K, reserved 1093632K
  class space    used 6384K, capacity 6741K, committed 6784K, reserved 1048576K
}
Event: 6.314 GC heap after
{Heap after GC invocations=11 (full 0):
 garbage-first heap   total 187392K, used 38476K [0x0000000080000000, 0x0000000100000000)
  region size 1024K, 11 young (11264K), 11 survivors (11264K)
 Metaspace       used 50548K, capacity 51564K, committed 51840K, reserved 1093632K
  class space    used 6384K, capacity 6741K, committed 6784K, reserved 1048576K
}
Event: 7.513 GC heap before
{Heap before GC invocations=11 (full 0):
 garbage-first heap   total 187392K, used 111180K [0x0000000080000000, 0x0000000100000000)
  region size 1024K, 82 young (83968K), 11 survivors (11264K)
 Metaspace       used 58710K, capacity 59947K, committed 60160K, reserved 1101824K
  class space    used 7480K, capacity 7936K, committed 7936K, reserved 1048576K
}
Event: 7.539 GC heap after
{Heap after GC invocations=12 (full 0):
 garbage-first heap   total 187392K, used 44523K [0x0000000080000000, 0x0000000100000000)
  region size 1024K, 7 young (7168K), 7 survivors (7168K)
 Metaspace       used 58710K, capacity 59947K, committed 60160K, reserved 1101824K
  class space    used 7480K, capacity 7936K, committed 7936K, reserved 1048576K
}
Event: 8.844 GC heap before
{Heap before GC invocations=13 (full 0):
 garbage-first heap   total 187392K, used 124395K [0x0000000080000000, 0x0000000100000000)
  region size 1024K, 85 young (87040K), 7 survivors (7168K)
 Metaspace       used 65383K, capacity 66806K, committed 66944K, reserved 1107968K
  class space    used 8488K, capacity 8977K, committed 9088K, reserved 1048576K
}
Event: 8.858 GC heap after
{Heap after GC invocations=14 (full 0):
 garbage-first heap   total 187392K, used 50059K [0x0000000080000000, 0x0000000100000000)
  region size 1024K, 6 young (6144K), 6 survivors (6144K)
 Metaspace       used 65383K, capacity 66806K, committed 66944K, reserved 1107968K
  class space    used 8488K, capacity 8977K, committed 9088K, reserved 1048576K
}
Event: 12.922 GC heap before
{Heap before GC invocations=14 (full 0):
 garbage-first heap   total 187392K, used 130955K [0x0000000080000000, 0x0000000100000000)
  region size 1024K, 86 young (88064K), 6 survivors (6144K)
 Metaspace       used 69046K, capacity 70778K, committed 70784K, reserved 1110016K
  class space    used 8985K, capacity 9594K, committed 9600K, reserved 1048576K
}
Event: 12.942 GC heap after
{Heap after GC invocations=15 (full 0):
 garbage-first heap   total 187392K, used 56320K [0x0000000080000000, 0x0000000100000000)
  region size 1024K, 11 young (11264K), 11 survivors (11264K)
 Metaspace       used 69046K, capacity 70778K, committed 70784K, reserved 1110016K
  class space    used 8985K, capacity 9594K, committed 9600K, reserved 1048576K
}
Event: 15.766 GC heap before
{Heap before GC invocations=15 (full 0):
 garbage-first heap   total 187392K, used 137216K [0x0000000080000000, 0x0000000100000000)
  region size 1024K, 90 young (92160K), 11 survivors (11264K)
 Metaspace       used 70447K, capacity 72161K, committed 72192K, reserved 1112064K
  class space    used 9096K, capacity 9704K, committed 9728K, reserved 1048576K
}
Event: 15.791 GC heap after
{Heap after GC invocations=16 (full 0):
 garbage-first heap   total 225280K, used 67561K [0x0000000080000000, 0x0000000100000000)
  region size 1024K, 12 young (12288K), 12 survivors (12288K)
 Metaspace       used 70447K, capacity 72161K, committed 72192K, reserved 1112064K
  class space    used 9096K, capacity 9704K, committed 9728K, reserved 1048576K
}
Event: 27.843 GC heap before
{Heap before GC invocations=16 (full 0):
 garbage-first heap   total 225280K, used 165865K [0x0000000080000000, 0x0000000100000000)
  region size 1024K, 98 young (100352K), 12 survivors (12288K)
 Metaspace       used 72185K, capacity 73957K, committed 74240K, reserved 1114112K
  class space    used 9248K, capacity 9877K, committed 9984K, reserved 1048576K
}
Event: 27.870 GC heap after
{Heap after GC invocations=17 (full 0):
 garbage-first heap   total 225280K, used 75143K [0x0000000080000000, 0x0000000100000000)
  region size 1024K, 7 young (7168K), 7 survivors (7168K)
 Metaspace       used 72185K, capacity 73957K, committed 74240K, reserved 1114112K
  class space    used 9248K, capacity 9877K, committed 9984K, reserved 1048576K
}

Deoptimization events (20 events):
Event: 28.270 Thread 0x000001da8fc90000 Uncommon trap: trap_request=0xffffff4d fr.pc=0x000001da87ad7b5c relative=0x000000000000003c
Event: 28.270 Thread 0x000001da8fc90000 Uncommon trap: reason=unstable_if action=reinterpret pc=0x000001da87ad7b5c method=sun.nio.fs.WindowsPathParser.isSlash(C)Z @ 9 c2
Event: 28.270 Thread 0x000001da8fc90000 DEOPT PACKING pc=0x000001da87ad7b5c sp=0x0000005691dfacf0
Event: 28.270 Thread 0x000001da8fc90000 DEOPT UNPACKING pc=0x000001da8002662f sp=0x0000005691dfac78 mode 2
Event: 28.271 Thread 0x000001da8fc90000 Uncommon trap: trap_request=0xffffff4d fr.pc=0x000001da88004198 relative=0x0000000000000378
Event: 28.272 Thread 0x000001da8fc90000 Uncommon trap: reason=unstable_if action=reinterpret pc=0x000001da88004198 method=com.google.gson.stream.JsonWriter.string(Ljava/lang/String;)V @ 4 c2
Event: 28.272 Thread 0x000001da8fc90000 DEOPT PACKING pc=0x000001da88004198 sp=0x0000005691dfac60
Event: 28.272 Thread 0x000001da8fc90000 DEOPT UNPACKING pc=0x000001da8002662f sp=0x0000005691dfabe0 mode 2
Event: 28.311 Thread 0x000001da8fc90000 Uncommon trap: trap_request=0xffffff4d fr.pc=0x000001da8807e420 relative=0x0000000000000740
Event: 28.312 Thread 0x000001da8fc90000 Uncommon trap: reason=unstable_if action=reinterpret pc=0x000001da8807e420 method=com.google.common.base.Ascii.toUpperCase(Ljava/lang/String;)Ljava/lang/String; @ 9 c2
Event: 28.312 Thread 0x000001da8fc90000 DEOPT PACKING pc=0x000001da8807e420 sp=0x0000005691dfd170
Event: 28.312 Thread 0x000001da8fc90000 DEOPT UNPACKING pc=0x000001da8002662f sp=0x0000005691dfd138 mode 2
Event: 28.731 Thread 0x000001da8fc8e800 Uncommon trap: trap_request=0xffffffde fr.pc=0x000001da8802191c relative=0x000000000000925c
Event: 28.731 Thread 0x000001da8fc8e800 Uncommon trap: reason=class_check action=maybe_recompile pc=0x000001da8802191c method=java.io.ObjectOutputStream.writeObject0(Ljava/lang/Object;Z)V @ 482 c2
Event: 28.731 Thread 0x000001da8fc8e800 DEOPT PACKING pc=0x000001da8802191c sp=0x0000005691cfd850
Event: 28.731 Thread 0x000001da8fc8e800 DEOPT UNPACKING pc=0x000001da8002662f sp=0x0000005691cfd888 mode 2
Event: 28.740 Thread 0x000001da8fc8e800 DEOPT PACKING pc=0x000001da81b1451c sp=0x0000005691cfd230
Event: 28.740 Thread 0x000001da8fc8e800 DEOPT UNPACKING pc=0x000001da80026dde sp=0x0000005691cfc7d0 mode 0
Event: 28.761 Thread 0x000001da8fc8e800 DEOPT PACKING pc=0x000001da81b1451c sp=0x0000005691cfb630
Event: 28.761 Thread 0x000001da8fc8e800 DEOPT UNPACKING pc=0x000001da80026dde sp=0x0000005691cfabd0 mode 0

Classes redefined (0 events):
No events

Internal exceptions (20 events):
Event: 11.334 Thread 0x000001dafcb89000 Exception <a 'java/lang/NoSuchMethodError'{0x000000008adfd420}: 'void java.lang.invoke.DirectMethodHandle$Holder.invokeStatic(java.lang.Object, java.lang.Object, java.lang.Object, java.lang.Object, java.lang.Object, int, java.lang.Object)'> (0x000000008adfd420) thrown at [./src/hotspot/share/interpreter/linkResolver.cpp, line 773]
Event: 12.456 Thread 0x000001dafcb89000 Exception <a 'java/lang/NoSuchMethodError'{0x0000000087cc8448}: 'java.lang.Object java.lang.invoke.DirectMethodHandle$Holder.invokeSpecialIFC(java.lang.Object, java.lang.Object, java.lang.Object)'> (0x0000000087cc8448) thrown at [./src/hotspot/share/interpreter/linkResolver.cpp, line 773]
Event: 12.594 Thread 0x000001dafcb89000 Exception <a 'java/lang/NoSuchMethodError'{0x000000008764faf8}: <clinit>> (0x000000008764faf8) thrown at [./src/hotspot/share/prims/jni.cpp, line 1362]
Event: 12.595 Thread 0x000001dafcb89000 Exception <a 'java/lang/NoSuchMethodError'{0x00000000876638e8}: <clinit>> (0x00000000876638e8) thrown at [./src/hotspot/share/prims/jni.cpp, line 1362]
Event: 12.600 Thread 0x000001dafcb89000 Exception <a 'java/lang/NoSuchMethodError'{0x00000000876c0ec0}: <clinit>> (0x00000000876c0ec0) thrown at [./src/hotspot/share/prims/jni.cpp, line 1362]
Event: 12.629 Thread 0x000001dafd022800 Exception <a 'java/lang/NoSuchMethodError'{0x000000008745c990}: <clinit>> (0x000000008745c990) thrown at [./src/hotspot/share/prims/jni.cpp, line 1362]
Event: 12.791 Thread 0x000001da8fc92800 Exception <a 'sun/nio/fs/WindowsException'{0x0000000086f95028}> (0x0000000086f95028) thrown at [./src/hotspot/share/prims/jni.cpp, line 615]
Event: 12.906 Thread 0x000001da8fc90000 Exception <a 'sun/nio/fs/WindowsException'{0x000000008682f9d0}> (0x000000008682f9d0) thrown at [./src/hotspot/share/prims/jni.cpp, line 615]
Event: 16.250 Thread 0x000001da8fc8e800 Implicit null exception at 0x000001da87f7aa27 to 0x000001da87f7ff14
Event: 17.963 Thread 0x000001da8fc8e800 Exception <a 'java/lang/NoSuchMethodError'{0x000000008aeaebb8}: <clinit>> (0x000000008aeaebb8) thrown at [./src/hotspot/share/prims/jni.cpp, line 1362]
Event: 17.964 Thread 0x000001da8fc8e800 Exception <a 'java/lang/NoSuchMethodError'{0x000000008aecbe08}: <clinit>> (0x000000008aecbe08) thrown at [./src/hotspot/share/prims/jni.cpp, line 1362]
Event: 17.965 Thread 0x000001da8fc8e800 Exception <a 'java/lang/NoSuchMethodError'{0x000000008aecef88}: <clinit>> (0x000000008aecef88) thrown at [./src/hotspot/share/prims/jni.cpp, line 1362]
Event: 17.966 Thread 0x000001da8fc8e800 Exception <a 'java/lang/NoSuchMethodError'{0x000000008aedfcc0}: <clinit>> (0x000000008aedfcc0) thrown at [./src/hotspot/share/prims/jni.cpp, line 1362]
Event: 18.157 Thread 0x000001da8fc92800 Exception <a 'java/lang/NoSuchMethodError'{0x000000008a52b918}: 'void java.lang.invoke.DirectMethodHandle$Holder.invokeStatic(java.lang.Object, long)'> (0x000000008a52b918) thrown at [./src/hotspot/share/interpreter/linkResolver.cpp, line 773]
Event: 18.157 Thread 0x000001da8fc92800 Exception <a 'java/lang/NoSuchMethodError'{0x000000008a530b30}: 'java.lang.Object java.lang.invoke.DirectMethodHandle$Holder.invokeStatic(java.lang.Object, long)'> (0x000000008a530b30) thrown at [./src/hotspot/share/interpreter/linkResolver.cpp, line 773]
Event: 18.159 Thread 0x000001da8fc92800 Exception <a 'java/lang/NoSuchMethodError'{0x000000008a53ee98}: 'java.lang.Object java.lang.invoke.DirectMethodHandle$Holder.invokeStaticInit(java.lang.Object, java.lang.Object, long, java.lang.Object)'> (0x000000008a53ee98) thrown at [./src/hotspot/share/interpreter/linkResolver.cpp, line 773]
Event: 18.160 Thread 0x000001da8fc92800 Exception <a 'java/lang/NoSuchMethodError'{0x0000000089c9a5e0}: 'java.lang.Object java.lang.invoke.DirectMethodHandle$Holder.invokeStatic(java.lang.Object, java.lang.Object, long)'> (0x0000000089c9a5e0) thrown at [./src/hotspot/share/interpreter/linkResolver.cpp, line 773]
Event: 18.161 Thread 0x000001da8fc92800 Exception <a 'java/lang/NoSuchMethodError'{0x0000000089ca0b58}: 'java.lang.Object java.lang.invoke.Invokers$Holder.linkToTargetMethod(java.lang.Object, long, java.lang.Object)'> (0x0000000089ca0b58) thrown at [./src/hotspot/share/interpreter/linkResolver.cpp, line 773]
Event: 28.731 Thread 0x000001da8fc8e800 Exception <a 'java/lang/NoSuchMethodError'{0x000000008bbeb288}: <clinit>> (0x000000008bbeb288) thrown at [./src/hotspot/share/prims/jni.cpp, line 1362]
Event: 28.731 Thread 0x000001da8fc8e800 Exception <a 'java/lang/NoSuchMethodError'{0x000000008bbec4c0}: <clinit>> (0x000000008bbec4c0) thrown at [./src/hotspot/share/prims/jni.cpp, line 1362]

Events (20 events):
Event: 29.108 loading class kotlin/reflect/jvm/internal/impl/resolve/scopes/InnerClassesScopeWrapper
Event: 29.108 loading class kotlin/reflect/jvm/internal/impl/resolve/scopes/InnerClassesScopeWrapper done
Event: 29.115 loading class kotlin/reflect/jvm/internal/impl/serialization/deserialization/descriptors/DeserializedTypeParameterDescriptor
Event: 29.115 loading class kotlin/reflect/jvm/internal/impl/serialization/deserialization/descriptors/DeserializedTypeParameterDescriptor done
Event: 29.116 loading class kotlin/reflect/jvm/internal/impl/descriptors/impl/AbstractLazyTypeParameterDescriptor
Event: 29.116 loading class kotlin/reflect/jvm/internal/impl/descriptors/impl/AbstractLazyTypeParameterDescriptor done
Event: 29.116 loading class kotlin/reflect/jvm/internal/impl/descriptors/impl/AbstractTypeParameterDescriptor
Event: 29.116 loading class kotlin/reflect/jvm/internal/impl/descriptors/impl/AbstractTypeParameterDescriptor done
Event: 29.117 loading class kotlin/reflect/jvm/internal/impl/descriptors/TypeParameterDescriptor
Event: 29.117 loading class kotlin/reflect/jvm/internal/impl/descriptors/TypeParameterDescriptor done
Event: 29.117 loading class kotlin/reflect/jvm/internal/impl/types/model/TypeParameterMarker
Event: 29.117 loading class kotlin/reflect/jvm/internal/impl/types/model/TypeParameterMarker done
Event: 29.118 loading class kotlin/reflect/jvm/internal/impl/types/Variance
Event: 29.118 loading class kotlin/reflect/jvm/internal/impl/types/Variance done
Event: 29.118 loading class kotlin/reflect/jvm/internal/impl/descriptors/impl/AbstractTypeParameterDescriptor$1
Event: 29.118 loading class kotlin/reflect/jvm/internal/impl/descriptors/impl/AbstractTypeParameterDescriptor$1 done
Event: 29.118 loading class kotlin/reflect/jvm/internal/impl/descriptors/impl/AbstractTypeParameterDescriptor$2
Event: 29.118 loading class kotlin/reflect/jvm/internal/impl/descriptors/impl/AbstractTypeParameterDescriptor$2 done
Event: 29.119 loading class kotlin/reflect/jvm/internal/impl/serialization/deserialization/descriptors/DeserializedTypeParameterDescriptor$annotations$1
Event: 29.119 loading class kotlin/reflect/jvm/internal/impl/serialization/deserialization/descriptors/DeserializedTypeParameterDescriptor$annotations$1 done


Dynamic libraries:
0x00007ff7b5710000 - 0x00007ff7b571a000 	C:\Program Files\Android\Android Studio1\jre\bin\java.exe
0x00007ffb950f0000 - 0x00007ffb952e5000 	C:\WINDOWS\SYSTEM32\ntdll.dll
0x00007ffb94660000 - 0x00007ffb9471e000 	C:\WINDOWS\System32\KERNEL32.DLL
0x00007ffb92d60000 - 0x00007ffb93028000 	C:\WINDOWS\System32\KERNELBASE.dll
0x00007ffb92810000 - 0x00007ffb92910000 	C:\WINDOWS\System32\ucrtbase.dll
0x00007ffb78ef0000 - 0x00007ffb78f09000 	C:\Program Files\Android\Android Studio1\jre\bin\jli.dll
0x00007ffb778b0000 - 0x00007ffb778c7000 	C:\Program Files\Android\Android Studio1\jre\bin\VCRUNTIME140.dll
0x00007ffb937e0000 - 0x00007ffb93980000 	C:\WINDOWS\System32\USER32.dll
0x00007ffb92910000 - 0x00007ffb92932000 	C:\WINDOWS\System32\win32u.dll
0x00007ffb93c40000 - 0x00007ffb93c6b000 	C:\WINDOWS\System32\GDI32.dll
0x00007ffb92bc0000 - 0x00007ffb92ccb000 	C:\WINDOWS\System32\gdi32full.dll
0x00007ffb84bc0000 - 0x00007ffb84e5a000 	C:\WINDOWS\WinSxS\amd64_microsoft.windows.common-controls_6595b64144ccf1df_6.0.19041.1110_none_60b5254171f9507e\COMCTL32.dll
0x00007ffb92b20000 - 0x00007ffb92bbd000 	C:\WINDOWS\System32\msvcp_win.dll
0x00007ffb93480000 - 0x00007ffb9351e000 	C:\WINDOWS\System32\msvcrt.dll
0x00007ffb94850000 - 0x00007ffb94880000 	C:\WINDOWS\System32\IMM32.DLL
0x00007ffb5b560000 - 0x00007ffb5b5fd000 	C:\Program Files\Android\Android Studio1\jre\bin\msvcp140.dll
0x00007ffb310b0000 - 0x00007ffb31b85000 	C:\Program Files\Android\Android Studio1\jre\bin\server\jvm.dll
0x00007ffb93520000 - 0x00007ffb935ce000 	C:\WINDOWS\System32\ADVAPI32.dll
0x00007ffb931e0000 - 0x00007ffb9327c000 	C:\WINDOWS\System32\sechost.dll
0x00007ffb93a40000 - 0x00007ffb93b65000 	C:\WINDOWS\System32\RPCRT4.dll
0x00007ffb93a30000 - 0x00007ffb93a38000 	C:\WINDOWS\System32\PSAPI.DLL
0x00007ffb88210000 - 0x00007ffb88219000 	C:\WINDOWS\SYSTEM32\WSOCK32.dll
0x00007ffb7c530000 - 0x00007ffb7c557000 	C:\WINDOWS\SYSTEM32\WINMM.dll
0x00007ffb8c3f0000 - 0x00007ffb8c3fa000 	C:\WINDOWS\SYSTEM32\VERSION.dll
0x00007ffb93d70000 - 0x00007ffb93ddb000 	C:\WINDOWS\System32\WS2_32.dll
0x00007ffb90700000 - 0x00007ffb90712000 	C:\WINDOWS\SYSTEM32\kernel.appcore.dll
0x00007ffb5e440000 - 0x00007ffb5e451000 	C:\Program Files\Android\Android Studio1\jre\bin\verify.dll
0x00007ffb7d820000 - 0x00007ffb7da04000 	C:\WINDOWS\SYSTEM32\DBGHELP.DLL
0x00007ffb7d7f0000 - 0x00007ffb7d81c000 	C:\WINDOWS\SYSTEM32\dbgcore.DLL
0x00007ffb92cd0000 - 0x00007ffb92d52000 	C:\WINDOWS\System32\bcryptPrimitives.dll
0x00007ffb58a80000 - 0x00007ffb58aa9000 	C:\Program Files\Android\Android Studio1\jre\bin\java.dll
0x00007ffb8ec80000 - 0x00007ffb8ec8b000 	C:\Program Files\Android\Android Studio1\jre\bin\jimage.dll
0x00007ffb57770000 - 0x00007ffb57788000 	C:\Program Files\Android\Android Studio1\jre\bin\zip.dll
0x00007ffb93f10000 - 0x00007ffb94654000 	C:\WINDOWS\System32\SHELL32.dll
0x00007ffb90900000 - 0x00007ffb91094000 	C:\WINDOWS\SYSTEM32\windows.storage.dll
0x00007ffb94d50000 - 0x00007ffb950a4000 	C:\WINDOWS\System32\combase.dll
0x00007ffb92200000 - 0x00007ffb9222c000 	C:\WINDOWS\SYSTEM32\Wldp.dll
0x00007ffb93980000 - 0x00007ffb93a2d000 	C:\WINDOWS\System32\SHCORE.dll
0x00007ffb94720000 - 0x00007ffb94775000 	C:\WINDOWS\System32\shlwapi.dll
0x00007ffb92750000 - 0x00007ffb9276f000 	C:\WINDOWS\SYSTEM32\profapi.dll
0x00007ffb562e0000 - 0x00007ffb562fa000 	C:\Program Files\Android\Android Studio1\jre\bin\net.dll
0x00007ffb8a160000 - 0x00007ffb8a269000 	C:\WINDOWS\SYSTEM32\WINHTTP.dll
0x00007ffb91f60000 - 0x00007ffb91fca000 	C:\WINDOWS\system32\mswsock.dll
0x00007ffb51230000 - 0x00007ffb51244000 	C:\Program Files\Android\Android Studio1\jre\bin\nio.dll
0x00007ffb70360000 - 0x00007ffb70386000 	C:\Users\List\.gradle\native\30\windows-amd64\native-platform.dll
0x00007ffb8cd30000 - 0x00007ffb8cd3a000 	C:\Program Files\Android\Android Studio1\jre\bin\management.dll
0x00007ffb89dc0000 - 0x00007ffb89dcd000 	C:\Program Files\Android\Android Studio1\jre\bin\management_ext.dll
0x00007ffb92150000 - 0x00007ffb92168000 	C:\WINDOWS\SYSTEM32\CRYPTSP.dll
0x00007ffb918e0000 - 0x00007ffb91914000 	C:\WINDOWS\system32\rsaenh.dll
0x00007ffb92aa0000 - 0x00007ffb92ac7000 	C:\WINDOWS\System32\bcrypt.dll
0x00007ffb926d0000 - 0x00007ffb926fe000 	C:\WINDOWS\SYSTEM32\USERENV.dll
0x00007ffb92170000 - 0x00007ffb9217c000 	C:\WINDOWS\SYSTEM32\CRYPTBASE.dll
0x00007ffb91c50000 - 0x00007ffb91c8b000 	C:\WINDOWS\SYSTEM32\IPHLPAPI.DLL
0x00007ffb93d50000 - 0x00007ffb93d58000 	C:\WINDOWS\System32\NSI.dll
0x00007ffb8ca50000 - 0x00007ffb8ca67000 	C:\WINDOWS\SYSTEM32\dhcpcsvc6.DLL
0x00007ffb8cca0000 - 0x00007ffb8ccbd000 	C:\WINDOWS\SYSTEM32\dhcpcsvc.DLL
0x00007ffb91c90000 - 0x00007ffb91d5a000 	C:\WINDOWS\SYSTEM32\DNSAPI.dll

dbghelp: loaded successfully - version: 4.0.5 - missing functions: none
symbol engine: initialized successfully - sym options: 0x614 - pdb path: .;C:\Program Files\Android\Android Studio1\jre\bin;C:\WINDOWS\SYSTEM32;C:\WINDOWS\WinSxS\amd64_microsoft.windows.common-controls_6595b64144ccf1df_6.0.19041.1110_none_60b5254171f9507e;C:\Program Files\Android\Android Studio1\jre\bin\server;C:\Users\List\.gradle\native\30\windows-amd64

VM Arguments:
jvm_args: --add-opens=java.base/java.util=ALL-UNNAMED --add-opens=java.base/java.lang=ALL-UNNAMED --add-opens=java.base/java.lang.invoke=ALL-UNNAMED --add-opens=java.prefs/java.util.prefs=ALL-UNNAMED -Xmx2048m -Dfile.encoding=windows-1252 -Duser.country=US -Duser.language=en -Duser.variant 
java_command: org.gradle.launcher.daemon.bootstrap.GradleDaemon 5.6.4
java_class_path (initial): C:\Users\List\.gradle\wrapper\dists\gradle-5.6.4-all\ankdp27end7byghfw1q2sw75f\gradle-5.6.4\lib\gradle-launcher-5.6.4.jar
Launcher Type: SUN_STANDARD

[Global flags]
     intx CICompilerCount                          = 3                                         {product} {ergonomic}
     uint ConcGCThreads                            = 1                                         {product} {ergonomic}
     uint G1ConcRefinementThreads                  = 4                                         {product} {ergonomic}
   size_t G1HeapRegionSize                         = 1048576                                   {product} {ergonomic}
    uintx GCDrainStackTargetSize                   = 64                                        {product} {ergonomic}
   size_t InitialHeapSize                          = 132120576                                 {product} {ergonomic}
   size_t MarkStackSize                            = 4194304                                   {product} {ergonomic}
   size_t MaxHeapSize                              = 2147483648                                {product} {command line}
   size_t MaxNewSize                               = 1287651328                                {product} {ergonomic}
   size_t MinHeapDeltaBytes                        = 1048576                                   {product} {ergonomic}
    uintx NonNMethodCodeHeapSize                   = 5830732                                {pd product} {ergonomic}
    uintx NonProfiledCodeHeapSize                  = 122913754                              {pd product} {ergonomic}
    uintx ProfiledCodeHeapSize                     = 122913754                              {pd product} {ergonomic}
    uintx ReservedCodeCacheSize                    = 251658240                              {pd product} {ergonomic}
     bool SegmentedCodeCache                       = true                                      {product} {ergonomic}
     bool UseCompressedClassPointers               = true                                 {lp64_product} {ergonomic}
     bool UseCompressedOops                        = true                                 {lp64_product} {ergonomic}
     bool UseG1GC                                  = true                                      {product} {ergonomic}
     bool UseLargePagesIndividualAllocation        = false                                  {pd product} {ergonomic}

Logging:
Log output configuration:
 #0: stdout all=warning uptime,level,tags
 #1: stderr all=off uptime,level,tags

Environment Variables:
JAVA_HOME=C:\Program Files (x86)\Java\jdk1.8.0_121
CLASSPATH=E:\javadoc\programtest\
PATH=E:\Sourabh\Flutter\Dart SDK\bin;C:\Program Files (x86)\Common Files\Oracle\Java\javapath;C:\Program Files\Common Files\Oracle\Java\javapath;D:\oraclexe\app\oracle\product\11.2.0\server\bin;C:\ProgramData\Oracle\Java\javapath;D:\DevSuiteHome_1\jdk\jre\bin\classic;D:\DevSuiteHome_1\jdk\jre\bin;D:\DevSuiteHome_1\jdk\jre\bin\client;D:\DevSuiteHome_1\jlib;D:\DevSuiteHome_1\bin;D:\DevSuiteHome_1\jre\1.4.2\bin\client;D:\DevSuiteHome_1\jre\1.4.2\bin;D:\orant\bin;C:\Program Files (x86)\Intel\iCLS Client\;C:\Program Files\Intel\iCLS Client\;C:\WINDOWS\system32;C:\WINDOWS;C:\WINDOWS\System32\Wbem;C:\WINDOWS\System32\WindowsPowerShell\v1.0\;C:\Program Files (x86)\Intel\Intel(R) Management Engine Components\DAL;C:\Program Files\Intel\Intel(R) Management Engine Components\DAL;C:\Program Files (x86)\Intel\Intel(R) Management Engine Components\IPT;C:\Program Files\Intel\Intel(R) Management Engine Components\IPT;D:\orant\jdk\bin;C:\Program Files (x86)\Java\jdk1.8.0_121\bin;C:\Windows\System32\jnisgfplib.dll;C:\Windows\System32\jnisgnfiqlib.dll;C:\Windows\System32\jnisgwsqlib.dll;C:\Windows\System32\sgfpamx.dll;C:\Windows\System32\sgfplib.dll;C:\Windows\System32\sgnfiqlib.dll;C:\Windows\System32\sgwsqlib.dll;C:\WINDOWS\System32\OpenSSH\;D:\flutterdata\dartsdk-windows-x64-release\dart-sdk\bin;C:\Users\List\AppData\Roaming\Pub\Cache\bin;C:\Dart\dart-sdk\bin;C:\Program Files\TortoiseSVN\bin;C:\Program Files\Cloudflare\Cloudflare WARP;C:\Program Files\Git\cmd;C:\Program Files (x86)\Tesseract-OCR;;C:\Program Files (x86)\AOMEI\AOMEI Backupper\6.9.0;C:\Program Files (x86)\dotnet\;C:\Program Files\Cloudflare\Cloudflare WARP\;C:\Users\List\AppData\Local\Microsoft\WindowsApps;E:\Sourabh\Flutter\flutter_windows_2.8.1\flutter\bin;C:\Users\List\AppData\Local\Programs\Microsoft VS Code\bin;C:\Users\List\AppData\Local\Android\sdk\platform-tools;C:\Program Files (x86)\Sophos\Sophos SSL VPN Client\bin;C:\Users\List\AppData\Local\GitHubDesktop\bin
USERNAME=List
OS=Windows_NT
PROCESSOR_IDENTIFIER=Intel64 Family 6 Model 94 Stepping 3, GenuineIntel



---------------  S Y S T E M  ---------------

OS: Windows 10 , 64 bit Build 19041 (10.0.19041.1566)
OS uptime: 2 days 1:17 hours

CPU:total 4 (initial active 4) (2 cores per cpu, 2 threads per core) family 6 model 94 stepping 3 microcode 0xcc, cmov, cx8, fxsr, mmx, sse, sse2, sse3, ssse3, sse4.1, sse4.2, popcnt, avx, avx2, aes, clmul, erms, 3dnowpref, lzcnt, ht, tsc, tscinvbit, bmi1, bmi2, adx, fma

Memory: 4k page, system-wide physical 8058M (489M free)
TotalPageFile size 18058M (AvailPageFile size 4M)
current process WorkingSet (physical memory assigned to process): 441M, peak: 447M
current process commit charge ("private bytes"): 475M, peak: 483M

vm_info: OpenJDK 64-Bit Server VM (11.0.11+9-b60-7590822) for windows-amd64 JRE (11.0.11+9-b60-7590822), built on Jul 29 2021 21:43:44 by "builder" with MS VC++ 14.0 (VS2015)

END.
