#
# There is insufficient memory for the Java Runtime Environment to continue.
# Native memory allocation (malloc) failed to allocate 1218416 bytes for Chunk::new
# Possible reasons:
#   The system is out of physical RAM or swap space
#   The process is running with CompressedOops enabled, and the Java Heap may be blocking the growth of the native heap
# Possible solutions:
#   Reduce memory load on the system
#   Increase physical memory or swap space
#   Check if swap backing store is full
#   Decrease Java heap size (-Xmx/-Xms)
#   Decrease number of Java threads
#   Decrease Java thread stack sizes (-Xss)
#   Set larger code cache with -XX:ReservedCodeCacheSize=
#   JVM is running with Unscaled Compressed Oops mode in which the Java heap is
#     placed in the first 4GB address space. The Java Heap base address is the
#     maximum limit for the native heap growth. Please use -XX:HeapBaseMinAddress
#     to set the Java Heap base and to place the Java Heap above 4GB virtual address.
# This output file may be truncated or incomplete.
#
#  Out of Memory Error (./src/hotspot/share/memory/arena.cpp:197), pid=9348, tid=14624
#
# JRE version: OpenJDK Runtime Environment (11.0.11+9) (build 11.0.11+9-b60-7590822)
# Java VM: OpenJDK 64-Bit Server VM (11.0.11+9-b60-7590822, mixed mode, tiered, compressed oops, g1 gc, windows-amd64)
# No core dump will be written. Minidumps are not enabled by default on client versions of Windows
#

---------------  S U M M A R Y ------------

Command Line: --add-opens=java.base/java.util=ALL-UNNAMED --add-opens=java.base/java.lang=ALL-UNNAMED --add-opens=java.base/java.lang.invoke=ALL-UNNAMED --add-opens=java.prefs/java.util.prefs=ALL-UNNAMED -Xmx2048m -Dfile.encoding=windows-1252 -Duser.country=US -Duser.language=en -Duser.variant org.gradle.launcher.daemon.bootstrap.GradleDaemon 5.6.4

Host: Intel(R) Core(TM) i3-6098P CPU @ 3.60GHz, 4 cores, 7G,  Windows 10 , 64 bit Build 19041 (10.0.19041.1566)
Time: Wed Apr  6 16:04:28 2022 India Standard Time elapsed time: 56.137601 seconds (0d 0h 0m 56s)

---------------  T H R E A D  ---------------

Current thread (0x000001ef4ddc8800):  JavaThread "C2 CompilerThread0" daemon [_thread_in_native, id=14624, stack(0x0000001538800000,0x0000001538900000)]


Current CompileTask:
C2:  56137 20189       4       com.sun.org.apache.xerces.internal.impl.XMLEntityScanner::scanQName (502 bytes)

Stack: [0x0000001538800000,0x0000001538900000]
Native frames: (J=compiled Java code, j=interpreted, Vv=VM code, C=native code)
V  [jvm.dll+0x5f214a]
V  [jvm.dll+0x726fb5]
V  [jvm.dll+0x7285cd]
V  [jvm.dll+0x728c83]
V  [jvm.dll+0x243278]
V  [jvm.dll+0xbc53c]
V  [jvm.dll+0xbca3c]
V  [jvm.dll+0x353e7d]
V  [jvm.dll+0x19895c]
V  [jvm.dll+0x1fc2ee]
V  [jvm.dll+0x1fb3d4]
V  [jvm.dll+0x183d6c]
V  [jvm.dll+0x209a57]
V  [jvm.dll+0x2082a1]
V  [jvm.dll+0x6ef58f]
V  [jvm.dll+0x6e80b5]
V  [jvm.dll+0x5f1036]
C  [ucrtbase.dll+0x21bb2]
C  [KERNEL32.DLL+0x17034]
C  [ntdll.dll+0x52651]


---------------  P R O C E S S  ---------------

Threads class SMR info:
_java_thread_list=0x000001ef5c2a8200, length=59, elements={
0x000001ef341bd000, 0x000001ef4dd9e000, 0x000001ef4dda9800, 0x000001ef4ddbd800,
0x000001ef4ddbf800, 0x000001ef4ddc2000, 0x000001ef4ddc8800, 0x000001ef4ddcd800,
0x000001ef4ddcf000, 0x000001ef4e889000, 0x000001ef505a7800, 0x000001ef4f9b6800,
0x000001ef4fd8b800, 0x000001ef50004000, 0x000001ef4fa52000, 0x000001ef4ff5c000,
0x000001ef50594800, 0x000001ef50573800, 0x000001ef4fe4b000, 0x000001ef4f6e7000,
0x000001ef4f6e9800, 0x000001ef4f6eb000, 0x000001ef4f6ea000, 0x000001ef4f6ec000,
0x000001ef4f6ec800, 0x000001ef4f6e8000, 0x000001ef524a6000, 0x000001ef524a0800,
0x000001ef524a7000, 0x000001ef524a1000, 0x000001ef524a4800, 0x000001ef524a2000,
0x000001ef524a7800, 0x000001ef524a8800, 0x000001ef524a5000, 0x000001ef524a3000,
0x000001ef524a3800, 0x000001ef524aa000, 0x000001ef524ab000, 0x000001ef524ae000,
0x000001ef524af000, 0x000001ef524ad800, 0x000001ef524ac800, 0x000001ef54847800,
0x000001ef54848000, 0x000001ef54849800, 0x000001ef54846800, 0x000001ef54849000,
0x000001ef54844000, 0x000001ef5484a800, 0x000001ef54845800, 0x000001ef54845000,
0x000001ef532c6800, 0x000001ef532c9800, 0x000001ef532cb000, 0x000001ef550ff800,
0x000001ef532c8000, 0x000001ef532cc000, 0x000001ef532c7000
}

Java Threads: ( => current thread )
  0x000001ef341bd000 JavaThread "main" [_thread_blocked, id=1544, stack(0x0000001537c00000,0x0000001537d00000)]
  0x000001ef4dd9e000 JavaThread "Reference Handler" daemon [_thread_blocked, id=13500, stack(0x0000001538300000,0x0000001538400000)]
  0x000001ef4dda9800 JavaThread "Finalizer" daemon [_thread_blocked, id=4240, stack(0x0000001538400000,0x0000001538500000)]
  0x000001ef4ddbd800 JavaThread "Signal Dispatcher" daemon [_thread_blocked, id=9820, stack(0x0000001538500000,0x0000001538600000)]
  0x000001ef4ddbf800 JavaThread "Attach Listener" daemon [_thread_blocked, id=15732, stack(0x0000001538600000,0x0000001538700000)]
  0x000001ef4ddc2000 JavaThread "Service Thread" daemon [_thread_blocked, id=10772, stack(0x0000001538700000,0x0000001538800000)]
=>0x000001ef4ddc8800 JavaThread "C2 CompilerThread0" daemon [_thread_in_native, id=14624, stack(0x0000001538800000,0x0000001538900000)]
  0x000001ef4ddcd800 JavaThread "C1 CompilerThread0" daemon [_thread_blocked, id=13160, stack(0x0000001538900000,0x0000001538a00000)]
  0x000001ef4ddcf000 JavaThread "Sweeper thread" daemon [_thread_blocked, id=7292, stack(0x0000001538a00000,0x0000001538b00000)]
  0x000001ef4e889000 JavaThread "Common-Cleaner" daemon [_thread_blocked, id=15024, stack(0x0000001538b00000,0x0000001538c00000)]
  0x000001ef505a7800 JavaThread "Daemon health stats" [_thread_blocked, id=10992, stack(0x0000001539000000,0x0000001539100000)]
  0x000001ef4f9b6800 JavaThread "Incoming local TCP Connector on port 52021" [_thread_in_native, id=6592, stack(0x0000001538d00000,0x0000001538e00000)]
  0x000001ef4fd8b800 JavaThread "Daemon periodic checks" [_thread_blocked, id=6476, stack(0x0000001539100000,0x0000001539200000)]
  0x000001ef50004000 JavaThread "Daemon" [_thread_blocked, id=5900, stack(0x0000001539200000,0x0000001539300000)]
  0x000001ef4fa52000 JavaThread "Handler for socket connection from /127.0.0.1:52021 to /127.0.0.1:52022" [_thread_in_native, id=6676, stack(0x0000001539300000,0x0000001539400000)]
  0x000001ef4ff5c000 JavaThread "Cancel handler" [_thread_blocked, id=14732, stack(0x0000001539400000,0x0000001539500000)]
  0x000001ef50594800 JavaThread "Daemon worker" [_thread_blocked, id=5512, stack(0x0000001539500000,0x0000001539600000)]
  0x000001ef50573800 JavaThread "Asynchronous log dispatcher for DefaultDaemonConnection: socket connection from /127.0.0.1:52021 to /127.0.0.1:52022" [_thread_blocked, id=9928, stack(0x0000001539600000,0x0000001539700000)]
  0x000001ef4fe4b000 JavaThread "Stdin handler" [_thread_blocked, id=16140, stack(0x0000001539700000,0x0000001539800000)]
  0x000001ef4f6e7000 JavaThread "Thread-8" [_thread_blocked, id=4152, stack(0x0000001539800000,0x0000001539900000)]
  0x000001ef4f6e9800 JavaThread "Cache worker for file hash cache (C:\Users\List\.gradle\caches\5.6.4\fileHashes)" [_thread_blocked, id=2504, stack(0x0000001539900000,0x0000001539a00000)]
  0x000001ef4f6eb000 JavaThread "File lock request listener" [_thread_in_native, id=1592, stack(0x0000001539a00000,0x0000001539b00000)]
  0x000001ef4f6ea000 JavaThread "Cache worker for journal cache (C:\Users\List\.gradle\caches\journal-1)" [_thread_blocked, id=13520, stack(0x0000001539b00000,0x0000001539c00000)]
  0x000001ef4f6ec000 JavaThread "Cache worker for file hash cache (E:\Sourabh\Android Projects\MBS\MBS_Jankalyan\.gradle\5.6.4\fileHashes)" [_thread_blocked, id=948, stack(0x0000001539e00000,0x0000001539f00000)]
  0x000001ef4f6ec800 JavaThread "Cache worker for cache directory md-supplier (C:\Users\List\.gradle\caches\5.6.4\md-supplier)" [_thread_blocked, id=3080, stack(0x0000001539d00000,0x0000001539e00000)]
  0x000001ef4f6e8000 JavaThread "Cache worker for cache directory md-rule (C:\Users\List\.gradle\caches\5.6.4\md-rule)" [_thread_blocked, id=13052, stack(0x0000001539f00000,0x000000153a000000)]
  0x000001ef524a6000 JavaThread "Cache worker for execution history cache (C:\Users\List\.gradle\caches\5.6.4\executionHistory)" [_thread_blocked, id=11168, stack(0x000000153a000000,0x000000153a100000)]
  0x000001ef524a0800 JavaThread "Build operations" [_thread_blocked, id=9912, stack(0x000000153a200000,0x000000153a300000)]
  0x000001ef524a7000 JavaThread "Build operations Thread 2" [_thread_blocked, id=1116, stack(0x000000153a300000,0x000000153a400000)]
  0x000001ef524a1000 JavaThread "Build operations Thread 3" [_thread_blocked, id=14912, stack(0x000000153a400000,0x000000153a500000)]
  0x000001ef524a4800 JavaThread "Build operations Thread 4" [_thread_blocked, id=944, stack(0x000000153a500000,0x000000153a600000)]
  0x000001ef524a2000 JavaThread "pool-1-thread-1" [_thread_blocked, id=13756, stack(0x000000153a600000,0x000000153a700000)]
  0x000001ef524a7800 JavaThread "Cache worker for Build Output Cleanup Cache (E:\Sourabh\Android Projects\MBS\MBS_Jankalyan\.gradle\buildOutputCleanup)" [_thread_blocked, id=9792, stack(0x000000153a100000,0x000000153a200000)]
  0x000001ef524a8800 JavaThread "Memory manager" [_thread_blocked, id=2748, stack(0x000000153a800000,0x000000153a900000)]
  0x000001ef524a5000 JavaThread "Cache worker for file content cache (C:\Users\List\.gradle\caches\5.6.4\fileContent)" [_thread_blocked, id=6472, stack(0x000000153a900000,0x000000153aa00000)]
  0x000001ef524a3000 JavaThread "Cache worker for file content cache (E:\Sourabh\Android Projects\MBS\MBS_Jankalyan\.gradle\5.6.4\fileContent)" [_thread_blocked, id=4444, stack(0x000000153aa00000,0x000000153ab00000)]
  0x000001ef524a3800 JavaThread "Execution worker for ':'" [_thread_blocked, id=10620, stack(0x000000153ab00000,0x000000153ac00000)]
  0x000001ef524aa000 JavaThread "Execution worker for ':' Thread 2" [_thread_in_native, id=14176, stack(0x000000153ac00000,0x000000153ad00000)]
  0x000001ef524ab000 JavaThread "Execution worker for ':' Thread 3" [_thread_blocked, id=14812, stack(0x000000153ad00000,0x000000153ae00000)]
  0x000001ef524ae000 JavaThread "Cache worker for execution history cache (E:\Sourabh\Android Projects\MBS\MBS_Jankalyan\.gradle\5.6.4\executionHistory)" [_thread_blocked, id=15792, stack(0x000000153ae00000,0x000000153af00000)]
  0x000001ef524af000 JavaThread "WorkerExecutor Queue" [_thread_blocked, id=3716, stack(0x000000153b000000,0x000000153b100000)]
  0x000001ef524ad800 JavaThread "WorkerExecutor Queue Thread 2" [_thread_blocked, id=5896, stack(0x000000153b100000,0x000000153b200000)]
  0x000001ef524ac800 JavaThread "WorkerExecutor Queue Thread 4" [_thread_blocked, id=1992, stack(0x000000153b300000,0x000000153b400000)]
  0x000001ef54847800 JavaThread "pool-2-thread-1" [_thread_blocked, id=13860, stack(0x000000153b400000,0x000000153b500000)]
  0x000001ef54848000 JavaThread "stderr" [_thread_in_native, id=11480, stack(0x000000153b500000,0x000000153b600000)]
  0x000001ef54849800 JavaThread "stdout" [_thread_in_native, id=6544, stack(0x000000153b600000,0x000000153b700000)]
  0x000001ef54846800 JavaThread "stderr" [_thread_in_native, id=10864, stack(0x000000153b700000,0x000000153b800000)]
  0x000001ef54849000 JavaThread "stdout" [_thread_in_native, id=13588, stack(0x000000153b800000,0x000000153b900000)]
  0x000001ef54844000 JavaThread "stderr" [_thread_in_native, id=2516, stack(0x000000153b900000,0x000000153ba00000)]
  0x000001ef5484a800 JavaThread "stdout" [_thread_in_native, id=15248, stack(0x000000153ba00000,0x000000153bb00000)]
  0x000001ef54845800 JavaThread "stderr" [_thread_in_native, id=10280, stack(0x000000153bb00000,0x000000153bc00000)]
  0x000001ef54845000 JavaThread "stdout" [_thread_in_native, id=8768, stack(0x000000153bc00000,0x000000153bd00000)]
  0x000001ef532c6800 JavaThread "Cache worker for Java compile cache (C:\Users\List\.gradle\caches\5.6.4\javaCompile)" [_thread_blocked, id=7540, stack(0x000000153bd00000,0x000000153be00000)]
  0x000001ef532c9800 JavaThread "Cache worker for Java compile cache (E:\Sourabh\Android Projects\MBS\MBS_Jankalyan\.gradle\5.6.4\javaCompile)" [_thread_blocked, id=12236, stack(0x000000153be00000,0x000000153bf00000)]
  0x000001ef532cb000 JavaThread "WorkerExecutor Queue Thread 5" [_thread_blocked, id=332, stack(0x000000153c200000,0x000000153c300000)]
  0x000001ef550ff800 JavaThread "C2 CompilerThread1" daemon [_thread_in_native, id=13632, stack(0x000000153a700000,0x000000153a800000)]
  0x000001ef532c8000 JavaThread "ForkJoinPool.commonPool-worker-3" daemon [_thread_blocked, id=8544, stack(0x000000153b200000,0x000000153b300000)]
  0x000001ef532cc000 JavaThread "ForkJoinPool.commonPool-worker-5" daemon [_thread_blocked, id=4484, stack(0x000000153c300000,0x000000153c400000)]
  0x000001ef532c7000 JavaThread "ForkJoinPool.commonPool-worker-7" daemon [_thread_blocked, id=9764, stack(0x000000153c400000,0x000000153c500000)]

Other Threads:
  0x000001ef4dd99000 VMThread "VM Thread" [stack: 0x0000001538200000,0x0000001538300000] [id=12044]
  0x000001ef4e8ae000 WatcherThread [stack: 0x0000001538c00000,0x0000001538d00000] [id=2456]
  0x000001ef341d6000 GCTaskThread "GC Thread#0" [stack: 0x0000001537d00000,0x0000001537e00000] [id=6584]
  0x000001ef4ede0800 GCTaskThread "GC Thread#1" [stack: 0x0000001538e00000,0x0000001538f00000] [id=7920]
  0x000001ef4ebdd000 GCTaskThread "GC Thread#2" [stack: 0x0000001538f00000,0x0000001539000000] [id=11036]
  0x000001ef4fb9f800 GCTaskThread "GC Thread#3" [stack: 0x0000001539c00000,0x0000001539d00000] [id=10504]
  0x000001ef34206800 ConcurrentGCThread "G1 Main Marker" [stack: 0x0000001537e00000,0x0000001537f00000] [id=10524]
  0x000001ef3420a000 ConcurrentGCThread "G1 Conc#0" [stack: 0x0000001537f00000,0x0000001538000000] [id=5588]
  0x000001ef34296800 ConcurrentGCThread "G1 Refine#0" [stack: 0x0000001538000000,0x0000001538100000] [id=16080]
  0x000001ef56382000 ConcurrentGCThread "G1 Refine#1" [stack: 0x000000153af00000,0x000000153b000000] [id=16284]
  0x000001ef55be7000 ConcurrentGCThread "G1 Refine#2" [stack: 0x000000153bf00000,0x000000153c000000] [id=8940]
  0x000001ef34297800 ConcurrentGCThread "G1 Young RemSet Sampling" [stack: 0x0000001538100000,0x0000001538200000] [id=6564]

Threads with active compile tasks:
C2 CompilerThread0  56429 20189       4       com.sun.org.apache.xerces.internal.impl.XMLEntityScanner::scanQName (502 bytes)
C2 CompilerThread1  56429 20031 % !   4       com.android.tools.r8.dex.m::b @ 460 (2743 bytes)

VM state:not at safepoint (normal execution)

VM Mutex/Monitor currently owned by a thread: None

Heap address: 0x0000000080000000, size: 2048 MB, Compressed Oops mode: 32-bit
Narrow klass base: 0x0000000000000000, Narrow klass shift: 3
Compressed class space size: 1073741824 Address: 0x0000000100000000

Heap:
 garbage-first heap   total 324608K, used 231174K [0x0000000080000000, 0x0000000100000000)
  region size 1024K, 75 young (76800K), 19 survivors (19456K)
 Metaspace       used 101096K, capacity 103696K, committed 103884K, reserved 1140736K
  class space    used 12460K, capacity 13404K, committed 13516K, reserved 1048576K
Heap Regions: E=young(eden), S=young(survivor), O=old, HS=humongous(starts), HC=humongous(continues), CS=collection set, F=free, A=archive, TAMS=top-at-mark-start (previous, next)
|   0|0x0000000080000000, 0x0000000080100000, 0x0000000080100000|100%| O|  |TAMS 0x0000000080100000, 0x0000000080000000| Untracked 
|   1|0x0000000080100000, 0x0000000080200000, 0x0000000080200000|100%| O|  |TAMS 0x0000000080200000, 0x0000000080100000| Untracked 
|   2|0x0000000080200000, 0x0000000080300000, 0x0000000080300000|100%| O|  |TAMS 0x0000000080300000, 0x0000000080200000| Untracked 
|   3|0x0000000080300000, 0x0000000080400000, 0x0000000080400000|100%|HS|  |TAMS 0x0000000080400000, 0x0000000080300000| Complete 
|   4|0x0000000080400000, 0x0000000080500000, 0x0000000080500000|100%|HC|  |TAMS 0x0000000080500000, 0x0000000080400000| Complete 
|   5|0x0000000080500000, 0x0000000080600000, 0x0000000080600000|100%|HC|  |TAMS 0x0000000080600000, 0x0000000080500000| Complete 
|   6|0x0000000080600000, 0x0000000080700000, 0x0000000080700000|100%| O|  |TAMS 0x0000000080700000, 0x0000000080600000| Untracked 
|   7|0x0000000080700000, 0x0000000080800000, 0x0000000080800000|100%| O|  |TAMS 0x0000000080800000, 0x0000000080700000| Untracked 
|   8|0x0000000080800000, 0x0000000080900000, 0x0000000080900000|100%| O|  |TAMS 0x0000000080900000, 0x0000000080800000| Untracked 
|   9|0x0000000080900000, 0x0000000080a00000, 0x0000000080a00000|100%| O|  |TAMS 0x0000000080a00000, 0x0000000080900000| Untracked 
|  10|0x0000000080a00000, 0x0000000080b00000, 0x0000000080b00000|100%| O|  |TAMS 0x0000000080b00000, 0x0000000080a00000| Untracked 
|  11|0x0000000080b00000, 0x0000000080c00000, 0x0000000080c00000|100%| O|  |TAMS 0x0000000080c00000, 0x0000000080b00000| Untracked 
|  12|0x0000000080c00000, 0x0000000080d00000, 0x0000000080d00000|100%| O|  |TAMS 0x0000000080d00000, 0x0000000080c00000| Untracked 
|  13|0x0000000080d00000, 0x0000000080e00000, 0x0000000080e00000|100%|HS|  |TAMS 0x0000000080e00000, 0x0000000080d00000| Complete 
|  14|0x0000000080e00000, 0x0000000080f00000, 0x0000000080f00000|100%|HC|  |TAMS 0x0000000080f00000, 0x0000000080e00000| Complete 
|  15|0x0000000080f00000, 0x0000000081000000, 0x0000000081000000|100%|HS|  |TAMS 0x0000000081000000, 0x0000000080f00000| Complete 
|  16|0x0000000081000000, 0x0000000081100000, 0x0000000081100000|100%|HC|  |TAMS 0x0000000081100000, 0x0000000081000000| Complete 
|  17|0x0000000081100000, 0x0000000081200000, 0x0000000081200000|100%|HC|  |TAMS 0x0000000081200000, 0x0000000081100000| Complete 
|  18|0x0000000081200000, 0x0000000081300000, 0x0000000081300000|100%|HS|  |TAMS 0x0000000081300000, 0x0000000081200000| Complete 
|  19|0x0000000081300000, 0x0000000081400000, 0x0000000081400000|100%|HC|  |TAMS 0x0000000081400000, 0x0000000081300000| Complete 
|  20|0x0000000081400000, 0x0000000081500000, 0x0000000081500000|100%|HC|  |TAMS 0x0000000081500000, 0x0000000081400000| Complete 
|  21|0x0000000081500000, 0x0000000081600000, 0x0000000081600000|100%|HC|  |TAMS 0x0000000081600000, 0x0000000081500000| Complete 
|  22|0x0000000081600000, 0x0000000081700000, 0x0000000081700000|100%| O|  |TAMS 0x0000000081700000, 0x0000000081600000| Untracked 
|  23|0x0000000081700000, 0x0000000081800000, 0x0000000081800000|100%| O|  |TAMS 0x0000000081800000, 0x0000000081700000| Untracked 
|  24|0x0000000081800000, 0x0000000081900000, 0x0000000081900000|100%| O|  |TAMS 0x0000000081900000, 0x0000000081800000| Untracked 
|  25|0x0000000081900000, 0x0000000081a00000, 0x0000000081a00000|100%|HS|  |TAMS 0x0000000081a00000, 0x0000000081900000| Complete 
|  26|0x0000000081a00000, 0x0000000081b00000, 0x0000000081b00000|100%|HC|  |TAMS 0x0000000081b00000, 0x0000000081a00000| Complete 
|  27|0x0000000081b00000, 0x0000000081c00000, 0x0000000081c00000|100%| O|  |TAMS 0x0000000081c00000, 0x0000000081b00000| Untracked 
|  28|0x0000000081c00000, 0x0000000081d00000, 0x0000000081d00000|100%| O|  |TAMS 0x0000000081d00000, 0x0000000081c00000| Untracked 
|  29|0x0000000081d00000, 0x0000000081e00000, 0x0000000081e00000|100%| O|  |TAMS 0x0000000081e00000, 0x0000000081d00000| Untracked 
|  30|0x0000000081e00000, 0x0000000081f00000, 0x0000000081f00000|100%| O|  |TAMS 0x0000000081f00000, 0x0000000081e00000| Untracked 
|  31|0x0000000081f00000, 0x0000000082000000, 0x0000000082000000|100%| O|  |TAMS 0x0000000082000000, 0x0000000081f00000| Untracked 
|  32|0x0000000082000000, 0x0000000082100000, 0x0000000082100000|100%| O|  |TAMS 0x0000000082100000, 0x0000000082000000| Untracked 
|  33|0x0000000082100000, 0x0000000082200000, 0x0000000082200000|100%| O|  |TAMS 0x0000000082200000, 0x0000000082100000| Untracked 
|  34|0x0000000082200000, 0x0000000082300000, 0x0000000082300000|100%| O|  |TAMS 0x0000000082300000, 0x0000000082200000| Untracked 
|  35|0x0000000082300000, 0x0000000082400000, 0x0000000082400000|100%| O|  |TAMS 0x0000000082400000, 0x0000000082300000| Untracked 
|  36|0x0000000082400000, 0x0000000082500000, 0x0000000082500000|100%| O|  |TAMS 0x0000000082500000, 0x0000000082400000| Untracked 
|  37|0x0000000082500000, 0x0000000082600000, 0x0000000082600000|100%| O|  |TAMS 0x0000000082600000, 0x0000000082500000| Untracked 
|  38|0x0000000082600000, 0x0000000082700000, 0x0000000082700000|100%| O|  |TAMS 0x0000000082700000, 0x0000000082600000| Untracked 
|  39|0x0000000082700000, 0x0000000082800000, 0x0000000082800000|100%| O|  |TAMS 0x0000000082800000, 0x0000000082700000| Untracked 
|  40|0x0000000082800000, 0x0000000082900000, 0x0000000082900000|100%| O|  |TAMS 0x0000000082900000, 0x0000000082800000| Untracked 
|  41|0x0000000082900000, 0x0000000082a00000, 0x0000000082a00000|100%| O|  |TAMS 0x0000000082a00000, 0x0000000082900000| Untracked 
|  42|0x0000000082a00000, 0x0000000082b00000, 0x0000000082b00000|100%| O|  |TAMS 0x0000000082b00000, 0x0000000082a00000| Untracked 
|  43|0x0000000082b00000, 0x0000000082c00000, 0x0000000082c00000|100%| O|  |TAMS 0x0000000082c00000, 0x0000000082b00000| Untracked 
|  44|0x0000000082c00000, 0x0000000082d00000, 0x0000000082d00000|100%| O|  |TAMS 0x0000000082d00000, 0x0000000082c00000| Untracked 
|  45|0x0000000082d00000, 0x0000000082e00000, 0x0000000082e00000|100%| O|  |TAMS 0x0000000082e00000, 0x0000000082d00000| Untracked 
|  46|0x0000000082e00000, 0x0000000082f00000, 0x0000000082f00000|100%| O|  |TAMS 0x0000000082f00000, 0x0000000082e00000| Untracked 
|  47|0x0000000082f00000, 0x0000000083000000, 0x0000000083000000|100%| O|  |TAMS 0x0000000083000000, 0x0000000082f00000| Untracked 
|  48|0x0000000083000000, 0x0000000083100000, 0x0000000083100000|100%| O|  |TAMS 0x0000000083100000, 0x0000000083000000| Untracked 
|  49|0x0000000083100000, 0x0000000083200000, 0x0000000083200000|100%| O|  |TAMS 0x0000000083200000, 0x0000000083100000| Untracked 
|  50|0x0000000083200000, 0x0000000083300000, 0x0000000083300000|100%| O|  |TAMS 0x0000000083300000, 0x0000000083200000| Untracked 
|  51|0x0000000083300000, 0x0000000083400000, 0x0000000083400000|100%| O|  |TAMS 0x0000000083400000, 0x0000000083300000| Untracked 
|  52|0x0000000083400000, 0x0000000083500000, 0x0000000083500000|100%| O|  |TAMS 0x0000000083500000, 0x0000000083400000| Untracked 
|  53|0x0000000083500000, 0x0000000083600000, 0x0000000083600000|100%| O|  |TAMS 0x0000000083600000, 0x0000000083500000| Untracked 
|  54|0x0000000083600000, 0x0000000083700000, 0x0000000083700000|100%| O|  |TAMS 0x0000000083700000, 0x0000000083600000| Untracked 
|  55|0x0000000083700000, 0x0000000083800000, 0x0000000083800000|100%| O|  |TAMS 0x0000000083800000, 0x0000000083700000| Untracked 
|  56|0x0000000083800000, 0x0000000083900000, 0x0000000083900000|100%| O|  |TAMS 0x0000000083900000, 0x0000000083800000| Untracked 
|  57|0x0000000083900000, 0x0000000083a00000, 0x0000000083a00000|100%| O|  |TAMS 0x0000000083a00000, 0x0000000083900000| Untracked 
|  58|0x0000000083a00000, 0x0000000083b00000, 0x0000000083b00000|100%| O|  |TAMS 0x0000000083b00000, 0x0000000083a00000| Untracked 
|  59|0x0000000083b00000, 0x0000000083c00000, 0x0000000083c00000|100%| O|  |TAMS 0x0000000083c00000, 0x0000000083b00000| Untracked 
|  60|0x0000000083c00000, 0x0000000083d00000, 0x0000000083d00000|100%| O|  |TAMS 0x0000000083d00000, 0x0000000083c00000| Untracked 
|  61|0x0000000083d00000, 0x0000000083e00000, 0x0000000083e00000|100%| O|  |TAMS 0x0000000083e00000, 0x0000000083d00000| Untracked 
|  62|0x0000000083e00000, 0x0000000083f00000, 0x0000000083f00000|100%| O|  |TAMS 0x0000000083f00000, 0x0000000083e00000| Untracked 
|  63|0x0000000083f00000, 0x0000000084000000, 0x0000000084000000|100%| O|  |TAMS 0x0000000084000000, 0x0000000083f00000| Untracked 
|  64|0x0000000084000000, 0x0000000084100000, 0x0000000084100000|100%| O|  |TAMS 0x0000000084100000, 0x0000000084000000| Untracked 
|  65|0x0000000084100000, 0x0000000084200000, 0x0000000084200000|100%| O|  |TAMS 0x0000000084100000, 0x0000000084100000| Untracked 
|  66|0x0000000084200000, 0x0000000084300000, 0x0000000084300000|100%| O|  |TAMS 0x0000000084200000, 0x0000000084200000| Untracked 
|  67|0x0000000084300000, 0x0000000084400000, 0x0000000084400000|100%| O|  |TAMS 0x0000000084300000, 0x0000000084300000| Untracked 
|  68|0x0000000084400000, 0x0000000084500000, 0x0000000084500000|100%| O|  |TAMS 0x0000000084400000, 0x0000000084400000| Untracked 
|  69|0x0000000084500000, 0x0000000084600000, 0x0000000084600000|100%| O|  |TAMS 0x0000000084500000, 0x0000000084500000| Untracked 
|  70|0x0000000084600000, 0x0000000084700000, 0x0000000084700000|100%| O|  |TAMS 0x0000000084700000, 0x0000000084600000| Untracked 
|  71|0x0000000084700000, 0x0000000084800000, 0x0000000084800000|100%| O|  |TAMS 0x0000000084700000, 0x0000000084700000| Untracked 
|  72|0x0000000084800000, 0x0000000084900000, 0x0000000084900000|100%| O|  |TAMS 0x0000000084800000, 0x0000000084800000| Untracked 
|  73|0x0000000084900000, 0x0000000084a00000, 0x0000000084a00000|100%| O|  |TAMS 0x0000000084900000, 0x0000000084900000| Untracked 
|  74|0x0000000084a00000, 0x0000000084b00000, 0x0000000084b00000|100%| O|  |TAMS 0x0000000084b00000, 0x0000000084a00000| Untracked 
|  75|0x0000000084b00000, 0x0000000084c00000, 0x0000000084c00000|100%| O|  |TAMS 0x0000000084c00000, 0x0000000084b00000| Untracked 
|  76|0x0000000084c00000, 0x0000000084d00000, 0x0000000084d00000|100%| O|  |TAMS 0x0000000084d00000, 0x0000000084c00000| Untracked 
|  77|0x0000000084d00000, 0x0000000084e00000, 0x0000000084e00000|100%| O|  |TAMS 0x0000000084d00000, 0x0000000084d00000| Untracked 
|  78|0x0000000084e00000, 0x0000000084f00000, 0x0000000084f00000|100%| O|  |TAMS 0x0000000084e00000, 0x0000000084e00000| Untracked 
|  79|0x0000000084f00000, 0x0000000085000000, 0x0000000085000000|100%| O|  |TAMS 0x0000000085000000, 0x0000000084f00000| Untracked 
|  80|0x0000000085000000, 0x0000000085100000, 0x0000000085100000|100%| O|  |TAMS 0x0000000085000000, 0x0000000085000000| Untracked 
|  81|0x0000000085100000, 0x0000000085200000, 0x0000000085200000|100%| O|  |TAMS 0x0000000085100000, 0x0000000085100000| Untracked 
|  82|0x0000000085200000, 0x0000000085300000, 0x0000000085300000|100%| O|  |TAMS 0x0000000085200000, 0x0000000085200000| Untracked 
|  83|0x0000000085300000, 0x0000000085400000, 0x0000000085400000|100%|HS|  |TAMS 0x0000000085300000, 0x0000000085300000| Complete 
|  84|0x0000000085400000, 0x0000000085500000, 0x0000000085500000|100%| O|  |TAMS 0x0000000085500000, 0x0000000085400000| Untracked 
|  85|0x0000000085500000, 0x0000000085600000, 0x0000000085600000|100%| O|  |TAMS 0x0000000085600000, 0x0000000085500000| Untracked 
|  86|0x0000000085600000, 0x0000000085700000, 0x0000000085700000|100%| O|  |TAMS 0x0000000085700000, 0x0000000085600000| Untracked 
|  87|0x0000000085700000, 0x0000000085800000, 0x0000000085800000|100%| O|  |TAMS 0x0000000085700000, 0x0000000085700000| Untracked 
|  88|0x0000000085800000, 0x0000000085900000, 0x0000000085900000|100%| O|  |TAMS 0x0000000085800000, 0x0000000085800000| Untracked 
|  89|0x0000000085900000, 0x0000000085a00000, 0x0000000085a00000|100%| O|  |TAMS 0x0000000085900000, 0x0000000085900000| Untracked 
|  90|0x0000000085a00000, 0x0000000085b00000, 0x0000000085b00000|100%| O|  |TAMS 0x0000000085a00000, 0x0000000085a00000| Untracked 
|  91|0x0000000085b00000, 0x0000000085c00000, 0x0000000085c00000|100%| O|  |TAMS 0x0000000085b00000, 0x0000000085b00000| Untracked 
|  92|0x0000000085c00000, 0x0000000085d00000, 0x0000000085d00000|100%| O|  |TAMS 0x0000000085c00000, 0x0000000085c00000| Untracked 
|  93|0x0000000085d00000, 0x0000000085e00000, 0x0000000085e00000|100%| O|  |TAMS 0x0000000085d00000, 0x0000000085d00000| Untracked 
|  94|0x0000000085e00000, 0x0000000085f00000, 0x0000000085f00000|100%| O|  |TAMS 0x0000000085e00000, 0x0000000085e00000| Untracked 
|  95|0x0000000085f00000, 0x0000000086000000, 0x0000000086000000|100%| O|  |TAMS 0x0000000085f00000, 0x0000000085f00000| Untracked 
|  96|0x0000000086000000, 0x0000000086100000, 0x0000000086100000|100%|HS|  |TAMS 0x0000000086000000, 0x0000000086000000| Complete 
|  97|0x0000000086100000, 0x0000000086200000, 0x0000000086200000|100%| O|  |TAMS 0x0000000086200000, 0x0000000086100000| Untracked 
|  98|0x0000000086200000, 0x0000000086300000, 0x0000000086300000|100%| O|  |TAMS 0x0000000086300000, 0x0000000086200000| Untracked 
|  99|0x0000000086300000, 0x0000000086400000, 0x0000000086400000|100%| O|  |TAMS 0x0000000086300000, 0x0000000086300000| Untracked 
| 100|0x0000000086400000, 0x0000000086500000, 0x0000000086500000|100%| O|  |TAMS 0x0000000086400000, 0x0000000086400000| Untracked 
| 101|0x0000000086500000, 0x0000000086600000, 0x0000000086600000|100%| O|  |TAMS 0x0000000086500000, 0x0000000086500000| Untracked 
| 102|0x0000000086600000, 0x0000000086700000, 0x0000000086700000|100%|HS|  |TAMS 0x0000000086600000, 0x0000000086600000| Complete 
| 103|0x0000000086700000, 0x0000000086800000, 0x0000000086800000|100%|HS|  |TAMS 0x0000000086700000, 0x0000000086700000| Complete 
| 104|0x0000000086800000, 0x0000000086900000, 0x0000000086900000|100%|HS|  |TAMS 0x0000000086800000, 0x0000000086800000| Complete 
| 105|0x0000000086900000, 0x0000000086a00000, 0x0000000086a00000|100%|HS|  |TAMS 0x0000000086900000, 0x0000000086900000| Complete 
| 106|0x0000000086a00000, 0x0000000086b00000, 0x0000000086b00000|100%|HC|  |TAMS 0x0000000086a00000, 0x0000000086a00000| Complete 
| 107|0x0000000086b00000, 0x0000000086b00000, 0x0000000086c00000|  0%| F|  |TAMS 0x0000000086b00000, 0x0000000086b00000| Untracked 
| 108|0x0000000086c00000, 0x0000000086d00000, 0x0000000086d00000|100%|HS|  |TAMS 0x0000000086c00000, 0x0000000086c00000| Complete 
| 109|0x0000000086d00000, 0x0000000086e00000, 0x0000000086e00000|100%|HS|  |TAMS 0x0000000086d00000, 0x0000000086d00000| Complete 
| 110|0x0000000086e00000, 0x0000000086f00000, 0x0000000086f00000|100%| O|  |TAMS 0x0000000086e00000, 0x0000000086e00000| Untracked 
| 111|0x0000000086f00000, 0x0000000087000000, 0x0000000087000000|100%| O|  |TAMS 0x0000000087000000, 0x0000000086f00000| Untracked 
| 112|0x0000000087000000, 0x0000000087100000, 0x0000000087100000|100%| O|  |TAMS 0x0000000087100000, 0x0000000087000000| Untracked 
| 113|0x0000000087100000, 0x0000000087200000, 0x0000000087200000|100%| O|  |TAMS 0x0000000087100000, 0x0000000087100000| Untracked 
| 114|0x0000000087200000, 0x0000000087300000, 0x0000000087300000|100%| O|  |TAMS 0x0000000087200000, 0x0000000087200000| Untracked 
| 115|0x0000000087300000, 0x0000000087400000, 0x0000000087400000|100%| O|  |TAMS 0x0000000087300000, 0x0000000087300000| Untracked 
| 116|0x0000000087400000, 0x0000000087500000, 0x0000000087500000|100%| O|  |TAMS 0x0000000087400000, 0x0000000087400000| Untracked 
| 117|0x0000000087500000, 0x0000000087600000, 0x0000000087600000|100%| O|  |TAMS 0x0000000087500000, 0x0000000087500000| Untracked 
| 118|0x0000000087600000, 0x0000000087700000, 0x0000000087700000|100%| O|  |TAMS 0x0000000087700000, 0x0000000087600000| Untracked 
| 119|0x0000000087700000, 0x0000000087800000, 0x0000000087800000|100%| O|  |TAMS 0x0000000087700000, 0x0000000087700000| Untracked 
| 120|0x0000000087800000, 0x0000000087900000, 0x0000000087900000|100%| O|  |TAMS 0x0000000087900000, 0x0000000087800000| Untracked 
| 121|0x0000000087900000, 0x0000000087a00000, 0x0000000087a00000|100%| O|  |TAMS 0x0000000087a00000, 0x0000000087900000| Untracked 
| 122|0x0000000087a00000, 0x0000000087b00000, 0x0000000087b00000|100%| O|  |TAMS 0x0000000087b00000, 0x0000000087a00000| Untracked 
| 123|0x0000000087b00000, 0x0000000087c00000, 0x0000000087c00000|100%| O|  |TAMS 0x0000000087be0400, 0x0000000087b00000| Untracked 
| 124|0x0000000087c00000, 0x0000000087d00000, 0x0000000087d00000|100%| O|  |TAMS 0x0000000087c00000, 0x0000000087c00000| Untracked 
| 125|0x0000000087d00000, 0x0000000087e00000, 0x0000000087e00000|100%| O|  |TAMS 0x0000000087d00000, 0x0000000087d00000| Untracked 
| 126|0x0000000087e00000, 0x0000000087f00000, 0x0000000087f00000|100%| O|  |TAMS 0x0000000087e00000, 0x0000000087e00000| Untracked 
| 127|0x0000000087f00000, 0x0000000088000000, 0x0000000088000000|100%| O|  |TAMS 0x0000000087f00000, 0x0000000087f00000| Untracked 
| 128|0x0000000088000000, 0x0000000088100000, 0x0000000088100000|100%| O|  |TAMS 0x0000000088000000, 0x0000000088000000| Untracked 
| 129|0x0000000088100000, 0x0000000088200000, 0x0000000088200000|100%| O|  |TAMS 0x0000000088100000, 0x0000000088100000| Untracked 
| 130|0x0000000088200000, 0x0000000088300000, 0x0000000088300000|100%| O|  |TAMS 0x0000000088200000, 0x0000000088200000| Untracked 
| 131|0x0000000088300000, 0x0000000088400000, 0x0000000088400000|100%| O|  |TAMS 0x0000000088300000, 0x0000000088300000| Untracked 
| 132|0x0000000088400000, 0x0000000088500000, 0x0000000088500000|100%| O|  |TAMS 0x0000000088400000, 0x0000000088400000| Untracked 
| 133|0x0000000088500000, 0x0000000088600000, 0x0000000088600000|100%| O|  |TAMS 0x0000000088500000, 0x0000000088500000| Untracked 
| 134|0x0000000088600000, 0x0000000088700000, 0x0000000088700000|100%| O|  |TAMS 0x0000000088600000, 0x0000000088600000| Untracked 
| 135|0x0000000088700000, 0x0000000088800000, 0x0000000088800000|100%| O|  |TAMS 0x0000000088700000, 0x0000000088700000| Untracked 
| 136|0x0000000088800000, 0x0000000088900000, 0x0000000088900000|100%| O|  |TAMS 0x0000000088800000, 0x0000000088800000| Untracked 
| 137|0x0000000088900000, 0x0000000088a00000, 0x0000000088a00000|100%| O|  |TAMS 0x0000000088900000, 0x0000000088900000| Untracked 
| 138|0x0000000088a00000, 0x0000000088ac1800, 0x0000000088b00000| 75%| O|  |TAMS 0x0000000088a00000, 0x0000000088a00000| Untracked 
| 139|0x0000000088b00000, 0x0000000088c00000, 0x0000000088c00000|100%|HS|  |TAMS 0x0000000088b00000, 0x0000000088b00000| Complete 
| 140|0x0000000088c00000, 0x0000000088d00000, 0x0000000088d00000|100%|HC|  |TAMS 0x0000000088c00000, 0x0000000088c00000| Complete 
| 141|0x0000000088d00000, 0x0000000088e00000, 0x0000000088e00000|100%|HC|  |TAMS 0x0000000088d00000, 0x0000000088d00000| Complete 
| 142|0x0000000088e00000, 0x0000000088f00000, 0x0000000088f00000|100%|HC|  |TAMS 0x0000000088e00000, 0x0000000088e00000| Complete 
| 143|0x0000000088f00000, 0x0000000089000000, 0x0000000089000000|100%|HC|  |TAMS 0x0000000088f00000, 0x0000000088f00000| Complete 
| 144|0x0000000089000000, 0x0000000089100000, 0x0000000089100000|100%|HS|  |TAMS 0x0000000089000000, 0x0000000089000000| Complete 
| 145|0x0000000089100000, 0x0000000089200000, 0x0000000089200000|100%|HC|  |TAMS 0x0000000089100000, 0x0000000089100000| Complete 
| 146|0x0000000089200000, 0x0000000089300000, 0x0000000089300000|100%|HC|  |TAMS 0x0000000089200000, 0x0000000089200000| Complete 
| 147|0x0000000089300000, 0x0000000089400000, 0x0000000089400000|100%|HC|  |TAMS 0x0000000089300000, 0x0000000089300000| Complete 
| 148|0x0000000089400000, 0x0000000089500000, 0x0000000089500000|100%|HS|  |TAMS 0x0000000089400000, 0x0000000089400000| Complete 
| 149|0x0000000089500000, 0x0000000089600000, 0x0000000089600000|100%|HC|  |TAMS 0x0000000089500000, 0x0000000089500000| Complete 
| 150|0x0000000089600000, 0x0000000089700000, 0x0000000089700000|100%|HS|  |TAMS 0x0000000089600000, 0x0000000089600000| Complete 
| 151|0x0000000089700000, 0x0000000089800000, 0x0000000089800000|100%|HC|  |TAMS 0x0000000089700000, 0x0000000089700000| Complete 
| 152|0x0000000089800000, 0x0000000089900000, 0x0000000089900000|100%|HC|  |TAMS 0x0000000089800000, 0x0000000089800000| Complete 
| 153|0x0000000089900000, 0x0000000089a00000, 0x0000000089a00000|100%|HC|  |TAMS 0x0000000089900000, 0x0000000089900000| Complete 
| 154|0x0000000089a00000, 0x0000000089a00000, 0x0000000089b00000|  0%| F|  |TAMS 0x0000000089a00000, 0x0000000089a00000| Untracked 
| 155|0x0000000089b00000, 0x0000000089b00000, 0x0000000089c00000|  0%| F|  |TAMS 0x0000000089b00000, 0x0000000089b00000| Untracked 
| 156|0x0000000089c00000, 0x0000000089c00000, 0x0000000089d00000|  0%| F|  |TAMS 0x0000000089c00000, 0x0000000089c00000| Untracked 
| 157|0x0000000089d00000, 0x0000000089d00000, 0x0000000089e00000|  0%| F|  |TAMS 0x0000000089d00000, 0x0000000089d00000| Untracked 
| 158|0x0000000089e00000, 0x0000000089e00000, 0x0000000089f00000|  0%| F|  |TAMS 0x0000000089e00000, 0x0000000089e00000| Untracked 
| 159|0x0000000089f00000, 0x0000000089f00000, 0x000000008a000000|  0%| F|  |TAMS 0x0000000089f00000, 0x0000000089f00000| Untracked 
| 160|0x000000008a000000, 0x000000008a000000, 0x000000008a100000|  0%| F|  |TAMS 0x000000008a000000, 0x000000008a000000| Untracked 
| 161|0x000000008a100000, 0x000000008a100000, 0x000000008a200000|  0%| F|  |TAMS 0x000000008a100000, 0x000000008a100000| Untracked 
| 162|0x000000008a200000, 0x000000008a200000, 0x000000008a300000|  0%| F|  |TAMS 0x000000008a200000, 0x000000008a200000| Untracked 
| 163|0x000000008a300000, 0x000000008a300000, 0x000000008a400000|  0%| F|  |TAMS 0x000000008a300000, 0x000000008a300000| Untracked 
| 164|0x000000008a400000, 0x000000008a400000, 0x000000008a500000|  0%| F|  |TAMS 0x000000008a400000, 0x000000008a400000| Untracked 
| 165|0x000000008a500000, 0x000000008a500000, 0x000000008a600000|  0%| F|  |TAMS 0x000000008a500000, 0x000000008a500000| Untracked 
| 166|0x000000008a600000, 0x000000008a600000, 0x000000008a700000|  0%| F|  |TAMS 0x000000008a600000, 0x000000008a600000| Untracked 
| 167|0x000000008a700000, 0x000000008a700000, 0x000000008a800000|  0%| F|  |TAMS 0x000000008a700000, 0x000000008a700000| Untracked 
| 168|0x000000008a800000, 0x000000008a800000, 0x000000008a900000|  0%| F|  |TAMS 0x000000008a800000, 0x000000008a800000| Untracked 
| 169|0x000000008a900000, 0x000000008a900000, 0x000000008aa00000|  0%| F|  |TAMS 0x000000008a900000, 0x000000008a900000| Untracked 
| 170|0x000000008aa00000, 0x000000008aa00000, 0x000000008ab00000|  0%| F|  |TAMS 0x000000008aa00000, 0x000000008aa00000| Untracked 
| 171|0x000000008ab00000, 0x000000008ac00000, 0x000000008ac00000|100%| S|CS|TAMS 0x000000008ab00000, 0x000000008ab00000| Complete 
| 172|0x000000008ac00000, 0x000000008ad00000, 0x000000008ad00000|100%| S|CS|TAMS 0x000000008ac00000, 0x000000008ac00000| Complete 
| 173|0x000000008ad00000, 0x000000008ae00000, 0x000000008ae00000|100%| S|CS|TAMS 0x000000008ad00000, 0x000000008ad00000| Complete 
| 174|0x000000008ae00000, 0x000000008af00000, 0x000000008af00000|100%| S|CS|TAMS 0x000000008ae00000, 0x000000008ae00000| Complete 
| 175|0x000000008af00000, 0x000000008b000000, 0x000000008b000000|100%| S|CS|TAMS 0x000000008af00000, 0x000000008af00000| Complete 
| 176|0x000000008b000000, 0x000000008b100000, 0x000000008b100000|100%| S|CS|TAMS 0x000000008b000000, 0x000000008b000000| Complete 
| 177|0x000000008b100000, 0x000000008b200000, 0x000000008b200000|100%| S|CS|TAMS 0x000000008b100000, 0x000000008b100000| Complete 
| 178|0x000000008b200000, 0x000000008b300000, 0x000000008b300000|100%| S|CS|TAMS 0x000000008b200000, 0x000000008b200000| Complete 
| 179|0x000000008b300000, 0x000000008b400000, 0x000000008b400000|100%| S|CS|TAMS 0x000000008b300000, 0x000000008b300000| Complete 
| 180|0x000000008b400000, 0x000000008b500000, 0x000000008b500000|100%| S|CS|TAMS 0x000000008b400000, 0x000000008b400000| Complete 
| 181|0x000000008b500000, 0x000000008b600000, 0x000000008b600000|100%| S|CS|TAMS 0x000000008b500000, 0x000000008b500000| Complete 
| 182|0x000000008b600000, 0x000000008b700000, 0x000000008b700000|100%| S|CS|TAMS 0x000000008b600000, 0x000000008b600000| Complete 
| 183|0x000000008b700000, 0x000000008b800000, 0x000000008b800000|100%| S|CS|TAMS 0x000000008b700000, 0x000000008b700000| Complete 
| 184|0x000000008b800000, 0x000000008b900000, 0x000000008b900000|100%| S|CS|TAMS 0x000000008b800000, 0x000000008b800000| Complete 
| 185|0x000000008b900000, 0x000000008ba00000, 0x000000008ba00000|100%| S|CS|TAMS 0x000000008b900000, 0x000000008b900000| Complete 
| 186|0x000000008ba00000, 0x000000008bb00000, 0x000000008bb00000|100%| S|CS|TAMS 0x000000008ba00000, 0x000000008ba00000| Complete 
| 187|0x000000008bb00000, 0x000000008bc00000, 0x000000008bc00000|100%| S|CS|TAMS 0x000000008bb00000, 0x000000008bb00000| Complete 
| 188|0x000000008bc00000, 0x000000008bd00000, 0x000000008bd00000|100%| S|CS|TAMS 0x000000008bc00000, 0x000000008bc00000| Complete 
| 189|0x000000008bd00000, 0x000000008be00000, 0x000000008be00000|100%| S|CS|TAMS 0x000000008bd00000, 0x000000008bd00000| Complete 
| 190|0x000000008be00000, 0x000000008be00000, 0x000000008bf00000|  0%| F|  |TAMS 0x000000008be00000, 0x000000008be00000| Untracked 
| 191|0x000000008bf00000, 0x000000008bf00000, 0x000000008c000000|  0%| F|  |TAMS 0x000000008bf00000, 0x000000008bf00000| Untracked 
| 192|0x000000008c000000, 0x000000008c000000, 0x000000008c100000|  0%| F|  |TAMS 0x000000008c000000, 0x000000008c000000| Untracked 
| 193|0x000000008c100000, 0x000000008c100000, 0x000000008c200000|  0%| F|  |TAMS 0x000000008c100000, 0x000000008c100000| Untracked 
| 194|0x000000008c200000, 0x000000008c200000, 0x000000008c300000|  0%| F|  |TAMS 0x000000008c200000, 0x000000008c200000| Untracked 
| 195|0x000000008c300000, 0x000000008c300000, 0x000000008c400000|  0%| F|  |TAMS 0x000000008c300000, 0x000000008c300000| Untracked 
| 196|0x000000008c400000, 0x000000008c400000, 0x000000008c500000|  0%| F|  |TAMS 0x000000008c400000, 0x000000008c400000| Untracked 
| 197|0x000000008c500000, 0x000000008c500000, 0x000000008c600000|  0%| F|  |TAMS 0x000000008c500000, 0x000000008c500000| Untracked 
| 198|0x000000008c600000, 0x000000008c600000, 0x000000008c700000|  0%| F|  |TAMS 0x000000008c600000, 0x000000008c600000| Untracked 
| 199|0x000000008c700000, 0x000000008c700000, 0x000000008c800000|  0%| F|  |TAMS 0x000000008c700000, 0x000000008c700000| Untracked 
| 200|0x000000008c800000, 0x000000008c800000, 0x000000008c900000|  0%| F|  |TAMS 0x000000008c800000, 0x000000008c800000| Untracked 
| 201|0x000000008c900000, 0x000000008c900000, 0x000000008ca00000|  0%| F|  |TAMS 0x000000008c900000, 0x000000008c900000| Untracked 
| 202|0x000000008ca00000, 0x000000008ca00000, 0x000000008cb00000|  0%| F|  |TAMS 0x000000008ca00000, 0x000000008ca00000| Untracked 
| 203|0x000000008cb00000, 0x000000008cb00000, 0x000000008cc00000|  0%| F|  |TAMS 0x000000008cb00000, 0x000000008cb00000| Untracked 
| 204|0x000000008cc00000, 0x000000008cc00000, 0x000000008cd00000|  0%| F|  |TAMS 0x000000008cc00000, 0x000000008cc00000| Untracked 
| 205|0x000000008cd00000, 0x000000008cd00000, 0x000000008ce00000|  0%| F|  |TAMS 0x000000008cd00000, 0x000000008cd00000| Untracked 
| 206|0x000000008ce00000, 0x000000008ce00000, 0x000000008cf00000|  0%| F|  |TAMS 0x000000008ce00000, 0x000000008ce00000| Untracked 
| 207|0x000000008cf00000, 0x000000008cf00000, 0x000000008d000000|  0%| F|  |TAMS 0x000000008cf00000, 0x000000008cf00000| Untracked 
| 208|0x000000008d000000, 0x000000008d000000, 0x000000008d100000|  0%| F|  |TAMS 0x000000008d000000, 0x000000008d000000| Untracked 
| 209|0x000000008d100000, 0x000000008d100000, 0x000000008d200000|  0%| F|  |TAMS 0x000000008d100000, 0x000000008d100000| Untracked 
| 210|0x000000008d200000, 0x000000008d200000, 0x000000008d300000|  0%| F|  |TAMS 0x000000008d200000, 0x000000008d200000| Untracked 
| 211|0x000000008d300000, 0x000000008d300000, 0x000000008d400000|  0%| F|  |TAMS 0x000000008d300000, 0x000000008d300000| Untracked 
| 212|0x000000008d400000, 0x000000008d400000, 0x000000008d500000|  0%| F|  |TAMS 0x000000008d400000, 0x000000008d400000| Untracked 
| 213|0x000000008d500000, 0x000000008d500000, 0x000000008d600000|  0%| F|  |TAMS 0x000000008d500000, 0x000000008d500000| Untracked 
| 214|0x000000008d600000, 0x000000008d600000, 0x000000008d700000|  0%| F|  |TAMS 0x000000008d600000, 0x000000008d600000| Untracked 
| 215|0x000000008d700000, 0x000000008d700000, 0x000000008d800000|  0%| F|  |TAMS 0x000000008d700000, 0x000000008d700000| Untracked 
| 216|0x000000008d800000, 0x000000008d800000, 0x000000008d900000|  0%| F|  |TAMS 0x000000008d800000, 0x000000008d800000| Untracked 
| 217|0x000000008d900000, 0x000000008d900000, 0x000000008da00000|  0%| F|  |TAMS 0x000000008d900000, 0x000000008d900000| Untracked 
| 218|0x000000008da00000, 0x000000008da00000, 0x000000008db00000|  0%| F|  |TAMS 0x000000008da00000, 0x000000008da00000| Untracked 
| 219|0x000000008db00000, 0x000000008db00000, 0x000000008dc00000|  0%| F|  |TAMS 0x000000008db00000, 0x000000008db00000| Untracked 
| 220|0x000000008dc00000, 0x000000008dc00000, 0x000000008dd00000|  0%| F|  |TAMS 0x000000008dc00000, 0x000000008dc00000| Untracked 
| 221|0x000000008dd00000, 0x000000008dd00000, 0x000000008de00000|  0%| F|  |TAMS 0x000000008dd00000, 0x000000008dd00000| Untracked 
| 222|0x000000008de00000, 0x000000008de00000, 0x000000008df00000|  0%| F|  |TAMS 0x000000008de00000, 0x000000008de00000| Untracked 
| 223|0x000000008df00000, 0x000000008df00000, 0x000000008e000000|  0%| F|  |TAMS 0x000000008df00000, 0x000000008df00000| Untracked 
| 224|0x000000008e000000, 0x000000008e000000, 0x000000008e100000|  0%| F|  |TAMS 0x000000008e000000, 0x000000008e000000| Untracked 
| 225|0x000000008e100000, 0x000000008e100000, 0x000000008e200000|  0%| F|  |TAMS 0x000000008e100000, 0x000000008e100000| Untracked 
| 226|0x000000008e200000, 0x000000008e200000, 0x000000008e300000|  0%| F|  |TAMS 0x000000008e200000, 0x000000008e200000| Untracked 
| 227|0x000000008e300000, 0x000000008e300000, 0x000000008e400000|  0%| F|  |TAMS 0x000000008e300000, 0x000000008e300000| Untracked 
| 228|0x000000008e400000, 0x000000008e400000, 0x000000008e500000|  0%| F|  |TAMS 0x000000008e400000, 0x000000008e400000| Untracked 
| 229|0x000000008e500000, 0x000000008e500000, 0x000000008e600000|  0%| F|  |TAMS 0x000000008e500000, 0x000000008e500000| Untracked 
| 230|0x000000008e600000, 0x000000008e600000, 0x000000008e700000|  0%| F|  |TAMS 0x000000008e600000, 0x000000008e600000| Untracked 
| 231|0x000000008e700000, 0x000000008e700000, 0x000000008e800000|  0%| F|  |TAMS 0x000000008e700000, 0x000000008e700000| Untracked 
| 232|0x000000008e800000, 0x000000008e800000, 0x000000008e900000|  0%| F|  |TAMS 0x000000008e800000, 0x000000008e800000| Untracked 
| 233|0x000000008e900000, 0x000000008e900000, 0x000000008ea00000|  0%| F|  |TAMS 0x000000008e900000, 0x000000008e900000| Untracked 
| 234|0x000000008ea00000, 0x000000008ea00000, 0x000000008eb00000|  0%| F|  |TAMS 0x000000008ea00000, 0x000000008ea00000| Untracked 
| 235|0x000000008eb00000, 0x000000008eb00000, 0x000000008ec00000|  0%| F|  |TAMS 0x000000008eb00000, 0x000000008eb00000| Untracked 
| 236|0x000000008ec00000, 0x000000008ec00000, 0x000000008ed00000|  0%| F|  |TAMS 0x000000008ec00000, 0x000000008ec00000| Untracked 
| 237|0x000000008ed00000, 0x000000008ed00000, 0x000000008ee00000|  0%| F|  |TAMS 0x000000008ed00000, 0x000000008ed00000| Untracked 
| 238|0x000000008ee00000, 0x000000008ee00000, 0x000000008ef00000|  0%| F|  |TAMS 0x000000008ee00000, 0x000000008ee00000| Untracked 
| 239|0x000000008ef00000, 0x000000008ef00000, 0x000000008f000000|  0%| F|  |TAMS 0x000000008ef00000, 0x000000008ef00000| Untracked 
| 240|0x000000008f000000, 0x000000008f000000, 0x000000008f100000|  0%| F|  |TAMS 0x000000008f000000, 0x000000008f000000| Untracked 
| 241|0x000000008f100000, 0x000000008f100000, 0x000000008f200000|  0%| F|  |TAMS 0x000000008f100000, 0x000000008f100000| Untracked 
| 242|0x000000008f200000, 0x000000008f200000, 0x000000008f300000|  0%| F|  |TAMS 0x000000008f200000, 0x000000008f200000| Untracked 
| 243|0x000000008f300000, 0x000000008f300000, 0x000000008f400000|  0%| F|  |TAMS 0x000000008f300000, 0x000000008f300000| Untracked 
| 244|0x000000008f400000, 0x000000008f400000, 0x000000008f500000|  0%| F|  |TAMS 0x000000008f400000, 0x000000008f400000| Untracked 
| 245|0x000000008f500000, 0x000000008f500000, 0x000000008f600000|  0%| F|  |TAMS 0x000000008f500000, 0x000000008f500000| Untracked 
| 246|0x000000008f600000, 0x000000008f600000, 0x000000008f700000|  0%| F|  |TAMS 0x000000008f600000, 0x000000008f600000| Untracked 
| 247|0x000000008f700000, 0x000000008f700000, 0x000000008f800000|  0%| F|  |TAMS 0x000000008f700000, 0x000000008f700000| Untracked 
| 248|0x000000008f800000, 0x000000008f800000, 0x000000008f900000|  0%| F|  |TAMS 0x000000008f800000, 0x000000008f800000| Untracked 
| 249|0x000000008f900000, 0x000000008f900000, 0x000000008fa00000|  0%| F|  |TAMS 0x000000008f900000, 0x000000008f900000| Untracked 
| 250|0x000000008fa00000, 0x000000008fa00000, 0x000000008fb00000|  0%| F|  |TAMS 0x000000008fa00000, 0x000000008fa00000| Untracked 
| 251|0x000000008fb00000, 0x000000008fb00000, 0x000000008fc00000|  0%| F|  |TAMS 0x000000008fb00000, 0x000000008fb00000| Untracked 
| 252|0x000000008fc00000, 0x000000008fc00000, 0x000000008fd00000|  0%| F|  |TAMS 0x000000008fc00000, 0x000000008fc00000| Untracked 
| 253|0x000000008fd00000, 0x000000008fd00000, 0x000000008fe00000|  0%| F|  |TAMS 0x000000008fd00000, 0x000000008fd00000| Untracked 
| 254|0x000000008fe00000, 0x000000008fe00000, 0x000000008ff00000|  0%| F|  |TAMS 0x000000008fe00000, 0x000000008fe00000| Untracked 
| 255|0x000000008ff00000, 0x000000008ff00000, 0x0000000090000000|  0%| F|  |TAMS 0x000000008ff00000, 0x000000008ff00000| Untracked 
| 256|0x0000000090000000, 0x0000000090000000, 0x0000000090100000|  0%| F|  |TAMS 0x0000000090000000, 0x0000000090000000| Untracked 
| 257|0x0000000090100000, 0x0000000090100000, 0x0000000090200000|  0%| F|  |TAMS 0x0000000090100000, 0x0000000090100000| Untracked 
| 258|0x0000000090200000, 0x0000000090200000, 0x0000000090300000|  0%| F|  |TAMS 0x0000000090200000, 0x0000000090200000| Untracked 
| 259|0x0000000090300000, 0x0000000090300000, 0x0000000090400000|  0%| F|  |TAMS 0x0000000090300000, 0x0000000090300000| Untracked 
| 260|0x0000000090400000, 0x0000000090400000, 0x0000000090500000|  0%| F|  |TAMS 0x0000000090400000, 0x0000000090400000| Untracked 
| 261|0x0000000090500000, 0x00000000905c5a08, 0x0000000090600000| 77%| E|  |TAMS 0x0000000090500000, 0x0000000090500000| Complete 
| 262|0x0000000090600000, 0x0000000090700000, 0x0000000090700000|100%| E|CS|TAMS 0x0000000090600000, 0x0000000090600000| Complete 
| 263|0x0000000090700000, 0x0000000090800000, 0x0000000090800000|100%| E|CS|TAMS 0x0000000090700000, 0x0000000090700000| Complete 
| 264|0x0000000090800000, 0x0000000090900000, 0x0000000090900000|100%| E|CS|TAMS 0x0000000090800000, 0x0000000090800000| Complete 
| 265|0x0000000090900000, 0x0000000090a00000, 0x0000000090a00000|100%| E|CS|TAMS 0x0000000090900000, 0x0000000090900000| Complete 
| 266|0x0000000090a00000, 0x0000000090b00000, 0x0000000090b00000|100%| E|CS|TAMS 0x0000000090a00000, 0x0000000090a00000| Complete 
| 267|0x0000000090b00000, 0x0000000090c00000, 0x0000000090c00000|100%| E|CS|TAMS 0x0000000090b00000, 0x0000000090b00000| Complete 
| 268|0x0000000090c00000, 0x0000000090d00000, 0x0000000090d00000|100%| E|CS|TAMS 0x0000000090c00000, 0x0000000090c00000| Complete 
| 269|0x0000000090d00000, 0x0000000090e00000, 0x0000000090e00000|100%| E|CS|TAMS 0x0000000090d00000, 0x0000000090d00000| Complete 
| 270|0x0000000090e00000, 0x0000000090f00000, 0x0000000090f00000|100%| E|CS|TAMS 0x0000000090e00000, 0x0000000090e00000| Complete 
| 271|0x0000000090f00000, 0x0000000091000000, 0x0000000091000000|100%| E|CS|TAMS 0x0000000090f00000, 0x0000000090f00000| Complete 
| 272|0x0000000091000000, 0x0000000091100000, 0x0000000091100000|100%| E|CS|TAMS 0x0000000091000000, 0x0000000091000000| Complete 
| 273|0x0000000091100000, 0x0000000091200000, 0x0000000091200000|100%| E|CS|TAMS 0x0000000091100000, 0x0000000091100000| Complete 
| 274|0x0000000091200000, 0x0000000091300000, 0x0000000091300000|100%| E|CS|TAMS 0x0000000091200000, 0x0000000091200000| Complete 
| 275|0x0000000091300000, 0x0000000091400000, 0x0000000091400000|100%| E|CS|TAMS 0x0000000091300000, 0x0000000091300000| Complete 
| 276|0x0000000091400000, 0x0000000091500000, 0x0000000091500000|100%| E|CS|TAMS 0x0000000091400000, 0x0000000091400000| Complete 
| 277|0x0000000091500000, 0x0000000091600000, 0x0000000091600000|100%| E|CS|TAMS 0x0000000091500000, 0x0000000091500000| Complete 
| 278|0x0000000091600000, 0x0000000091700000, 0x0000000091700000|100%| E|CS|TAMS 0x0000000091600000, 0x0000000091600000| Complete 
| 279|0x0000000091700000, 0x0000000091800000, 0x0000000091800000|100%| E|CS|TAMS 0x0000000091700000, 0x0000000091700000| Complete 
| 280|0x0000000091800000, 0x0000000091900000, 0x0000000091900000|100%| E|CS|TAMS 0x0000000091800000, 0x0000000091800000| Complete 
| 281|0x0000000091900000, 0x0000000091a00000, 0x0000000091a00000|100%| E|CS|TAMS 0x0000000091900000, 0x0000000091900000| Complete 
| 282|0x0000000091a00000, 0x0000000091b00000, 0x0000000091b00000|100%| E|CS|TAMS 0x0000000091a00000, 0x0000000091a00000| Complete 
| 283|0x0000000091b00000, 0x0000000091c00000, 0x0000000091c00000|100%| E|CS|TAMS 0x0000000091b00000, 0x0000000091b00000| Complete 
| 284|0x0000000091c00000, 0x0000000091d00000, 0x0000000091d00000|100%| E|CS|TAMS 0x0000000091c00000, 0x0000000091c00000| Complete 
| 285|0x0000000091d00000, 0x0000000091e00000, 0x0000000091e00000|100%| E|CS|TAMS 0x0000000091d00000, 0x0000000091d00000| Complete 
| 286|0x0000000091e00000, 0x0000000091f00000, 0x0000000091f00000|100%| E|CS|TAMS 0x0000000091e00000, 0x0000000091e00000| Complete 
| 287|0x0000000091f00000, 0x0000000092000000, 0x0000000092000000|100%| E|CS|TAMS 0x0000000091f00000, 0x0000000091f00000| Complete 
| 288|0x0000000092000000, 0x0000000092100000, 0x0000000092100000|100%| E|CS|TAMS 0x0000000092000000, 0x0000000092000000| Complete 
| 289|0x0000000092100000, 0x0000000092200000, 0x0000000092200000|100%| E|CS|TAMS 0x0000000092100000, 0x0000000092100000| Complete 
| 290|0x0000000092200000, 0x0000000092300000, 0x0000000092300000|100%| E|  |TAMS 0x0000000092200000, 0x0000000092200000| Complete 
| 291|0x0000000092300000, 0x0000000092400000, 0x0000000092400000|100%| E|CS|TAMS 0x0000000092300000, 0x0000000092300000| Complete 
| 292|0x0000000092400000, 0x0000000092500000, 0x0000000092500000|100%| E|CS|TAMS 0x0000000092400000, 0x0000000092400000| Complete 
| 293|0x0000000092500000, 0x0000000092600000, 0x0000000092600000|100%| E|CS|TAMS 0x0000000092500000, 0x0000000092500000| Complete 
| 294|0x0000000092600000, 0x0000000092700000, 0x0000000092700000|100%| E|CS|TAMS 0x0000000092600000, 0x0000000092600000| Complete 
| 295|0x0000000092700000, 0x0000000092800000, 0x0000000092800000|100%| E|CS|TAMS 0x0000000092700000, 0x0000000092700000| Complete 
| 296|0x0000000092800000, 0x0000000092900000, 0x0000000092900000|100%| E|CS|TAMS 0x0000000092800000, 0x0000000092800000| Complete 
| 297|0x0000000092900000, 0x0000000092a00000, 0x0000000092a00000|100%| E|CS|TAMS 0x0000000092900000, 0x0000000092900000| Complete 
| 298|0x0000000092a00000, 0x0000000092b00000, 0x0000000092b00000|100%| E|CS|TAMS 0x0000000092a00000, 0x0000000092a00000| Complete 
| 299|0x0000000092b00000, 0x0000000092c00000, 0x0000000092c00000|100%| E|CS|TAMS 0x0000000092b00000, 0x0000000092b00000| Complete 
| 300|0x0000000092c00000, 0x0000000092d00000, 0x0000000092d00000|100%| E|CS|TAMS 0x0000000092c00000, 0x0000000092c00000| Complete 
| 301|0x0000000092d00000, 0x0000000092e00000, 0x0000000092e00000|100%| E|CS|TAMS 0x0000000092d00000, 0x0000000092d00000| Complete 
| 302|0x0000000092e00000, 0x0000000092f00000, 0x0000000092f00000|100%| E|CS|TAMS 0x0000000092e00000, 0x0000000092e00000| Complete 
| 303|0x0000000092f00000, 0x0000000093000000, 0x0000000093000000|100%| E|CS|TAMS 0x0000000092f00000, 0x0000000092f00000| Complete 
| 304|0x0000000093000000, 0x0000000093100000, 0x0000000093100000|100%| E|CS|TAMS 0x0000000093000000, 0x0000000093000000| Complete 
| 305|0x0000000093100000, 0x0000000093200000, 0x0000000093200000|100%| E|CS|TAMS 0x0000000093100000, 0x0000000093100000| Complete 
| 306|0x0000000093200000, 0x0000000093300000, 0x0000000093300000|100%| E|CS|TAMS 0x0000000093200000, 0x0000000093200000| Complete 
| 307|0x0000000093300000, 0x0000000093400000, 0x0000000093400000|100%| E|CS|TAMS 0x0000000093300000, 0x0000000093300000| Complete 
| 308|0x0000000093400000, 0x0000000093500000, 0x0000000093500000|100%| E|CS|TAMS 0x0000000093400000, 0x0000000093400000| Complete 
| 309|0x0000000093500000, 0x0000000093600000, 0x0000000093600000|100%| E|CS|TAMS 0x0000000093500000, 0x0000000093500000| Complete 
| 310|0x0000000093600000, 0x0000000093700000, 0x0000000093700000|100%| E|CS|TAMS 0x0000000093600000, 0x0000000093600000| Complete 
| 311|0x0000000093700000, 0x0000000093800000, 0x0000000093800000|100%| E|CS|TAMS 0x0000000093700000, 0x0000000093700000| Complete 
| 312|0x0000000093800000, 0x0000000093900000, 0x0000000093900000|100%| E|CS|TAMS 0x0000000093800000, 0x0000000093800000| Complete 
| 313|0x0000000093900000, 0x0000000093a00000, 0x0000000093a00000|100%| E|CS|TAMS 0x0000000093900000, 0x0000000093900000| Complete 
| 314|0x0000000093a00000, 0x0000000093b00000, 0x0000000093b00000|100%| E|CS|TAMS 0x0000000093a00000, 0x0000000093a00000| Complete 
| 315|0x0000000093b00000, 0x0000000093c00000, 0x0000000093c00000|100%| E|CS|TAMS 0x0000000093b00000, 0x0000000093b00000| Complete 
| 316|0x0000000093c00000, 0x0000000093d00000, 0x0000000093d00000|100%| E|CS|TAMS 0x0000000093c00000, 0x0000000093c00000| Complete 

Card table byte_map: [0x000001ef470c0000,0x000001ef474c0000] _byte_map_base: 0x000001ef46cc0000

Marking Bits (Prev, Next): (CMBitMap*) 0x000001ef341fdd18, (CMBitMap*) 0x000001ef341fdd50
 Prev Bits: [0x000001ef478c0000, 0x000001ef498c0000)
 Next Bits: [0x000001ef498c0000, 0x000001ef4b8c0000)

Polling page: 0x000001ef32160000

Metaspace:

Usage:
  Non-class:     88.18 MB capacity,    86.56 MB ( 98%) used,     1.33 MB (  2%) free+waste,   289.56 KB ( <1%) overhead. 
      Class:     13.09 MB capacity,    12.17 MB ( 93%) used,   818.84 KB (  6%) free+waste,   124.88 KB ( <1%) overhead. 
       Both:    101.27 MB capacity,    98.73 MB ( 97%) used,     2.13 MB (  2%) free+waste,   414.44 KB ( <1%) overhead. 

Virtual space:
  Non-class space:       90.00 MB reserved,      88.25 MB ( 98%) committed 
      Class space:        1.00 GB reserved,      13.20 MB (  1%) committed 
             Both:        1.09 GB reserved,     101.45 MB (  9%) committed 

Chunk freelists:
   Non-Class:  12.00 KB
       Class:  4.00 KB
        Both:  16.00 KB

MaxMetaspaceSize: 17179869184.00 GB
CompressedClassSpaceSize: 1.00 GB

CodeHeap 'non-profiled nmethods': size=120064Kb used=12331Kb max_used=13116Kb free=107732Kb
 bounds [0x000001ef3f780000, 0x000001ef40460000, 0x000001ef46cc0000]
CodeHeap 'profiled nmethods': size=120000Kb used=41985Kb max_used=43684Kb free=78015Kb
 bounds [0x000001ef38250000, 0x000001ef3ad20000, 0x000001ef3f780000]
CodeHeap 'non-nmethods': size=5696Kb used=2313Kb max_used=2398Kb free=3382Kb
 bounds [0x000001ef37cc0000, 0x000001ef37f30000, 0x000001ef38250000]
 total_blobs=18541 nmethods=17615 adapters=835
 compilation: enabled
              stopped_count=0, restarted_count=0
 full_count=0

Compilation events (20 events):
Event: 55.522 Thread 0x000001ef4ddcd800 nmethod 20285 0x000001ef38985710 code [0x000001ef389858c0, 0x000001ef38985a48]
Event: 55.523 Thread 0x000001ef4ddcd800 20287   !   2       jdk.internal.reflect.GeneratedConstructorAccessor63::newInstance (246 bytes)
Event: 55.524 Thread 0x000001ef4ddcd800 nmethod 20287 0x000001ef38c49d10 code [0x000001ef38c49fc0, 0x000001ef38c4ade8]
Event: 55.527 Thread 0x000001ef4ddcd800 20288       2       java.util.zip.DeflaterOutputStream::write (88 bytes)
Event: 55.527 Thread 0x000001ef4ddcd800 nmethod 20288 0x000001ef38a17090 code [0x000001ef38a172a0, 0x000001ef38a17968]
Event: 55.528 Thread 0x000001ef4ddcd800 20289       2       com.android.zipflinger.FreeStore::ualloc (78 bytes)
Event: 55.529 Thread 0x000001ef4ddcd800 nmethod 20289 0x000001ef389bb390 code [0x000001ef389bb580, 0x000001ef389bb8b8]
Event: 55.529 Thread 0x000001ef4ddcd800 20290  s    2       jdk.internal.ref.Cleaner::remove (89 bytes)
Event: 55.529 Thread 0x000001ef4ddcd800 nmethod 20290 0x000001ef389bc510 code [0x000001ef389bc6e0, 0x000001ef389bcc38]
Event: 55.529 Thread 0x000001ef4ddcd800 20291       2       sun.nio.ch.FileChannelImpl::transferTo (178 bytes)
Event: 55.530 Thread 0x000001ef4ddcd800 nmethod 20291 0x000001ef38b24d10 code [0x000001ef38b24f60, 0x000001ef38b25618]
Event: 55.530 Thread 0x000001ef4ddcd800 20293   !   2       sun.nio.ch.FileChannelImpl::transferToTrustedChannel (221 bytes)
Event: 55.531 Thread 0x000001ef4ddcd800 nmethod 20293 0x000001ef38ba2390 code [0x000001ef38ba25e0, 0x000001ef38ba2cf8]
Event: 55.531 Thread 0x000001ef4ddcd800 20298   !   2       sun.nio.ch.FileChannelImpl$Unmapper::<init> (93 bytes)
Event: 55.531 Thread 0x000001ef4ddcd800 nmethod 20298 0x000001ef389b1c90 code [0x000001ef389b1e40, 0x000001ef389b2138]
Event: 55.531 Thread 0x000001ef4ddcd800 20299   !   2       sun.nio.ch.Util::newMappedByteBufferR (65 bytes)
Event: 55.532 Thread 0x000001ef4ddcd800 nmethod 20299 0x000001ef38da6710 code [0x000001ef38da6980, 0x000001ef38da7288]
Event: 55.532 Thread 0x000001ef4ddcd800 20292   !   2       sun.nio.ch.FileChannelImpl::transferToDirectly (221 bytes)
Event: 55.533 Thread 0x000001ef4ddcd800 nmethod 20292 0x000001ef38cb6710 code [0x000001ef38cb6980, 0x000001ef38cb7138]
Event: 55.533 Thread 0x000001ef4ddcd800 20294   !   2       sun.nio.ch.FileChannelImpl::map (810 bytes)

GC Heap History (20 events):
Event: 47.285 GC heap before
{Heap before GC invocations=62 (full 0):
 garbage-first heap   total 270336K, used 232351K [0x0000000080000000, 0x0000000100000000)
  region size 1024K, 125 young (128000K), 6 survivors (6144K)
 Metaspace       used 98540K, capacity 101054K, committed 101196K, reserved 1136640K
  class space    used 12199K, capacity 13082K, committed 13132K, reserved 1048576K
}
Event: 47.295 GC heap after
{Heap after GC invocations=63 (full 0):
 garbage-first heap   total 270336K, used 111045K [0x0000000080000000, 0x0000000100000000)
  region size 1024K, 7 young (7168K), 7 survivors (7168K)
 Metaspace       used 98540K, capacity 101054K, committed 101196K, reserved 1136640K
  class space    used 12199K, capacity 13082K, committed 13132K, reserved 1048576K
}
Event: 47.680 GC heap before
{Heap before GC invocations=63 (full 0):
 garbage-first heap   total 270336K, used 232901K [0x0000000080000000, 0x0000000100000000)
  region size 1024K, 126 young (129024K), 7 survivors (7168K)
 Metaspace       used 98543K, capacity 101055K, committed 101196K, reserved 1136640K
  class space    used 12199K, capacity 13082K, committed 13132K, reserved 1048576K
}
Event: 47.687 GC heap after
{Heap after GC invocations=64 (full 0):
 garbage-first heap   total 270336K, used 111805K [0x0000000080000000, 0x0000000100000000)
  region size 1024K, 7 young (7168K), 7 survivors (7168K)
 Metaspace       used 98543K, capacity 101055K, committed 101196K, reserved 1136640K
  class space    used 12199K, capacity 13082K, committed 13132K, reserved 1048576K
}
Event: 48.078 GC heap before
{Heap before GC invocations=64 (full 0):
 garbage-first heap   total 270336K, used 234685K [0x0000000080000000, 0x0000000100000000)
  region size 1024K, 127 young (130048K), 7 survivors (7168K)
 Metaspace       used 98544K, capacity 101056K, committed 101196K, reserved 1136640K
  class space    used 12199K, capacity 13082K, committed 13132K, reserved 1048576K
}
Event: 48.088 GC heap after
{Heap after GC invocations=65 (full 0):
 garbage-first heap   total 270336K, used 113777K [0x0000000080000000, 0x0000000100000000)
  region size 1024K, 9 young (9216K), 9 survivors (9216K)
 Metaspace       used 98544K, capacity 101056K, committed 101196K, reserved 1136640K
  class space    used 12199K, capacity 13082K, committed 13132K, reserved 1048576K
}
Event: 48.445 GC heap before
{Heap before GC invocations=65 (full 0):
 garbage-first heap   total 270336K, used 232561K [0x0000000080000000, 0x0000000100000000)
  region size 1024K, 125 young (128000K), 9 survivors (9216K)
 Metaspace       used 98551K, capacity 101058K, committed 101196K, reserved 1136640K
  class space    used 12199K, capacity 13082K, committed 13132K, reserved 1048576K
}
Event: 48.455 GC heap after
{Heap after GC invocations=66 (full 0):
 garbage-first heap   total 270336K, used 112722K [0x0000000080000000, 0x0000000100000000)
  region size 1024K, 8 young (8192K), 8 survivors (8192K)
 Metaspace       used 98551K, capacity 101058K, committed 101196K, reserved 1136640K
  class space    used 12199K, capacity 13082K, committed 13132K, reserved 1048576K
}
Event: 48.926 GC heap before
{Heap before GC invocations=66 (full 0):
 garbage-first heap   total 270336K, used 233554K [0x0000000080000000, 0x0000000100000000)
  region size 1024K, 126 young (129024K), 8 survivors (8192K)
 Metaspace       used 98623K, capacity 101128K, committed 101196K, reserved 1136640K
  class space    used 12213K, capacity 13084K, committed 13132K, reserved 1048576K
}
Event: 48.934 GC heap after
{Heap after GC invocations=67 (full 0):
 garbage-first heap   total 270336K, used 113349K [0x0000000080000000, 0x0000000100000000)
  region size 1024K, 8 young (8192K), 8 survivors (8192K)
 Metaspace       used 98623K, capacity 101128K, committed 101196K, reserved 1136640K
  class space    used 12213K, capacity 13084K, committed 13132K, reserved 1048576K
}
Event: 49.251 GC heap before
{Heap before GC invocations=67 (full 0):
 garbage-first heap   total 270336K, used 234181K [0x0000000080000000, 0x0000000100000000)
  region size 1024K, 126 young (129024K), 8 survivors (8192K)
 Metaspace       used 98624K, capacity 101128K, committed 101196K, reserved 1136640K
  class space    used 12213K, capacity 13084K, committed 13132K, reserved 1048576K
}
Event: 49.260 GC heap after
{Heap after GC invocations=68 (full 0):
 garbage-first heap   total 270336K, used 113722K [0x0000000080000000, 0x0000000100000000)
  region size 1024K, 9 young (9216K), 9 survivors (9216K)
 Metaspace       used 98624K, capacity 101128K, committed 101196K, reserved 1136640K
  class space    used 12213K, capacity 13084K, committed 13132K, reserved 1048576K
}
Event: 49.665 GC heap before
{Heap before GC invocations=68 (full 0):
 garbage-first heap   total 270336K, used 232506K [0x0000000080000000, 0x0000000100000000)
  region size 1024K, 125 young (128000K), 9 survivors (9216K)
 Metaspace       used 98632K, capacity 101128K, committed 101196K, reserved 1136640K
  class space    used 12213K, capacity 13084K, committed 13132K, reserved 1048576K
}
Event: 49.676 GC heap after
{Heap after GC invocations=69 (full 0):
 garbage-first heap   total 324608K, used 114117K [0x0000000080000000, 0x0000000100000000)
  region size 1024K, 9 young (9216K), 9 survivors (9216K)
 Metaspace       used 98632K, capacity 101128K, committed 101196K, reserved 1136640K
  class space    used 12213K, capacity 13084K, committed 13132K, reserved 1048576K
}
Event: 51.168 GC heap before
{Heap before GC invocations=69 (full 0):
 garbage-first heap   total 324608K, used 263621K [0x0000000080000000, 0x0000000100000000)
  region size 1024K, 156 young (159744K), 9 survivors (9216K)
 Metaspace       used 98932K, capacity 101445K, committed 101708K, reserved 1138688K
  class space    used 12213K, capacity 13084K, committed 13132K, reserved 1048576K
}
Event: 51.179 GC heap after
{Heap after GC invocations=70 (full 0):
 garbage-first heap   total 324608K, used 116961K [0x0000000080000000, 0x0000000100000000)
  region size 1024K, 11 young (11264K), 11 survivors (11264K)
 Metaspace       used 98932K, capacity 101445K, committed 101708K, reserved 1138688K
  class space    used 12213K, capacity 13084K, committed 13132K, reserved 1048576K
}
Event: 53.430 GC heap before
{Heap before GC invocations=70 (full 0):
 garbage-first heap   total 324608K, used 268513K [0x0000000080000000, 0x0000000100000000)
  region size 1024K, 158 young (161792K), 11 survivors (11264K)
 Metaspace       used 99966K, capacity 102539K, committed 102604K, reserved 1138688K
  class space    used 12335K, capacity 13224K, committed 13260K, reserved 1048576K
}
Event: 53.452 GC heap after
{Heap after GC invocations=71 (full 0):
 garbage-first heap   total 324608K, used 131876K [0x0000000080000000, 0x0000000100000000)
  region size 1024K, 20 young (20480K), 20 survivors (20480K)
 Metaspace       used 99966K, capacity 102539K, committed 102604K, reserved 1138688K
  class space    used 12335K, capacity 13224K, committed 13260K, reserved 1048576K
}
Event: 54.475 GC heap before
{Heap before GC invocations=71 (full 0):
 garbage-first heap   total 324608K, used 269092K [0x0000000080000000, 0x0000000100000000)
  region size 1024K, 147 young (150528K), 20 survivors (20480K)
 Metaspace       used 100149K, capacity 102687K, committed 102860K, reserved 1138688K
  class space    used 12339K, capacity 13227K, committed 13260K, reserved 1048576K
}
Event: 54.531 GC heap after
{Heap after GC invocations=72 (full 0):
 garbage-first heap   total 324608K, used 155398K [0x0000000080000000, 0x0000000100000000)
  region size 1024K, 19 young (19456K), 19 survivors (19456K)
 Metaspace       used 100149K, capacity 102687K, committed 102860K, reserved 1138688K
  class space    used 12339K, capacity 13227K, committed 13260K, reserved 1048576K
}

Deoptimization events (20 events):
Event: 55.246 Thread 0x000001ef524ac800 Uncommon trap: trap_request=0xffffffde fr.pc=0x000001ef3f882988 relative=0x0000000000000868
Event: 55.246 Thread 0x000001ef524ac800 Uncommon trap: reason=class_check action=maybe_recompile pc=0x000001ef3f882988 method=java.io.DataInputStream.readUnsignedShort()I @ 4 c2
Event: 55.246 Thread 0x000001ef524ac800 DEOPT PACKING pc=0x000001ef3f882988 sp=0x000000153b3fdd70
Event: 55.246 Thread 0x000001ef524ac800 DEOPT UNPACKING pc=0x000001ef37ce662f sp=0x000000153b3fdc98 mode 2
Event: 55.281 Thread 0x000001ef524ac800 Uncommon trap: trap_request=0xffffffde fr.pc=0x000001ef3fc09164 relative=0x0000000000003584
Event: 55.281 Thread 0x000001ef524ac800 Uncommon trap: reason=class_check action=maybe_recompile pc=0x000001ef3fc09164 method=com.sun.org.apache.xerces.internal.impl.XMLEntityManager.setProperty(Ljava/lang/String;Ljava/lang/Object;)V @ 102 c2
Event: 55.281 Thread 0x000001ef524ac800 DEOPT PACKING pc=0x000001ef3fc09164 sp=0x000000153b3fddb0
Event: 55.281 Thread 0x000001ef524ac800 DEOPT UNPACKING pc=0x000001ef37ce662f sp=0x000000153b3fdd18 mode 2
Event: 55.472 Thread 0x000001ef532cc000 Uncommon trap: trap_request=0xffffff4d fr.pc=0x000001ef3fcc32ac relative=0x000000000000018c
Event: 55.472 Thread 0x000001ef532cc000 Uncommon trap: reason=unstable_if action=reinterpret pc=0x000001ef3fcc32ac method=kotlin.text.StringsKt__StringsJVMKt.endsWith(Ljava/lang/String;Ljava/lang/String;Z)Z @ 15 c2
Event: 55.472 Thread 0x000001ef532cc000 DEOPT PACKING pc=0x000001ef3fcc32ac sp=0x000000153c3feca0
Event: 55.472 Thread 0x000001ef532cc000 DEOPT UNPACKING pc=0x000001ef37ce662f sp=0x000000153c3fec50 mode 2
Event: 55.482 Thread 0x000001ef524ac800 Uncommon trap: trap_request=0xffffffc6 fr.pc=0x000001ef3f9c29e0 relative=0x0000000000000260
Event: 55.482 Thread 0x000001ef524ac800 Uncommon trap: reason=bimorphic_or_optimized_type_check action=maybe_recompile pc=0x000001ef3f9c29e0 method=com.google.common.collect.TransformedIterator.next()Ljava/lang/Object; @ 10 c2
Event: 55.482 Thread 0x000001ef524ac800 DEOPT PACKING pc=0x000001ef3f9c29e0 sp=0x000000153b3fdef0
Event: 55.482 Thread 0x000001ef524ac800 DEOPT UNPACKING pc=0x000001ef37ce662f sp=0x000000153b3fde88 mode 2
Event: 55.482 Thread 0x000001ef524ac800 Uncommon trap: trap_request=0xffffffc6 fr.pc=0x000001ef3f9c29e0 relative=0x0000000000000260
Event: 55.482 Thread 0x000001ef524ac800 Uncommon trap: reason=bimorphic_or_optimized_type_check action=maybe_recompile pc=0x000001ef3f9c29e0 method=com.google.common.collect.TransformedIterator.next()Ljava/lang/Object; @ 10 c2
Event: 55.482 Thread 0x000001ef524ac800 DEOPT PACKING pc=0x000001ef3f9c29e0 sp=0x000000153b3fdef0
Event: 55.482 Thread 0x000001ef524ac800 DEOPT UNPACKING pc=0x000001ef37ce662f sp=0x000000153b3fde88 mode 2

Classes redefined (0 events):
No events

Internal exceptions (20 events):
Event: 51.562 Thread 0x000001ef524ac800 Exception <a 'sun/nio/fs/WindowsException'{0x000000008ff99df0}> (0x000000008ff99df0) thrown at [./src/hotspot/share/prims/jni.cpp, line 615]
Event: 51.564 Thread 0x000001ef524ac800 Exception <a 'sun/nio/fs/WindowsException'{0x000000008ffa0110}> (0x000000008ffa0110) thrown at [./src/hotspot/share/prims/jni.cpp, line 615]
Event: 51.569 Thread 0x000001ef524ac800 Exception <a 'sun/nio/fs/WindowsException'{0x000000008ffc0ec0}> (0x000000008ffc0ec0) thrown at [./src/hotspot/share/prims/jni.cpp, line 615]
Event: 51.572 Thread 0x000001ef524ac800 Exception <a 'sun/nio/fs/WindowsException'{0x000000008ffca118}> (0x000000008ffca118) thrown at [./src/hotspot/share/prims/jni.cpp, line 615]
Event: 52.564 Thread 0x000001ef524aa000 Exception <a 'java/lang/NoSuchMethodError'{0x000000008e75e9d0}: <clinit>> (0x000000008e75e9d0) thrown at [./src/hotspot/share/prims/jni.cpp, line 1362]
Event: 53.032 Thread 0x000001ef524ad800 Exception <a 'sun/nio/fs/WindowsException'{0x000000008d7f8328}> (0x000000008d7f8328) thrown at [./src/hotspot/share/prims/jni.cpp, line 615]
Event: 53.323 Thread 0x000001ef524ab800 Implicit null exception at 0x000001ef3f90a92f to 0x000001ef3f90aa20
Event: 53.323 Thread 0x000001ef58d5a800 Implicit null exception at 0x000001ef3f90a92f to 0x000001ef3f90aa20
Event: 53.598 Thread 0x000001ef524af000 Exception <a 'sun/nio/fs/WindowsException'{0x0000000093275a80}> (0x0000000093275a80) thrown at [./src/hotspot/share/prims/jni.cpp, line 615]
Event: 53.827 Thread 0x000001ef532cd000 Exception <a 'sun/nio/fs/WindowsException'{0x00000000900b1418}> (0x00000000900b1418) thrown at [./src/hotspot/share/prims/jni.cpp, line 615]
Event: 54.960 Thread 0x000001ef58d59000 Exception <a 'sun/nio/fs/WindowsException'{0x0000000090dec788}> (0x0000000090dec788) thrown at [./src/hotspot/share/prims/jni.cpp, line 615]
Event: 55.098 Thread 0x000001ef524aa000 Implicit null exception at 0x000001ef3f8bfa14 to 0x000001ef3f8c0564
Event: 55.098 Thread 0x000001ef524aa000 Implicit null exception at 0x000001ef3f8be653 to 0x000001ef3f8bee44
Event: 55.176 Thread 0x000001ef524aa000 Exception <a 'java/lang/NoSuchMethodError'{0x0000000090b69ff8}: <clinit>> (0x0000000090b69ff8) thrown at [./src/hotspot/share/prims/jni.cpp, line 1362]
Event: 55.176 Thread 0x000001ef524aa000 Exception <a 'java/lang/NoSuchMethodError'{0x0000000090b6d8b8}: <clinit>> (0x0000000090b6d8b8) thrown at [./src/hotspot/share/prims/jni.cpp, line 1362]
Event: 55.177 Thread 0x000001ef524aa000 Exception <a 'java/lang/NoSuchMethodError'{0x0000000090b7e538}: <clinit>> (0x0000000090b7e538) thrown at [./src/hotspot/share/prims/jni.cpp, line 1362]
Event: 55.178 Thread 0x000001ef524aa000 Exception <a 'java/lang/NoSuchMethodError'{0x0000000090b9ae18}: <clinit>> (0x0000000090b9ae18) thrown at [./src/hotspot/share/prims/jni.cpp, line 1362]
Event: 55.463 Thread 0x000001ef524ac800 Exception <a 'sun/nio/fs/WindowsException'{0x00000000908a1540}> (0x00000000908a1540) thrown at [./src/hotspot/share/prims/jni.cpp, line 615]
Event: 55.463 Thread 0x000001ef524ac800 Exception <a 'sun/nio/fs/WindowsException'{0x00000000908a1680}> (0x00000000908a1680) thrown at [./src/hotspot/share/prims/jni.cpp, line 615]
Event: 55.471 Thread 0x000001ef524ac800 Exception <a 'java/lang/NoSuchMethodError'{0x00000000908dde90}: 'void java.lang.invoke.DirectMethodHandle$Holder.invokeStaticInit(java.lang.Object, java.lang.Object)'> (0x00000000908dde90) thrown at [./src/hotspot/share/interpreter/linkResolver.cpp, line 773]

Events (20 events):
Event: 55.483 loading class com/android/zipflinger/ZipSource done
Event: 55.484 loading class com/android/zipflinger/ZipSourceEntry
Event: 55.484 loading class com/android/zipflinger/ZipSourceEntry done
Event: 55.484 loading class com/android/zipflinger/ZipSourceEntryInflater
Event: 55.484 loading class com/android/zipflinger/ZipSourceEntryInflater done
Event: 55.485 loading class com/android/zipflinger/ZipSourceEntryDeflater
Event: 55.485 loading class com/android/zipflinger/ZipSourceEntryDeflater done
Event: 55.485 loading class com/android/zipflinger/ZipMap
Event: 55.485 loading class com/android/zipflinger/ZipMap done
Event: 55.486 loading class com/android/zipflinger/Entry
Event: 55.486 loading class com/android/zipflinger/Entry done
Event: 55.488 loading class java/nio/channels/FileChannel$MapMode
Event: 55.488 loading class java/nio/channels/FileChannel$MapMode done
Event: 55.488 loading class sun/nio/ch/FileChannelImpl$Unmapper
Event: 55.488 loading class sun/nio/ch/FileChannelImpl$Unmapper done
Event: 55.488 loading class sun/nio/ch/Util$4
Event: 55.488 loading class sun/nio/ch/Util$4 done
Event: 55.514 Executing VM operation: RevokeBias
Event: 55.515 Executing VM operation: RevokeBias done
Event: 55.530 Loaded shared library C:\Program Files\Android\Android Studio1\jre\bin\nio.dll


Dynamic libraries:
0x00007ff71d140000 - 0x00007ff71d14a000 	C:\Program Files\Android\Android Studio1\jre\bin\java.exe
0x00007ffb950f0000 - 0x00007ffb952e5000 	C:\WINDOWS\SYSTEM32\ntdll.dll
0x00007ffb94660000 - 0x00007ffb9471e000 	C:\WINDOWS\System32\KERNEL32.DLL
0x00007ffb92d60000 - 0x00007ffb93028000 	C:\WINDOWS\System32\KERNELBASE.dll
0x00007ffb92810000 - 0x00007ffb92910000 	C:\WINDOWS\System32\ucrtbase.dll
0x00007ffb75500000 - 0x00007ffb75517000 	C:\Program Files\Android\Android Studio1\jre\bin\VCRUNTIME140.dll
0x00007ffb702f0000 - 0x00007ffb70309000 	C:\Program Files\Android\Android Studio1\jre\bin\jli.dll
0x00007ffb937e0000 - 0x00007ffb93980000 	C:\WINDOWS\System32\USER32.dll
0x00007ffb92910000 - 0x00007ffb92932000 	C:\WINDOWS\System32\win32u.dll
0x00007ffb93c40000 - 0x00007ffb93c6b000 	C:\WINDOWS\System32\GDI32.dll
0x00007ffb84bc0000 - 0x00007ffb84e5a000 	C:\WINDOWS\WinSxS\amd64_microsoft.windows.common-controls_6595b64144ccf1df_6.0.19041.1110_none_60b5254171f9507e\COMCTL32.dll
0x00007ffb92bc0000 - 0x00007ffb92ccb000 	C:\WINDOWS\System32\gdi32full.dll
0x00007ffb93480000 - 0x00007ffb9351e000 	C:\WINDOWS\System32\msvcrt.dll
0x00007ffb92b20000 - 0x00007ffb92bbd000 	C:\WINDOWS\System32\msvcp_win.dll
0x00007ffb94850000 - 0x00007ffb94880000 	C:\WINDOWS\System32\IMM32.DLL
0x00007ffb5b920000 - 0x00007ffb5b9bd000 	C:\Program Files\Android\Android Studio1\jre\bin\msvcp140.dll
0x00007ffb53ca0000 - 0x00007ffb54775000 	C:\Program Files\Android\Android Studio1\jre\bin\server\jvm.dll
0x00007ffb93520000 - 0x00007ffb935ce000 	C:\WINDOWS\System32\ADVAPI32.dll
0x00007ffb931e0000 - 0x00007ffb9327c000 	C:\WINDOWS\System32\sechost.dll
0x00007ffb93a40000 - 0x00007ffb93b65000 	C:\WINDOWS\System32\RPCRT4.dll
0x00007ffb93a30000 - 0x00007ffb93a38000 	C:\WINDOWS\System32\PSAPI.DLL
0x00007ffb7c530000 - 0x00007ffb7c557000 	C:\WINDOWS\SYSTEM32\WINMM.dll
0x00007ffb8c3f0000 - 0x00007ffb8c3fa000 	C:\WINDOWS\SYSTEM32\VERSION.dll
0x00007ffb88210000 - 0x00007ffb88219000 	C:\WINDOWS\SYSTEM32\WSOCK32.dll
0x00007ffb93d70000 - 0x00007ffb93ddb000 	C:\WINDOWS\System32\WS2_32.dll
0x00007ffb90700000 - 0x00007ffb90712000 	C:\WINDOWS\SYSTEM32\kernel.appcore.dll
0x00007ffb78ef0000 - 0x00007ffb78f01000 	C:\Program Files\Android\Android Studio1\jre\bin\verify.dll
0x00007ffb7d820000 - 0x00007ffb7da04000 	C:\WINDOWS\SYSTEM32\DBGHELP.DLL
0x00007ffb7d7f0000 - 0x00007ffb7d81c000 	C:\WINDOWS\SYSTEM32\dbgcore.DLL
0x00007ffb92cd0000 - 0x00007ffb92d52000 	C:\WINDOWS\System32\bcryptPrimitives.dll
0x00007ffb70280000 - 0x00007ffb702a9000 	C:\Program Files\Android\Android Studio1\jre\bin\java.dll
0x00007ffb8d120000 - 0x00007ffb8d12b000 	C:\Program Files\Android\Android Studio1\jre\bin\jimage.dll
0x00007ffb778b0000 - 0x00007ffb778c8000 	C:\Program Files\Android\Android Studio1\jre\bin\zip.dll
0x00007ffb93f10000 - 0x00007ffb94654000 	C:\WINDOWS\System32\SHELL32.dll
0x00007ffb90900000 - 0x00007ffb91094000 	C:\WINDOWS\SYSTEM32\windows.storage.dll
0x00007ffb94d50000 - 0x00007ffb950a4000 	C:\WINDOWS\System32\combase.dll
0x00007ffb92200000 - 0x00007ffb9222c000 	C:\WINDOWS\SYSTEM32\Wldp.dll
0x00007ffb93980000 - 0x00007ffb93a2d000 	C:\WINDOWS\System32\SHCORE.dll
0x00007ffb94720000 - 0x00007ffb94775000 	C:\WINDOWS\System32\shlwapi.dll
0x00007ffb92750000 - 0x00007ffb9276f000 	C:\WINDOWS\SYSTEM32\profapi.dll
0x00007ffb70260000 - 0x00007ffb7027a000 	C:\Program Files\Android\Android Studio1\jre\bin\net.dll
0x00007ffb8a160000 - 0x00007ffb8a269000 	C:\WINDOWS\SYSTEM32\WINHTTP.dll
0x00007ffb91f60000 - 0x00007ffb91fca000 	C:\WINDOWS\system32\mswsock.dll
0x00007ffb70240000 - 0x00007ffb70254000 	C:\Program Files\Android\Android Studio1\jre\bin\nio.dll
0x00007ffb70360000 - 0x00007ffb70386000 	C:\Users\List\.gradle\native\30\windows-amd64\native-platform.dll
0x00007ffb8cd30000 - 0x00007ffb8cd3a000 	C:\Program Files\Android\Android Studio1\jre\bin\management.dll
0x00007ffb89dc0000 - 0x00007ffb89dcd000 	C:\Program Files\Android\Android Studio1\jre\bin\management_ext.dll
0x00007ffb92150000 - 0x00007ffb92168000 	C:\WINDOWS\SYSTEM32\CRYPTSP.dll
0x00007ffb918e0000 - 0x00007ffb91914000 	C:\WINDOWS\system32\rsaenh.dll
0x00007ffb92aa0000 - 0x00007ffb92ac7000 	C:\WINDOWS\System32\bcrypt.dll
0x00007ffb926d0000 - 0x00007ffb926fe000 	C:\WINDOWS\SYSTEM32\USERENV.dll
0x00007ffb92170000 - 0x00007ffb9217c000 	C:\WINDOWS\SYSTEM32\CRYPTBASE.dll
0x00007ffb91c50000 - 0x00007ffb91c8b000 	C:\WINDOWS\SYSTEM32\IPHLPAPI.DLL
0x00007ffb93d50000 - 0x00007ffb93d58000 	C:\WINDOWS\System32\NSI.dll
0x00007ffb8ca50000 - 0x00007ffb8ca67000 	C:\WINDOWS\SYSTEM32\dhcpcsvc6.DLL
0x00007ffb8cca0000 - 0x00007ffb8ccbd000 	C:\WINDOWS\SYSTEM32\dhcpcsvc.DLL
0x00007ffb91c90000 - 0x00007ffb91d5a000 	C:\WINDOWS\SYSTEM32\DNSAPI.dll
0x00007ffb91560000 - 0x00007ffb91593000 	C:\WINDOWS\SYSTEM32\ntmarta.dll

dbghelp: loaded successfully - version: 4.0.5 - missing functions: none
symbol engine: initialized successfully - sym options: 0x614 - pdb path: .;C:\Program Files\Android\Android Studio1\jre\bin;C:\WINDOWS\SYSTEM32;C:\WINDOWS\WinSxS\amd64_microsoft.windows.common-controls_6595b64144ccf1df_6.0.19041.1110_none_60b5254171f9507e;C:\Program Files\Android\Android Studio1\jre\bin\server;C:\Users\List\.gradle\native\30\windows-amd64

VM Arguments:
jvm_args: --add-opens=java.base/java.util=ALL-UNNAMED --add-opens=java.base/java.lang=ALL-UNNAMED --add-opens=java.base/java.lang.invoke=ALL-UNNAMED --add-opens=java.prefs/java.util.prefs=ALL-UNNAMED -Xmx2048m -Dfile.encoding=windows-1252 -Duser.country=US -Duser.language=en -Duser.variant 
java_command: org.gradle.launcher.daemon.bootstrap.GradleDaemon 5.6.4
java_class_path (initial): C:\Users\List\.gradle\wrapper\dists\gradle-5.6.4-all\ankdp27end7byghfw1q2sw75f\gradle-5.6.4\lib\gradle-launcher-5.6.4.jar
Launcher Type: SUN_STANDARD

[Global flags]
     intx CICompilerCount                          = 3                                         {product} {ergonomic}
     uint ConcGCThreads                            = 1                                         {product} {ergonomic}
     uint G1ConcRefinementThreads                  = 4                                         {product} {ergonomic}
   size_t G1HeapRegionSize                         = 1048576                                   {product} {ergonomic}
    uintx GCDrainStackTargetSize                   = 64                                        {product} {ergonomic}
   size_t InitialHeapSize                          = 132120576                                 {product} {ergonomic}
   size_t MarkStackSize                            = 4194304                                   {product} {ergonomic}
   size_t MaxHeapSize                              = 2147483648                                {product} {command line}
   size_t MaxNewSize                               = 1287651328                                {product} {ergonomic}
   size_t MinHeapDeltaBytes                        = 1048576                                   {product} {ergonomic}
    uintx NonNMethodCodeHeapSize                   = 5830732                                {pd product} {ergonomic}
    uintx NonProfiledCodeHeapSize                  = 122913754                              {pd product} {ergonomic}
    uintx ProfiledCodeHeapSize                     = 122913754                              {pd product} {ergonomic}
    uintx ReservedCodeCacheSize                    = 251658240                              {pd product} {ergonomic}
     bool SegmentedCodeCache                       = true                                      {product} {ergonomic}
     bool UseCompressedClassPointers               = true                                 {lp64_product} {ergonomic}
     bool UseCompressedOops                        = true                                 {lp64_product} {ergonomic}
     bool UseG1GC                                  = true                                      {product} {ergonomic}
     bool UseLargePagesIndividualAllocation        = false                                  {pd product} {ergonomic}

Logging:
Log output configuration:
 #0: stdout all=warning uptime,level,tags
 #1: stderr all=off uptime,level,tags

Environment Variables:
JAVA_HOME=C:\Program Files (x86)\Java\jdk1.8.0_121
CLASSPATH=E:\javadoc\programtest\
PATH=E:\Sourabh\Flutter\Dart SDK\bin;C:\Program Files (x86)\Common Files\Oracle\Java\javapath;C:\Program Files\Common Files\Oracle\Java\javapath;D:\oraclexe\app\oracle\product\11.2.0\server\bin;C:\ProgramData\Oracle\Java\javapath;D:\DevSuiteHome_1\jdk\jre\bin\classic;D:\DevSuiteHome_1\jdk\jre\bin;D:\DevSuiteHome_1\jdk\jre\bin\client;D:\DevSuiteHome_1\jlib;D:\DevSuiteHome_1\bin;D:\DevSuiteHome_1\jre\1.4.2\bin\client;D:\DevSuiteHome_1\jre\1.4.2\bin;D:\orant\bin;C:\Program Files (x86)\Intel\iCLS Client\;C:\Program Files\Intel\iCLS Client\;C:\WINDOWS\system32;C:\WINDOWS;C:\WINDOWS\System32\Wbem;C:\WINDOWS\System32\WindowsPowerShell\v1.0\;C:\Program Files (x86)\Intel\Intel(R) Management Engine Components\DAL;C:\Program Files\Intel\Intel(R) Management Engine Components\DAL;C:\Program Files (x86)\Intel\Intel(R) Management Engine Components\IPT;C:\Program Files\Intel\Intel(R) Management Engine Components\IPT;D:\orant\jdk\bin;C:\Program Files (x86)\Java\jdk1.8.0_121\bin;C:\Windows\System32\jnisgfplib.dll;C:\Windows\System32\jnisgnfiqlib.dll;C:\Windows\System32\jnisgwsqlib.dll;C:\Windows\System32\sgfpamx.dll;C:\Windows\System32\sgfplib.dll;C:\Windows\System32\sgnfiqlib.dll;C:\Windows\System32\sgwsqlib.dll;C:\WINDOWS\System32\OpenSSH\;D:\flutterdata\dartsdk-windows-x64-release\dart-sdk\bin;C:\Users\List\AppData\Roaming\Pub\Cache\bin;C:\Dart\dart-sdk\bin;C:\Program Files\TortoiseSVN\bin;C:\Program Files\Cloudflare\Cloudflare WARP;C:\Program Files\Git\cmd;C:\Program Files (x86)\Tesseract-OCR;;C:\Program Files (x86)\AOMEI\AOMEI Backupper\6.9.0;C:\Program Files (x86)\dotnet\;C:\Program Files\Cloudflare\Cloudflare WARP\;C:\Users\List\AppData\Local\Microsoft\WindowsApps;E:\Sourabh\Flutter\flutter_windows_2.8.1\flutter\bin;C:\Users\List\AppData\Local\Programs\Microsoft VS Code\bin;C:\Users\List\AppData\Local\Android\sdk\platform-tools;C:\Program Files (x86)\Sophos\Sophos SSL VPN Client\bin;C:\Users\List\AppData\Local\GitHubDesktop\bin
USERNAME=List
OS=Windows_NT
PROCESSOR_IDENTIFIER=Intel64 Family 6 Model 94 Stepping 3, GenuineIntel



---------------  S Y S T E M  ---------------

OS: Windows 10 , 64 bit Build 19041 (10.0.19041.1566)
OS uptime: 2 days 1:37 hours

CPU:total 4 (initial active 4) (2 cores per cpu, 2 threads per core) family 6 model 94 stepping 3 microcode 0xcc, cmov, cx8, fxsr, mmx, sse, sse2, sse3, ssse3, sse4.1, sse4.2, popcnt, avx, avx2, aes, clmul, erms, 3dnowpref, lzcnt, ht, tsc, tscinvbit, bmi1, bmi2, adx, fma

Memory: 4k page, system-wide physical 8058M (361M free)
TotalPageFile size 18058M (AvailPageFile size 2M)
current process WorkingSet (physical memory assigned to process): 670M, peak: 670M
current process commit charge ("private bytes"): 712M, peak: 712M

vm_info: OpenJDK 64-Bit Server VM (11.0.11+9-b60-7590822) for windows-amd64 JRE (11.0.11+9-b60-7590822), built on Jul 29 2021 21:43:44 by "builder" with MS VC++ 14.0 (VS2015)

END.
